2026-05-03 17:10:27,929 - main - INFO - === Logging system initialized ===
2026-05-03 17:10:27,930 - main - INFO - Log file: logs/app_20260503_171027.log
2026-05-03 17:10:27,930 - main - INFO - Log level: INFO
2026-05-03 17:10:27,930 - main - INFO - Timestamp: 20260503_171027
2026-05-03 17:10:28,297 - main - INFO - Included router: routers.aihub.router
2026-05-03 17:10:28,320 - main - INFO - Included router: routers.auth.router
2026-05-03 17:10:28,321 - main - INFO - Included router: routers.health.router
2026-05-03 17:10:28,323 - main - INFO - Included router: routers.portfolio.router
2026-05-03 17:10:28,332 - main - INFO - Included router: routers.settings.router
2026-05-03 17:10:28,364 - main - INFO - Included router: routers.storage.router
2026-05-03 17:10:28,364 - main - INFO - Included router: routers.user.router
2026-05-03 17:10:28,374 - main - INFO - === Application startup initiated ===
2026-05-03 17:10:28,374 - services.database - DEBUG - [DB_OP] Starting database initialization
2026-05-03 17:10:28,374 - services.database - INFO - 🔧 Starting database initialization...
2026-05-03 17:10:28,374 - core.database - INFO - Starting database initialization...
2026-05-03 17:10:28,374 - core.database - INFO - Normalizing database URL for async compatibility...
2026-05-03 17:10:28,376 - core.database - DEBUG - Database exists:./app.db
2026-05-03 17:10:28,376 - core.database - INFO - Creating async database engine...
2026-05-03 17:10:28,376 - core.database - INFO - Using QueuePool with connection pooling for non-Lambda environment
2026-05-03 17:10:28,391 - core.database - INFO - Database engine created successfully
2026-05-03 17:10:28,391 - core.database - INFO - Creating async session maker...
2026-05-03 17:10:28,391 - core.database - INFO - Async session maker created successfully
2026-05-03 17:10:28,391 - core.database - INFO - Database connection initialized successfully
2026-05-03 17:10:28,391 - services.database - INFO - 🔧 Database connection initialized, now creating tables if tables not exist...
2026-05-03 17:10:28,391 - core.database - DEBUG - [DB_OP] Starting create_tables
2026-05-03 17:10:28,391 - core.database - INFO - 🔧 Starting table creation...
2026-05-03 17:10:28,391 - aiosqlite - DEBUG - executing <function connect.<locals>.connector at 0x000001C70C89EC00>
2026-05-03 17:10:28,395 - aiosqlite - DEBUG - operation <function connect.<locals>.connector at 0x000001C70C89EC00> completed
2026-05-03 17:10:28,395 - aiosqlite - DEBUG - executing functools.partial(<built-in method create_function of sqlite3.Connection object at 0x000001C70C86F1F0>, 'regexp', 2, <function SQLiteDialect_pysqlite.on_connect.<locals>.regexp at 0x000001C70C89DF80>, deterministic=True)
2026-05-03 17:10:28,395 - aiosqlite - DEBUG - operation functools.partial(<built-in method create_function of sqlite3.Connection object at 0x000001C70C86F1F0>, 'regexp', 2, <function SQLiteDialect_pysqlite.on_connect.<locals>.regexp at 0x000001C70C89DF80>, deterministic=True) completed
2026-05-03 17:10:28,396 - aiosqlite - DEBUG - executing functools.partial(<built-in method create_function of sqlite3.Connection object at 0x000001C70C86F1F0>, 'floor', 1, <built-in function floor>, deterministic=True)
2026-05-03 17:10:28,396 - aiosqlite - DEBUG - operation functools.partial(<built-in method create_function of sqlite3.Connection object at 0x000001C70C86F1F0>, 'floor', 1, <built-in function floor>, deterministic=True) completed
2026-05-03 17:10:28,396 - aiosqlite - DEBUG - executing functools.partial(<built-in method cursor of sqlite3.Connection object at 0x000001C70C86F1F0>)
2026-05-03 17:10:28,397 - aiosqlite - DEBUG - operation functools.partial(<built-in method cursor of sqlite3.Connection object at 0x000001C70C86F1F0>) completed
2026-05-03 17:10:28,397 - aiosqlite - DEBUG - executing functools.partial(<built-in method execute of sqlite3.Cursor object at 0x000001C70C8A4740>, 'PRAGMA read_uncommitted', [])
2026-05-03 17:10:28,397 - aiosqlite - DEBUG - operation functools.partial(<built-in method execute of sqlite3.Cursor object at 0x000001C70C8A4740>, 'PRAGMA read_uncommitted', []) completed
2026-05-03 17:10:28,397 - aiosqlite - DEBUG - executing functools.partial(<built-in method fetchall of sqlite3.Cursor object at 0x000001C70C8A4740>)
2026-05-03 17:10:28,397 - aiosqlite - DEBUG - operation functools.partial(<built-in method fetchall of sqlite3.Cursor object at 0x000001C70C8A4740>) completed
2026-05-03 17:10:28,397 - aiosqlite - DEBUG - executing functools.partial(<built-in method close of sqlite3.Cursor object at 0x000001C70C8A4740>)
2026-05-03 17:10:28,397 - aiosqlite - DEBUG - operation functools.partial(<built-in method close of sqlite3.Cursor object at 0x000001C70C8A4740>) completed
2026-05-03 17:10:28,397 - aiosqlite - DEBUG - executing functools.partial(<built-in method rollback of sqlite3.Connection object at 0x000001C70C86F1F0>)
2026-05-03 17:10:28,397 - aiosqlite - DEBUG - operation functools.partial(<built-in method rollback of sqlite3.Connection object at 0x000001C70C86F1F0>) completed
2026-05-03 17:10:28,397 - aiosqlite - DEBUG - executing functools.partial(<built-in method cursor of sqlite3.Connection object at 0x000001C70C86F1F0>)
2026-05-03 17:10:28,400 - aiosqlite - DEBUG - operation functools.partial(<built-in method cursor of sqlite3.Connection object at 0x000001C70C86F1F0>) completed
2026-05-03 17:10:28,400 - aiosqlite - DEBUG - executing functools.partial(<built-in method execute of sqlite3.Cursor object at 0x000001C70C8A4740>, 'PRAGMA main.table_info("users")', ())
2026-05-03 17:10:28,401 - aiosqlite - DEBUG - operation functools.partial(<built-in method execute of sqlite3.Cursor object at 0x000001C70C8A4740>, 'PRAGMA main.table_info("users")', ()) completed
2026-05-03 17:10:28,401 - aiosqlite - DEBUG - executing functools.partial(<built-in method fetchall of sqlite3.Cursor object at 0x000001C70C8A4740>)
2026-05-03 17:10:28,401 - aiosqlite - DEBUG - operation functools.partial(<built-in method fetchall of sqlite3.Cursor object at 0x000001C70C8A4740>) completed
2026-05-03 17:10:28,402 - aiosqlite - DEBUG - executing functools.partial(<built-in method close of sqlite3.Cursor object at 0x000001C70C8A4740>)
2026-05-03 17:10:28,402 - aiosqlite - DEBUG - operation functools.partial(<built-in method close of sqlite3.Cursor object at 0x000001C70C8A4740>) completed
2026-05-03 17:10:28,402 - aiosqlite - DEBUG - executing functools.partial(<built-in method cursor of sqlite3.Connection object at 0x000001C70C86F1F0>)
2026-05-03 17:10:28,403 - aiosqlite - DEBUG - operation functools.partial(<built-in method cursor of sqlite3.Connection object at 0x000001C70C86F1F0>) completed
2026-05-03 17:10:28,403 - aiosqlite - DEBUG - executing functools.partial(<built-in method execute of sqlite3.Cursor object at 0x000001C70C8A4740>, 'PRAGMA main.table_info("oidc_states")', ())
2026-05-03 17:10:28,403 - aiosqlite - DEBUG - operation functools.partial(<built-in method execute of sqlite3.Cursor object at 0x000001C70C8A4740>, 'PRAGMA main.table_info("oidc_states")', ()) completed
2026-05-03 17:10:28,404 - aiosqlite - DEBUG - executing functools.partial(<built-in method fetchall of sqlite3.Cursor object at 0x000001C70C8A4740>)
2026-05-03 17:10:28,404 - aiosqlite - DEBUG - operation functools.partial(<built-in method fetchall of sqlite3.Cursor object at 0x000001C70C8A4740>) completed
2026-05-03 17:10:28,404 - aiosqlite - DEBUG - executing functools.partial(<built-in method close of sqlite3.Cursor object at 0x000001C70C8A4740>)
2026-05-03 17:10:28,404 - aiosqlite - DEBUG - operation functools.partial(<built-in method close of sqlite3.Cursor object at 0x000001C70C8A4740>) completed
2026-05-03 17:10:28,404 - core.database - INFO - Tables initialized successfully
2026-05-03 17:10:28,405 - core.database - DEBUG - [DB_OP] Create tables completed in 0.0131s
2026-05-03 17:10:28,405 - aiosqlite - DEBUG - executing functools.partial(<built-in method commit of sqlite3.Connection object at 0x000001C70C86F1F0>)
2026-05-03 17:10:28,405 - aiosqlite - DEBUG - operation functools.partial(<built-in method commit of sqlite3.Connection object at 0x000001C70C86F1F0>) completed
2026-05-03 17:10:28,405 - aiosqlite - DEBUG - executing functools.partial(<built-in method rollback of sqlite3.Connection object at 0x000001C70C86F1F0>)
2026-05-03 17:10:28,406 - aiosqlite - DEBUG - operation functools.partial(<built-in method rollback of sqlite3.Connection object at 0x000001C70C86F1F0>) completed
2026-05-03 17:10:28,406 - services.database - INFO - 🔧 Table creation completed
2026-05-03 17:10:28,406 - services.database - INFO - Database initialized successfully
2026-05-03 17:10:28,406 - services.database - DEBUG - [DB_OP] Database initialization completed in 0.0316s
2026-05-03 17:10:28,406 - services.mock_data - INFO - mock_data directory not found, skipping mock initialization
2026-05-03 17:10:28,406 - services.database - DEBUG - [DB_OP] Starting database initialization
2026-05-03 17:10:28,406 - services.database - INFO - 🔧 Starting database initialization...
2026-05-03 17:10:28,406 - core.database - INFO - Starting database initialization...
2026-05-03 17:10:28,406 - core.database - INFO - Database already initialized
2026-05-03 17:10:28,406 - services.database - INFO - 🔧 Database connection initialized, now creating tables if tables not exist...
2026-05-03 17:10:28,406 - core.database - DEBUG - [DB_OP] Starting create_tables
2026-05-03 17:10:28,406 - core.database - INFO - Tables already initialized
2026-05-03 17:10:28,406 - services.database - INFO - 🔧 Table creation completed
2026-05-03 17:10:28,406 - services.database - INFO - Database initialized successfully
2026-05-03 17:10:28,406 - services.database - DEBUG - [DB_OP] Database initialization completed in 0.0000s
2026-05-03 17:10:28,406 - services.auth - WARNING - Admin user ID or email not configured, skipping admin initialization
2026-05-03 17:10:28,406 - main - INFO - === Application startup completed successfully ===
2026-05-03 17:10:28,613 - services.database - DEBUG - [DB_OP] Starting database close
2026-05-03 17:10:28,613 - aiosqlite - DEBUG - executing functools.partial(<built-in method close of sqlite3.Connection object at 0x000001C70C86F1F0>)
2026-05-03 17:10:28,613 - aiosqlite - DEBUG - operation functools.partial(<built-in method close of sqlite3.Connection object at 0x000001C70C86F1F0>) completed
2026-05-03 17:10:28,613 - aiosqlite - DEBUG - executing <function Connection.stop.<locals>.close_and_stop at 0x000001C70C89EF20>
2026-05-03 17:10:28,613 - core.database - INFO - Database connection closed and engine disposed
2026-05-03 17:10:28,613 - aiosqlite - DEBUG - operation <function Connection.stop.<locals>.close_and_stop at 0x000001C70C89EF20> completed
2026-05-03 17:10:28,613 - services.database - INFO - Database connections closed
2026-05-03 17:10:28,613 - services.database - DEBUG - [DB_OP] Database close completed in 0.0000s
