2026-05-03 17:10:13,966 - main - INFO - === Logging system initialized ===
2026-05-03 17:10:13,966 - main - INFO - Log file: logs/app_20260503_171013.log
2026-05-03 17:10:13,966 - main - INFO - Log level: INFO
2026-05-03 17:10:13,981 - main - INFO - Timestamp: 20260503_171013
2026-05-03 17:10:14,367 - main - INFO - Included router: routers.aihub.router
2026-05-03 17:10:14,376 - main - INFO - Included router: routers.auth.router
2026-05-03 17:10:14,376 - main - INFO - Included router: routers.health.router
2026-05-03 17:10:14,385 - main - INFO - Included router: routers.portfolio.router
2026-05-03 17:10:14,392 - main - INFO - Included router: routers.settings.router
2026-05-03 17:10:14,414 - main - INFO - Included router: routers.storage.router
2026-05-03 17:10:14,419 - main - INFO - Included router: routers.user.router
2026-05-03 17:10:14,420 - main - INFO - === Application startup initiated ===
2026-05-03 17:10:14,420 - services.database - DEBUG - [DB_OP] Starting database initialization
2026-05-03 17:10:14,420 - services.database - INFO - 🔧 Starting database initialization...
2026-05-03 17:10:14,421 - core.database - INFO - Starting database initialization...
2026-05-03 17:10:14,421 - core.database - INFO - Normalizing database URL for async compatibility...
2026-05-03 17:10:14,421 - core.database - DEBUG - Database exists:./app.db
2026-05-03 17:10:14,421 - core.database - INFO - Creating async database engine...
2026-05-03 17:10:14,421 - core.database - INFO - Using QueuePool with connection pooling for non-Lambda environment
2026-05-03 17:10:14,431 - core.database - INFO - Database engine created successfully
2026-05-03 17:10:14,431 - core.database - INFO - Creating async session maker...
2026-05-03 17:10:14,434 - core.database - INFO - Async session maker created successfully
2026-05-03 17:10:14,434 - core.database - INFO - Database connection initialized successfully
2026-05-03 17:10:14,434 - services.database - INFO - 🔧 Database connection initialized, now creating tables if tables not exist...
2026-05-03 17:10:14,434 - core.database - DEBUG - [DB_OP] Starting create_tables
2026-05-03 17:10:14,434 - core.database - INFO - 🔧 Starting table creation...
2026-05-03 17:10:14,435 - aiosqlite - DEBUG - executing <function connect.<locals>.connector at 0x000001CF60F32C00>
2026-05-03 17:10:14,435 - aiosqlite - DEBUG - operation <function connect.<locals>.connector at 0x000001CF60F32C00> completed
2026-05-03 17:10:14,436 - aiosqlite - DEBUG - executing functools.partial(<built-in method create_function of sqlite3.Connection object at 0x000001CF60F031F0>, 'regexp', 2, <function SQLiteDialect_pysqlite.on_connect.<locals>.regexp at 0x000001CF60F31F80>, deterministic=True)
2026-05-03 17:10:14,436 - aiosqlite - DEBUG - operation functools.partial(<built-in method create_function of sqlite3.Connection object at 0x000001CF60F031F0>, 'regexp', 2, <function SQLiteDialect_pysqlite.on_connect.<locals>.regexp at 0x000001CF60F31F80>, deterministic=True) completed
2026-05-03 17:10:14,436 - aiosqlite - DEBUG - executing functools.partial(<built-in method create_function of sqlite3.Connection object at 0x000001CF60F031F0>, 'floor', 1, <built-in function floor>, deterministic=True)
2026-05-03 17:10:14,436 - aiosqlite - DEBUG - operation functools.partial(<built-in method create_function of sqlite3.Connection object at 0x000001CF60F031F0>, 'floor', 1, <built-in function floor>, deterministic=True) completed
2026-05-03 17:10:14,436 - aiosqlite - DEBUG - executing functools.partial(<built-in method cursor of sqlite3.Connection object at 0x000001CF60F031F0>)
2026-05-03 17:10:14,436 - aiosqlite - DEBUG - operation functools.partial(<built-in method cursor of sqlite3.Connection object at 0x000001CF60F031F0>) completed
2026-05-03 17:10:14,436 - aiosqlite - DEBUG - executing functools.partial(<built-in method execute of sqlite3.Cursor object at 0x000001CF60F346C0>, 'PRAGMA read_uncommitted', [])
2026-05-03 17:10:14,436 - aiosqlite - DEBUG - operation functools.partial(<built-in method execute of sqlite3.Cursor object at 0x000001CF60F346C0>, 'PRAGMA read_uncommitted', []) completed
2026-05-03 17:10:14,436 - aiosqlite - DEBUG - executing functools.partial(<built-in method fetchall of sqlite3.Cursor object at 0x000001CF60F346C0>)
2026-05-03 17:10:14,436 - aiosqlite - DEBUG - operation functools.partial(<built-in method fetchall of sqlite3.Cursor object at 0x000001CF60F346C0>) completed
2026-05-03 17:10:14,437 - aiosqlite - DEBUG - executing functools.partial(<built-in method close of sqlite3.Cursor object at 0x000001CF60F346C0>)
2026-05-03 17:10:14,437 - aiosqlite - DEBUG - operation functools.partial(<built-in method close of sqlite3.Cursor object at 0x000001CF60F346C0>) completed
2026-05-03 17:10:14,437 - aiosqlite - DEBUG - executing functools.partial(<built-in method rollback of sqlite3.Connection object at 0x000001CF60F031F0>)
2026-05-03 17:10:14,437 - aiosqlite - DEBUG - operation functools.partial(<built-in method rollback of sqlite3.Connection object at 0x000001CF60F031F0>) completed
2026-05-03 17:10:14,437 - aiosqlite - DEBUG - executing functools.partial(<built-in method cursor of sqlite3.Connection object at 0x000001CF60F031F0>)
2026-05-03 17:10:14,438 - aiosqlite - DEBUG - operation functools.partial(<built-in method cursor of sqlite3.Connection object at 0x000001CF60F031F0>) completed
2026-05-03 17:10:14,438 - aiosqlite - DEBUG - executing functools.partial(<built-in method execute of sqlite3.Cursor object at 0x000001CF60F346C0>, 'PRAGMA main.table_info("users")', ())
2026-05-03 17:10:14,438 - aiosqlite - DEBUG - operation functools.partial(<built-in method execute of sqlite3.Cursor object at 0x000001CF60F346C0>, 'PRAGMA main.table_info("users")', ()) completed
2026-05-03 17:10:14,438 - aiosqlite - DEBUG - executing functools.partial(<built-in method fetchall of sqlite3.Cursor object at 0x000001CF60F346C0>)
2026-05-03 17:10:14,438 - aiosqlite - DEBUG - operation functools.partial(<built-in method fetchall of sqlite3.Cursor object at 0x000001CF60F346C0>) completed
2026-05-03 17:10:14,438 - aiosqlite - DEBUG - executing functools.partial(<built-in method close of sqlite3.Cursor object at 0x000001CF60F346C0>)
2026-05-03 17:10:14,438 - aiosqlite - DEBUG - operation functools.partial(<built-in method close of sqlite3.Cursor object at 0x000001CF60F346C0>) completed
2026-05-03 17:10:14,440 - aiosqlite - DEBUG - executing functools.partial(<built-in method cursor of sqlite3.Connection object at 0x000001CF60F031F0>)
2026-05-03 17:10:14,440 - aiosqlite - DEBUG - operation functools.partial(<built-in method cursor of sqlite3.Connection object at 0x000001CF60F031F0>) completed
2026-05-03 17:10:14,440 - aiosqlite - DEBUG - executing functools.partial(<built-in method execute of sqlite3.Cursor object at 0x000001CF60F346C0>, 'PRAGMA main.table_info("oidc_states")', ())
2026-05-03 17:10:14,440 - aiosqlite - DEBUG - operation functools.partial(<built-in method execute of sqlite3.Cursor object at 0x000001CF60F346C0>, 'PRAGMA main.table_info("oidc_states")', ()) completed
2026-05-03 17:10:14,440 - aiosqlite - DEBUG - executing functools.partial(<built-in method fetchall of sqlite3.Cursor object at 0x000001CF60F346C0>)
2026-05-03 17:10:14,440 - aiosqlite - DEBUG - operation functools.partial(<built-in method fetchall of sqlite3.Cursor object at 0x000001CF60F346C0>) completed
2026-05-03 17:10:14,441 - aiosqlite - DEBUG - executing functools.partial(<built-in method close of sqlite3.Cursor object at 0x000001CF60F346C0>)
2026-05-03 17:10:14,441 - aiosqlite - DEBUG - operation functools.partial(<built-in method close of sqlite3.Cursor object at 0x000001CF60F346C0>) completed
2026-05-03 17:10:14,441 - core.database - INFO - Tables initialized successfully
2026-05-03 17:10:14,441 - core.database - DEBUG - [DB_OP] Create tables completed in 0.0068s
2026-05-03 17:10:14,441 - aiosqlite - DEBUG - executing functools.partial(<built-in method commit of sqlite3.Connection object at 0x000001CF60F031F0>)
2026-05-03 17:10:14,441 - aiosqlite - DEBUG - operation functools.partial(<built-in method commit of sqlite3.Connection object at 0x000001CF60F031F0>) completed
2026-05-03 17:10:14,441 - aiosqlite - DEBUG - executing functools.partial(<built-in method rollback of sqlite3.Connection object at 0x000001CF60F031F0>)
2026-05-03 17:10:14,442 - aiosqlite - DEBUG - operation functools.partial(<built-in method rollback of sqlite3.Connection object at 0x000001CF60F031F0>) completed
2026-05-03 17:10:14,442 - services.database - INFO - 🔧 Table creation completed
2026-05-03 17:10:14,442 - services.database - INFO - Database initialized successfully
2026-05-03 17:10:14,442 - services.database - DEBUG - [DB_OP] Database initialization completed in 0.0215s
2026-05-03 17:10:14,442 - services.mock_data - INFO - mock_data directory not found, skipping mock initialization
2026-05-03 17:10:14,442 - services.database - DEBUG - [DB_OP] Starting database initialization
2026-05-03 17:10:14,442 - services.database - INFO - 🔧 Starting database initialization...
2026-05-03 17:10:14,442 - core.database - INFO - Starting database initialization...
2026-05-03 17:10:14,442 - core.database - INFO - Database already initialized
2026-05-03 17:10:14,442 - services.database - INFO - 🔧 Database connection initialized, now creating tables if tables not exist...
2026-05-03 17:10:14,443 - core.database - DEBUG - [DB_OP] Starting create_tables
2026-05-03 17:10:14,443 - core.database - INFO - Tables already initialized
2026-05-03 17:10:14,443 - services.database - INFO - 🔧 Table creation completed
2026-05-03 17:10:14,443 - services.database - INFO - Database initialized successfully
2026-05-03 17:10:14,443 - services.database - DEBUG - [DB_OP] Database initialization completed in 0.0010s
2026-05-03 17:10:14,443 - services.auth - WARNING - Admin user ID or email not configured, skipping admin initialization
2026-05-03 17:10:14,443 - main - INFO - === Application startup completed successfully ===
2026-05-03 17:10:14,662 - services.database - DEBUG - [DB_OP] Starting database close
2026-05-03 17:10:14,664 - aiosqlite - DEBUG - executing functools.partial(<built-in method close of sqlite3.Connection object at 0x000001CF60F031F0>)
2026-05-03 17:10:14,664 - aiosqlite - DEBUG - operation functools.partial(<built-in method close of sqlite3.Connection object at 0x000001CF60F031F0>) completed
2026-05-03 17:10:14,664 - aiosqlite - DEBUG - executing <function Connection.stop.<locals>.close_and_stop at 0x000001CF60F32F20>
2026-05-03 17:10:14,664 - aiosqlite - DEBUG - operation <function Connection.stop.<locals>.close_and_stop at 0x000001CF60F32F20> completed
2026-05-03 17:10:14,664 - core.database - INFO - Database connection closed and engine disposed
2026-05-03 17:10:14,664 - services.database - INFO - Database connections closed
2026-05-03 17:10:14,664 - services.database - DEBUG - [DB_OP] Database close completed in 0.0019s
