2026-05-03 17:18:52,296 - main - INFO - === Logging system initialized ===
2026-05-03 17:18:52,298 - main - INFO - Log file: logs/app_20260503_171852.log
2026-05-03 17:18:52,298 - main - INFO - Log level: INFO
2026-05-03 17:18:52,298 - main - INFO - Timestamp: 20260503_171852
2026-05-03 17:18:52,892 - main - INFO - Included router: routers.aihub.router
2026-05-03 17:18:52,911 - main - INFO - Included router: routers.auth.router
2026-05-03 17:18:52,911 - main - INFO - Included router: routers.health.router
2026-05-03 17:18:52,913 - main - INFO - Included router: routers.portfolio.router
2026-05-03 17:18:52,938 - main - INFO - Included router: routers.settings.router
2026-05-03 17:18:52,964 - main - INFO - Included router: routers.storage.router
2026-05-03 17:18:52,972 - main - INFO - Included router: routers.user.router
2026-05-03 17:18:52,972 - main - INFO - === Application startup initiated ===
2026-05-03 17:18:52,972 - services.database - DEBUG - [DB_OP] Starting database initialization
2026-05-03 17:18:52,972 - services.database - INFO - 🔧 Starting database initialization...
2026-05-03 17:18:52,972 - core.database - INFO - Starting database initialization...
2026-05-03 17:18:52,980 - core.database - INFO - Normalizing database URL for async compatibility...
2026-05-03 17:18:52,980 - core.database - DEBUG - Database exists:./app.db
2026-05-03 17:18:52,980 - core.database - INFO - Creating async database engine...
2026-05-03 17:18:52,980 - core.database - INFO - Using QueuePool with connection pooling for non-Lambda environment
2026-05-03 17:18:52,989 - core.database - INFO - Database engine created successfully
2026-05-03 17:18:52,989 - core.database - INFO - Creating async session maker...
2026-05-03 17:18:52,989 - core.database - INFO - Async session maker created successfully
2026-05-03 17:18:52,989 - core.database - INFO - Database connection initialized successfully
2026-05-03 17:18:52,989 - services.database - INFO - 🔧 Database connection initialized, now creating tables if tables not exist...
2026-05-03 17:18:52,989 - core.database - DEBUG - [DB_OP] Starting create_tables
2026-05-03 17:18:52,989 - core.database - INFO - 🔧 Starting table creation...
2026-05-03 17:18:52,997 - aiosqlite - DEBUG - executing <function connect.<locals>.connector at 0x0000026B04372B60>
2026-05-03 17:18:52,997 - aiosqlite - DEBUG - operation <function connect.<locals>.connector at 0x0000026B04372B60> completed
2026-05-03 17:18:52,997 - aiosqlite - DEBUG - executing functools.partial(<built-in method create_function of sqlite3.Connection object at 0x0000026B043374C0>, 'regexp', 2, <function SQLiteDialect_pysqlite.on_connect.<locals>.regexp at 0x0000026B04371EE0>, deterministic=True)
2026-05-03 17:18:52,997 - aiosqlite - DEBUG - operation functools.partial(<built-in method create_function of sqlite3.Connection object at 0x0000026B043374C0>, 'regexp', 2, <function SQLiteDialect_pysqlite.on_connect.<locals>.regexp at 0x0000026B04371EE0>, deterministic=True) completed
2026-05-03 17:18:53,001 - aiosqlite - DEBUG - executing functools.partial(<built-in method create_function of sqlite3.Connection object at 0x0000026B043374C0>, 'floor', 1, <built-in function floor>, deterministic=True)
2026-05-03 17:18:53,001 - aiosqlite - DEBUG - operation functools.partial(<built-in method create_function of sqlite3.Connection object at 0x0000026B043374C0>, 'floor', 1, <built-in function floor>, deterministic=True) completed
2026-05-03 17:18:53,001 - aiosqlite - DEBUG - executing functools.partial(<built-in method cursor of sqlite3.Connection object at 0x0000026B043374C0>)
2026-05-03 17:18:53,001 - aiosqlite - DEBUG - operation functools.partial(<built-in method cursor of sqlite3.Connection object at 0x0000026B043374C0>) completed
2026-05-03 17:18:53,002 - aiosqlite - DEBUG - executing functools.partial(<built-in method execute of sqlite3.Cursor object at 0x0000026B04374940>, 'PRAGMA read_uncommitted', [])
2026-05-03 17:18:53,002 - aiosqlite - DEBUG - operation functools.partial(<built-in method execute of sqlite3.Cursor object at 0x0000026B04374940>, 'PRAGMA read_uncommitted', []) completed
2026-05-03 17:18:53,003 - aiosqlite - DEBUG - executing functools.partial(<built-in method fetchall of sqlite3.Cursor object at 0x0000026B04374940>)
2026-05-03 17:18:53,003 - aiosqlite - DEBUG - operation functools.partial(<built-in method fetchall of sqlite3.Cursor object at 0x0000026B04374940>) completed
2026-05-03 17:18:53,003 - aiosqlite - DEBUG - executing functools.partial(<built-in method close of sqlite3.Cursor object at 0x0000026B04374940>)
2026-05-03 17:18:53,003 - aiosqlite - DEBUG - operation functools.partial(<built-in method close of sqlite3.Cursor object at 0x0000026B04374940>) completed
2026-05-03 17:18:53,003 - aiosqlite - DEBUG - executing functools.partial(<built-in method rollback of sqlite3.Connection object at 0x0000026B043374C0>)
2026-05-03 17:18:53,003 - aiosqlite - DEBUG - operation functools.partial(<built-in method rollback of sqlite3.Connection object at 0x0000026B043374C0>) completed
2026-05-03 17:18:53,003 - aiosqlite - DEBUG - executing functools.partial(<built-in method cursor of sqlite3.Connection object at 0x0000026B043374C0>)
2026-05-03 17:18:53,003 - aiosqlite - DEBUG - operation functools.partial(<built-in method cursor of sqlite3.Connection object at 0x0000026B043374C0>) completed
2026-05-03 17:18:53,005 - aiosqlite - DEBUG - executing functools.partial(<built-in method execute of sqlite3.Cursor object at 0x0000026B043749C0>, 'PRAGMA main.table_info("users")', ())
2026-05-03 17:18:53,006 - aiosqlite - DEBUG - operation functools.partial(<built-in method execute of sqlite3.Cursor object at 0x0000026B043749C0>, 'PRAGMA main.table_info("users")', ()) completed
2026-05-03 17:18:53,006 - aiosqlite - DEBUG - executing functools.partial(<built-in method fetchall of sqlite3.Cursor object at 0x0000026B043749C0>)
2026-05-03 17:18:53,006 - aiosqlite - DEBUG - operation functools.partial(<built-in method fetchall of sqlite3.Cursor object at 0x0000026B043749C0>) completed
2026-05-03 17:18:53,006 - aiosqlite - DEBUG - executing functools.partial(<built-in method close of sqlite3.Cursor object at 0x0000026B043749C0>)
2026-05-03 17:18:53,006 - aiosqlite - DEBUG - operation functools.partial(<built-in method close of sqlite3.Cursor object at 0x0000026B043749C0>) completed
2026-05-03 17:18:53,006 - aiosqlite - DEBUG - executing functools.partial(<built-in method cursor of sqlite3.Connection object at 0x0000026B043374C0>)
2026-05-03 17:18:53,006 - aiosqlite - DEBUG - operation functools.partial(<built-in method cursor of sqlite3.Connection object at 0x0000026B043374C0>) completed
2026-05-03 17:18:53,006 - aiosqlite - DEBUG - executing functools.partial(<built-in method execute of sqlite3.Cursor object at 0x0000026B043749C0>, 'PRAGMA main.table_info("oidc_states")', ())
2026-05-03 17:18:53,008 - aiosqlite - DEBUG - operation functools.partial(<built-in method execute of sqlite3.Cursor object at 0x0000026B043749C0>, 'PRAGMA main.table_info("oidc_states")', ()) completed
2026-05-03 17:18:53,008 - aiosqlite - DEBUG - executing functools.partial(<built-in method fetchall of sqlite3.Cursor object at 0x0000026B043749C0>)
2026-05-03 17:18:53,008 - aiosqlite - DEBUG - operation functools.partial(<built-in method fetchall of sqlite3.Cursor object at 0x0000026B043749C0>) completed
2026-05-03 17:18:53,008 - aiosqlite - DEBUG - executing functools.partial(<built-in method close of sqlite3.Cursor object at 0x0000026B043749C0>)
2026-05-03 17:18:53,008 - core.database - INFO - Tables initialized successfully
2026-05-03 17:18:53,008 - aiosqlite - DEBUG - operation functools.partial(<built-in method close of sqlite3.Cursor object at 0x0000026B043749C0>) completed
2026-05-03 17:18:53,008 - core.database - DEBUG - [DB_OP] Create tables completed in 0.0186s
2026-05-03 17:18:53,008 - aiosqlite - DEBUG - executing functools.partial(<built-in method commit of sqlite3.Connection object at 0x0000026B043374C0>)
2026-05-03 17:18:53,008 - aiosqlite - DEBUG - operation functools.partial(<built-in method commit of sqlite3.Connection object at 0x0000026B043374C0>) completed
2026-05-03 17:18:53,011 - aiosqlite - DEBUG - executing functools.partial(<built-in method rollback of sqlite3.Connection object at 0x0000026B043374C0>)
2026-05-03 17:18:53,011 - aiosqlite - DEBUG - operation functools.partial(<built-in method rollback of sqlite3.Connection object at 0x0000026B043374C0>) completed
2026-05-03 17:18:53,011 - services.database - INFO - 🔧 Table creation completed
2026-05-03 17:18:53,011 - services.database - INFO - Database initialized successfully
2026-05-03 17:18:53,011 - services.database - DEBUG - [DB_OP] Database initialization completed in 0.0386s
2026-05-03 17:18:53,011 - services.mock_data - INFO - mock_data directory not found, skipping mock initialization
2026-05-03 17:18:53,011 - services.database - DEBUG - [DB_OP] Starting database initialization
2026-05-03 17:18:53,011 - services.database - INFO - 🔧 Starting database initialization...
2026-05-03 17:18:53,011 - core.database - INFO - Starting database initialization...
2026-05-03 17:18:53,011 - core.database - INFO - Database already initialized
2026-05-03 17:18:53,011 - services.database - INFO - 🔧 Database connection initialized, now creating tables if tables not exist...
2026-05-03 17:18:53,011 - core.database - DEBUG - [DB_OP] Starting create_tables
2026-05-03 17:18:53,013 - core.database - INFO - Tables already initialized
2026-05-03 17:18:53,013 - services.database - INFO - 🔧 Table creation completed
2026-05-03 17:18:53,013 - services.database - INFO - Database initialized successfully
2026-05-03 17:18:53,013 - services.database - DEBUG - [DB_OP] Database initialization completed in 0.0024s
2026-05-03 17:18:53,013 - services.auth - WARNING - Admin user ID or email not configured, skipping admin initialization
2026-05-03 17:18:53,013 - main - INFO - === Application startup completed successfully ===
2026-05-03 17:19:05,072 - services.database - DEBUG - [DB_OP] Starting database close
2026-05-03 17:19:05,072 - aiosqlite - DEBUG - executing functools.partial(<built-in method close of sqlite3.Connection object at 0x0000026B043374C0>)
2026-05-03 17:19:05,074 - aiosqlite - DEBUG - operation functools.partial(<built-in method close of sqlite3.Connection object at 0x0000026B043374C0>) completed
2026-05-03 17:19:05,074 - aiosqlite - DEBUG - executing <function Connection.stop.<locals>.close_and_stop at 0x0000026B04372E80>
2026-05-03 17:19:05,074 - aiosqlite - DEBUG - operation <function Connection.stop.<locals>.close_and_stop at 0x0000026B04372E80> completed
2026-05-03 17:19:05,074 - core.database - INFO - Database connection closed and engine disposed
2026-05-03 17:19:05,074 - services.database - INFO - Database connections closed
2026-05-03 17:19:05,074 - services.database - DEBUG - [DB_OP] Database close completed in 0.0013s
