2026-05-11 15:59:56,340 - main - INFO - === Logging system initialized ===
2026-05-11 15:59:56,344 - main - INFO - Log file: logs/app_20260511_155956.log
2026-05-11 15:59:56,344 - main - INFO - Log level: INFO
2026-05-11 15:59:56,344 - main - INFO - Timestamp: 20260511_155956
2026-05-11 15:59:56,881 - main - INFO - Included router: routers.aihub.router
2026-05-11 15:59:56,903 - main - INFO - Included router: routers.auth.router
2026-05-11 15:59:56,908 - main - INFO - Included router: routers.health.router
2026-05-11 15:59:56,911 - main - INFO - Included router: routers.portfolio.router
2026-05-11 15:59:56,936 - main - INFO - Included router: routers.settings.router
2026-05-11 15:59:56,982 - main - INFO - Included router: routers.storage.router
2026-05-11 15:59:56,990 - main - INFO - Included router: routers.user.router
2026-05-11 15:59:56,993 - main - INFO - === Application startup initiated ===
2026-05-11 15:59:56,994 - services.database - DEBUG - [DB_OP] Starting database initialization
2026-05-11 15:59:56,994 - services.database - INFO - 🔧 Starting database initialization...
2026-05-11 15:59:56,994 - core.database - INFO - Starting database initialization...
2026-05-11 15:59:56,995 - core.database - INFO - Normalizing database URL for async compatibility...
2026-05-11 15:59:56,996 - core.database - DEBUG - Database exists:./app.db
2026-05-11 15:59:56,997 - core.database - INFO - Creating async database engine...
2026-05-11 15:59:56,997 - core.database - INFO - Using QueuePool with connection pooling for non-Lambda environment
2026-05-11 15:59:57,017 - core.database - INFO - Database engine created successfully
2026-05-11 15:59:57,018 - core.database - INFO - Creating async session maker...
2026-05-11 15:59:57,019 - core.database - INFO - Async session maker created successfully
2026-05-11 15:59:57,020 - core.database - INFO - Database connection initialized successfully
2026-05-11 15:59:57,021 - services.database - INFO - 🔧 Database connection initialized, now creating tables if tables not exist...
2026-05-11 15:59:57,021 - core.database - DEBUG - [DB_OP] Starting create_tables
2026-05-11 15:59:57,021 - core.database - INFO - 🔧 Starting table creation...
2026-05-11 15:59:57,021 - aiosqlite - DEBUG - executing <function connect.<locals>.connector at 0x0000024B5098EC00>
2026-05-11 15:59:57,021 - aiosqlite - DEBUG - operation <function connect.<locals>.connector at 0x0000024B5098EC00> completed
2026-05-11 15:59:57,021 - aiosqlite - DEBUG - executing functools.partial(<built-in method create_function of sqlite3.Connection object at 0x0000024B509917B0>, 'regexp', 2, <function SQLiteDialect_pysqlite.on_connect.<locals>.regexp at 0x0000024B5098DF80>, deterministic=True)
2026-05-11 15:59:57,025 - aiosqlite - DEBUG - operation functools.partial(<built-in method create_function of sqlite3.Connection object at 0x0000024B509917B0>, 'regexp', 2, <function SQLiteDialect_pysqlite.on_connect.<locals>.regexp at 0x0000024B5098DF80>, deterministic=True) completed
2026-05-11 15:59:57,025 - aiosqlite - DEBUG - executing functools.partial(<built-in method create_function of sqlite3.Connection object at 0x0000024B509917B0>, 'floor', 1, <built-in function floor>, deterministic=True)
2026-05-11 15:59:57,025 - aiosqlite - DEBUG - operation functools.partial(<built-in method create_function of sqlite3.Connection object at 0x0000024B509917B0>, 'floor', 1, <built-in function floor>, deterministic=True) completed
2026-05-11 15:59:57,025 - aiosqlite - DEBUG - executing functools.partial(<built-in method cursor of sqlite3.Connection object at 0x0000024B509917B0>)
2026-05-11 15:59:57,025 - aiosqlite - DEBUG - operation functools.partial(<built-in method cursor of sqlite3.Connection object at 0x0000024B509917B0>) completed
2026-05-11 15:59:57,025 - aiosqlite - DEBUG - executing functools.partial(<built-in method execute of sqlite3.Cursor object at 0x0000024B5099C040>, 'PRAGMA read_uncommitted', [])
2026-05-11 15:59:57,027 - aiosqlite - DEBUG - operation functools.partial(<built-in method execute of sqlite3.Cursor object at 0x0000024B5099C040>, 'PRAGMA read_uncommitted', []) completed
2026-05-11 15:59:57,028 - aiosqlite - DEBUG - executing functools.partial(<built-in method fetchall of sqlite3.Cursor object at 0x0000024B5099C040>)
2026-05-11 15:59:57,028 - aiosqlite - DEBUG - operation functools.partial(<built-in method fetchall of sqlite3.Cursor object at 0x0000024B5099C040>) completed
2026-05-11 15:59:57,028 - aiosqlite - DEBUG - executing functools.partial(<built-in method close of sqlite3.Cursor object at 0x0000024B5099C040>)
2026-05-11 15:59:57,028 - aiosqlite - DEBUG - operation functools.partial(<built-in method close of sqlite3.Cursor object at 0x0000024B5099C040>) completed
2026-05-11 15:59:57,028 - aiosqlite - DEBUG - executing functools.partial(<built-in method rollback of sqlite3.Connection object at 0x0000024B509917B0>)
2026-05-11 15:59:57,028 - aiosqlite - DEBUG - operation functools.partial(<built-in method rollback of sqlite3.Connection object at 0x0000024B509917B0>) completed
2026-05-11 15:59:57,032 - aiosqlite - DEBUG - executing functools.partial(<built-in method cursor of sqlite3.Connection object at 0x0000024B509917B0>)
2026-05-11 15:59:57,034 - aiosqlite - DEBUG - operation functools.partial(<built-in method cursor of sqlite3.Connection object at 0x0000024B509917B0>) completed
2026-05-11 15:59:57,034 - aiosqlite - DEBUG - executing functools.partial(<built-in method execute of sqlite3.Cursor object at 0x0000024B5099C040>, 'PRAGMA main.table_info("users")', ())
2026-05-11 15:59:57,035 - aiosqlite - DEBUG - operation functools.partial(<built-in method execute of sqlite3.Cursor object at 0x0000024B5099C040>, 'PRAGMA main.table_info("users")', ()) completed
2026-05-11 15:59:57,035 - aiosqlite - DEBUG - executing functools.partial(<built-in method fetchall of sqlite3.Cursor object at 0x0000024B5099C040>)
2026-05-11 15:59:57,035 - aiosqlite - DEBUG - operation functools.partial(<built-in method fetchall of sqlite3.Cursor object at 0x0000024B5099C040>) completed
2026-05-11 15:59:57,035 - aiosqlite - DEBUG - executing functools.partial(<built-in method close of sqlite3.Cursor object at 0x0000024B5099C040>)
2026-05-11 15:59:57,035 - aiosqlite - DEBUG - operation functools.partial(<built-in method close of sqlite3.Cursor object at 0x0000024B5099C040>) completed
2026-05-11 15:59:57,035 - aiosqlite - DEBUG - executing functools.partial(<built-in method cursor of sqlite3.Connection object at 0x0000024B509917B0>)
2026-05-11 15:59:57,035 - aiosqlite - DEBUG - operation functools.partial(<built-in method cursor of sqlite3.Connection object at 0x0000024B509917B0>) completed
2026-05-11 15:59:57,037 - aiosqlite - DEBUG - executing functools.partial(<built-in method execute of sqlite3.Cursor object at 0x0000024B5099C040>, 'PRAGMA main.table_info("oidc_states")', ())
2026-05-11 15:59:57,038 - aiosqlite - DEBUG - operation functools.partial(<built-in method execute of sqlite3.Cursor object at 0x0000024B5099C040>, 'PRAGMA main.table_info("oidc_states")', ()) completed
2026-05-11 15:59:57,038 - aiosqlite - DEBUG - executing functools.partial(<built-in method fetchall of sqlite3.Cursor object at 0x0000024B5099C040>)
2026-05-11 15:59:57,038 - aiosqlite - DEBUG - operation functools.partial(<built-in method fetchall of sqlite3.Cursor object at 0x0000024B5099C040>) completed
2026-05-11 15:59:57,038 - aiosqlite - DEBUG - executing functools.partial(<built-in method close of sqlite3.Cursor object at 0x0000024B5099C040>)
2026-05-11 15:59:57,040 - core.database - INFO - Tables initialized successfully
2026-05-11 15:59:57,040 - aiosqlite - DEBUG - operation functools.partial(<built-in method close of sqlite3.Cursor object at 0x0000024B5099C040>) completed
2026-05-11 15:59:57,040 - core.database - DEBUG - [DB_OP] Create tables completed in 0.0191s
2026-05-11 15:59:57,040 - aiosqlite - DEBUG - executing functools.partial(<built-in method commit of sqlite3.Connection object at 0x0000024B509917B0>)
2026-05-11 15:59:57,040 - aiosqlite - DEBUG - operation functools.partial(<built-in method commit of sqlite3.Connection object at 0x0000024B509917B0>) completed
2026-05-11 15:59:57,040 - aiosqlite - DEBUG - executing functools.partial(<built-in method rollback of sqlite3.Connection object at 0x0000024B509917B0>)
2026-05-11 15:59:57,040 - services.database - INFO - 🔧 Table creation completed
2026-05-11 15:59:57,040 - aiosqlite - DEBUG - operation functools.partial(<built-in method rollback of sqlite3.Connection object at 0x0000024B509917B0>) completed
2026-05-11 15:59:57,040 - services.database - INFO - Database initialized successfully
2026-05-11 15:59:57,040 - services.database - DEBUG - [DB_OP] Database initialization completed in 0.0456s
2026-05-11 15:59:57,040 - services.mock_data - INFO - mock_data directory not found, skipping mock initialization
2026-05-11 15:59:57,043 - services.database - DEBUG - [DB_OP] Starting database initialization
2026-05-11 15:59:57,043 - services.database - INFO - 🔧 Starting database initialization...
2026-05-11 15:59:57,043 - core.database - INFO - Starting database initialization...
2026-05-11 15:59:57,043 - core.database - INFO - Database already initialized
2026-05-11 15:59:57,043 - services.database - INFO - 🔧 Database connection initialized, now creating tables if tables not exist...
2026-05-11 15:59:57,043 - core.database - DEBUG - [DB_OP] Starting create_tables
2026-05-11 15:59:57,043 - core.database - INFO - Tables already initialized
2026-05-11 15:59:57,043 - services.database - INFO - 🔧 Table creation completed
2026-05-11 15:59:57,043 - services.database - INFO - Database initialized successfully
2026-05-11 15:59:57,043 - services.database - DEBUG - [DB_OP] Database initialization completed in 0.0000s
2026-05-11 15:59:57,043 - services.auth - WARNING - Admin user ID or email not configured, skipping admin initialization
2026-05-11 15:59:57,043 - main - INFO - === Application startup completed successfully ===
2026-05-11 16:06:40,733 - httpcore.connection - DEBUG - connect_tcp.started host='localhost' port=11434 local_address=None timeout=300 socket_options=None
2026-05-11 16:06:40,994 - httpcore.connection - DEBUG - connect_tcp.complete return_value=<httpcore._backends.anyio.AnyIOStream object at 0x0000024B50A53F50>
2026-05-11 16:06:40,996 - httpcore.http11 - DEBUG - send_request_headers.started request=<Request [b'POST']>
2026-05-11 16:06:40,998 - httpcore.http11 - DEBUG - send_request_headers.complete
2026-05-11 16:06:40,999 - httpcore.http11 - DEBUG - send_request_body.started request=<Request [b'POST']>
2026-05-11 16:06:40,999 - httpcore.http11 - DEBUG - send_request_body.complete
2026-05-11 16:06:41,001 - httpcore.http11 - DEBUG - receive_response_headers.started request=<Request [b'POST']>
2026-05-11 16:07:22,980 - httpcore.http11 - DEBUG - receive_response_headers.complete return_value=(b'HTTP/1.1', 200, b'OK', [(b'Content-Type', b'application/json; charset=utf-8'), (b'Date', b'Mon, 11 May 2026 10:37:22 GMT'), (b'Transfer-Encoding', b'chunked')])
2026-05-11 16:07:22,980 - httpx - INFO - HTTP Request: POST http://localhost:11434/api/chat "HTTP/1.1 200 OK"
2026-05-11 16:07:22,982 - httpcore.http11 - DEBUG - receive_response_body.started request=<Request [b'POST']>
2026-05-11 16:07:22,982 - httpcore.http11 - DEBUG - receive_response_body.complete
2026-05-11 16:07:22,982 - httpcore.http11 - DEBUG - response_closed.started
2026-05-11 16:07:22,982 - httpcore.http11 - DEBUG - response_closed.complete
2026-05-11 16:07:22,982 - httpcore.connection - DEBUG - close.started
2026-05-11 16:07:22,986 - httpcore.connection - DEBUG - close.complete
2026-05-11 16:07:23,761 - httpcore.connection - DEBUG - connect_tcp.started host='localhost' port=11434 local_address=None timeout=300 socket_options=None
2026-05-11 16:07:24,017 - httpcore.connection - DEBUG - connect_tcp.complete return_value=<httpcore._backends.anyio.AnyIOStream object at 0x0000024B50AB0110>
2026-05-11 16:07:24,020 - httpcore.http11 - DEBUG - send_request_headers.started request=<Request [b'POST']>
2026-05-11 16:07:24,024 - httpcore.http11 - DEBUG - send_request_headers.complete
2026-05-11 16:07:24,024 - httpcore.http11 - DEBUG - send_request_body.started request=<Request [b'POST']>
2026-05-11 16:07:24,025 - httpcore.http11 - DEBUG - send_request_body.complete
2026-05-11 16:07:24,026 - httpcore.http11 - DEBUG - receive_response_headers.started request=<Request [b'POST']>
2026-05-11 16:07:33,789 - httpcore.http11 - DEBUG - receive_response_headers.complete return_value=(b'HTTP/1.1', 200, b'OK', [(b'Content-Type', b'application/json; charset=utf-8'), (b'Date', b'Mon, 11 May 2026 10:37:33 GMT'), (b'Content-Length', b'712')])
2026-05-11 16:07:33,790 - httpx - INFO - HTTP Request: POST http://localhost:11434/api/chat "HTTP/1.1 200 OK"
2026-05-11 16:07:33,790 - httpcore.http11 - DEBUG - receive_response_body.started request=<Request [b'POST']>
2026-05-11 16:07:33,790 - httpcore.http11 - DEBUG - receive_response_body.complete
2026-05-11 16:07:33,790 - httpcore.http11 - DEBUG - response_closed.started
2026-05-11 16:07:33,792 - httpcore.http11 - DEBUG - response_closed.complete
2026-05-11 16:07:33,792 - httpcore.connection - DEBUG - close.started
2026-05-11 16:07:33,794 - httpcore.connection - DEBUG - close.complete
2026-05-11 16:07:33,794 - routers.portfolio - ERROR - JSON parsing error: Unable to find matching JSON end.: line 1 column 1 (char 0)
2026-05-11 16:09:50,029 - services.database - DEBUG - [DB_OP] Starting database close
2026-05-11 16:09:50,030 - aiosqlite - DEBUG - executing functools.partial(<built-in method close of sqlite3.Connection object at 0x0000024B509917B0>)
2026-05-11 16:09:50,040 - aiosqlite - DEBUG - operation functools.partial(<built-in method close of sqlite3.Connection object at 0x0000024B509917B0>) completed
2026-05-11 16:09:50,047 - aiosqlite - DEBUG - executing <function Connection.stop.<locals>.close_and_stop at 0x0000024B5098EFC0>
2026-05-11 16:09:50,130 - core.database - INFO - Database connection closed and engine disposed
2026-05-11 16:09:50,130 - aiosqlite - DEBUG - operation <function Connection.stop.<locals>.close_and_stop at 0x0000024B5098EFC0> completed
2026-05-11 16:09:50,144 - services.database - INFO - Database connections closed
2026-05-11 16:09:50,161 - services.database - DEBUG - [DB_OP] Database close completed in 0.1329s
