2026-05-03 17:05:34,406 - main - INFO - === Logging system initialized ===
2026-05-03 17:05:34,406 - main - INFO - Log file: logs/app_20260503_170534.log
2026-05-03 17:05:34,406 - main - INFO - Log level: INFO
2026-05-03 17:05:34,406 - main - INFO - Timestamp: 20260503_170534
2026-05-03 17:05:34,787 - main - INFO - Included router: routers.aihub.router
2026-05-03 17:05:34,791 - main - INFO - Included router: routers.auth.router
2026-05-03 17:05:34,791 - main - INFO - Included router: routers.health.router
2026-05-03 17:05:34,800 - main - INFO - Included router: routers.portfolio.router
2026-05-03 17:05:34,810 - main - INFO - Included router: routers.settings.router
2026-05-03 17:05:34,826 - main - INFO - Included router: routers.storage.router
2026-05-03 17:05:34,834 - main - INFO - Included router: routers.user.router
2026-05-03 17:05:34,835 - main - INFO - === Application startup initiated ===
2026-05-03 17:05:34,836 - services.database - DEBUG - [DB_OP] Starting database initialization
2026-05-03 17:05:34,836 - services.database - INFO - 🔧 Starting database initialization...
2026-05-03 17:05:34,836 - core.database - INFO - Starting database initialization...
2026-05-03 17:05:34,836 - core.database - INFO - Normalizing database URL for async compatibility...
2026-05-03 17:05:34,837 - core.database - DEBUG - Database exists:./app.db
2026-05-03 17:05:34,837 - core.database - INFO - Creating async database engine...
2026-05-03 17:05:34,837 - core.database - INFO - Using QueuePool with connection pooling for non-Lambda environment
2026-05-03 17:05:34,843 - core.database - INFO - Database engine created successfully
2026-05-03 17:05:34,843 - core.database - INFO - Creating async session maker...
2026-05-03 17:05:34,843 - core.database - INFO - Async session maker created successfully
2026-05-03 17:05:34,843 - core.database - INFO - Database connection initialized successfully
2026-05-03 17:05:34,843 - services.database - INFO - 🔧 Database connection initialized, now creating tables if tables not exist...
2026-05-03 17:05:34,848 - core.database - DEBUG - [DB_OP] Starting create_tables
2026-05-03 17:05:34,848 - core.database - INFO - 🔧 Starting table creation...
2026-05-03 17:05:34,848 - aiosqlite - DEBUG - executing <function connect.<locals>.connector at 0x000001DC34A3EC00>
2026-05-03 17:05:34,849 - aiosqlite - DEBUG - operation <function connect.<locals>.connector at 0x000001DC34A3EC00> completed
2026-05-03 17:05:34,849 - aiosqlite - DEBUG - executing functools.partial(<built-in method create_function of sqlite3.Connection object at 0x000001DC34A131F0>, 'regexp', 2, <function SQLiteDialect_pysqlite.on_connect.<locals>.regexp at 0x000001DC34A3DF80>, deterministic=True)
2026-05-03 17:05:34,849 - aiosqlite - DEBUG - operation functools.partial(<built-in method create_function of sqlite3.Connection object at 0x000001DC34A131F0>, 'regexp', 2, <function SQLiteDialect_pysqlite.on_connect.<locals>.regexp at 0x000001DC34A3DF80>, deterministic=True) completed
2026-05-03 17:05:34,849 - aiosqlite - DEBUG - executing functools.partial(<built-in method create_function of sqlite3.Connection object at 0x000001DC34A131F0>, 'floor', 1, <built-in function floor>, deterministic=True)
2026-05-03 17:05:34,850 - aiosqlite - DEBUG - operation functools.partial(<built-in method create_function of sqlite3.Connection object at 0x000001DC34A131F0>, 'floor', 1, <built-in function floor>, deterministic=True) completed
2026-05-03 17:05:34,850 - aiosqlite - DEBUG - executing functools.partial(<built-in method cursor of sqlite3.Connection object at 0x000001DC34A131F0>)
2026-05-03 17:05:34,850 - aiosqlite - DEBUG - operation functools.partial(<built-in method cursor of sqlite3.Connection object at 0x000001DC34A131F0>) completed
2026-05-03 17:05:34,850 - aiosqlite - DEBUG - executing functools.partial(<built-in method execute of sqlite3.Cursor object at 0x000001DC34A446C0>, 'PRAGMA read_uncommitted', [])
2026-05-03 17:05:34,851 - aiosqlite - DEBUG - operation functools.partial(<built-in method execute of sqlite3.Cursor object at 0x000001DC34A446C0>, 'PRAGMA read_uncommitted', []) completed
2026-05-03 17:05:34,851 - aiosqlite - DEBUG - executing functools.partial(<built-in method fetchall of sqlite3.Cursor object at 0x000001DC34A446C0>)
2026-05-03 17:05:34,851 - aiosqlite - DEBUG - operation functools.partial(<built-in method fetchall of sqlite3.Cursor object at 0x000001DC34A446C0>) completed
2026-05-03 17:05:34,852 - aiosqlite - DEBUG - executing functools.partial(<built-in method close of sqlite3.Cursor object at 0x000001DC34A446C0>)
2026-05-03 17:05:34,852 - aiosqlite - DEBUG - operation functools.partial(<built-in method close of sqlite3.Cursor object at 0x000001DC34A446C0>) completed
2026-05-03 17:05:34,852 - aiosqlite - DEBUG - executing functools.partial(<built-in method rollback of sqlite3.Connection object at 0x000001DC34A131F0>)
2026-05-03 17:05:34,852 - aiosqlite - DEBUG - operation functools.partial(<built-in method rollback of sqlite3.Connection object at 0x000001DC34A131F0>) completed
2026-05-03 17:05:34,853 - aiosqlite - DEBUG - executing functools.partial(<built-in method cursor of sqlite3.Connection object at 0x000001DC34A131F0>)
2026-05-03 17:05:34,853 - aiosqlite - DEBUG - operation functools.partial(<built-in method cursor of sqlite3.Connection object at 0x000001DC34A131F0>) completed
2026-05-03 17:05:34,853 - aiosqlite - DEBUG - executing functools.partial(<built-in method execute of sqlite3.Cursor object at 0x000001DC34A446C0>, 'PRAGMA main.table_info("users")', ())
2026-05-03 17:05:34,854 - aiosqlite - DEBUG - operation functools.partial(<built-in method execute of sqlite3.Cursor object at 0x000001DC34A446C0>, 'PRAGMA main.table_info("users")', ()) completed
2026-05-03 17:05:34,854 - aiosqlite - DEBUG - executing functools.partial(<built-in method fetchall of sqlite3.Cursor object at 0x000001DC34A446C0>)
2026-05-03 17:05:34,854 - aiosqlite - DEBUG - operation functools.partial(<built-in method fetchall of sqlite3.Cursor object at 0x000001DC34A446C0>) completed
2026-05-03 17:05:34,855 - aiosqlite - DEBUG - executing functools.partial(<built-in method close of sqlite3.Cursor object at 0x000001DC34A446C0>)
2026-05-03 17:05:34,855 - aiosqlite - DEBUG - operation functools.partial(<built-in method close of sqlite3.Cursor object at 0x000001DC34A446C0>) completed
2026-05-03 17:05:34,855 - aiosqlite - DEBUG - executing functools.partial(<built-in method cursor of sqlite3.Connection object at 0x000001DC34A131F0>)
2026-05-03 17:05:34,855 - aiosqlite - DEBUG - operation functools.partial(<built-in method cursor of sqlite3.Connection object at 0x000001DC34A131F0>) completed
2026-05-03 17:05:34,855 - aiosqlite - DEBUG - executing functools.partial(<built-in method execute of sqlite3.Cursor object at 0x000001DC34A446C0>, 'PRAGMA main.table_info("oidc_states")', ())
2026-05-03 17:05:34,856 - aiosqlite - DEBUG - operation functools.partial(<built-in method execute of sqlite3.Cursor object at 0x000001DC34A446C0>, 'PRAGMA main.table_info("oidc_states")', ()) completed
2026-05-03 17:05:34,856 - aiosqlite - DEBUG - executing functools.partial(<built-in method fetchall of sqlite3.Cursor object at 0x000001DC34A446C0>)
2026-05-03 17:05:34,856 - aiosqlite - DEBUG - operation functools.partial(<built-in method fetchall of sqlite3.Cursor object at 0x000001DC34A446C0>) completed
2026-05-03 17:05:34,856 - aiosqlite - DEBUG - executing functools.partial(<built-in method close of sqlite3.Cursor object at 0x000001DC34A446C0>)
2026-05-03 17:05:34,856 - aiosqlite - DEBUG - operation functools.partial(<built-in method close of sqlite3.Cursor object at 0x000001DC34A446C0>) completed
2026-05-03 17:05:34,857 - core.database - INFO - Tables initialized successfully
2026-05-03 17:05:34,858 - core.database - DEBUG - [DB_OP] Create tables completed in 0.0097s
2026-05-03 17:05:34,858 - aiosqlite - DEBUG - executing functools.partial(<built-in method commit of sqlite3.Connection object at 0x000001DC34A131F0>)
2026-05-03 17:05:34,858 - aiosqlite - DEBUG - operation functools.partial(<built-in method commit of sqlite3.Connection object at 0x000001DC34A131F0>) completed
2026-05-03 17:05:34,858 - aiosqlite - DEBUG - executing functools.partial(<built-in method rollback of sqlite3.Connection object at 0x000001DC34A131F0>)
2026-05-03 17:05:34,858 - services.database - INFO - 🔧 Table creation completed
2026-05-03 17:05:34,858 - aiosqlite - DEBUG - operation functools.partial(<built-in method rollback of sqlite3.Connection object at 0x000001DC34A131F0>) completed
2026-05-03 17:05:34,858 - services.database - INFO - Database initialized successfully
2026-05-03 17:05:34,858 - services.database - DEBUG - [DB_OP] Database initialization completed in 0.0218s
2026-05-03 17:05:34,859 - services.mock_data - INFO - mock_data directory not found, skipping mock initialization
2026-05-03 17:05:34,859 - services.database - DEBUG - [DB_OP] Starting database initialization
2026-05-03 17:05:34,859 - services.database - INFO - 🔧 Starting database initialization...
2026-05-03 17:05:34,859 - core.database - INFO - Starting database initialization...
2026-05-03 17:05:34,859 - core.database - INFO - Database already initialized
2026-05-03 17:05:34,859 - services.database - INFO - 🔧 Database connection initialized, now creating tables if tables not exist...
2026-05-03 17:05:34,859 - core.database - DEBUG - [DB_OP] Starting create_tables
2026-05-03 17:05:34,859 - core.database - INFO - Tables already initialized
2026-05-03 17:05:34,859 - services.database - INFO - 🔧 Table creation completed
2026-05-03 17:05:34,859 - services.database - INFO - Database initialized successfully
2026-05-03 17:05:34,859 - services.database - DEBUG - [DB_OP] Database initialization completed in 0.0000s
2026-05-03 17:05:34,859 - services.auth - WARNING - Admin user ID or email not configured, skipping admin initialization
2026-05-03 17:05:34,859 - main - INFO - === Application startup completed successfully ===
2026-05-03 17:05:37,551 - services.database - DEBUG - [DB_OP] Starting database close
2026-05-03 17:05:37,552 - aiosqlite - DEBUG - executing functools.partial(<built-in method close of sqlite3.Connection object at 0x000001DC34A131F0>)
2026-05-03 17:05:37,552 - aiosqlite - DEBUG - operation functools.partial(<built-in method close of sqlite3.Connection object at 0x000001DC34A131F0>) completed
2026-05-03 17:05:37,552 - aiosqlite - DEBUG - executing <function Connection.stop.<locals>.close_and_stop at 0x000001DC34A3FD80>
2026-05-03 17:05:37,552 - core.database - INFO - Database connection closed and engine disposed
2026-05-03 17:05:37,552 - aiosqlite - DEBUG - operation <function Connection.stop.<locals>.close_and_stop at 0x000001DC34A3FD80> completed
2026-05-03 17:05:37,552 - services.database - INFO - Database connections closed
2026-05-03 17:05:37,552 - services.database - DEBUG - [DB_OP] Database close completed in 0.0009s
