2026-05-03 17:17:44,940 - main - INFO - === Logging system initialized ===
2026-05-03 17:17:44,940 - main - INFO - Log file: logs/app_20260503_171744.log
2026-05-03 17:17:44,940 - main - INFO - Log level: INFO
2026-05-03 17:17:44,940 - main - INFO - Timestamp: 20260503_171744
2026-05-03 17:17:45,382 - main - INFO - Included router: routers.aihub.router
2026-05-03 17:17:45,399 - main - INFO - Included router: routers.auth.router
2026-05-03 17:17:45,399 - main - INFO - Included router: routers.health.router
2026-05-03 17:17:45,414 - main - INFO - Included router: routers.portfolio.router
2026-05-03 17:17:45,439 - main - INFO - Included router: routers.settings.router
2026-05-03 17:17:45,479 - main - INFO - Included router: routers.storage.router
2026-05-03 17:17:45,485 - main - INFO - Included router: routers.user.router
2026-05-03 17:17:45,488 - main - INFO - === Application startup initiated ===
2026-05-03 17:17:45,488 - services.database - DEBUG - [DB_OP] Starting database initialization
2026-05-03 17:17:45,488 - services.database - INFO - 🔧 Starting database initialization...
2026-05-03 17:17:45,491 - core.database - INFO - Starting database initialization...
2026-05-03 17:17:45,491 - core.database - INFO - Normalizing database URL for async compatibility...
2026-05-03 17:17:45,492 - core.database - DEBUG - Database exists:./app.db
2026-05-03 17:17:45,492 - core.database - INFO - Creating async database engine...
2026-05-03 17:17:45,493 - core.database - INFO - Using QueuePool with connection pooling for non-Lambda environment
2026-05-03 17:17:45,515 - core.database - INFO - Database engine created successfully
2026-05-03 17:17:45,519 - core.database - INFO - Creating async session maker...
2026-05-03 17:17:45,519 - core.database - INFO - Async session maker created successfully
2026-05-03 17:17:45,519 - core.database - INFO - Database connection initialized successfully
2026-05-03 17:17:45,519 - services.database - INFO - 🔧 Database connection initialized, now creating tables if tables not exist...
2026-05-03 17:17:45,519 - core.database - DEBUG - [DB_OP] Starting create_tables
2026-05-03 17:17:45,519 - core.database - INFO - 🔧 Starting table creation...
2026-05-03 17:17:45,522 - aiosqlite - DEBUG - executing <function connect.<locals>.connector at 0x000002331C382B60>
2026-05-03 17:17:45,522 - aiosqlite - DEBUG - operation <function connect.<locals>.connector at 0x000002331C382B60> completed
2026-05-03 17:17:45,522 - aiosqlite - DEBUG - executing functools.partial(<built-in method create_function of sqlite3.Connection object at 0x000002331C34B5B0>, 'regexp', 2, <function SQLiteDialect_pysqlite.on_connect.<locals>.regexp at 0x000002331C381EE0>, deterministic=True)
2026-05-03 17:17:45,525 - aiosqlite - DEBUG - operation functools.partial(<built-in method create_function of sqlite3.Connection object at 0x000002331C34B5B0>, 'regexp', 2, <function SQLiteDialect_pysqlite.on_connect.<locals>.regexp at 0x000002331C381EE0>, deterministic=True) completed
2026-05-03 17:17:45,525 - aiosqlite - DEBUG - executing functools.partial(<built-in method create_function of sqlite3.Connection object at 0x000002331C34B5B0>, 'floor', 1, <built-in function floor>, deterministic=True)
2026-05-03 17:17:45,525 - aiosqlite - DEBUG - operation functools.partial(<built-in method create_function of sqlite3.Connection object at 0x000002331C34B5B0>, 'floor', 1, <built-in function floor>, deterministic=True) completed
2026-05-03 17:17:45,525 - aiosqlite - DEBUG - executing functools.partial(<built-in method cursor of sqlite3.Connection object at 0x000002331C34B5B0>)
2026-05-03 17:17:45,525 - aiosqlite - DEBUG - operation functools.partial(<built-in method cursor of sqlite3.Connection object at 0x000002331C34B5B0>) completed
2026-05-03 17:17:45,525 - aiosqlite - DEBUG - executing functools.partial(<built-in method execute of sqlite3.Cursor object at 0x000002331C384940>, 'PRAGMA read_uncommitted', [])
2026-05-03 17:17:45,525 - aiosqlite - DEBUG - operation functools.partial(<built-in method execute of sqlite3.Cursor object at 0x000002331C384940>, 'PRAGMA read_uncommitted', []) completed
2026-05-03 17:17:45,525 - aiosqlite - DEBUG - executing functools.partial(<built-in method fetchall of sqlite3.Cursor object at 0x000002331C384940>)
2026-05-03 17:17:45,525 - aiosqlite - DEBUG - operation functools.partial(<built-in method fetchall of sqlite3.Cursor object at 0x000002331C384940>) completed
2026-05-03 17:17:45,525 - aiosqlite - DEBUG - executing functools.partial(<built-in method close of sqlite3.Cursor object at 0x000002331C384940>)
2026-05-03 17:17:45,525 - aiosqlite - DEBUG - operation functools.partial(<built-in method close of sqlite3.Cursor object at 0x000002331C384940>) completed
2026-05-03 17:17:45,525 - aiosqlite - DEBUG - executing functools.partial(<built-in method rollback of sqlite3.Connection object at 0x000002331C34B5B0>)
2026-05-03 17:17:45,525 - aiosqlite - DEBUG - operation functools.partial(<built-in method rollback of sqlite3.Connection object at 0x000002331C34B5B0>) completed
2026-05-03 17:17:45,525 - aiosqlite - DEBUG - executing functools.partial(<built-in method cursor of sqlite3.Connection object at 0x000002331C34B5B0>)
2026-05-03 17:17:45,525 - aiosqlite - DEBUG - operation functools.partial(<built-in method cursor of sqlite3.Connection object at 0x000002331C34B5B0>) completed
2026-05-03 17:17:45,525 - aiosqlite - DEBUG - executing functools.partial(<built-in method execute of sqlite3.Cursor object at 0x000002331C384940>, 'PRAGMA main.table_info("users")', ())
2026-05-03 17:17:45,532 - aiosqlite - DEBUG - operation functools.partial(<built-in method execute of sqlite3.Cursor object at 0x000002331C384940>, 'PRAGMA main.table_info("users")', ()) completed
2026-05-03 17:17:45,532 - aiosqlite - DEBUG - executing functools.partial(<built-in method fetchall of sqlite3.Cursor object at 0x000002331C384940>)
2026-05-03 17:17:45,532 - aiosqlite - DEBUG - operation functools.partial(<built-in method fetchall of sqlite3.Cursor object at 0x000002331C384940>) completed
2026-05-03 17:17:45,532 - aiosqlite - DEBUG - executing functools.partial(<built-in method close of sqlite3.Cursor object at 0x000002331C384940>)
2026-05-03 17:17:45,533 - aiosqlite - DEBUG - operation functools.partial(<built-in method close of sqlite3.Cursor object at 0x000002331C384940>) completed
2026-05-03 17:17:45,533 - aiosqlite - DEBUG - executing functools.partial(<built-in method cursor of sqlite3.Connection object at 0x000002331C34B5B0>)
2026-05-03 17:17:45,534 - aiosqlite - DEBUG - operation functools.partial(<built-in method cursor of sqlite3.Connection object at 0x000002331C34B5B0>) completed
2026-05-03 17:17:45,536 - aiosqlite - DEBUG - executing functools.partial(<built-in method execute of sqlite3.Cursor object at 0x000002331C384940>, 'PRAGMA main.table_info("oidc_states")', ())
2026-05-03 17:17:45,541 - aiosqlite - DEBUG - operation functools.partial(<built-in method execute of sqlite3.Cursor object at 0x000002331C384940>, 'PRAGMA main.table_info("oidc_states")', ()) completed
2026-05-03 17:17:45,541 - aiosqlite - DEBUG - executing functools.partial(<built-in method fetchall of sqlite3.Cursor object at 0x000002331C384940>)
2026-05-03 17:17:45,541 - aiosqlite - DEBUG - operation functools.partial(<built-in method fetchall of sqlite3.Cursor object at 0x000002331C384940>) completed
2026-05-03 17:17:45,547 - aiosqlite - DEBUG - executing functools.partial(<built-in method close of sqlite3.Cursor object at 0x000002331C384940>)
2026-05-03 17:17:45,551 - core.database - INFO - Tables initialized successfully
2026-05-03 17:17:45,551 - aiosqlite - DEBUG - operation functools.partial(<built-in method close of sqlite3.Cursor object at 0x000002331C384940>) completed
2026-05-03 17:17:45,552 - core.database - DEBUG - [DB_OP] Create tables completed in 0.0324s
2026-05-03 17:17:45,552 - aiosqlite - DEBUG - executing functools.partial(<built-in method commit of sqlite3.Connection object at 0x000002331C34B5B0>)
2026-05-03 17:17:45,552 - aiosqlite - DEBUG - operation functools.partial(<built-in method commit of sqlite3.Connection object at 0x000002331C34B5B0>) completed
2026-05-03 17:17:45,552 - aiosqlite - DEBUG - executing functools.partial(<built-in method rollback of sqlite3.Connection object at 0x000002331C34B5B0>)
2026-05-03 17:17:45,552 - services.database - INFO - 🔧 Table creation completed
2026-05-03 17:17:45,554 - aiosqlite - DEBUG - operation functools.partial(<built-in method rollback of sqlite3.Connection object at 0x000002331C34B5B0>) completed
2026-05-03 17:17:45,555 - services.database - INFO - Database initialized successfully
2026-05-03 17:17:45,555 - services.database - DEBUG - [DB_OP] Database initialization completed in 0.0668s
2026-05-03 17:17:45,555 - services.mock_data - INFO - mock_data directory not found, skipping mock initialization
2026-05-03 17:17:45,555 - services.database - DEBUG - [DB_OP] Starting database initialization
2026-05-03 17:17:45,555 - services.database - INFO - 🔧 Starting database initialization...
2026-05-03 17:17:45,555 - core.database - INFO - Starting database initialization...
2026-05-03 17:17:45,555 - core.database - INFO - Database already initialized
2026-05-03 17:17:45,558 - services.database - INFO - 🔧 Database connection initialized, now creating tables if tables not exist...
2026-05-03 17:17:45,558 - core.database - DEBUG - [DB_OP] Starting create_tables
2026-05-03 17:17:45,558 - core.database - INFO - Tables already initialized
2026-05-03 17:17:45,558 - services.database - INFO - 🔧 Table creation completed
2026-05-03 17:17:45,559 - services.database - INFO - Database initialized successfully
2026-05-03 17:17:45,559 - services.database - DEBUG - [DB_OP] Database initialization completed in 0.0038s
2026-05-03 17:17:45,559 - services.auth - WARNING - Admin user ID or email not configured, skipping admin initialization
2026-05-03 17:17:45,559 - main - INFO - === Application startup completed successfully ===
2026-05-03 17:17:57,830 - services.database - DEBUG - [DB_OP] Starting database close
2026-05-03 17:17:57,830 - aiosqlite - DEBUG - executing functools.partial(<built-in method close of sqlite3.Connection object at 0x000002331C34B5B0>)
2026-05-03 17:17:57,830 - aiosqlite - DEBUG - operation functools.partial(<built-in method close of sqlite3.Connection object at 0x000002331C34B5B0>) completed
2026-05-03 17:17:57,830 - aiosqlite - DEBUG - executing <function Connection.stop.<locals>.close_and_stop at 0x000002331C382E80>
2026-05-03 17:17:57,830 - core.database - INFO - Database connection closed and engine disposed
2026-05-03 17:17:57,830 - aiosqlite - DEBUG - operation <function Connection.stop.<locals>.close_and_stop at 0x000002331C382E80> completed
2026-05-03 17:17:57,830 - services.database - INFO - Database connections closed
2026-05-03 17:17:57,830 - services.database - DEBUG - [DB_OP] Database close completed in 0.0000s
