2026-05-03 17:04:23,904 - main - INFO - === Logging system initialized ===
2026-05-03 17:04:23,904 - main - INFO - Log file: logs/app_20260503_170423.log
2026-05-03 17:04:23,904 - main - INFO - Log level: INFO
2026-05-03 17:04:23,904 - main - INFO - Timestamp: 20260503_170423
2026-05-03 17:04:24,360 - main - INFO - Included router: routers.aihub.router
2026-05-03 17:04:24,377 - main - INFO - Included router: routers.auth.router
2026-05-03 17:04:24,377 - main - INFO - Included router: routers.health.router
2026-05-03 17:04:24,382 - main - INFO - Included router: routers.portfolio.router
2026-05-03 17:04:24,399 - main - INFO - Included router: routers.settings.router
2026-05-03 17:04:24,421 - main - INFO - Included router: routers.storage.router
2026-05-03 17:04:24,421 - main - INFO - Included router: routers.user.router
2026-05-03 17:04:24,433 - main - INFO - === Application startup initiated ===
2026-05-03 17:04:24,433 - services.database - DEBUG - [DB_OP] Starting database initialization
2026-05-03 17:04:24,434 - services.database - INFO - 🔧 Starting database initialization...
2026-05-03 17:04:24,434 - core.database - INFO - Starting database initialization...
2026-05-03 17:04:24,434 - core.database - INFO - Normalizing database URL for async compatibility...
2026-05-03 17:04:24,434 - core.database - DEBUG - Database exists:./app.db
2026-05-03 17:04:24,435 - core.database - INFO - Creating async database engine...
2026-05-03 17:04:24,435 - core.database - INFO - Using QueuePool with connection pooling for non-Lambda environment
2026-05-03 17:04:24,444 - core.database - INFO - Database engine created successfully
2026-05-03 17:04:24,444 - core.database - INFO - Creating async session maker...
2026-05-03 17:04:24,444 - core.database - INFO - Async session maker created successfully
2026-05-03 17:04:24,444 - core.database - INFO - Database connection initialized successfully
2026-05-03 17:04:24,444 - services.database - INFO - 🔧 Database connection initialized, now creating tables if tables not exist...
2026-05-03 17:04:24,444 - core.database - DEBUG - [DB_OP] Starting create_tables
2026-05-03 17:04:24,444 - core.database - INFO - 🔧 Starting table creation...
2026-05-03 17:04:24,450 - aiosqlite - DEBUG - executing <function connect.<locals>.connector at 0x000002624557EC00>
2026-05-03 17:04:24,451 - aiosqlite - DEBUG - operation <function connect.<locals>.connector at 0x000002624557EC00> completed
2026-05-03 17:04:24,451 - aiosqlite - DEBUG - executing functools.partial(<built-in method create_function of sqlite3.Connection object at 0x000002624554F1F0>, 'regexp', 2, <function SQLiteDialect_pysqlite.on_connect.<locals>.regexp at 0x000002624557DF80>, deterministic=True)
2026-05-03 17:04:24,451 - aiosqlite - DEBUG - operation functools.partial(<built-in method create_function of sqlite3.Connection object at 0x000002624554F1F0>, 'regexp', 2, <function SQLiteDialect_pysqlite.on_connect.<locals>.regexp at 0x000002624557DF80>, deterministic=True) completed
2026-05-03 17:04:24,452 - aiosqlite - DEBUG - executing functools.partial(<built-in method create_function of sqlite3.Connection object at 0x000002624554F1F0>, 'floor', 1, <built-in function floor>, deterministic=True)
2026-05-03 17:04:24,452 - aiosqlite - DEBUG - operation functools.partial(<built-in method create_function of sqlite3.Connection object at 0x000002624554F1F0>, 'floor', 1, <built-in function floor>, deterministic=True) completed
2026-05-03 17:04:24,452 - aiosqlite - DEBUG - executing functools.partial(<built-in method cursor of sqlite3.Connection object at 0x000002624554F1F0>)
2026-05-03 17:04:24,452 - aiosqlite - DEBUG - operation functools.partial(<built-in method cursor of sqlite3.Connection object at 0x000002624554F1F0>) completed
2026-05-03 17:04:24,453 - aiosqlite - DEBUG - executing functools.partial(<built-in method execute of sqlite3.Cursor object at 0x00000262455846C0>, 'PRAGMA read_uncommitted', [])
2026-05-03 17:04:24,453 - aiosqlite - DEBUG - operation functools.partial(<built-in method execute of sqlite3.Cursor object at 0x00000262455846C0>, 'PRAGMA read_uncommitted', []) completed
2026-05-03 17:04:24,453 - aiosqlite - DEBUG - executing functools.partial(<built-in method fetchall of sqlite3.Cursor object at 0x00000262455846C0>)
2026-05-03 17:04:24,454 - aiosqlite - DEBUG - operation functools.partial(<built-in method fetchall of sqlite3.Cursor object at 0x00000262455846C0>) completed
2026-05-03 17:04:24,455 - aiosqlite - DEBUG - executing functools.partial(<built-in method close of sqlite3.Cursor object at 0x00000262455846C0>)
2026-05-03 17:04:24,455 - aiosqlite - DEBUG - operation functools.partial(<built-in method close of sqlite3.Cursor object at 0x00000262455846C0>) completed
2026-05-03 17:04:24,455 - aiosqlite - DEBUG - executing functools.partial(<built-in method rollback of sqlite3.Connection object at 0x000002624554F1F0>)
2026-05-03 17:04:24,455 - aiosqlite - DEBUG - operation functools.partial(<built-in method rollback of sqlite3.Connection object at 0x000002624554F1F0>) completed
2026-05-03 17:04:24,456 - aiosqlite - DEBUG - executing functools.partial(<built-in method cursor of sqlite3.Connection object at 0x000002624554F1F0>)
2026-05-03 17:04:24,456 - aiosqlite - DEBUG - operation functools.partial(<built-in method cursor of sqlite3.Connection object at 0x000002624554F1F0>) completed
2026-05-03 17:04:24,456 - aiosqlite - DEBUG - executing functools.partial(<built-in method execute of sqlite3.Cursor object at 0x00000262455846C0>, 'PRAGMA main.table_info("users")', ())
2026-05-03 17:04:24,456 - aiosqlite - DEBUG - operation functools.partial(<built-in method execute of sqlite3.Cursor object at 0x00000262455846C0>, 'PRAGMA main.table_info("users")', ()) completed
2026-05-03 17:04:24,456 - aiosqlite - DEBUG - executing functools.partial(<built-in method fetchall of sqlite3.Cursor object at 0x00000262455846C0>)
2026-05-03 17:04:24,456 - aiosqlite - DEBUG - operation functools.partial(<built-in method fetchall of sqlite3.Cursor object at 0x00000262455846C0>) completed
2026-05-03 17:04:24,456 - aiosqlite - DEBUG - executing functools.partial(<built-in method close of sqlite3.Cursor object at 0x00000262455846C0>)
2026-05-03 17:04:24,456 - aiosqlite - DEBUG - operation functools.partial(<built-in method close of sqlite3.Cursor object at 0x00000262455846C0>) completed
2026-05-03 17:04:24,456 - aiosqlite - DEBUG - executing functools.partial(<built-in method cursor of sqlite3.Connection object at 0x000002624554F1F0>)
2026-05-03 17:04:24,456 - aiosqlite - DEBUG - operation functools.partial(<built-in method cursor of sqlite3.Connection object at 0x000002624554F1F0>) completed
2026-05-03 17:04:24,456 - aiosqlite - DEBUG - executing functools.partial(<built-in method execute of sqlite3.Cursor object at 0x00000262455846C0>, 'PRAGMA main.table_info("oidc_states")', ())
2026-05-03 17:04:24,456 - aiosqlite - DEBUG - operation functools.partial(<built-in method execute of sqlite3.Cursor object at 0x00000262455846C0>, 'PRAGMA main.table_info("oidc_states")', ()) completed
2026-05-03 17:04:24,456 - aiosqlite - DEBUG - executing functools.partial(<built-in method fetchall of sqlite3.Cursor object at 0x00000262455846C0>)
2026-05-03 17:04:24,456 - aiosqlite - DEBUG - operation functools.partial(<built-in method fetchall of sqlite3.Cursor object at 0x00000262455846C0>) completed
2026-05-03 17:04:24,459 - aiosqlite - DEBUG - executing functools.partial(<built-in method close of sqlite3.Cursor object at 0x00000262455846C0>)
2026-05-03 17:04:24,459 - aiosqlite - DEBUG - operation functools.partial(<built-in method close of sqlite3.Cursor object at 0x00000262455846C0>) completed
2026-05-03 17:04:24,459 - core.database - INFO - Tables initialized successfully
2026-05-03 17:04:24,459 - core.database - DEBUG - [DB_OP] Create tables completed in 0.0153s
2026-05-03 17:04:24,460 - aiosqlite - DEBUG - executing functools.partial(<built-in method commit of sqlite3.Connection object at 0x000002624554F1F0>)
2026-05-03 17:04:24,460 - aiosqlite - DEBUG - operation functools.partial(<built-in method commit of sqlite3.Connection object at 0x000002624554F1F0>) completed
2026-05-03 17:04:24,460 - aiosqlite - DEBUG - executing functools.partial(<built-in method rollback of sqlite3.Connection object at 0x000002624554F1F0>)
2026-05-03 17:04:24,460 - aiosqlite - DEBUG - operation functools.partial(<built-in method rollback of sqlite3.Connection object at 0x000002624554F1F0>) completed
2026-05-03 17:04:24,460 - services.database - INFO - 🔧 Table creation completed
2026-05-03 17:04:24,460 - services.database - INFO - Database initialized successfully
2026-05-03 17:04:24,460 - services.database - DEBUG - [DB_OP] Database initialization completed in 0.0274s
2026-05-03 17:04:24,462 - services.mock_data - INFO - mock_data directory not found, skipping mock initialization
2026-05-03 17:04:24,462 - services.database - DEBUG - [DB_OP] Starting database initialization
2026-05-03 17:04:24,462 - services.database - INFO - 🔧 Starting database initialization...
2026-05-03 17:04:24,462 - core.database - INFO - Starting database initialization...
2026-05-03 17:04:24,462 - core.database - INFO - Database already initialized
2026-05-03 17:04:24,463 - services.database - INFO - 🔧 Database connection initialized, now creating tables if tables not exist...
2026-05-03 17:04:24,463 - core.database - DEBUG - [DB_OP] Starting create_tables
2026-05-03 17:04:24,463 - core.database - INFO - Tables already initialized
2026-05-03 17:04:24,463 - services.database - INFO - 🔧 Table creation completed
2026-05-03 17:04:24,463 - services.database - INFO - Database initialized successfully
2026-05-03 17:04:24,463 - services.database - DEBUG - [DB_OP] Database initialization completed in 0.0007s
2026-05-03 17:04:24,463 - services.auth - WARNING - Admin user ID or email not configured, skipping admin initialization
2026-05-03 17:04:24,463 - main - INFO - === Application startup completed successfully ===
2026-05-03 17:04:45,091 - services.database - DEBUG - [DB_OP] Starting database close
2026-05-03 17:04:45,091 - aiosqlite - DEBUG - executing functools.partial(<built-in method close of sqlite3.Connection object at 0x000002624554F1F0>)
2026-05-03 17:04:45,091 - aiosqlite - DEBUG - operation functools.partial(<built-in method close of sqlite3.Connection object at 0x000002624554F1F0>) completed
2026-05-03 17:04:45,091 - aiosqlite - DEBUG - executing <function Connection.stop.<locals>.close_and_stop at 0x000002624557EF20>
2026-05-03 17:04:45,091 - aiosqlite - DEBUG - operation <function Connection.stop.<locals>.close_and_stop at 0x000002624557EF20> completed
2026-05-03 17:04:45,091 - core.database - INFO - Database connection closed and engine disposed
2026-05-03 17:04:45,091 - services.database - INFO - Database connections closed
2026-05-03 17:04:45,091 - services.database - DEBUG - [DB_OP] Database close completed in 0.0000s
