2026-05-10 13:13:56,760 - main - INFO - === Logging system initialized ===
2026-05-10 13:13:56,760 - main - INFO - Log file: logs/app_20260510_131356.log
2026-05-10 13:13:56,760 - main - INFO - Log level: INFO
2026-05-10 13:13:56,760 - main - INFO - Timestamp: 20260510_131356
2026-05-10 13:13:58,454 - main - INFO - Included router: routers.aihub.router
2026-05-10 13:13:58,484 - main - INFO - Included router: routers.auth.router
2026-05-10 13:13:58,488 - main - INFO - Included router: routers.health.router
2026-05-10 13:13:58,499 - main - INFO - Included router: routers.portfolio.router
2026-05-10 13:13:58,550 - main - INFO - Included router: routers.settings.router
2026-05-10 13:13:58,625 - main - INFO - Included router: routers.storage.router
2026-05-10 13:13:58,652 - main - INFO - Included router: routers.user.router
2026-05-10 13:13:58,656 - main - INFO - === Application startup initiated ===
2026-05-10 13:13:58,656 - services.database - DEBUG - [DB_OP] Starting database initialization
2026-05-10 13:13:58,657 - services.database - INFO - 🔧 Starting database initialization...
2026-05-10 13:13:58,657 - core.database - INFO - Starting database initialization...
2026-05-10 13:13:58,657 - core.database - INFO - Normalizing database URL for async compatibility...
2026-05-10 13:13:58,658 - core.database - DEBUG - Database exists:./app.db
2026-05-10 13:13:58,658 - core.database - INFO - Creating async database engine...
2026-05-10 13:13:58,658 - core.database - INFO - Using QueuePool with connection pooling for non-Lambda environment
2026-05-10 13:13:58,714 - core.database - INFO - Database engine created successfully
2026-05-10 13:13:58,714 - core.database - INFO - Creating async session maker...
2026-05-10 13:13:58,714 - core.database - INFO - Async session maker created successfully
2026-05-10 13:13:58,714 - core.database - INFO - Database connection initialized successfully
2026-05-10 13:13:58,714 - services.database - INFO - 🔧 Database connection initialized, now creating tables if tables not exist...
2026-05-10 13:13:58,714 - core.database - DEBUG - [DB_OP] Starting create_tables
2026-05-10 13:13:58,714 - core.database - INFO - 🔧 Starting table creation...
2026-05-10 13:13:58,717 - aiosqlite - DEBUG - executing <function connect.<locals>.connector at 0x000001E7356FEA20>
2026-05-10 13:13:58,719 - aiosqlite - DEBUG - operation <function connect.<locals>.connector at 0x000001E7356FEA20> completed
2026-05-10 13:13:58,720 - aiosqlite - DEBUG - executing functools.partial(<built-in method create_function of sqlite3.Connection object at 0x000001E7357014E0>, 'regexp', 2, <function SQLiteDialect_pysqlite.on_connect.<locals>.regexp at 0x000001E7356FDDA0>, deterministic=True)
2026-05-10 13:13:58,721 - aiosqlite - DEBUG - operation functools.partial(<built-in method create_function of sqlite3.Connection object at 0x000001E7357014E0>, 'regexp', 2, <function SQLiteDialect_pysqlite.on_connect.<locals>.regexp at 0x000001E7356FDDA0>, deterministic=True) completed
2026-05-10 13:13:58,721 - aiosqlite - DEBUG - executing functools.partial(<built-in method create_function of sqlite3.Connection object at 0x000001E7357014E0>, 'floor', 1, <built-in function floor>, deterministic=True)
2026-05-10 13:13:58,722 - aiosqlite - DEBUG - operation functools.partial(<built-in method create_function of sqlite3.Connection object at 0x000001E7357014E0>, 'floor', 1, <built-in function floor>, deterministic=True) completed
2026-05-10 13:13:58,722 - aiosqlite - DEBUG - executing functools.partial(<built-in method cursor of sqlite3.Connection object at 0x000001E7357014E0>)
2026-05-10 13:13:58,723 - aiosqlite - DEBUG - operation functools.partial(<built-in method cursor of sqlite3.Connection object at 0x000001E7357014E0>) completed
2026-05-10 13:13:58,723 - aiosqlite - DEBUG - executing functools.partial(<built-in method execute of sqlite3.Cursor object at 0x000001E73567FF40>, 'PRAGMA read_uncommitted', [])
2026-05-10 13:13:58,724 - aiosqlite - DEBUG - operation functools.partial(<built-in method execute of sqlite3.Cursor object at 0x000001E73567FF40>, 'PRAGMA read_uncommitted', []) completed
2026-05-10 13:13:58,724 - aiosqlite - DEBUG - executing functools.partial(<built-in method fetchall of sqlite3.Cursor object at 0x000001E73567FF40>)
2026-05-10 13:13:58,725 - aiosqlite - DEBUG - operation functools.partial(<built-in method fetchall of sqlite3.Cursor object at 0x000001E73567FF40>) completed
2026-05-10 13:13:58,725 - aiosqlite - DEBUG - executing functools.partial(<built-in method close of sqlite3.Cursor object at 0x000001E73567FF40>)
2026-05-10 13:13:58,726 - aiosqlite - DEBUG - operation functools.partial(<built-in method close of sqlite3.Cursor object at 0x000001E73567FF40>) completed
2026-05-10 13:13:58,727 - aiosqlite - DEBUG - executing functools.partial(<built-in method rollback of sqlite3.Connection object at 0x000001E7357014E0>)
2026-05-10 13:13:58,728 - aiosqlite - DEBUG - operation functools.partial(<built-in method rollback of sqlite3.Connection object at 0x000001E7357014E0>) completed
2026-05-10 13:13:58,729 - aiosqlite - DEBUG - executing functools.partial(<built-in method cursor of sqlite3.Connection object at 0x000001E7357014E0>)
2026-05-10 13:13:58,731 - aiosqlite - DEBUG - operation functools.partial(<built-in method cursor of sqlite3.Connection object at 0x000001E7357014E0>) completed
2026-05-10 13:13:58,731 - aiosqlite - DEBUG - executing functools.partial(<built-in method execute of sqlite3.Cursor object at 0x000001E73567FF40>, 'PRAGMA main.table_info("users")', ())
2026-05-10 13:13:58,733 - aiosqlite - DEBUG - operation functools.partial(<built-in method execute of sqlite3.Cursor object at 0x000001E73567FF40>, 'PRAGMA main.table_info("users")', ()) completed
2026-05-10 13:13:58,733 - aiosqlite - DEBUG - executing functools.partial(<built-in method fetchall of sqlite3.Cursor object at 0x000001E73567FF40>)
2026-05-10 13:13:58,733 - aiosqlite - DEBUG - operation functools.partial(<built-in method fetchall of sqlite3.Cursor object at 0x000001E73567FF40>) completed
2026-05-10 13:13:58,734 - aiosqlite - DEBUG - executing functools.partial(<built-in method close of sqlite3.Cursor object at 0x000001E73567FF40>)
2026-05-10 13:13:58,734 - aiosqlite - DEBUG - operation functools.partial(<built-in method close of sqlite3.Cursor object at 0x000001E73567FF40>) completed
2026-05-10 13:13:58,736 - aiosqlite - DEBUG - executing functools.partial(<built-in method cursor of sqlite3.Connection object at 0x000001E7357014E0>)
2026-05-10 13:13:58,736 - aiosqlite - DEBUG - operation functools.partial(<built-in method cursor of sqlite3.Connection object at 0x000001E7357014E0>) completed
2026-05-10 13:13:58,736 - aiosqlite - DEBUG - executing functools.partial(<built-in method execute of sqlite3.Cursor object at 0x000001E73567FF40>, 'PRAGMA main.table_info("oidc_states")', ())
2026-05-10 13:13:58,738 - aiosqlite - DEBUG - operation functools.partial(<built-in method execute of sqlite3.Cursor object at 0x000001E73567FF40>, 'PRAGMA main.table_info("oidc_states")', ()) completed
2026-05-10 13:13:58,738 - aiosqlite - DEBUG - executing functools.partial(<built-in method fetchall of sqlite3.Cursor object at 0x000001E73567FF40>)
2026-05-10 13:13:58,738 - aiosqlite - DEBUG - operation functools.partial(<built-in method fetchall of sqlite3.Cursor object at 0x000001E73567FF40>) completed
2026-05-10 13:13:58,739 - aiosqlite - DEBUG - executing functools.partial(<built-in method close of sqlite3.Cursor object at 0x000001E73567FF40>)
2026-05-10 13:13:58,740 - core.database - INFO - Tables initialized successfully
2026-05-10 13:13:58,740 - aiosqlite - DEBUG - operation functools.partial(<built-in method close of sqlite3.Cursor object at 0x000001E73567FF40>) completed
2026-05-10 13:13:58,740 - core.database - DEBUG - [DB_OP] Create tables completed in 0.0254s
2026-05-10 13:13:58,740 - aiosqlite - DEBUG - executing functools.partial(<built-in method commit of sqlite3.Connection object at 0x000001E7357014E0>)
2026-05-10 13:13:58,741 - aiosqlite - DEBUG - operation functools.partial(<built-in method commit of sqlite3.Connection object at 0x000001E7357014E0>) completed
2026-05-10 13:13:58,742 - aiosqlite - DEBUG - executing functools.partial(<built-in method rollback of sqlite3.Connection object at 0x000001E7357014E0>)
2026-05-10 13:13:58,743 - aiosqlite - DEBUG - operation functools.partial(<built-in method rollback of sqlite3.Connection object at 0x000001E7357014E0>) completed
2026-05-10 13:13:58,744 - services.database - INFO - 🔧 Table creation completed
2026-05-10 13:13:58,745 - services.database - INFO - Database initialized successfully
2026-05-10 13:13:58,745 - services.database - DEBUG - [DB_OP] Database initialization completed in 0.0892s
2026-05-10 13:13:58,745 - services.mock_data - INFO - mock_data directory not found, skipping mock initialization
2026-05-10 13:13:58,745 - services.database - DEBUG - [DB_OP] Starting database initialization
2026-05-10 13:13:58,747 - services.database - INFO - 🔧 Starting database initialization...
2026-05-10 13:13:58,747 - core.database - INFO - Starting database initialization...
2026-05-10 13:13:58,747 - core.database - INFO - Database already initialized
2026-05-10 13:13:58,747 - services.database - INFO - 🔧 Database connection initialized, now creating tables if tables not exist...
2026-05-10 13:13:58,747 - core.database - DEBUG - [DB_OP] Starting create_tables
2026-05-10 13:13:58,747 - core.database - INFO - Tables already initialized
2026-05-10 13:13:58,747 - services.database - INFO - 🔧 Table creation completed
2026-05-10 13:13:58,747 - services.database - INFO - Database initialized successfully
2026-05-10 13:13:58,747 - services.database - DEBUG - [DB_OP] Database initialization completed in 0.0021s
2026-05-10 13:13:58,747 - services.auth - WARNING - Admin user ID or email not configured, skipping admin initialization
2026-05-10 13:13:58,747 - main - INFO - === Application startup completed successfully ===
2026-05-10 13:17:08,200 - httpcore.connection - DEBUG - connect_tcp.started host='localhost' port=11434 local_address=None timeout=300 socket_options=None
2026-05-10 13:17:08,452 - httpcore.connection - DEBUG - connect_tcp.complete return_value=<httpcore._backends.anyio.AnyIOStream object at 0x000001E7357C0980>
2026-05-10 13:17:08,452 - httpcore.http11 - DEBUG - send_request_headers.started request=<Request [b'POST']>
2026-05-10 13:17:08,453 - httpcore.http11 - DEBUG - send_request_headers.complete
2026-05-10 13:17:08,453 - httpcore.http11 - DEBUG - send_request_body.started request=<Request [b'POST']>
2026-05-10 13:17:08,453 - httpcore.http11 - DEBUG - send_request_body.complete
2026-05-10 13:17:08,453 - httpcore.http11 - DEBUG - receive_response_headers.started request=<Request [b'POST']>
2026-05-10 13:17:48,050 - httpcore.http11 - DEBUG - receive_response_headers.complete return_value=(b'HTTP/1.1', 200, b'OK', [(b'Content-Type', b'application/json; charset=utf-8'), (b'Date', b'Sun, 10 May 2026 07:47:48 GMT'), (b'Transfer-Encoding', b'chunked')])
2026-05-10 13:17:48,051 - httpx - INFO - HTTP Request: POST http://localhost:11434/api/chat "HTTP/1.1 200 OK"
2026-05-10 13:17:48,051 - httpcore.http11 - DEBUG - receive_response_body.started request=<Request [b'POST']>
2026-05-10 13:17:48,052 - httpcore.http11 - DEBUG - receive_response_body.complete
2026-05-10 13:17:48,052 - httpcore.http11 - DEBUG - response_closed.started
2026-05-10 13:17:48,052 - httpcore.http11 - DEBUG - response_closed.complete
2026-05-10 13:17:48,052 - httpcore.connection - DEBUG - close.started
2026-05-10 13:17:48,053 - httpcore.connection - DEBUG - close.complete
2026-05-10 13:17:48,350 - httpcore.connection - DEBUG - connect_tcp.started host='localhost' port=11434 local_address=None timeout=300 socket_options=None
2026-05-10 13:17:48,613 - httpcore.connection - DEBUG - connect_tcp.complete return_value=<httpcore._backends.anyio.AnyIOStream object at 0x000001E7357FBC20>
2026-05-10 13:17:48,613 - httpcore.http11 - DEBUG - send_request_headers.started request=<Request [b'POST']>
2026-05-10 13:17:48,613 - httpcore.http11 - DEBUG - send_request_headers.complete
2026-05-10 13:17:48,613 - httpcore.http11 - DEBUG - send_request_body.started request=<Request [b'POST']>
2026-05-10 13:17:48,614 - httpcore.http11 - DEBUG - send_request_body.complete
2026-05-10 13:17:48,614 - httpcore.http11 - DEBUG - receive_response_headers.started request=<Request [b'POST']>
2026-05-10 13:20:18,046 - httpcore.http11 - DEBUG - receive_response_headers.complete return_value=(b'HTTP/1.1', 200, b'OK', [(b'Content-Type', b'application/json; charset=utf-8'), (b'Date', b'Sun, 10 May 2026 07:50:18 GMT'), (b'Transfer-Encoding', b'chunked')])
2026-05-10 13:20:18,047 - httpx - INFO - HTTP Request: POST http://localhost:11434/api/chat "HTTP/1.1 200 OK"
2026-05-10 13:20:18,047 - httpcore.http11 - DEBUG - receive_response_body.started request=<Request [b'POST']>
2026-05-10 13:20:18,048 - httpcore.http11 - DEBUG - receive_response_body.complete
2026-05-10 13:20:18,049 - httpcore.http11 - DEBUG - response_closed.started
2026-05-10 13:20:18,049 - httpcore.http11 - DEBUG - response_closed.complete
2026-05-10 13:20:18,050 - httpcore.connection - DEBUG - close.started
2026-05-10 13:20:18,051 - httpcore.connection - DEBUG - close.complete
2026-05-10 13:38:50,029 - httpcore.connection - DEBUG - connect_tcp.started host='localhost' port=11434 local_address=None timeout=300 socket_options=None
2026-05-10 13:38:50,294 - httpcore.connection - DEBUG - connect_tcp.complete return_value=<httpcore._backends.anyio.AnyIOStream object at 0x000001E7356F6D50>
2026-05-10 13:38:50,295 - httpcore.http11 - DEBUG - send_request_headers.started request=<Request [b'POST']>
2026-05-10 13:38:50,296 - httpcore.http11 - DEBUG - send_request_headers.complete
2026-05-10 13:38:50,297 - httpcore.http11 - DEBUG - send_request_body.started request=<Request [b'POST']>
2026-05-10 13:38:50,297 - httpcore.http11 - DEBUG - send_request_body.complete
2026-05-10 13:38:50,297 - httpcore.http11 - DEBUG - receive_response_headers.started request=<Request [b'POST']>
2026-05-10 13:40:31,823 - httpcore.http11 - DEBUG - receive_response_headers.complete return_value=(b'HTTP/1.1', 200, b'OK', [(b'Content-Type', b'application/json; charset=utf-8'), (b'Date', b'Sun, 10 May 2026 08:10:31 GMT'), (b'Transfer-Encoding', b'chunked')])
2026-05-10 13:40:31,823 - httpx - INFO - HTTP Request: POST http://localhost:11434/api/chat "HTTP/1.1 200 OK"
2026-05-10 13:40:31,824 - httpcore.http11 - DEBUG - receive_response_body.started request=<Request [b'POST']>
2026-05-10 13:40:31,824 - httpcore.http11 - DEBUG - receive_response_body.complete
2026-05-10 13:40:31,824 - httpcore.http11 - DEBUG - response_closed.started
2026-05-10 13:40:31,824 - httpcore.http11 - DEBUG - response_closed.complete
2026-05-10 13:40:31,824 - httpcore.connection - DEBUG - close.started
2026-05-10 13:40:31,826 - httpcore.connection - DEBUG - close.complete
2026-05-10 13:40:32,589 - httpcore.connection - DEBUG - connect_tcp.started host='localhost' port=11434 local_address=None timeout=300 socket_options=None
2026-05-10 13:40:32,843 - httpcore.connection - DEBUG - connect_tcp.complete return_value=<httpcore._backends.anyio.AnyIOStream object at 0x000001E7359561E0>
2026-05-10 13:40:32,845 - httpcore.http11 - DEBUG - send_request_headers.started request=<Request [b'POST']>
2026-05-10 13:40:32,845 - httpcore.http11 - DEBUG - send_request_headers.complete
2026-05-10 13:40:32,845 - httpcore.http11 - DEBUG - send_request_body.started request=<Request [b'POST']>
2026-05-10 13:40:32,845 - httpcore.http11 - DEBUG - send_request_body.complete
2026-05-10 13:40:32,847 - httpcore.http11 - DEBUG - receive_response_headers.started request=<Request [b'POST']>
2026-05-10 13:42:49,069 - httpcore.http11 - DEBUG - receive_response_headers.complete return_value=(b'HTTP/1.1', 200, b'OK', [(b'Content-Type', b'application/json; charset=utf-8'), (b'Date', b'Sun, 10 May 2026 08:12:49 GMT'), (b'Transfer-Encoding', b'chunked')])
2026-05-10 13:42:49,070 - httpx - INFO - HTTP Request: POST http://localhost:11434/api/chat "HTTP/1.1 200 OK"
2026-05-10 13:42:49,070 - httpcore.http11 - DEBUG - receive_response_body.started request=<Request [b'POST']>
2026-05-10 13:42:49,071 - httpcore.http11 - DEBUG - receive_response_body.complete
2026-05-10 13:42:49,071 - httpcore.http11 - DEBUG - response_closed.started
2026-05-10 13:42:49,071 - httpcore.http11 - DEBUG - response_closed.complete
2026-05-10 13:42:49,071 - httpcore.connection - DEBUG - close.started
2026-05-10 13:42:49,071 - httpcore.connection - DEBUG - close.complete
2026-05-10 13:43:16,560 - httpcore.connection - DEBUG - connect_tcp.started host='localhost' port=11434 local_address=None timeout=300 socket_options=None
2026-05-10 13:43:16,806 - httpcore.connection - DEBUG - connect_tcp.complete return_value=<httpcore._backends.anyio.AnyIOStream object at 0x000001E735957380>
2026-05-10 13:43:16,806 - httpcore.http11 - DEBUG - send_request_headers.started request=<Request [b'POST']>
2026-05-10 13:43:16,806 - httpcore.http11 - DEBUG - send_request_headers.complete
2026-05-10 13:43:16,806 - httpcore.http11 - DEBUG - send_request_body.started request=<Request [b'POST']>
2026-05-10 13:43:16,807 - httpcore.http11 - DEBUG - send_request_body.complete
2026-05-10 13:43:16,807 - httpcore.http11 - DEBUG - receive_response_headers.started request=<Request [b'POST']>
2026-05-10 13:44:00,141 - httpcore.http11 - DEBUG - receive_response_headers.complete return_value=(b'HTTP/1.1', 200, b'OK', [(b'Content-Type', b'application/json; charset=utf-8'), (b'Date', b'Sun, 10 May 2026 08:14:00 GMT'), (b'Transfer-Encoding', b'chunked')])
2026-05-10 13:44:00,141 - httpx - INFO - HTTP Request: POST http://localhost:11434/api/chat "HTTP/1.1 200 OK"
2026-05-10 13:44:00,142 - httpcore.http11 - DEBUG - receive_response_body.started request=<Request [b'POST']>
2026-05-10 13:44:00,143 - httpcore.http11 - DEBUG - receive_response_body.complete
2026-05-10 13:44:00,143 - httpcore.http11 - DEBUG - response_closed.started
2026-05-10 13:44:00,143 - httpcore.http11 - DEBUG - response_closed.complete
2026-05-10 13:44:00,144 - httpcore.connection - DEBUG - close.started
2026-05-10 13:44:00,145 - httpcore.connection - DEBUG - close.complete
2026-05-10 13:44:00,650 - httpcore.connection - DEBUG - connect_tcp.started host='localhost' port=11434 local_address=None timeout=300 socket_options=None
2026-05-10 13:44:00,900 - httpcore.connection - DEBUG - connect_tcp.complete return_value=<httpcore._backends.anyio.AnyIOStream object at 0x000001E735957E90>
2026-05-10 13:44:00,900 - httpcore.http11 - DEBUG - send_request_headers.started request=<Request [b'POST']>
2026-05-10 13:44:00,904 - httpcore.http11 - DEBUG - send_request_headers.complete
2026-05-10 13:44:00,904 - httpcore.http11 - DEBUG - send_request_body.started request=<Request [b'POST']>
2026-05-10 13:44:00,905 - httpcore.http11 - DEBUG - send_request_body.complete
2026-05-10 13:44:00,905 - httpcore.http11 - DEBUG - receive_response_headers.started request=<Request [b'POST']>
2026-05-10 13:44:56,249 - httpcore.http11 - DEBUG - receive_response_headers.complete return_value=(b'HTTP/1.1', 200, b'OK', [(b'Content-Type', b'application/json; charset=utf-8'), (b'Date', b'Sun, 10 May 2026 08:14:56 GMT'), (b'Transfer-Encoding', b'chunked')])
2026-05-10 13:44:56,250 - httpx - INFO - HTTP Request: POST http://localhost:11434/api/chat "HTTP/1.1 200 OK"
2026-05-10 13:44:56,250 - httpcore.http11 - DEBUG - receive_response_body.started request=<Request [b'POST']>
2026-05-10 13:44:56,250 - httpcore.http11 - DEBUG - receive_response_body.complete
2026-05-10 13:44:56,251 - httpcore.http11 - DEBUG - response_closed.started
2026-05-10 13:44:56,251 - httpcore.http11 - DEBUG - response_closed.complete
2026-05-10 13:44:56,252 - httpcore.connection - DEBUG - close.started
2026-05-10 13:44:56,253 - httpcore.connection - DEBUG - close.complete
2026-05-10 13:45:04,341 - httpcore.connection - DEBUG - connect_tcp.started host='localhost' port=11434 local_address=None timeout=300 socket_options=None
2026-05-10 13:45:04,590 - httpcore.connection - DEBUG - connect_tcp.complete return_value=<httpcore._backends.anyio.AnyIOStream object at 0x000001E735955BB0>
2026-05-10 13:45:04,591 - httpcore.http11 - DEBUG - send_request_headers.started request=<Request [b'POST']>
2026-05-10 13:45:04,591 - httpcore.http11 - DEBUG - send_request_headers.complete
2026-05-10 13:45:04,591 - httpcore.http11 - DEBUG - send_request_body.started request=<Request [b'POST']>
2026-05-10 13:45:04,592 - httpcore.http11 - DEBUG - send_request_body.complete
2026-05-10 13:45:04,592 - httpcore.http11 - DEBUG - receive_response_headers.started request=<Request [b'POST']>
2026-05-10 13:45:48,792 - httpcore.http11 - DEBUG - receive_response_headers.complete return_value=(b'HTTP/1.1', 200, b'OK', [(b'Content-Type', b'application/json; charset=utf-8'), (b'Date', b'Sun, 10 May 2026 08:15:48 GMT'), (b'Transfer-Encoding', b'chunked')])
2026-05-10 13:45:48,793 - httpx - INFO - HTTP Request: POST http://localhost:11434/api/chat "HTTP/1.1 200 OK"
2026-05-10 13:45:48,793 - httpcore.http11 - DEBUG - receive_response_body.started request=<Request [b'POST']>
2026-05-10 13:45:48,793 - httpcore.http11 - DEBUG - receive_response_body.complete
2026-05-10 13:45:48,793 - httpcore.http11 - DEBUG - response_closed.started
2026-05-10 13:45:48,793 - httpcore.http11 - DEBUG - response_closed.complete
2026-05-10 13:45:48,794 - httpcore.connection - DEBUG - close.started
2026-05-10 13:45:48,794 - httpcore.connection - DEBUG - close.complete
2026-05-10 13:45:49,252 - httpcore.connection - DEBUG - connect_tcp.started host='localhost' port=11434 local_address=None timeout=300 socket_options=None
2026-05-10 13:45:49,512 - httpcore.connection - DEBUG - connect_tcp.complete return_value=<httpcore._backends.anyio.AnyIOStream object at 0x000001E735823980>
2026-05-10 13:45:49,513 - httpcore.http11 - DEBUG - send_request_headers.started request=<Request [b'POST']>
2026-05-10 13:45:49,513 - httpcore.http11 - DEBUG - send_request_headers.complete
2026-05-10 13:45:49,513 - httpcore.http11 - DEBUG - send_request_body.started request=<Request [b'POST']>
2026-05-10 13:45:49,513 - httpcore.http11 - DEBUG - send_request_body.complete
2026-05-10 13:45:49,514 - httpcore.http11 - DEBUG - receive_response_headers.started request=<Request [b'POST']>
