2026-05-03 17:18:34,648 - main - INFO - === Logging system initialized ===
2026-05-03 17:18:34,648 - main - INFO - Log file: logs/app_20260503_171834.log
2026-05-03 17:18:34,648 - main - INFO - Log level: INFO
2026-05-03 17:18:34,648 - main - INFO - Timestamp: 20260503_171834
2026-05-03 17:18:35,104 - main - INFO - Included router: routers.aihub.router
2026-05-03 17:18:35,125 - main - INFO - Included router: routers.auth.router
2026-05-03 17:18:35,125 - main - INFO - Included router: routers.health.router
2026-05-03 17:18:35,130 - main - INFO - Included router: routers.portfolio.router
2026-05-03 17:18:35,150 - main - INFO - Included router: routers.settings.router
2026-05-03 17:18:35,177 - main - INFO - Included router: routers.storage.router
2026-05-03 17:18:35,182 - main - INFO - Included router: routers.user.router
2026-05-03 17:18:35,185 - main - INFO - === Application startup initiated ===
2026-05-03 17:18:35,185 - services.database - DEBUG - [DB_OP] Starting database initialization
2026-05-03 17:18:35,185 - services.database - INFO - 🔧 Starting database initialization...
2026-05-03 17:18:35,185 - core.database - INFO - Starting database initialization...
2026-05-03 17:18:35,185 - core.database - INFO - Normalizing database URL for async compatibility...
2026-05-03 17:18:35,186 - core.database - DEBUG - Database exists:./app.db
2026-05-03 17:18:35,186 - core.database - INFO - Creating async database engine...
2026-05-03 17:18:35,186 - core.database - INFO - Using QueuePool with connection pooling for non-Lambda environment
2026-05-03 17:18:35,202 - core.database - INFO - Database engine created successfully
2026-05-03 17:18:35,202 - core.database - INFO - Creating async session maker...
2026-05-03 17:18:35,202 - core.database - INFO - Async session maker created successfully
2026-05-03 17:18:35,202 - core.database - INFO - Database connection initialized successfully
2026-05-03 17:18:35,202 - services.database - INFO - 🔧 Database connection initialized, now creating tables if tables not exist...
2026-05-03 17:18:35,202 - core.database - DEBUG - [DB_OP] Starting create_tables
2026-05-03 17:18:35,202 - core.database - INFO - 🔧 Starting table creation...
2026-05-03 17:18:35,202 - aiosqlite - DEBUG - executing <function connect.<locals>.connector at 0x000001F7D4462B60>
2026-05-03 17:18:35,202 - aiosqlite - DEBUG - operation <function connect.<locals>.connector at 0x000001F7D4462B60> completed
2026-05-03 17:18:35,202 - aiosqlite - DEBUG - executing functools.partial(<built-in method create_function of sqlite3.Connection object at 0x000001F7D442B5B0>, 'regexp', 2, <function SQLiteDialect_pysqlite.on_connect.<locals>.regexp at 0x000001F7D4461EE0>, deterministic=True)
2026-05-03 17:18:35,202 - aiosqlite - DEBUG - operation functools.partial(<built-in method create_function of sqlite3.Connection object at 0x000001F7D442B5B0>, 'regexp', 2, <function SQLiteDialect_pysqlite.on_connect.<locals>.regexp at 0x000001F7D4461EE0>, deterministic=True) completed
2026-05-03 17:18:35,202 - aiosqlite - DEBUG - executing functools.partial(<built-in method create_function of sqlite3.Connection object at 0x000001F7D442B5B0>, 'floor', 1, <built-in function floor>, deterministic=True)
2026-05-03 17:18:35,202 - aiosqlite - DEBUG - operation functools.partial(<built-in method create_function of sqlite3.Connection object at 0x000001F7D442B5B0>, 'floor', 1, <built-in function floor>, deterministic=True) completed
2026-05-03 17:18:35,209 - aiosqlite - DEBUG - executing functools.partial(<built-in method cursor of sqlite3.Connection object at 0x000001F7D442B5B0>)
2026-05-03 17:18:35,209 - aiosqlite - DEBUG - operation functools.partial(<built-in method cursor of sqlite3.Connection object at 0x000001F7D442B5B0>) completed
2026-05-03 17:18:35,209 - aiosqlite - DEBUG - executing functools.partial(<built-in method execute of sqlite3.Cursor object at 0x000001F7D4464940>, 'PRAGMA read_uncommitted', [])
2026-05-03 17:18:35,209 - aiosqlite - DEBUG - operation functools.partial(<built-in method execute of sqlite3.Cursor object at 0x000001F7D4464940>, 'PRAGMA read_uncommitted', []) completed
2026-05-03 17:18:35,209 - aiosqlite - DEBUG - executing functools.partial(<built-in method fetchall of sqlite3.Cursor object at 0x000001F7D4464940>)
2026-05-03 17:18:35,209 - aiosqlite - DEBUG - operation functools.partial(<built-in method fetchall of sqlite3.Cursor object at 0x000001F7D4464940>) completed
2026-05-03 17:18:35,212 - aiosqlite - DEBUG - executing functools.partial(<built-in method close of sqlite3.Cursor object at 0x000001F7D4464940>)
2026-05-03 17:18:35,212 - aiosqlite - DEBUG - operation functools.partial(<built-in method close of sqlite3.Cursor object at 0x000001F7D4464940>) completed
2026-05-03 17:18:35,212 - aiosqlite - DEBUG - executing functools.partial(<built-in method rollback of sqlite3.Connection object at 0x000001F7D442B5B0>)
2026-05-03 17:18:35,212 - aiosqlite - DEBUG - operation functools.partial(<built-in method rollback of sqlite3.Connection object at 0x000001F7D442B5B0>) completed
2026-05-03 17:18:35,213 - aiosqlite - DEBUG - executing functools.partial(<built-in method cursor of sqlite3.Connection object at 0x000001F7D442B5B0>)
2026-05-03 17:18:35,213 - aiosqlite - DEBUG - operation functools.partial(<built-in method cursor of sqlite3.Connection object at 0x000001F7D442B5B0>) completed
2026-05-03 17:18:35,213 - aiosqlite - DEBUG - executing functools.partial(<built-in method execute of sqlite3.Cursor object at 0x000001F7D4464940>, 'PRAGMA main.table_info("users")', ())
2026-05-03 17:18:35,213 - aiosqlite - DEBUG - operation functools.partial(<built-in method execute of sqlite3.Cursor object at 0x000001F7D4464940>, 'PRAGMA main.table_info("users")', ()) completed
2026-05-03 17:18:35,215 - aiosqlite - DEBUG - executing functools.partial(<built-in method fetchall of sqlite3.Cursor object at 0x000001F7D4464940>)
2026-05-03 17:18:35,218 - aiosqlite - DEBUG - operation functools.partial(<built-in method fetchall of sqlite3.Cursor object at 0x000001F7D4464940>) completed
2026-05-03 17:18:35,218 - aiosqlite - DEBUG - executing functools.partial(<built-in method close of sqlite3.Cursor object at 0x000001F7D4464940>)
2026-05-03 17:18:35,219 - aiosqlite - DEBUG - operation functools.partial(<built-in method close of sqlite3.Cursor object at 0x000001F7D4464940>) completed
2026-05-03 17:18:35,221 - aiosqlite - DEBUG - executing functools.partial(<built-in method cursor of sqlite3.Connection object at 0x000001F7D442B5B0>)
2026-05-03 17:18:35,221 - aiosqlite - DEBUG - operation functools.partial(<built-in method cursor of sqlite3.Connection object at 0x000001F7D442B5B0>) completed
2026-05-03 17:18:35,221 - aiosqlite - DEBUG - executing functools.partial(<built-in method execute of sqlite3.Cursor object at 0x000001F7D4464940>, 'PRAGMA main.table_info("oidc_states")', ())
2026-05-03 17:18:35,222 - aiosqlite - DEBUG - operation functools.partial(<built-in method execute of sqlite3.Cursor object at 0x000001F7D4464940>, 'PRAGMA main.table_info("oidc_states")', ()) completed
2026-05-03 17:18:35,222 - aiosqlite - DEBUG - executing functools.partial(<built-in method fetchall of sqlite3.Cursor object at 0x000001F7D4464940>)
2026-05-03 17:18:35,222 - aiosqlite - DEBUG - operation functools.partial(<built-in method fetchall of sqlite3.Cursor object at 0x000001F7D4464940>) completed
2026-05-03 17:18:35,222 - aiosqlite - DEBUG - executing functools.partial(<built-in method close of sqlite3.Cursor object at 0x000001F7D4464940>)
2026-05-03 17:18:35,222 - aiosqlite - DEBUG - operation functools.partial(<built-in method close of sqlite3.Cursor object at 0x000001F7D4464940>) completed
2026-05-03 17:18:35,224 - core.database - INFO - Tables initialized successfully
2026-05-03 17:18:35,224 - core.database - DEBUG - [DB_OP] Create tables completed in 0.0220s
2026-05-03 17:18:35,224 - aiosqlite - DEBUG - executing functools.partial(<built-in method commit of sqlite3.Connection object at 0x000001F7D442B5B0>)
2026-05-03 17:18:35,224 - aiosqlite - DEBUG - operation functools.partial(<built-in method commit of sqlite3.Connection object at 0x000001F7D442B5B0>) completed
2026-05-03 17:18:35,224 - aiosqlite - DEBUG - executing functools.partial(<built-in method rollback of sqlite3.Connection object at 0x000001F7D442B5B0>)
2026-05-03 17:18:35,224 - aiosqlite - DEBUG - operation functools.partial(<built-in method rollback of sqlite3.Connection object at 0x000001F7D442B5B0>) completed
2026-05-03 17:18:35,225 - services.database - INFO - 🔧 Table creation completed
2026-05-03 17:18:35,225 - services.database - INFO - Database initialized successfully
2026-05-03 17:18:35,225 - services.database - DEBUG - [DB_OP] Database initialization completed in 0.0401s
2026-05-03 17:18:35,225 - services.mock_data - INFO - mock_data directory not found, skipping mock initialization
2026-05-03 17:18:35,225 - services.database - DEBUG - [DB_OP] Starting database initialization
2026-05-03 17:18:35,225 - services.database - INFO - 🔧 Starting database initialization...
2026-05-03 17:18:35,226 - core.database - INFO - Starting database initialization...
2026-05-03 17:18:35,226 - core.database - INFO - Database already initialized
2026-05-03 17:18:35,226 - services.database - INFO - 🔧 Database connection initialized, now creating tables if tables not exist...
2026-05-03 17:18:35,228 - core.database - DEBUG - [DB_OP] Starting create_tables
2026-05-03 17:18:35,228 - core.database - INFO - Tables already initialized
2026-05-03 17:18:35,228 - services.database - INFO - 🔧 Table creation completed
2026-05-03 17:18:35,228 - services.database - INFO - Database initialized successfully
2026-05-03 17:18:35,228 - services.database - DEBUG - [DB_OP] Database initialization completed in 0.0027s
2026-05-03 17:18:35,228 - services.auth - WARNING - Admin user ID or email not configured, skipping admin initialization
2026-05-03 17:18:35,229 - main - INFO - === Application startup completed successfully ===
2026-05-03 17:18:47,477 - services.database - DEBUG - [DB_OP] Starting database close
2026-05-03 17:18:47,485 - aiosqlite - DEBUG - executing functools.partial(<built-in method close of sqlite3.Connection object at 0x000001F7D442B5B0>)
2026-05-03 17:18:47,498 - aiosqlite - DEBUG - operation functools.partial(<built-in method close of sqlite3.Connection object at 0x000001F7D442B5B0>) completed
2026-05-03 17:18:47,507 - aiosqlite - DEBUG - executing <function Connection.stop.<locals>.close_and_stop at 0x000001F7D4463F60>
2026-05-03 17:18:47,509 - core.database - INFO - Database connection closed and engine disposed
2026-05-03 17:18:47,509 - aiosqlite - DEBUG - operation <function Connection.stop.<locals>.close_and_stop at 0x000001F7D4463F60> completed
2026-05-03 17:18:47,509 - services.database - INFO - Database connections closed
2026-05-03 17:18:47,509 - services.database - DEBUG - [DB_OP] Database close completed in 0.0318s
