2026-05-03 17:04:21,325 - main - INFO - === Logging system initialized ===
2026-05-03 17:04:21,325 - main - INFO - Log file: logs/app_20260503_170421.log
2026-05-03 17:04:21,325 - main - INFO - Log level: INFO
2026-05-03 17:04:21,325 - main - INFO - Timestamp: 20260503_170421
2026-05-03 17:04:21,893 - main - INFO - Included router: routers.aihub.router
2026-05-03 17:04:21,915 - main - INFO - Included router: routers.auth.router
2026-05-03 17:04:21,915 - main - INFO - Included router: routers.health.router
2026-05-03 17:04:21,915 - main - INFO - Included router: routers.portfolio.router
2026-05-03 17:04:21,944 - main - INFO - Included router: routers.settings.router
2026-05-03 17:04:21,979 - main - INFO - Included router: routers.storage.router
2026-05-03 17:04:21,979 - main - INFO - Included router: routers.user.router
2026-05-03 17:04:21,979 - main - INFO - === Application startup initiated ===
2026-05-03 17:04:21,979 - services.database - DEBUG - [DB_OP] Starting database initialization
2026-05-03 17:04:21,979 - services.database - INFO - 🔧 Starting database initialization...
2026-05-03 17:04:21,993 - core.database - INFO - Starting database initialization...
2026-05-03 17:04:21,993 - core.database - INFO - Normalizing database URL for async compatibility...
2026-05-03 17:04:21,994 - core.database - DEBUG - Database exists:./app.db
2026-05-03 17:04:21,994 - core.database - INFO - Creating async database engine...
2026-05-03 17:04:21,994 - core.database - INFO - Using QueuePool with connection pooling for non-Lambda environment
2026-05-03 17:04:22,012 - core.database - INFO - Database engine created successfully
2026-05-03 17:04:22,013 - core.database - INFO - Creating async session maker...
2026-05-03 17:04:22,013 - core.database - INFO - Async session maker created successfully
2026-05-03 17:04:22,014 - core.database - INFO - Database connection initialized successfully
2026-05-03 17:04:22,014 - services.database - INFO - 🔧 Database connection initialized, now creating tables if tables not exist...
2026-05-03 17:04:22,014 - core.database - DEBUG - [DB_OP] Starting create_tables
2026-05-03 17:04:22,014 - core.database - INFO - 🔧 Starting table creation...
2026-05-03 17:04:22,015 - aiosqlite - DEBUG - executing <function connect.<locals>.connector at 0x000001DB0F532C00>
2026-05-03 17:04:22,016 - aiosqlite - DEBUG - operation <function connect.<locals>.connector at 0x000001DB0F532C00> completed
2026-05-03 17:04:22,016 - aiosqlite - DEBUG - executing functools.partial(<built-in method create_function of sqlite3.Connection object at 0x000001DB0F5031F0>, 'regexp', 2, <function SQLiteDialect_pysqlite.on_connect.<locals>.regexp at 0x000001DB0F531F80>, deterministic=True)
2026-05-03 17:04:22,017 - aiosqlite - DEBUG - operation functools.partial(<built-in method create_function of sqlite3.Connection object at 0x000001DB0F5031F0>, 'regexp', 2, <function SQLiteDialect_pysqlite.on_connect.<locals>.regexp at 0x000001DB0F531F80>, deterministic=True) completed
2026-05-03 17:04:22,017 - aiosqlite - DEBUG - executing functools.partial(<built-in method create_function of sqlite3.Connection object at 0x000001DB0F5031F0>, 'floor', 1, <built-in function floor>, deterministic=True)
2026-05-03 17:04:22,018 - aiosqlite - DEBUG - operation functools.partial(<built-in method create_function of sqlite3.Connection object at 0x000001DB0F5031F0>, 'floor', 1, <built-in function floor>, deterministic=True) completed
2026-05-03 17:04:22,018 - aiosqlite - DEBUG - executing functools.partial(<built-in method cursor of sqlite3.Connection object at 0x000001DB0F5031F0>)
2026-05-03 17:04:22,019 - aiosqlite - DEBUG - operation functools.partial(<built-in method cursor of sqlite3.Connection object at 0x000001DB0F5031F0>) completed
2026-05-03 17:04:22,019 - aiosqlite - DEBUG - executing functools.partial(<built-in method execute of sqlite3.Cursor object at 0x000001DB0F5346C0>, 'PRAGMA read_uncommitted', [])
2026-05-03 17:04:22,019 - aiosqlite - DEBUG - operation functools.partial(<built-in method execute of sqlite3.Cursor object at 0x000001DB0F5346C0>, 'PRAGMA read_uncommitted', []) completed
2026-05-03 17:04:22,019 - aiosqlite - DEBUG - executing functools.partial(<built-in method fetchall of sqlite3.Cursor object at 0x000001DB0F5346C0>)
2026-05-03 17:04:22,019 - aiosqlite - DEBUG - operation functools.partial(<built-in method fetchall of sqlite3.Cursor object at 0x000001DB0F5346C0>) completed
2026-05-03 17:04:22,019 - aiosqlite - DEBUG - executing functools.partial(<built-in method close of sqlite3.Cursor object at 0x000001DB0F5346C0>)
2026-05-03 17:04:22,019 - aiosqlite - DEBUG - operation functools.partial(<built-in method close of sqlite3.Cursor object at 0x000001DB0F5346C0>) completed
2026-05-03 17:04:22,019 - aiosqlite - DEBUG - executing functools.partial(<built-in method rollback of sqlite3.Connection object at 0x000001DB0F5031F0>)
2026-05-03 17:04:22,019 - aiosqlite - DEBUG - operation functools.partial(<built-in method rollback of sqlite3.Connection object at 0x000001DB0F5031F0>) completed
2026-05-03 17:04:22,019 - aiosqlite - DEBUG - executing functools.partial(<built-in method cursor of sqlite3.Connection object at 0x000001DB0F5031F0>)
2026-05-03 17:04:22,022 - aiosqlite - DEBUG - operation functools.partial(<built-in method cursor of sqlite3.Connection object at 0x000001DB0F5031F0>) completed
2026-05-03 17:04:22,022 - aiosqlite - DEBUG - executing functools.partial(<built-in method execute of sqlite3.Cursor object at 0x000001DB0F534740>, 'PRAGMA main.table_info("users")', ())
2026-05-03 17:04:22,023 - aiosqlite - DEBUG - operation functools.partial(<built-in method execute of sqlite3.Cursor object at 0x000001DB0F534740>, 'PRAGMA main.table_info("users")', ()) completed
2026-05-03 17:04:22,023 - aiosqlite - DEBUG - executing functools.partial(<built-in method fetchall of sqlite3.Cursor object at 0x000001DB0F534740>)
2026-05-03 17:04:22,023 - aiosqlite - DEBUG - operation functools.partial(<built-in method fetchall of sqlite3.Cursor object at 0x000001DB0F534740>) completed
2026-05-03 17:04:22,023 - aiosqlite - DEBUG - executing functools.partial(<built-in method close of sqlite3.Cursor object at 0x000001DB0F534740>)
2026-05-03 17:04:22,023 - aiosqlite - DEBUG - operation functools.partial(<built-in method close of sqlite3.Cursor object at 0x000001DB0F534740>) completed
2026-05-03 17:04:22,023 - aiosqlite - DEBUG - executing functools.partial(<built-in method cursor of sqlite3.Connection object at 0x000001DB0F5031F0>)
2026-05-03 17:04:22,023 - aiosqlite - DEBUG - operation functools.partial(<built-in method cursor of sqlite3.Connection object at 0x000001DB0F5031F0>) completed
2026-05-03 17:04:22,023 - aiosqlite - DEBUG - executing functools.partial(<built-in method execute of sqlite3.Cursor object at 0x000001DB0F534740>, 'PRAGMA main.table_info("oidc_states")', ())
2026-05-03 17:04:22,023 - aiosqlite - DEBUG - operation functools.partial(<built-in method execute of sqlite3.Cursor object at 0x000001DB0F534740>, 'PRAGMA main.table_info("oidc_states")', ()) completed
2026-05-03 17:04:22,023 - aiosqlite - DEBUG - executing functools.partial(<built-in method fetchall of sqlite3.Cursor object at 0x000001DB0F534740>)
2026-05-03 17:04:22,023 - aiosqlite - DEBUG - operation functools.partial(<built-in method fetchall of sqlite3.Cursor object at 0x000001DB0F534740>) completed
2026-05-03 17:04:22,023 - aiosqlite - DEBUG - executing functools.partial(<built-in method close of sqlite3.Cursor object at 0x000001DB0F534740>)
2026-05-03 17:04:22,027 - aiosqlite - DEBUG - operation functools.partial(<built-in method close of sqlite3.Cursor object at 0x000001DB0F534740>) completed
2026-05-03 17:04:22,027 - core.database - INFO - Tables initialized successfully
2026-05-03 17:04:22,027 - core.database - DEBUG - [DB_OP] Create tables completed in 0.0129s
2026-05-03 17:04:22,027 - aiosqlite - DEBUG - executing functools.partial(<built-in method commit of sqlite3.Connection object at 0x000001DB0F5031F0>)
2026-05-03 17:04:22,027 - aiosqlite - DEBUG - operation functools.partial(<built-in method commit of sqlite3.Connection object at 0x000001DB0F5031F0>) completed
2026-05-03 17:04:22,027 - aiosqlite - DEBUG - executing functools.partial(<built-in method rollback of sqlite3.Connection object at 0x000001DB0F5031F0>)
2026-05-03 17:04:22,030 - aiosqlite - DEBUG - operation functools.partial(<built-in method rollback of sqlite3.Connection object at 0x000001DB0F5031F0>) completed
2026-05-03 17:04:22,030 - services.database - INFO - 🔧 Table creation completed
2026-05-03 17:04:22,030 - services.database - INFO - Database initialized successfully
2026-05-03 17:04:22,030 - services.database - DEBUG - [DB_OP] Database initialization completed in 0.0506s
2026-05-03 17:04:22,031 - services.mock_data - INFO - mock_data directory not found, skipping mock initialization
2026-05-03 17:04:22,031 - services.database - DEBUG - [DB_OP] Starting database initialization
2026-05-03 17:04:22,031 - services.database - INFO - 🔧 Starting database initialization...
2026-05-03 17:04:22,031 - core.database - INFO - Starting database initialization...
2026-05-03 17:04:22,032 - core.database - INFO - Database already initialized
2026-05-03 17:04:22,032 - services.database - INFO - 🔧 Database connection initialized, now creating tables if tables not exist...
2026-05-03 17:04:22,032 - core.database - DEBUG - [DB_OP] Starting create_tables
2026-05-03 17:04:22,032 - core.database - INFO - Tables already initialized
2026-05-03 17:04:22,033 - services.database - INFO - 🔧 Table creation completed
2026-05-03 17:04:22,034 - services.database - INFO - Database initialized successfully
2026-05-03 17:04:22,034 - services.database - DEBUG - [DB_OP] Database initialization completed in 0.0024s
2026-05-03 17:04:22,034 - services.auth - WARNING - Admin user ID or email not configured, skipping admin initialization
2026-05-03 17:04:22,034 - main - INFO - === Application startup completed successfully ===
2026-05-03 17:04:22,805 - services.database - DEBUG - [DB_OP] Starting database close
2026-05-03 17:04:22,805 - aiosqlite - DEBUG - executing functools.partial(<built-in method close of sqlite3.Connection object at 0x000001DB0F5031F0>)
2026-05-03 17:04:22,805 - aiosqlite - DEBUG - operation functools.partial(<built-in method close of sqlite3.Connection object at 0x000001DB0F5031F0>) completed
2026-05-03 17:04:22,805 - aiosqlite - DEBUG - executing <function Connection.stop.<locals>.close_and_stop at 0x000001DB0F532F20>
2026-05-03 17:04:22,805 - aiosqlite - DEBUG - operation <function Connection.stop.<locals>.close_and_stop at 0x000001DB0F532F20> completed
2026-05-03 17:04:22,805 - core.database - INFO - Database connection closed and engine disposed
2026-05-03 17:04:22,805 - services.database - INFO - Database connections closed
2026-05-03 17:04:22,805 - services.database - DEBUG - [DB_OP] Database close completed in 0.0000s
