2026-05-11 15:54:10,521 - main - INFO - === Logging system initialized ===
2026-05-11 15:54:10,523 - main - INFO - Log file: logs/app_20260511_155410.log
2026-05-11 15:54:10,523 - main - INFO - Log level: INFO
2026-05-11 15:54:10,523 - main - INFO - Timestamp: 20260511_155410
2026-05-11 15:54:11,232 - main - INFO - Included router: routers.aihub.router
2026-05-11 15:54:11,248 - main - INFO - Included router: routers.auth.router
2026-05-11 15:54:11,251 - main - INFO - Included router: routers.health.router
2026-05-11 15:54:11,260 - main - INFO - Included router: routers.portfolio.router
2026-05-11 15:54:11,282 - main - INFO - Included router: routers.settings.router
2026-05-11 15:54:11,310 - main - INFO - Included router: routers.storage.router
2026-05-11 15:54:11,318 - main - INFO - Included router: routers.user.router
2026-05-11 15:54:11,323 - main - INFO - === Application startup initiated ===
2026-05-11 15:54:11,325 - services.database - DEBUG - [DB_OP] Starting database initialization
2026-05-11 15:54:11,325 - services.database - INFO - 🔧 Starting database initialization...
2026-05-11 15:54:11,326 - core.database - INFO - Starting database initialization...
2026-05-11 15:54:11,326 - core.database - INFO - Normalizing database URL for async compatibility...
2026-05-11 15:54:11,327 - core.database - DEBUG - Database exists:./app.db
2026-05-11 15:54:11,327 - core.database - INFO - Creating async database engine...
2026-05-11 15:54:11,327 - core.database - INFO - Using QueuePool with connection pooling for non-Lambda environment
2026-05-11 15:54:11,349 - core.database - INFO - Database engine created successfully
2026-05-11 15:54:11,349 - core.database - INFO - Creating async session maker...
2026-05-11 15:54:11,349 - core.database - INFO - Async session maker created successfully
2026-05-11 15:54:11,349 - core.database - INFO - Database connection initialized successfully
2026-05-11 15:54:11,351 - services.database - INFO - 🔧 Database connection initialized, now creating tables if tables not exist...
2026-05-11 15:54:11,351 - core.database - DEBUG - [DB_OP] Starting create_tables
2026-05-11 15:54:11,351 - core.database - INFO - 🔧 Starting table creation...
2026-05-11 15:54:11,351 - aiosqlite - DEBUG - executing <function connect.<locals>.connector at 0x00000225CF39EC00>
2026-05-11 15:54:11,356 - aiosqlite - DEBUG - operation <function connect.<locals>.connector at 0x00000225CF39EC00> completed
2026-05-11 15:54:11,357 - aiosqlite - DEBUG - executing functools.partial(<built-in method create_function of sqlite3.Connection object at 0x00000225CF3A17B0>, 'regexp', 2, <function SQLiteDialect_pysqlite.on_connect.<locals>.regexp at 0x00000225CF39DF80>, deterministic=True)
2026-05-11 15:54:11,364 - aiosqlite - DEBUG - operation functools.partial(<built-in method create_function of sqlite3.Connection object at 0x00000225CF3A17B0>, 'regexp', 2, <function SQLiteDialect_pysqlite.on_connect.<locals>.regexp at 0x00000225CF39DF80>, deterministic=True) completed
2026-05-11 15:54:11,364 - aiosqlite - DEBUG - executing functools.partial(<built-in method create_function of sqlite3.Connection object at 0x00000225CF3A17B0>, 'floor', 1, <built-in function floor>, deterministic=True)
2026-05-11 15:54:11,364 - aiosqlite - DEBUG - operation functools.partial(<built-in method create_function of sqlite3.Connection object at 0x00000225CF3A17B0>, 'floor', 1, <built-in function floor>, deterministic=True) completed
2026-05-11 15:54:11,364 - aiosqlite - DEBUG - executing functools.partial(<built-in method cursor of sqlite3.Connection object at 0x00000225CF3A17B0>)
2026-05-11 15:54:11,364 - aiosqlite - DEBUG - operation functools.partial(<built-in method cursor of sqlite3.Connection object at 0x00000225CF3A17B0>) completed
2026-05-11 15:54:11,364 - aiosqlite - DEBUG - executing functools.partial(<built-in method execute of sqlite3.Cursor object at 0x00000225CF3AC040>, 'PRAGMA read_uncommitted', [])
2026-05-11 15:54:11,364 - aiosqlite - DEBUG - operation functools.partial(<built-in method execute of sqlite3.Cursor object at 0x00000225CF3AC040>, 'PRAGMA read_uncommitted', []) completed
2026-05-11 15:54:11,364 - aiosqlite - DEBUG - executing functools.partial(<built-in method fetchall of sqlite3.Cursor object at 0x00000225CF3AC040>)
2026-05-11 15:54:11,364 - aiosqlite - DEBUG - operation functools.partial(<built-in method fetchall of sqlite3.Cursor object at 0x00000225CF3AC040>) completed
2026-05-11 15:54:11,372 - aiosqlite - DEBUG - executing functools.partial(<built-in method close of sqlite3.Cursor object at 0x00000225CF3AC040>)
2026-05-11 15:54:11,373 - aiosqlite - DEBUG - operation functools.partial(<built-in method close of sqlite3.Cursor object at 0x00000225CF3AC040>) completed
2026-05-11 15:54:11,376 - aiosqlite - DEBUG - executing functools.partial(<built-in method rollback of sqlite3.Connection object at 0x00000225CF3A17B0>)
2026-05-11 15:54:11,377 - aiosqlite - DEBUG - operation functools.partial(<built-in method rollback of sqlite3.Connection object at 0x00000225CF3A17B0>) completed
2026-05-11 15:54:11,377 - aiosqlite - DEBUG - executing functools.partial(<built-in method cursor of sqlite3.Connection object at 0x00000225CF3A17B0>)
2026-05-11 15:54:11,377 - aiosqlite - DEBUG - operation functools.partial(<built-in method cursor of sqlite3.Connection object at 0x00000225CF3A17B0>) completed
2026-05-11 15:54:11,379 - aiosqlite - DEBUG - executing functools.partial(<built-in method execute of sqlite3.Cursor object at 0x00000225CF3AC0C0>, 'PRAGMA main.table_info("users")', ())
2026-05-11 15:54:11,383 - aiosqlite - DEBUG - operation functools.partial(<built-in method execute of sqlite3.Cursor object at 0x00000225CF3AC0C0>, 'PRAGMA main.table_info("users")', ()) completed
2026-05-11 15:54:11,386 - aiosqlite - DEBUG - executing functools.partial(<built-in method fetchall of sqlite3.Cursor object at 0x00000225CF3AC0C0>)
2026-05-11 15:54:11,388 - aiosqlite - DEBUG - operation functools.partial(<built-in method fetchall of sqlite3.Cursor object at 0x00000225CF3AC0C0>) completed
2026-05-11 15:54:11,393 - aiosqlite - DEBUG - executing functools.partial(<built-in method close of sqlite3.Cursor object at 0x00000225CF3AC0C0>)
2026-05-11 15:54:11,393 - aiosqlite - DEBUG - operation functools.partial(<built-in method close of sqlite3.Cursor object at 0x00000225CF3AC0C0>) completed
2026-05-11 15:54:11,398 - aiosqlite - DEBUG - executing functools.partial(<built-in method cursor of sqlite3.Connection object at 0x00000225CF3A17B0>)
2026-05-11 15:54:11,398 - aiosqlite - DEBUG - operation functools.partial(<built-in method cursor of sqlite3.Connection object at 0x00000225CF3A17B0>) completed
2026-05-11 15:54:11,398 - aiosqlite - DEBUG - executing functools.partial(<built-in method execute of sqlite3.Cursor object at 0x00000225CF3AC0C0>, 'PRAGMA main.table_info("oidc_states")', ())
2026-05-11 15:54:11,398 - aiosqlite - DEBUG - operation functools.partial(<built-in method execute of sqlite3.Cursor object at 0x00000225CF3AC0C0>, 'PRAGMA main.table_info("oidc_states")', ()) completed
2026-05-11 15:54:11,398 - aiosqlite - DEBUG - executing functools.partial(<built-in method fetchall of sqlite3.Cursor object at 0x00000225CF3AC0C0>)
2026-05-11 15:54:11,398 - aiosqlite - DEBUG - operation functools.partial(<built-in method fetchall of sqlite3.Cursor object at 0x00000225CF3AC0C0>) completed
2026-05-11 15:54:11,398 - aiosqlite - DEBUG - executing functools.partial(<built-in method close of sqlite3.Cursor object at 0x00000225CF3AC0C0>)
2026-05-11 15:54:11,398 - core.database - INFO - Tables initialized successfully
2026-05-11 15:54:11,398 - aiosqlite - DEBUG - operation functools.partial(<built-in method close of sqlite3.Cursor object at 0x00000225CF3AC0C0>) completed
2026-05-11 15:54:11,398 - core.database - DEBUG - [DB_OP] Create tables completed in 0.0469s
2026-05-11 15:54:11,398 - aiosqlite - DEBUG - executing functools.partial(<built-in method commit of sqlite3.Connection object at 0x00000225CF3A17B0>)
2026-05-11 15:54:11,398 - aiosqlite - DEBUG - operation functools.partial(<built-in method commit of sqlite3.Connection object at 0x00000225CF3A17B0>) completed
2026-05-11 15:54:11,398 - aiosqlite - DEBUG - executing functools.partial(<built-in method rollback of sqlite3.Connection object at 0x00000225CF3A17B0>)
2026-05-11 15:54:11,398 - aiosqlite - DEBUG - operation functools.partial(<built-in method rollback of sqlite3.Connection object at 0x00000225CF3A17B0>) completed
2026-05-11 15:54:11,398 - services.database - INFO - 🔧 Table creation completed
2026-05-11 15:54:11,404 - services.database - INFO - Database initialized successfully
2026-05-11 15:54:11,404 - services.database - DEBUG - [DB_OP] Database initialization completed in 0.0790s
2026-05-11 15:54:11,404 - services.mock_data - INFO - mock_data directory not found, skipping mock initialization
2026-05-11 15:54:11,404 - services.database - DEBUG - [DB_OP] Starting database initialization
2026-05-11 15:54:11,404 - services.database - INFO - 🔧 Starting database initialization...
2026-05-11 15:54:11,405 - core.database - INFO - Starting database initialization...
2026-05-11 15:54:11,405 - core.database - INFO - Database already initialized
2026-05-11 15:54:11,405 - services.database - INFO - 🔧 Database connection initialized, now creating tables if tables not exist...
2026-05-11 15:54:11,405 - core.database - DEBUG - [DB_OP] Starting create_tables
2026-05-11 15:54:11,409 - core.database - INFO - Tables already initialized
2026-05-11 15:54:11,410 - services.database - INFO - 🔧 Table creation completed
2026-05-11 15:54:11,410 - services.database - INFO - Database initialized successfully
2026-05-11 15:54:11,412 - services.database - DEBUG - [DB_OP] Database initialization completed in 0.0074s
2026-05-11 15:54:11,412 - services.auth - WARNING - Admin user ID or email not configured, skipping admin initialization
2026-05-11 15:54:11,412 - main - INFO - === Application startup completed successfully ===
2026-05-11 15:59:52,928 - services.database - DEBUG - [DB_OP] Starting database close
2026-05-11 15:59:52,928 - aiosqlite - DEBUG - executing functools.partial(<built-in method close of sqlite3.Connection object at 0x00000225CF3A17B0>)
2026-05-11 15:59:52,928 - aiosqlite - DEBUG - operation functools.partial(<built-in method close of sqlite3.Connection object at 0x00000225CF3A17B0>) completed
2026-05-11 15:59:52,928 - aiosqlite - DEBUG - executing <function Connection.stop.<locals>.close_and_stop at 0x00000225CF39FE20>
2026-05-11 15:59:52,931 - aiosqlite - DEBUG - operation <function Connection.stop.<locals>.close_and_stop at 0x00000225CF39FE20> completed
2026-05-11 15:59:52,932 - core.database - INFO - Database connection closed and engine disposed
2026-05-11 15:59:52,932 - services.database - INFO - Database connections closed
2026-05-11 15:59:52,932 - services.database - DEBUG - [DB_OP] Database close completed in 0.0043s
