2026-05-09 15:37:08,712 - main - INFO - === Logging system initialized ===
2026-05-09 15:37:08,712 - main - INFO - Log file: logs/app_20260509_153708.log
2026-05-09 15:37:08,712 - main - INFO - Log level: INFO
2026-05-09 15:37:08,712 - main - INFO - Timestamp: 20260509_153708
2026-05-09 15:37:09,130 - main - INFO - Included router: routers.aihub.router
2026-05-09 15:37:09,143 - main - INFO - Included router: routers.auth.router
2026-05-09 15:37:09,145 - main - INFO - Included router: routers.health.router
2026-05-09 15:37:09,149 - main - INFO - Included router: routers.portfolio.router
2026-05-09 15:37:09,161 - main - INFO - Included router: routers.settings.router
2026-05-09 15:37:09,184 - main - INFO - Included router: routers.storage.router
2026-05-09 15:37:09,200 - main - INFO - Included router: routers.user.router
2026-05-09 15:37:09,200 - main - INFO - === Application startup initiated ===
2026-05-09 15:37:09,200 - services.database - DEBUG - [DB_OP] Starting database initialization
2026-05-09 15:37:09,200 - services.database - INFO - 🔧 Starting database initialization...
2026-05-09 15:37:09,200 - core.database - INFO - Starting database initialization...
2026-05-09 15:37:09,202 - core.database - INFO - Normalizing database URL for async compatibility...
2026-05-09 15:37:09,202 - core.database - DEBUG - Database exists:./app.db
2026-05-09 15:37:09,202 - core.database - INFO - Creating async database engine...
2026-05-09 15:37:09,203 - core.database - INFO - Using QueuePool with connection pooling for non-Lambda environment
2026-05-09 15:37:09,214 - core.database - INFO - Database engine created successfully
2026-05-09 15:37:09,215 - core.database - INFO - Creating async session maker...
2026-05-09 15:37:09,215 - core.database - INFO - Async session maker created successfully
2026-05-09 15:37:09,215 - core.database - INFO - Database connection initialized successfully
2026-05-09 15:37:09,215 - services.database - INFO - 🔧 Database connection initialized, now creating tables if tables not exist...
2026-05-09 15:37:09,215 - core.database - DEBUG - [DB_OP] Starting create_tables
2026-05-09 15:37:09,215 - core.database - INFO - 🔧 Starting table creation...
2026-05-09 15:37:09,217 - aiosqlite - DEBUG - executing <function connect.<locals>.connector at 0x0000020756C61940>
2026-05-09 15:37:09,217 - aiosqlite - DEBUG - operation <function connect.<locals>.connector at 0x0000020756C61940> completed
2026-05-09 15:37:09,217 - aiosqlite - DEBUG - executing functools.partial(<built-in method create_function of sqlite3.Connection object at 0x0000020756C274C0>, 'regexp', 2, <function SQLiteDialect_pysqlite.on_connect.<locals>.regexp at 0x0000020756C60CC0>, deterministic=True)
2026-05-09 15:37:09,217 - aiosqlite - DEBUG - operation functools.partial(<built-in method create_function of sqlite3.Connection object at 0x0000020756C274C0>, 'regexp', 2, <function SQLiteDialect_pysqlite.on_connect.<locals>.regexp at 0x0000020756C60CC0>, deterministic=True) completed
2026-05-09 15:37:09,217 - aiosqlite - DEBUG - executing functools.partial(<built-in method create_function of sqlite3.Connection object at 0x0000020756C274C0>, 'floor', 1, <built-in function floor>, deterministic=True)
2026-05-09 15:37:09,217 - aiosqlite - DEBUG - operation functools.partial(<built-in method create_function of sqlite3.Connection object at 0x0000020756C274C0>, 'floor', 1, <built-in function floor>, deterministic=True) completed
2026-05-09 15:37:09,217 - aiosqlite - DEBUG - executing functools.partial(<built-in method cursor of sqlite3.Connection object at 0x0000020756C274C0>)
2026-05-09 15:37:09,217 - aiosqlite - DEBUG - operation functools.partial(<built-in method cursor of sqlite3.Connection object at 0x0000020756C274C0>) completed
2026-05-09 15:37:09,217 - aiosqlite - DEBUG - executing functools.partial(<built-in method execute of sqlite3.Cursor object at 0x0000020756BEBCC0>, 'PRAGMA read_uncommitted', [])
2026-05-09 15:37:09,217 - aiosqlite - DEBUG - operation functools.partial(<built-in method execute of sqlite3.Cursor object at 0x0000020756BEBCC0>, 'PRAGMA read_uncommitted', []) completed
2026-05-09 15:37:09,219 - aiosqlite - DEBUG - executing functools.partial(<built-in method fetchall of sqlite3.Cursor object at 0x0000020756BEBCC0>)
2026-05-09 15:37:09,219 - aiosqlite - DEBUG - operation functools.partial(<built-in method fetchall of sqlite3.Cursor object at 0x0000020756BEBCC0>) completed
2026-05-09 15:37:09,219 - aiosqlite - DEBUG - executing functools.partial(<built-in method close of sqlite3.Cursor object at 0x0000020756BEBCC0>)
2026-05-09 15:37:09,219 - aiosqlite - DEBUG - operation functools.partial(<built-in method close of sqlite3.Cursor object at 0x0000020756BEBCC0>) completed
2026-05-09 15:37:09,219 - aiosqlite - DEBUG - executing functools.partial(<built-in method rollback of sqlite3.Connection object at 0x0000020756C274C0>)
2026-05-09 15:37:09,219 - aiosqlite - DEBUG - operation functools.partial(<built-in method rollback of sqlite3.Connection object at 0x0000020756C274C0>) completed
2026-05-09 15:37:09,219 - aiosqlite - DEBUG - executing functools.partial(<built-in method cursor of sqlite3.Connection object at 0x0000020756C274C0>)
2026-05-09 15:37:09,219 - aiosqlite - DEBUG - operation functools.partial(<built-in method cursor of sqlite3.Connection object at 0x0000020756C274C0>) completed
2026-05-09 15:37:09,219 - aiosqlite - DEBUG - executing functools.partial(<built-in method execute of sqlite3.Cursor object at 0x0000020756BEBCC0>, 'PRAGMA main.table_info("users")', ())
2026-05-09 15:37:09,222 - aiosqlite - DEBUG - operation functools.partial(<built-in method execute of sqlite3.Cursor object at 0x0000020756BEBCC0>, 'PRAGMA main.table_info("users")', ()) completed
2026-05-09 15:37:09,222 - aiosqlite - DEBUG - executing functools.partial(<built-in method fetchall of sqlite3.Cursor object at 0x0000020756BEBCC0>)
2026-05-09 15:37:09,222 - aiosqlite - DEBUG - operation functools.partial(<built-in method fetchall of sqlite3.Cursor object at 0x0000020756BEBCC0>) completed
2026-05-09 15:37:09,223 - aiosqlite - DEBUG - executing functools.partial(<built-in method close of sqlite3.Cursor object at 0x0000020756BEBCC0>)
2026-05-09 15:37:09,223 - aiosqlite - DEBUG - operation functools.partial(<built-in method close of sqlite3.Cursor object at 0x0000020756BEBCC0>) completed
2026-05-09 15:37:09,223 - aiosqlite - DEBUG - executing functools.partial(<built-in method cursor of sqlite3.Connection object at 0x0000020756C274C0>)
2026-05-09 15:37:09,223 - aiosqlite - DEBUG - operation functools.partial(<built-in method cursor of sqlite3.Connection object at 0x0000020756C274C0>) completed
2026-05-09 15:37:09,223 - aiosqlite - DEBUG - executing functools.partial(<built-in method execute of sqlite3.Cursor object at 0x0000020756BEBCC0>, 'PRAGMA main.table_info("oidc_states")', ())
2026-05-09 15:37:09,224 - aiosqlite - DEBUG - operation functools.partial(<built-in method execute of sqlite3.Cursor object at 0x0000020756BEBCC0>, 'PRAGMA main.table_info("oidc_states")', ()) completed
2026-05-09 15:37:09,224 - aiosqlite - DEBUG - executing functools.partial(<built-in method fetchall of sqlite3.Cursor object at 0x0000020756BEBCC0>)
2026-05-09 15:37:09,224 - aiosqlite - DEBUG - operation functools.partial(<built-in method fetchall of sqlite3.Cursor object at 0x0000020756BEBCC0>) completed
2026-05-09 15:37:09,224 - aiosqlite - DEBUG - executing functools.partial(<built-in method close of sqlite3.Cursor object at 0x0000020756BEBCC0>)
2026-05-09 15:37:09,224 - aiosqlite - DEBUG - operation functools.partial(<built-in method close of sqlite3.Cursor object at 0x0000020756BEBCC0>) completed
2026-05-09 15:37:09,225 - core.database - INFO - Tables initialized successfully
2026-05-09 15:37:09,225 - core.database - DEBUG - [DB_OP] Create tables completed in 0.0093s
2026-05-09 15:37:09,225 - aiosqlite - DEBUG - executing functools.partial(<built-in method commit of sqlite3.Connection object at 0x0000020756C274C0>)
2026-05-09 15:37:09,225 - aiosqlite - DEBUG - operation functools.partial(<built-in method commit of sqlite3.Connection object at 0x0000020756C274C0>) completed
2026-05-09 15:37:09,225 - aiosqlite - DEBUG - executing functools.partial(<built-in method rollback of sqlite3.Connection object at 0x0000020756C274C0>)
2026-05-09 15:37:09,225 - aiosqlite - DEBUG - operation functools.partial(<built-in method rollback of sqlite3.Connection object at 0x0000020756C274C0>) completed
2026-05-09 15:37:09,225 - services.database - INFO - 🔧 Table creation completed
2026-05-09 15:37:09,225 - services.database - INFO - Database initialized successfully
2026-05-09 15:37:09,225 - services.database - DEBUG - [DB_OP] Database initialization completed in 0.0255s
2026-05-09 15:37:09,225 - services.mock_data - INFO - mock_data directory not found, skipping mock initialization
2026-05-09 15:37:09,225 - services.database - DEBUG - [DB_OP] Starting database initialization
2026-05-09 15:37:09,225 - services.database - INFO - 🔧 Starting database initialization...
2026-05-09 15:37:09,225 - core.database - INFO - Starting database initialization...
2026-05-09 15:37:09,225 - core.database - INFO - Database already initialized
2026-05-09 15:37:09,225 - services.database - INFO - 🔧 Database connection initialized, now creating tables if tables not exist...
2026-05-09 15:37:09,228 - core.database - DEBUG - [DB_OP] Starting create_tables
2026-05-09 15:37:09,228 - core.database - INFO - Tables already initialized
2026-05-09 15:37:09,228 - services.database - INFO - 🔧 Table creation completed
2026-05-09 15:37:09,228 - services.database - INFO - Database initialized successfully
2026-05-09 15:37:09,228 - services.database - DEBUG - [DB_OP] Database initialization completed in 0.0025s
2026-05-09 15:37:09,228 - services.auth - WARNING - Admin user ID or email not configured, skipping admin initialization
2026-05-09 15:37:09,228 - main - INFO - === Application startup completed successfully ===
