2026-05-03 17:18:48,563 - main - INFO - === Logging system initialized ===
2026-05-03 17:18:48,563 - main - INFO - Log file: logs/app_20260503_171848.log
2026-05-03 17:18:48,563 - main - INFO - Log level: INFO
2026-05-03 17:18:48,563 - main - INFO - Timestamp: 20260503_171848
2026-05-03 17:18:48,980 - main - INFO - Included router: routers.aihub.router
2026-05-03 17:18:48,992 - main - INFO - Included router: routers.auth.router
2026-05-03 17:18:48,994 - main - INFO - Included router: routers.health.router
2026-05-03 17:18:48,998 - main - INFO - Included router: routers.portfolio.router
2026-05-03 17:18:49,015 - main - INFO - Included router: routers.settings.router
2026-05-03 17:18:49,036 - main - INFO - Included router: routers.storage.router
2026-05-03 17:18:49,036 - main - INFO - Included router: routers.user.router
2026-05-03 17:18:49,049 - main - INFO - === Application startup initiated ===
2026-05-03 17:18:49,049 - services.database - DEBUG - [DB_OP] Starting database initialization
2026-05-03 17:18:49,049 - services.database - INFO - 🔧 Starting database initialization...
2026-05-03 17:18:49,050 - core.database - INFO - Starting database initialization...
2026-05-03 17:18:49,050 - core.database - INFO - Normalizing database URL for async compatibility...
2026-05-03 17:18:49,050 - core.database - DEBUG - Database exists:./app.db
2026-05-03 17:18:49,050 - core.database - INFO - Creating async database engine...
2026-05-03 17:18:49,050 - core.database - INFO - Using QueuePool with connection pooling for non-Lambda environment
2026-05-03 17:18:49,063 - core.database - INFO - Database engine created successfully
2026-05-03 17:18:49,063 - core.database - INFO - Creating async session maker...
2026-05-03 17:18:49,065 - core.database - INFO - Async session maker created successfully
2026-05-03 17:18:49,065 - core.database - INFO - Database connection initialized successfully
2026-05-03 17:18:49,065 - services.database - INFO - 🔧 Database connection initialized, now creating tables if tables not exist...
2026-05-03 17:18:49,065 - core.database - DEBUG - [DB_OP] Starting create_tables
2026-05-03 17:18:49,065 - core.database - INFO - 🔧 Starting table creation...
2026-05-03 17:18:49,065 - aiosqlite - DEBUG - executing <function connect.<locals>.connector at 0x0000027953822B60>
2026-05-03 17:18:49,065 - aiosqlite - DEBUG - operation <function connect.<locals>.connector at 0x0000027953822B60> completed
2026-05-03 17:18:49,065 - aiosqlite - DEBUG - executing functools.partial(<built-in method create_function of sqlite3.Connection object at 0x00000279537EB4C0>, 'regexp', 2, <function SQLiteDialect_pysqlite.on_connect.<locals>.regexp at 0x0000027953821EE0>, deterministic=True)
2026-05-03 17:18:49,065 - aiosqlite - DEBUG - operation functools.partial(<built-in method create_function of sqlite3.Connection object at 0x00000279537EB4C0>, 'regexp', 2, <function SQLiteDialect_pysqlite.on_connect.<locals>.regexp at 0x0000027953821EE0>, deterministic=True) completed
2026-05-03 17:18:49,065 - aiosqlite - DEBUG - executing functools.partial(<built-in method create_function of sqlite3.Connection object at 0x00000279537EB4C0>, 'floor', 1, <built-in function floor>, deterministic=True)
2026-05-03 17:18:49,065 - aiosqlite - DEBUG - operation functools.partial(<built-in method create_function of sqlite3.Connection object at 0x00000279537EB4C0>, 'floor', 1, <built-in function floor>, deterministic=True) completed
2026-05-03 17:18:49,065 - aiosqlite - DEBUG - executing functools.partial(<built-in method cursor of sqlite3.Connection object at 0x00000279537EB4C0>)
2026-05-03 17:18:49,070 - aiosqlite - DEBUG - operation functools.partial(<built-in method cursor of sqlite3.Connection object at 0x00000279537EB4C0>) completed
2026-05-03 17:18:49,071 - aiosqlite - DEBUG - executing functools.partial(<built-in method execute of sqlite3.Cursor object at 0x0000027953824940>, 'PRAGMA read_uncommitted', [])
2026-05-03 17:18:49,071 - aiosqlite - DEBUG - operation functools.partial(<built-in method execute of sqlite3.Cursor object at 0x0000027953824940>, 'PRAGMA read_uncommitted', []) completed
2026-05-03 17:18:49,071 - aiosqlite - DEBUG - executing functools.partial(<built-in method fetchall of sqlite3.Cursor object at 0x0000027953824940>)
2026-05-03 17:18:49,071 - aiosqlite - DEBUG - operation functools.partial(<built-in method fetchall of sqlite3.Cursor object at 0x0000027953824940>) completed
2026-05-03 17:18:49,071 - aiosqlite - DEBUG - executing functools.partial(<built-in method close of sqlite3.Cursor object at 0x0000027953824940>)
2026-05-03 17:18:49,071 - aiosqlite - DEBUG - operation functools.partial(<built-in method close of sqlite3.Cursor object at 0x0000027953824940>) completed
2026-05-03 17:18:49,071 - aiosqlite - DEBUG - executing functools.partial(<built-in method rollback of sqlite3.Connection object at 0x00000279537EB4C0>)
2026-05-03 17:18:49,073 - aiosqlite - DEBUG - operation functools.partial(<built-in method rollback of sqlite3.Connection object at 0x00000279537EB4C0>) completed
2026-05-03 17:18:49,073 - aiosqlite - DEBUG - executing functools.partial(<built-in method cursor of sqlite3.Connection object at 0x00000279537EB4C0>)
2026-05-03 17:18:49,073 - aiosqlite - DEBUG - operation functools.partial(<built-in method cursor of sqlite3.Connection object at 0x00000279537EB4C0>) completed
2026-05-03 17:18:49,073 - aiosqlite - DEBUG - executing functools.partial(<built-in method execute of sqlite3.Cursor object at 0x00000279538249C0>, 'PRAGMA main.table_info("users")', ())
2026-05-03 17:18:49,073 - aiosqlite - DEBUG - operation functools.partial(<built-in method execute of sqlite3.Cursor object at 0x00000279538249C0>, 'PRAGMA main.table_info("users")', ()) completed
2026-05-03 17:18:49,073 - aiosqlite - DEBUG - executing functools.partial(<built-in method fetchall of sqlite3.Cursor object at 0x00000279538249C0>)
2026-05-03 17:18:49,073 - aiosqlite - DEBUG - operation functools.partial(<built-in method fetchall of sqlite3.Cursor object at 0x00000279538249C0>) completed
2026-05-03 17:18:49,073 - aiosqlite - DEBUG - executing functools.partial(<built-in method close of sqlite3.Cursor object at 0x00000279538249C0>)
2026-05-03 17:18:49,073 - aiosqlite - DEBUG - operation functools.partial(<built-in method close of sqlite3.Cursor object at 0x00000279538249C0>) completed
2026-05-03 17:18:49,077 - aiosqlite - DEBUG - executing functools.partial(<built-in method cursor of sqlite3.Connection object at 0x00000279537EB4C0>)
2026-05-03 17:18:49,077 - aiosqlite - DEBUG - operation functools.partial(<built-in method cursor of sqlite3.Connection object at 0x00000279537EB4C0>) completed
2026-05-03 17:18:49,077 - aiosqlite - DEBUG - executing functools.partial(<built-in method execute of sqlite3.Cursor object at 0x00000279538249C0>, 'PRAGMA main.table_info("oidc_states")', ())
2026-05-03 17:18:49,077 - aiosqlite - DEBUG - operation functools.partial(<built-in method execute of sqlite3.Cursor object at 0x00000279538249C0>, 'PRAGMA main.table_info("oidc_states")', ()) completed
2026-05-03 17:18:49,077 - aiosqlite - DEBUG - executing functools.partial(<built-in method fetchall of sqlite3.Cursor object at 0x00000279538249C0>)
2026-05-03 17:18:49,077 - aiosqlite - DEBUG - operation functools.partial(<built-in method fetchall of sqlite3.Cursor object at 0x00000279538249C0>) completed
2026-05-03 17:18:49,077 - aiosqlite - DEBUG - executing functools.partial(<built-in method close of sqlite3.Cursor object at 0x00000279538249C0>)
2026-05-03 17:18:49,077 - core.database - INFO - Tables initialized successfully
2026-05-03 17:18:49,081 - aiosqlite - DEBUG - operation functools.partial(<built-in method close of sqlite3.Cursor object at 0x00000279538249C0>) completed
2026-05-03 17:18:49,081 - core.database - DEBUG - [DB_OP] Create tables completed in 0.0161s
2026-05-03 17:18:49,084 - aiosqlite - DEBUG - executing functools.partial(<built-in method commit of sqlite3.Connection object at 0x00000279537EB4C0>)
2026-05-03 17:18:49,085 - aiosqlite - DEBUG - operation functools.partial(<built-in method commit of sqlite3.Connection object at 0x00000279537EB4C0>) completed
2026-05-03 17:18:49,085 - aiosqlite - DEBUG - executing functools.partial(<built-in method rollback of sqlite3.Connection object at 0x00000279537EB4C0>)
2026-05-03 17:18:49,085 - services.database - INFO - 🔧 Table creation completed
2026-05-03 17:18:49,085 - aiosqlite - DEBUG - operation functools.partial(<built-in method rollback of sqlite3.Connection object at 0x00000279537EB4C0>) completed
2026-05-03 17:18:49,085 - services.database - INFO - Database initialized successfully
2026-05-03 17:18:49,085 - services.database - DEBUG - [DB_OP] Database initialization completed in 0.0352s
2026-05-03 17:18:49,085 - services.mock_data - INFO - mock_data directory not found, skipping mock initialization
2026-05-03 17:18:49,087 - services.database - DEBUG - [DB_OP] Starting database initialization
2026-05-03 17:18:49,087 - services.database - INFO - 🔧 Starting database initialization...
2026-05-03 17:18:49,087 - core.database - INFO - Starting database initialization...
2026-05-03 17:18:49,087 - core.database - INFO - Database already initialized
2026-05-03 17:18:49,088 - services.database - INFO - 🔧 Database connection initialized, now creating tables if tables not exist...
2026-05-03 17:18:49,088 - core.database - DEBUG - [DB_OP] Starting create_tables
2026-05-03 17:18:49,088 - core.database - INFO - Tables already initialized
2026-05-03 17:18:49,089 - services.database - INFO - 🔧 Table creation completed
2026-05-03 17:18:49,089 - services.database - INFO - Database initialized successfully
2026-05-03 17:18:49,089 - services.database - DEBUG - [DB_OP] Database initialization completed in 0.0022s
2026-05-03 17:18:49,089 - services.auth - WARNING - Admin user ID or email not configured, skipping admin initialization
2026-05-03 17:18:49,089 - main - INFO - === Application startup completed successfully ===
2026-05-03 17:18:49,294 - services.database - DEBUG - [DB_OP] Starting database close
2026-05-03 17:18:49,294 - aiosqlite - DEBUG - executing functools.partial(<built-in method close of sqlite3.Connection object at 0x00000279537EB4C0>)
2026-05-03 17:18:49,296 - aiosqlite - DEBUG - operation functools.partial(<built-in method close of sqlite3.Connection object at 0x00000279537EB4C0>) completed
2026-05-03 17:18:49,296 - aiosqlite - DEBUG - executing <function Connection.stop.<locals>.close_and_stop at 0x0000027953822E80>
2026-05-03 17:18:49,298 - core.database - INFO - Database connection closed and engine disposed
2026-05-03 17:18:49,298 - aiosqlite - DEBUG - operation <function Connection.stop.<locals>.close_and_stop at 0x0000027953822E80> completed
2026-05-03 17:18:49,298 - services.database - INFO - Database connections closed
2026-05-03 17:18:49,299 - services.database - DEBUG - [DB_OP] Database close completed in 0.0048s
