2026-05-03 17:10:15,531 - main - INFO - === Logging system initialized ===
2026-05-03 17:10:15,531 - main - INFO - Log file: logs/app_20260503_171015.log
2026-05-03 17:10:15,531 - main - INFO - Log level: INFO
2026-05-03 17:10:15,531 - main - INFO - Timestamp: 20260503_171015
2026-05-03 17:10:15,948 - main - INFO - Included router: routers.aihub.router
2026-05-03 17:10:15,965 - main - INFO - Included router: routers.auth.router
2026-05-03 17:10:15,966 - main - INFO - Included router: routers.health.router
2026-05-03 17:10:15,969 - main - INFO - Included router: routers.portfolio.router
2026-05-03 17:10:15,980 - main - INFO - Included router: routers.settings.router
2026-05-03 17:10:16,001 - main - INFO - Included router: routers.storage.router
2026-05-03 17:10:16,005 - main - INFO - Included router: routers.user.router
2026-05-03 17:10:16,005 - main - INFO - === Application startup initiated ===
2026-05-03 17:10:16,005 - services.database - DEBUG - [DB_OP] Starting database initialization
2026-05-03 17:10:16,005 - services.database - INFO - 🔧 Starting database initialization...
2026-05-03 17:10:16,005 - core.database - INFO - Starting database initialization...
2026-05-03 17:10:16,005 - core.database - INFO - Normalizing database URL for async compatibility...
2026-05-03 17:10:16,005 - core.database - DEBUG - Database exists:./app.db
2026-05-03 17:10:16,008 - core.database - INFO - Creating async database engine...
2026-05-03 17:10:16,008 - core.database - INFO - Using QueuePool with connection pooling for non-Lambda environment
2026-05-03 17:10:16,015 - core.database - INFO - Database engine created successfully
2026-05-03 17:10:16,015 - core.database - INFO - Creating async session maker...
2026-05-03 17:10:16,015 - core.database - INFO - Async session maker created successfully
2026-05-03 17:10:16,015 - core.database - INFO - Database connection initialized successfully
2026-05-03 17:10:16,015 - services.database - INFO - 🔧 Database connection initialized, now creating tables if tables not exist...
2026-05-03 17:10:16,015 - core.database - DEBUG - [DB_OP] Starting create_tables
2026-05-03 17:10:16,015 - core.database - INFO - 🔧 Starting table creation...
2026-05-03 17:10:16,015 - aiosqlite - DEBUG - executing <function connect.<locals>.connector at 0x0000020295842980>
2026-05-03 17:10:16,015 - aiosqlite - DEBUG - operation <function connect.<locals>.connector at 0x0000020295842980> completed
2026-05-03 17:10:16,015 - aiosqlite - DEBUG - executing functools.partial(<built-in method create_function of sqlite3.Connection object at 0x000002029580B3D0>, 'regexp', 2, <function SQLiteDialect_pysqlite.on_connect.<locals>.regexp at 0x0000020295841D00>, deterministic=True)
2026-05-03 17:10:16,015 - aiosqlite - DEBUG - operation functools.partial(<built-in method create_function of sqlite3.Connection object at 0x000002029580B3D0>, 'regexp', 2, <function SQLiteDialect_pysqlite.on_connect.<locals>.regexp at 0x0000020295841D00>, deterministic=True) completed
2026-05-03 17:10:16,015 - aiosqlite - DEBUG - executing functools.partial(<built-in method create_function of sqlite3.Connection object at 0x000002029580B3D0>, 'floor', 1, <built-in function floor>, deterministic=True)
2026-05-03 17:10:16,015 - aiosqlite - DEBUG - operation functools.partial(<built-in method create_function of sqlite3.Connection object at 0x000002029580B3D0>, 'floor', 1, <built-in function floor>, deterministic=True) completed
2026-05-03 17:10:16,015 - aiosqlite - DEBUG - executing functools.partial(<built-in method cursor of sqlite3.Connection object at 0x000002029580B3D0>)
2026-05-03 17:10:16,015 - aiosqlite - DEBUG - operation functools.partial(<built-in method cursor of sqlite3.Connection object at 0x000002029580B3D0>) completed
2026-05-03 17:10:16,015 - aiosqlite - DEBUG - executing functools.partial(<built-in method execute of sqlite3.Cursor object at 0x000002029584C4C0>, 'PRAGMA read_uncommitted', [])
2026-05-03 17:10:16,015 - aiosqlite - DEBUG - operation functools.partial(<built-in method execute of sqlite3.Cursor object at 0x000002029584C4C0>, 'PRAGMA read_uncommitted', []) completed
2026-05-03 17:10:16,015 - aiosqlite - DEBUG - executing functools.partial(<built-in method fetchall of sqlite3.Cursor object at 0x000002029584C4C0>)
2026-05-03 17:10:16,015 - aiosqlite - DEBUG - operation functools.partial(<built-in method fetchall of sqlite3.Cursor object at 0x000002029584C4C0>) completed
2026-05-03 17:10:16,015 - aiosqlite - DEBUG - executing functools.partial(<built-in method close of sqlite3.Cursor object at 0x000002029584C4C0>)
2026-05-03 17:10:16,015 - aiosqlite - DEBUG - operation functools.partial(<built-in method close of sqlite3.Cursor object at 0x000002029584C4C0>) completed
2026-05-03 17:10:16,015 - aiosqlite - DEBUG - executing functools.partial(<built-in method rollback of sqlite3.Connection object at 0x000002029580B3D0>)
2026-05-03 17:10:16,015 - aiosqlite - DEBUG - operation functools.partial(<built-in method rollback of sqlite3.Connection object at 0x000002029580B3D0>) completed
2026-05-03 17:10:16,015 - aiosqlite - DEBUG - executing functools.partial(<built-in method cursor of sqlite3.Connection object at 0x000002029580B3D0>)
2026-05-03 17:10:16,015 - aiosqlite - DEBUG - operation functools.partial(<built-in method cursor of sqlite3.Connection object at 0x000002029580B3D0>) completed
2026-05-03 17:10:16,015 - aiosqlite - DEBUG - executing functools.partial(<built-in method execute of sqlite3.Cursor object at 0x000002029584C4C0>, 'PRAGMA main.table_info("users")', ())
2026-05-03 17:10:16,015 - aiosqlite - DEBUG - operation functools.partial(<built-in method execute of sqlite3.Cursor object at 0x000002029584C4C0>, 'PRAGMA main.table_info("users")', ()) completed
2026-05-03 17:10:16,015 - aiosqlite - DEBUG - executing functools.partial(<built-in method fetchall of sqlite3.Cursor object at 0x000002029584C4C0>)
2026-05-03 17:10:16,024 - aiosqlite - DEBUG - operation functools.partial(<built-in method fetchall of sqlite3.Cursor object at 0x000002029584C4C0>) completed
2026-05-03 17:10:16,024 - aiosqlite - DEBUG - executing functools.partial(<built-in method close of sqlite3.Cursor object at 0x000002029584C4C0>)
2026-05-03 17:10:16,024 - aiosqlite - DEBUG - operation functools.partial(<built-in method close of sqlite3.Cursor object at 0x000002029584C4C0>) completed
2026-05-03 17:10:16,025 - aiosqlite - DEBUG - executing functools.partial(<built-in method cursor of sqlite3.Connection object at 0x000002029580B3D0>)
2026-05-03 17:10:16,025 - aiosqlite - DEBUG - operation functools.partial(<built-in method cursor of sqlite3.Connection object at 0x000002029580B3D0>) completed
2026-05-03 17:10:16,025 - aiosqlite - DEBUG - executing functools.partial(<built-in method execute of sqlite3.Cursor object at 0x000002029584C4C0>, 'PRAGMA main.table_info("oidc_states")', ())
2026-05-03 17:10:16,025 - aiosqlite - DEBUG - operation functools.partial(<built-in method execute of sqlite3.Cursor object at 0x000002029584C4C0>, 'PRAGMA main.table_info("oidc_states")', ()) completed
2026-05-03 17:10:16,025 - aiosqlite - DEBUG - executing functools.partial(<built-in method fetchall of sqlite3.Cursor object at 0x000002029584C4C0>)
2026-05-03 17:10:16,025 - aiosqlite - DEBUG - operation functools.partial(<built-in method fetchall of sqlite3.Cursor object at 0x000002029584C4C0>) completed
2026-05-03 17:10:16,026 - aiosqlite - DEBUG - executing functools.partial(<built-in method close of sqlite3.Cursor object at 0x000002029584C4C0>)
2026-05-03 17:10:16,026 - aiosqlite - DEBUG - operation functools.partial(<built-in method close of sqlite3.Cursor object at 0x000002029584C4C0>) completed
2026-05-03 17:10:16,026 - core.database - INFO - Tables initialized successfully
2026-05-03 17:10:16,026 - core.database - DEBUG - [DB_OP] Create tables completed in 0.0111s
2026-05-03 17:10:16,026 - aiosqlite - DEBUG - executing functools.partial(<built-in method commit of sqlite3.Connection object at 0x000002029580B3D0>)
2026-05-03 17:10:16,026 - aiosqlite - DEBUG - operation functools.partial(<built-in method commit of sqlite3.Connection object at 0x000002029580B3D0>) completed
2026-05-03 17:10:16,026 - aiosqlite - DEBUG - executing functools.partial(<built-in method rollback of sqlite3.Connection object at 0x000002029580B3D0>)
2026-05-03 17:10:16,027 - aiosqlite - DEBUG - operation functools.partial(<built-in method rollback of sqlite3.Connection object at 0x000002029580B3D0>) completed
2026-05-03 17:10:16,027 - services.database - INFO - 🔧 Table creation completed
2026-05-03 17:10:16,027 - services.database - INFO - Database initialized successfully
2026-05-03 17:10:16,027 - services.database - DEBUG - [DB_OP] Database initialization completed in 0.0224s
2026-05-03 17:10:16,027 - services.mock_data - INFO - mock_data directory not found, skipping mock initialization
2026-05-03 17:10:16,027 - services.database - DEBUG - [DB_OP] Starting database initialization
2026-05-03 17:10:16,027 - services.database - INFO - 🔧 Starting database initialization...
2026-05-03 17:10:16,027 - core.database - INFO - Starting database initialization...
2026-05-03 17:10:16,027 - core.database - INFO - Database already initialized
2026-05-03 17:10:16,027 - services.database - INFO - 🔧 Database connection initialized, now creating tables if tables not exist...
2026-05-03 17:10:16,028 - core.database - DEBUG - [DB_OP] Starting create_tables
2026-05-03 17:10:16,028 - core.database - INFO - Tables already initialized
2026-05-03 17:10:16,028 - services.database - INFO - 🔧 Table creation completed
2026-05-03 17:10:16,028 - services.database - INFO - Database initialized successfully
2026-05-03 17:10:16,028 - services.database - DEBUG - [DB_OP] Database initialization completed in 0.0009s
2026-05-03 17:10:16,029 - services.auth - WARNING - Admin user ID or email not configured, skipping admin initialization
2026-05-03 17:10:16,029 - main - INFO - === Application startup completed successfully ===
2026-05-03 17:10:16,779 - services.database - DEBUG - [DB_OP] Starting database close
2026-05-03 17:10:16,780 - aiosqlite - DEBUG - executing functools.partial(<built-in method close of sqlite3.Connection object at 0x000002029580B3D0>)
2026-05-03 17:10:16,781 - aiosqlite - DEBUG - operation functools.partial(<built-in method close of sqlite3.Connection object at 0x000002029580B3D0>) completed
2026-05-03 17:10:16,781 - aiosqlite - DEBUG - executing <function Connection.stop.<locals>.close_and_stop at 0x0000020295843B00>
2026-05-03 17:10:16,781 - core.database - INFO - Database connection closed and engine disposed
2026-05-03 17:10:16,781 - services.database - INFO - Database connections closed
2026-05-03 17:10:16,781 - aiosqlite - DEBUG - operation <function Connection.stop.<locals>.close_and_stop at 0x0000020295843B00> completed
2026-05-03 17:10:16,781 - services.database - DEBUG - [DB_OP] Database close completed in 0.0021s
