2026-05-10 13:04:11,800 - main - INFO - === Logging system initialized ===
2026-05-10 13:04:11,800 - main - INFO - Log file: logs/app_20260510_130411.log
2026-05-10 13:04:11,802 - main - INFO - Log level: INFO
2026-05-10 13:04:11,802 - main - INFO - Timestamp: 20260510_130411
2026-05-10 13:04:15,800 - main - INFO - Included router: routers.aihub.router
2026-05-10 13:04:15,835 - main - INFO - Included router: routers.auth.router
2026-05-10 13:04:15,838 - main - INFO - Included router: routers.health.router
2026-05-10 13:04:15,852 - main - INFO - Included router: routers.portfolio.router
2026-05-10 13:04:15,890 - main - INFO - Included router: routers.settings.router
2026-05-10 13:04:15,960 - main - INFO - Included router: routers.storage.router
2026-05-10 13:04:15,974 - main - INFO - Included router: routers.user.router
2026-05-10 13:04:15,982 - main - INFO - === Application startup initiated ===
2026-05-10 13:04:15,982 - services.database - DEBUG - [DB_OP] Starting database initialization
2026-05-10 13:04:15,983 - services.database - INFO - 🔧 Starting database initialization...
2026-05-10 13:04:15,983 - core.database - INFO - Starting database initialization...
2026-05-10 13:04:15,984 - core.database - INFO - Normalizing database URL for async compatibility...
2026-05-10 13:04:15,985 - core.database - DEBUG - Database exists:./app.db
2026-05-10 13:04:15,985 - core.database - INFO - Creating async database engine...
2026-05-10 13:04:15,985 - core.database - INFO - Using QueuePool with connection pooling for non-Lambda environment
2026-05-10 13:04:16,038 - core.database - INFO - Database engine created successfully
2026-05-10 13:04:16,038 - core.database - INFO - Creating async session maker...
2026-05-10 13:04:16,038 - core.database - INFO - Async session maker created successfully
2026-05-10 13:04:16,038 - core.database - INFO - Database connection initialized successfully
2026-05-10 13:04:16,038 - services.database - INFO - 🔧 Database connection initialized, now creating tables if tables not exist...
2026-05-10 13:04:16,038 - core.database - DEBUG - [DB_OP] Starting create_tables
2026-05-10 13:04:16,038 - core.database - INFO - 🔧 Starting table creation...
2026-05-10 13:04:16,041 - aiosqlite - DEBUG - executing <function connect.<locals>.connector at 0x000001B0C1A1A0C0>
2026-05-10 13:04:16,047 - aiosqlite - DEBUG - operation <function connect.<locals>.connector at 0x000001B0C1A1A0C0> completed
2026-05-10 13:04:16,048 - aiosqlite - DEBUG - executing functools.partial(<built-in method create_function of sqlite3.Connection object at 0x000001B0C1A1D4E0>, 'regexp', 2, <function SQLiteDialect_pysqlite.on_connect.<locals>.regexp at 0x000001B0C1A193A0>, deterministic=True)
2026-05-10 13:04:16,049 - aiosqlite - DEBUG - operation functools.partial(<built-in method create_function of sqlite3.Connection object at 0x000001B0C1A1D4E0>, 'regexp', 2, <function SQLiteDialect_pysqlite.on_connect.<locals>.regexp at 0x000001B0C1A193A0>, deterministic=True) completed
2026-05-10 13:04:16,049 - aiosqlite - DEBUG - executing functools.partial(<built-in method create_function of sqlite3.Connection object at 0x000001B0C1A1D4E0>, 'floor', 1, <built-in function floor>, deterministic=True)
2026-05-10 13:04:16,050 - aiosqlite - DEBUG - operation functools.partial(<built-in method create_function of sqlite3.Connection object at 0x000001B0C1A1D4E0>, 'floor', 1, <built-in function floor>, deterministic=True) completed
2026-05-10 13:04:16,050 - aiosqlite - DEBUG - executing functools.partial(<built-in method cursor of sqlite3.Connection object at 0x000001B0C1A1D4E0>)
2026-05-10 13:04:16,051 - aiosqlite - DEBUG - operation functools.partial(<built-in method cursor of sqlite3.Connection object at 0x000001B0C1A1D4E0>) completed
2026-05-10 13:04:16,051 - aiosqlite - DEBUG - executing functools.partial(<built-in method execute of sqlite3.Cursor object at 0x000001B0C19974C0>, 'PRAGMA read_uncommitted', [])
2026-05-10 13:04:16,055 - aiosqlite - DEBUG - operation functools.partial(<built-in method execute of sqlite3.Cursor object at 0x000001B0C19974C0>, 'PRAGMA read_uncommitted', []) completed
2026-05-10 13:04:16,055 - aiosqlite - DEBUG - executing functools.partial(<built-in method fetchall of sqlite3.Cursor object at 0x000001B0C19974C0>)
2026-05-10 13:04:16,056 - aiosqlite - DEBUG - operation functools.partial(<built-in method fetchall of sqlite3.Cursor object at 0x000001B0C19974C0>) completed
2026-05-10 13:04:16,056 - aiosqlite - DEBUG - executing functools.partial(<built-in method close of sqlite3.Cursor object at 0x000001B0C19974C0>)
2026-05-10 13:04:16,057 - aiosqlite - DEBUG - operation functools.partial(<built-in method close of sqlite3.Cursor object at 0x000001B0C19974C0>) completed
2026-05-10 13:04:16,057 - aiosqlite - DEBUG - executing functools.partial(<built-in method rollback of sqlite3.Connection object at 0x000001B0C1A1D4E0>)
2026-05-10 13:04:16,058 - aiosqlite - DEBUG - operation functools.partial(<built-in method rollback of sqlite3.Connection object at 0x000001B0C1A1D4E0>) completed
2026-05-10 13:04:16,059 - aiosqlite - DEBUG - executing functools.partial(<built-in method cursor of sqlite3.Connection object at 0x000001B0C1A1D4E0>)
2026-05-10 13:04:16,059 - aiosqlite - DEBUG - operation functools.partial(<built-in method cursor of sqlite3.Connection object at 0x000001B0C1A1D4E0>) completed
2026-05-10 13:04:16,059 - aiosqlite - DEBUG - executing functools.partial(<built-in method execute of sqlite3.Cursor object at 0x000001B0C19974C0>, 'PRAGMA main.table_info("users")', ())
2026-05-10 13:04:16,064 - aiosqlite - DEBUG - operation functools.partial(<built-in method execute of sqlite3.Cursor object at 0x000001B0C19974C0>, 'PRAGMA main.table_info("users")', ()) completed
2026-05-10 13:04:16,065 - aiosqlite - DEBUG - executing functools.partial(<built-in method fetchall of sqlite3.Cursor object at 0x000001B0C19974C0>)
2026-05-10 13:04:16,065 - aiosqlite - DEBUG - operation functools.partial(<built-in method fetchall of sqlite3.Cursor object at 0x000001B0C19974C0>) completed
2026-05-10 13:04:16,066 - aiosqlite - DEBUG - executing functools.partial(<built-in method close of sqlite3.Cursor object at 0x000001B0C19974C0>)
2026-05-10 13:04:16,066 - aiosqlite - DEBUG - operation functools.partial(<built-in method close of sqlite3.Cursor object at 0x000001B0C19974C0>) completed
2026-05-10 13:04:16,067 - aiosqlite - DEBUG - executing functools.partial(<built-in method cursor of sqlite3.Connection object at 0x000001B0C1A1D4E0>)
2026-05-10 13:04:16,067 - aiosqlite - DEBUG - operation functools.partial(<built-in method cursor of sqlite3.Connection object at 0x000001B0C1A1D4E0>) completed
2026-05-10 13:04:16,068 - aiosqlite - DEBUG - executing functools.partial(<built-in method execute of sqlite3.Cursor object at 0x000001B0C19974C0>, 'PRAGMA main.table_info("oidc_states")', ())
2026-05-10 13:04:16,069 - aiosqlite - DEBUG - operation functools.partial(<built-in method execute of sqlite3.Cursor object at 0x000001B0C19974C0>, 'PRAGMA main.table_info("oidc_states")', ()) completed
2026-05-10 13:04:16,069 - aiosqlite - DEBUG - executing functools.partial(<built-in method fetchall of sqlite3.Cursor object at 0x000001B0C19974C0>)
2026-05-10 13:04:16,069 - aiosqlite - DEBUG - operation functools.partial(<built-in method fetchall of sqlite3.Cursor object at 0x000001B0C19974C0>) completed
2026-05-10 13:04:16,070 - aiosqlite - DEBUG - executing functools.partial(<built-in method close of sqlite3.Cursor object at 0x000001B0C19974C0>)
2026-05-10 13:04:16,070 - aiosqlite - DEBUG - operation functools.partial(<built-in method close of sqlite3.Cursor object at 0x000001B0C19974C0>) completed
2026-05-10 13:04:16,071 - core.database - INFO - Tables initialized successfully
2026-05-10 13:04:16,071 - core.database - DEBUG - [DB_OP] Create tables completed in 0.0330s
2026-05-10 13:04:16,071 - aiosqlite - DEBUG - executing functools.partial(<built-in method commit of sqlite3.Connection object at 0x000001B0C1A1D4E0>)
2026-05-10 13:04:16,072 - aiosqlite - DEBUG - operation functools.partial(<built-in method commit of sqlite3.Connection object at 0x000001B0C1A1D4E0>) completed
2026-05-10 13:04:16,073 - aiosqlite - DEBUG - executing functools.partial(<built-in method rollback of sqlite3.Connection object at 0x000001B0C1A1D4E0>)
2026-05-10 13:04:16,073 - aiosqlite - DEBUG - operation functools.partial(<built-in method rollback of sqlite3.Connection object at 0x000001B0C1A1D4E0>) completed
2026-05-10 13:04:16,074 - services.database - INFO - 🔧 Table creation completed
2026-05-10 13:04:16,074 - services.database - INFO - Database initialized successfully
2026-05-10 13:04:16,074 - services.database - DEBUG - [DB_OP] Database initialization completed in 0.0925s
2026-05-10 13:04:16,075 - services.mock_data - INFO - mock_data directory not found, skipping mock initialization
2026-05-10 13:04:16,075 - services.database - DEBUG - [DB_OP] Starting database initialization
2026-05-10 13:04:16,075 - services.database - INFO - 🔧 Starting database initialization...
2026-05-10 13:04:16,075 - core.database - INFO - Starting database initialization...
2026-05-10 13:04:16,075 - core.database - INFO - Database already initialized
2026-05-10 13:04:16,076 - services.database - INFO - 🔧 Database connection initialized, now creating tables if tables not exist...
2026-05-10 13:04:16,076 - core.database - DEBUG - [DB_OP] Starting create_tables
2026-05-10 13:04:16,076 - core.database - INFO - Tables already initialized
2026-05-10 13:04:16,076 - services.database - INFO - 🔧 Table creation completed
2026-05-10 13:04:16,076 - services.database - INFO - Database initialized successfully
2026-05-10 13:04:16,076 - services.database - DEBUG - [DB_OP] Database initialization completed in 0.0008s
2026-05-10 13:04:16,077 - services.auth - WARNING - Admin user ID or email not configured, skipping admin initialization
2026-05-10 13:04:16,077 - main - INFO - === Application startup completed successfully ===
2026-05-10 13:10:43,430 - httpcore.connection - DEBUG - connect_tcp.started host='localhost' port=11434 local_address=None timeout=300 socket_options=None
2026-05-10 13:10:43,704 - httpcore.connection - DEBUG - connect_tcp.complete return_value=<httpcore._backends.anyio.AnyIOStream object at 0x000001B0C1ADC530>
2026-05-10 13:10:43,706 - httpcore.http11 - DEBUG - send_request_headers.started request=<Request [b'POST']>
2026-05-10 13:10:43,707 - httpcore.http11 - DEBUG - send_request_headers.complete
2026-05-10 13:10:43,707 - httpcore.http11 - DEBUG - send_request_body.started request=<Request [b'POST']>
2026-05-10 13:10:43,707 - httpcore.http11 - DEBUG - send_request_body.complete
2026-05-10 13:10:43,708 - httpcore.http11 - DEBUG - receive_response_headers.started request=<Request [b'POST']>
2026-05-10 13:11:59,685 - httpcore.http11 - DEBUG - receive_response_headers.complete return_value=(b'HTTP/1.1', 200, b'OK', [(b'Content-Type', b'application/json; charset=utf-8'), (b'Date', b'Sun, 10 May 2026 07:41:59 GMT'), (b'Transfer-Encoding', b'chunked')])
2026-05-10 13:11:59,687 - httpx - INFO - HTTP Request: POST http://localhost:11434/api/chat "HTTP/1.1 200 OK"
2026-05-10 13:11:59,688 - httpcore.http11 - DEBUG - receive_response_body.started request=<Request [b'POST']>
2026-05-10 13:11:59,688 - httpcore.http11 - DEBUG - receive_response_body.complete
2026-05-10 13:11:59,689 - httpcore.http11 - DEBUG - response_closed.started
2026-05-10 13:11:59,689 - httpcore.http11 - DEBUG - response_closed.complete
2026-05-10 13:11:59,691 - httpcore.connection - DEBUG - close.started
2026-05-10 13:11:59,691 - httpcore.connection - DEBUG - close.complete
2026-05-10 13:12:00,552 - httpcore.connection - DEBUG - connect_tcp.started host='localhost' port=11434 local_address=None timeout=300 socket_options=None
2026-05-10 13:12:00,819 - httpcore.connection - DEBUG - connect_tcp.complete return_value=<httpcore._backends.anyio.AnyIOStream object at 0x000001B0C1B1B320>
2026-05-10 13:12:00,824 - httpcore.http11 - DEBUG - send_request_headers.started request=<Request [b'POST']>
2026-05-10 13:12:00,826 - httpcore.http11 - DEBUG - send_request_headers.complete
2026-05-10 13:12:00,826 - httpcore.http11 - DEBUG - send_request_body.started request=<Request [b'POST']>
2026-05-10 13:12:00,827 - httpcore.http11 - DEBUG - send_request_body.complete
2026-05-10 13:12:00,827 - httpcore.http11 - DEBUG - receive_response_headers.started request=<Request [b'POST']>
2026-05-10 13:13:13,450 - httpcore.http11 - DEBUG - receive_response_headers.complete return_value=(b'HTTP/1.1', 200, b'OK', [(b'Content-Type', b'application/json; charset=utf-8'), (b'Date', b'Sun, 10 May 2026 07:43:13 GMT'), (b'Transfer-Encoding', b'chunked')])
2026-05-10 13:13:13,451 - httpx - INFO - HTTP Request: POST http://localhost:11434/api/chat "HTTP/1.1 200 OK"
2026-05-10 13:13:13,452 - httpcore.http11 - DEBUG - receive_response_body.started request=<Request [b'POST']>
2026-05-10 13:13:13,452 - httpcore.http11 - DEBUG - receive_response_body.complete
2026-05-10 13:13:13,452 - httpcore.http11 - DEBUG - response_closed.started
2026-05-10 13:13:13,453 - httpcore.http11 - DEBUG - response_closed.complete
2026-05-10 13:13:13,453 - httpcore.connection - DEBUG - close.started
2026-05-10 13:13:13,454 - httpcore.connection - DEBUG - close.complete
