2026-05-10 20:41:19,063 - main - INFO - === Logging system initialized ===
2026-05-10 20:41:19,063 - main - INFO - Log file: logs/app_20260510_204119.log
2026-05-10 20:41:19,063 - main - INFO - Log level: INFO
2026-05-10 20:41:19,063 - main - INFO - Timestamp: 20260510_204119
2026-05-10 20:41:19,609 - main - INFO - Included router: routers.aihub.router
2026-05-10 20:41:19,619 - main - INFO - Included router: routers.auth.router
2026-05-10 20:41:19,625 - main - INFO - Included router: routers.health.router
2026-05-10 20:41:19,630 - main - INFO - Included router: routers.portfolio.router
2026-05-10 20:41:19,647 - main - INFO - Included router: routers.settings.router
2026-05-10 20:41:19,687 - main - INFO - Included router: routers.storage.router
2026-05-10 20:41:19,695 - main - INFO - Included router: routers.user.router
2026-05-10 20:41:19,696 - main - INFO - === Application startup initiated ===
2026-05-10 20:41:19,696 - services.database - DEBUG - [DB_OP] Starting database initialization
2026-05-10 20:41:19,696 - services.database - INFO - 🔧 Starting database initialization...
2026-05-10 20:41:19,697 - core.database - INFO - Starting database initialization...
2026-05-10 20:41:19,697 - core.database - INFO - Normalizing database URL for async compatibility...
2026-05-10 20:41:19,697 - core.database - DEBUG - Database exists:./app.db
2026-05-10 20:41:19,699 - core.database - INFO - Creating async database engine...
2026-05-10 20:41:19,699 - core.database - INFO - Using QueuePool with connection pooling for non-Lambda environment
2026-05-10 20:41:19,726 - core.database - INFO - Database engine created successfully
2026-05-10 20:41:19,726 - core.database - INFO - Creating async session maker...
2026-05-10 20:41:19,726 - core.database - INFO - Async session maker created successfully
2026-05-10 20:41:19,726 - core.database - INFO - Database connection initialized successfully
2026-05-10 20:41:19,726 - services.database - INFO - 🔧 Database connection initialized, now creating tables if tables not exist...
2026-05-10 20:41:19,727 - core.database - DEBUG - [DB_OP] Starting create_tables
2026-05-10 20:41:19,727 - core.database - INFO - 🔧 Starting table creation...
2026-05-10 20:41:19,728 - aiosqlite - DEBUG - executing <function connect.<locals>.connector at 0x00000241A86DEC00>
2026-05-10 20:41:19,729 - aiosqlite - DEBUG - operation <function connect.<locals>.connector at 0x00000241A86DEC00> completed
2026-05-10 20:41:19,729 - aiosqlite - DEBUG - executing functools.partial(<built-in method create_function of sqlite3.Connection object at 0x00000241A86E17B0>, 'regexp', 2, <function SQLiteDialect_pysqlite.on_connect.<locals>.regexp at 0x00000241A86DDF80>, deterministic=True)
2026-05-10 20:41:19,729 - aiosqlite - DEBUG - operation functools.partial(<built-in method create_function of sqlite3.Connection object at 0x00000241A86E17B0>, 'regexp', 2, <function SQLiteDialect_pysqlite.on_connect.<locals>.regexp at 0x00000241A86DDF80>, deterministic=True) completed
2026-05-10 20:41:19,730 - aiosqlite - DEBUG - executing functools.partial(<built-in method create_function of sqlite3.Connection object at 0x00000241A86E17B0>, 'floor', 1, <built-in function floor>, deterministic=True)
2026-05-10 20:41:19,730 - aiosqlite - DEBUG - operation functools.partial(<built-in method create_function of sqlite3.Connection object at 0x00000241A86E17B0>, 'floor', 1, <built-in function floor>, deterministic=True) completed
2026-05-10 20:41:19,730 - aiosqlite - DEBUG - executing functools.partial(<built-in method cursor of sqlite3.Connection object at 0x00000241A86E17B0>)
2026-05-10 20:41:19,730 - aiosqlite - DEBUG - operation functools.partial(<built-in method cursor of sqlite3.Connection object at 0x00000241A86E17B0>) completed
2026-05-10 20:41:19,730 - aiosqlite - DEBUG - executing functools.partial(<built-in method execute of sqlite3.Cursor object at 0x00000241A86EC040>, 'PRAGMA read_uncommitted', [])
2026-05-10 20:41:19,730 - aiosqlite - DEBUG - operation functools.partial(<built-in method execute of sqlite3.Cursor object at 0x00000241A86EC040>, 'PRAGMA read_uncommitted', []) completed
2026-05-10 20:41:19,731 - aiosqlite - DEBUG - executing functools.partial(<built-in method fetchall of sqlite3.Cursor object at 0x00000241A86EC040>)
2026-05-10 20:41:19,731 - aiosqlite - DEBUG - operation functools.partial(<built-in method fetchall of sqlite3.Cursor object at 0x00000241A86EC040>) completed
2026-05-10 20:41:19,731 - aiosqlite - DEBUG - executing functools.partial(<built-in method close of sqlite3.Cursor object at 0x00000241A86EC040>)
2026-05-10 20:41:19,731 - aiosqlite - DEBUG - operation functools.partial(<built-in method close of sqlite3.Cursor object at 0x00000241A86EC040>) completed
2026-05-10 20:41:19,731 - aiosqlite - DEBUG - executing functools.partial(<built-in method rollback of sqlite3.Connection object at 0x00000241A86E17B0>)
2026-05-10 20:41:19,731 - aiosqlite - DEBUG - operation functools.partial(<built-in method rollback of sqlite3.Connection object at 0x00000241A86E17B0>) completed
2026-05-10 20:41:19,732 - aiosqlite - DEBUG - executing functools.partial(<built-in method cursor of sqlite3.Connection object at 0x00000241A86E17B0>)
2026-05-10 20:41:19,732 - aiosqlite - DEBUG - operation functools.partial(<built-in method cursor of sqlite3.Connection object at 0x00000241A86E17B0>) completed
2026-05-10 20:41:19,732 - aiosqlite - DEBUG - executing functools.partial(<built-in method execute of sqlite3.Cursor object at 0x00000241A86EC040>, 'PRAGMA main.table_info("users")', ())
2026-05-10 20:41:19,732 - aiosqlite - DEBUG - operation functools.partial(<built-in method execute of sqlite3.Cursor object at 0x00000241A86EC040>, 'PRAGMA main.table_info("users")', ()) completed
2026-05-10 20:41:19,732 - aiosqlite - DEBUG - executing functools.partial(<built-in method fetchall of sqlite3.Cursor object at 0x00000241A86EC040>)
2026-05-10 20:41:19,732 - aiosqlite - DEBUG - operation functools.partial(<built-in method fetchall of sqlite3.Cursor object at 0x00000241A86EC040>) completed
2026-05-10 20:41:19,732 - aiosqlite - DEBUG - executing functools.partial(<built-in method close of sqlite3.Cursor object at 0x00000241A86EC040>)
2026-05-10 20:41:19,732 - aiosqlite - DEBUG - operation functools.partial(<built-in method close of sqlite3.Cursor object at 0x00000241A86EC040>) completed
2026-05-10 20:41:19,734 - aiosqlite - DEBUG - executing functools.partial(<built-in method cursor of sqlite3.Connection object at 0x00000241A86E17B0>)
2026-05-10 20:41:19,734 - aiosqlite - DEBUG - operation functools.partial(<built-in method cursor of sqlite3.Connection object at 0x00000241A86E17B0>) completed
2026-05-10 20:41:19,735 - aiosqlite - DEBUG - executing functools.partial(<built-in method execute of sqlite3.Cursor object at 0x00000241A86EC040>, 'PRAGMA main.table_info("oidc_states")', ())
2026-05-10 20:41:19,735 - aiosqlite - DEBUG - operation functools.partial(<built-in method execute of sqlite3.Cursor object at 0x00000241A86EC040>, 'PRAGMA main.table_info("oidc_states")', ()) completed
2026-05-10 20:41:19,735 - aiosqlite - DEBUG - executing functools.partial(<built-in method fetchall of sqlite3.Cursor object at 0x00000241A86EC040>)
2026-05-10 20:41:19,736 - aiosqlite - DEBUG - operation functools.partial(<built-in method fetchall of sqlite3.Cursor object at 0x00000241A86EC040>) completed
2026-05-10 20:41:19,736 - aiosqlite - DEBUG - executing functools.partial(<built-in method close of sqlite3.Cursor object at 0x00000241A86EC040>)
2026-05-10 20:41:19,736 - core.database - INFO - Tables initialized successfully
2026-05-10 20:41:19,736 - aiosqlite - DEBUG - operation functools.partial(<built-in method close of sqlite3.Cursor object at 0x00000241A86EC040>) completed
2026-05-10 20:41:19,736 - core.database - DEBUG - [DB_OP] Create tables completed in 0.0088s
2026-05-10 20:41:19,736 - aiosqlite - DEBUG - executing functools.partial(<built-in method commit of sqlite3.Connection object at 0x00000241A86E17B0>)
2026-05-10 20:41:19,737 - aiosqlite - DEBUG - operation functools.partial(<built-in method commit of sqlite3.Connection object at 0x00000241A86E17B0>) completed
2026-05-10 20:41:19,737 - aiosqlite - DEBUG - executing functools.partial(<built-in method rollback of sqlite3.Connection object at 0x00000241A86E17B0>)
2026-05-10 20:41:19,737 - services.database - INFO - 🔧 Table creation completed
2026-05-10 20:41:19,737 - aiosqlite - DEBUG - operation functools.partial(<built-in method rollback of sqlite3.Connection object at 0x00000241A86E17B0>) completed
2026-05-10 20:41:19,737 - services.database - INFO - Database initialized successfully
2026-05-10 20:41:19,737 - services.database - DEBUG - [DB_OP] Database initialization completed in 0.0408s
2026-05-10 20:41:19,737 - services.mock_data - INFO - mock_data directory not found, skipping mock initialization
2026-05-10 20:41:19,737 - services.database - DEBUG - [DB_OP] Starting database initialization
2026-05-10 20:41:19,737 - services.database - INFO - 🔧 Starting database initialization...
2026-05-10 20:41:19,737 - core.database - INFO - Starting database initialization...
2026-05-10 20:41:19,739 - core.database - INFO - Database already initialized
2026-05-10 20:41:19,739 - services.database - INFO - 🔧 Database connection initialized, now creating tables if tables not exist...
2026-05-10 20:41:19,739 - core.database - DEBUG - [DB_OP] Starting create_tables
2026-05-10 20:41:19,739 - core.database - INFO - Tables already initialized
2026-05-10 20:41:19,739 - services.database - INFO - 🔧 Table creation completed
2026-05-10 20:41:19,739 - services.database - INFO - Database initialized successfully
2026-05-10 20:41:19,739 - services.database - DEBUG - [DB_OP] Database initialization completed in 0.0021s
2026-05-10 20:41:19,740 - services.auth - WARNING - Admin user ID or email not configured, skipping admin initialization
2026-05-10 20:41:19,740 - main - INFO - === Application startup completed successfully ===
2026-05-10 20:41:33,634 - httpcore.connection - DEBUG - connect_tcp.started host='localhost' port=11434 local_address=None timeout=300 socket_options=None
2026-05-10 20:41:33,894 - httpcore.connection - DEBUG - connect_tcp.complete return_value=<httpcore._backends.anyio.AnyIOStream object at 0x00000241A87ABC20>
2026-05-10 20:41:33,895 - httpcore.http11 - DEBUG - send_request_headers.started request=<Request [b'POST']>
2026-05-10 20:41:33,895 - httpcore.http11 - DEBUG - send_request_headers.complete
2026-05-10 20:41:33,896 - httpcore.http11 - DEBUG - send_request_body.started request=<Request [b'POST']>
2026-05-10 20:41:33,896 - httpcore.http11 - DEBUG - send_request_body.complete
2026-05-10 20:41:33,896 - httpcore.http11 - DEBUG - receive_response_headers.started request=<Request [b'POST']>
2026-05-10 20:42:13,700 - httpcore.http11 - DEBUG - receive_response_headers.complete return_value=(b'HTTP/1.1', 200, b'OK', [(b'Content-Type', b'application/json; charset=utf-8'), (b'Date', b'Sun, 10 May 2026 15:12:13 GMT'), (b'Transfer-Encoding', b'chunked')])
2026-05-10 20:42:13,701 - httpx - INFO - HTTP Request: POST http://localhost:11434/api/chat "HTTP/1.1 200 OK"
2026-05-10 20:42:13,701 - httpcore.http11 - DEBUG - receive_response_body.started request=<Request [b'POST']>
2026-05-10 20:42:13,703 - httpcore.http11 - DEBUG - receive_response_body.complete
2026-05-10 20:42:13,703 - httpcore.http11 - DEBUG - response_closed.started
2026-05-10 20:42:13,704 - httpcore.http11 - DEBUG - response_closed.complete
2026-05-10 20:42:13,706 - httpcore.connection - DEBUG - close.started
2026-05-10 20:42:13,706 - httpcore.connection - DEBUG - close.complete
2026-05-10 20:42:14,172 - httpcore.connection - DEBUG - connect_tcp.started host='localhost' port=11434 local_address=None timeout=300 socket_options=None
2026-05-10 20:42:14,434 - httpcore.connection - DEBUG - connect_tcp.complete return_value=<httpcore._backends.anyio.AnyIOStream object at 0x00000241A87E3A10>
2026-05-10 20:42:14,434 - httpcore.http11 - DEBUG - send_request_headers.started request=<Request [b'POST']>
2026-05-10 20:42:14,434 - httpcore.http11 - DEBUG - send_request_headers.complete
2026-05-10 20:42:14,434 - httpcore.http11 - DEBUG - send_request_body.started request=<Request [b'POST']>
2026-05-10 20:42:14,436 - httpcore.http11 - DEBUG - send_request_body.complete
2026-05-10 20:42:14,436 - httpcore.http11 - DEBUG - receive_response_headers.started request=<Request [b'POST']>
2026-05-10 20:43:08,671 - httpcore.http11 - DEBUG - receive_response_headers.complete return_value=(b'HTTP/1.1', 200, b'OK', [(b'Content-Type', b'application/json; charset=utf-8'), (b'Date', b'Sun, 10 May 2026 15:13:08 GMT'), (b'Transfer-Encoding', b'chunked')])
2026-05-10 20:43:08,671 - httpx - INFO - HTTP Request: POST http://localhost:11434/api/chat "HTTP/1.1 200 OK"
2026-05-10 20:43:08,673 - httpcore.http11 - DEBUG - receive_response_body.started request=<Request [b'POST']>
2026-05-10 20:43:08,673 - httpcore.http11 - DEBUG - receive_response_body.complete
2026-05-10 20:43:08,673 - httpcore.http11 - DEBUG - response_closed.started
2026-05-10 20:43:08,675 - httpcore.http11 - DEBUG - response_closed.complete
2026-05-10 20:43:08,677 - httpcore.connection - DEBUG - close.started
2026-05-10 20:43:08,678 - httpcore.connection - DEBUG - close.complete
