2026-05-03 17:17:40,798 - main - INFO - === Logging system initialized ===
2026-05-03 17:17:40,798 - main - INFO - Log file: logs/app_20260503_171740.log
2026-05-03 17:17:40,798 - main - INFO - Log level: INFO
2026-05-03 17:17:40,798 - main - INFO - Timestamp: 20260503_171740
2026-05-03 17:17:41,329 - main - INFO - Included router: routers.aihub.router
2026-05-03 17:17:41,350 - main - INFO - Included router: routers.auth.router
2026-05-03 17:17:41,352 - main - INFO - Included router: routers.health.router
2026-05-03 17:17:41,369 - main - INFO - Included router: routers.portfolio.router
2026-05-03 17:17:41,393 - main - INFO - Included router: routers.settings.router
2026-05-03 17:17:41,439 - main - INFO - Included router: routers.storage.router
2026-05-03 17:17:41,448 - main - INFO - Included router: routers.user.router
2026-05-03 17:17:41,448 - main - INFO - === Application startup initiated ===
2026-05-03 17:17:41,448 - services.database - DEBUG - [DB_OP] Starting database initialization
2026-05-03 17:17:41,448 - services.database - INFO - 🔧 Starting database initialization...
2026-05-03 17:17:41,448 - core.database - INFO - Starting database initialization...
2026-05-03 17:17:41,448 - core.database - INFO - Normalizing database URL for async compatibility...
2026-05-03 17:17:41,448 - core.database - DEBUG - Database exists:./app.db
2026-05-03 17:17:41,448 - core.database - INFO - Creating async database engine...
2026-05-03 17:17:41,448 - core.database - INFO - Using QueuePool with connection pooling for non-Lambda environment
2026-05-03 17:17:41,463 - core.database - INFO - Database engine created successfully
2026-05-03 17:17:41,463 - core.database - INFO - Creating async session maker...
2026-05-03 17:17:41,463 - core.database - INFO - Async session maker created successfully
2026-05-03 17:17:41,463 - core.database - INFO - Database connection initialized successfully
2026-05-03 17:17:41,463 - services.database - INFO - 🔧 Database connection initialized, now creating tables if tables not exist...
2026-05-03 17:17:41,463 - core.database - DEBUG - [DB_OP] Starting create_tables
2026-05-03 17:17:41,471 - core.database - INFO - 🔧 Starting table creation...
2026-05-03 17:17:41,473 - aiosqlite - DEBUG - executing <function connect.<locals>.connector at 0x0000028A6BC22B60>
2026-05-03 17:17:41,473 - aiosqlite - DEBUG - operation <function connect.<locals>.connector at 0x0000028A6BC22B60> completed
2026-05-03 17:17:41,473 - aiosqlite - DEBUG - executing functools.partial(<built-in method create_function of sqlite3.Connection object at 0x0000028A6BBE75B0>, 'regexp', 2, <function SQLiteDialect_pysqlite.on_connect.<locals>.regexp at 0x0000028A6BC21EE0>, deterministic=True)
2026-05-03 17:17:41,473 - aiosqlite - DEBUG - operation functools.partial(<built-in method create_function of sqlite3.Connection object at 0x0000028A6BBE75B0>, 'regexp', 2, <function SQLiteDialect_pysqlite.on_connect.<locals>.regexp at 0x0000028A6BC21EE0>, deterministic=True) completed
2026-05-03 17:17:41,473 - aiosqlite - DEBUG - executing functools.partial(<built-in method create_function of sqlite3.Connection object at 0x0000028A6BBE75B0>, 'floor', 1, <built-in function floor>, deterministic=True)
2026-05-03 17:17:41,473 - aiosqlite - DEBUG - operation functools.partial(<built-in method create_function of sqlite3.Connection object at 0x0000028A6BBE75B0>, 'floor', 1, <built-in function floor>, deterministic=True) completed
2026-05-03 17:17:41,473 - aiosqlite - DEBUG - executing functools.partial(<built-in method cursor of sqlite3.Connection object at 0x0000028A6BBE75B0>)
2026-05-03 17:17:41,473 - aiosqlite - DEBUG - operation functools.partial(<built-in method cursor of sqlite3.Connection object at 0x0000028A6BBE75B0>) completed
2026-05-03 17:17:41,473 - aiosqlite - DEBUG - executing functools.partial(<built-in method execute of sqlite3.Cursor object at 0x0000028A6BC24940>, 'PRAGMA read_uncommitted', [])
2026-05-03 17:17:41,473 - aiosqlite - DEBUG - operation functools.partial(<built-in method execute of sqlite3.Cursor object at 0x0000028A6BC24940>, 'PRAGMA read_uncommitted', []) completed
2026-05-03 17:17:41,473 - aiosqlite - DEBUG - executing functools.partial(<built-in method fetchall of sqlite3.Cursor object at 0x0000028A6BC24940>)
2026-05-03 17:17:41,473 - aiosqlite - DEBUG - operation functools.partial(<built-in method fetchall of sqlite3.Cursor object at 0x0000028A6BC24940>) completed
2026-05-03 17:17:41,473 - aiosqlite - DEBUG - executing functools.partial(<built-in method close of sqlite3.Cursor object at 0x0000028A6BC24940>)
2026-05-03 17:17:41,473 - aiosqlite - DEBUG - operation functools.partial(<built-in method close of sqlite3.Cursor object at 0x0000028A6BC24940>) completed
2026-05-03 17:17:41,479 - aiosqlite - DEBUG - executing functools.partial(<built-in method rollback of sqlite3.Connection object at 0x0000028A6BBE75B0>)
2026-05-03 17:17:41,479 - aiosqlite - DEBUG - operation functools.partial(<built-in method rollback of sqlite3.Connection object at 0x0000028A6BBE75B0>) completed
2026-05-03 17:17:41,479 - aiosqlite - DEBUG - executing functools.partial(<built-in method cursor of sqlite3.Connection object at 0x0000028A6BBE75B0>)
2026-05-03 17:17:41,479 - aiosqlite - DEBUG - operation functools.partial(<built-in method cursor of sqlite3.Connection object at 0x0000028A6BBE75B0>) completed
2026-05-03 17:17:41,479 - aiosqlite - DEBUG - executing functools.partial(<built-in method execute of sqlite3.Cursor object at 0x0000028A6BC24940>, 'PRAGMA main.table_info("users")', ())
2026-05-03 17:17:41,479 - aiosqlite - DEBUG - operation functools.partial(<built-in method execute of sqlite3.Cursor object at 0x0000028A6BC24940>, 'PRAGMA main.table_info("users")', ()) completed
2026-05-03 17:17:41,479 - aiosqlite - DEBUG - executing functools.partial(<built-in method fetchall of sqlite3.Cursor object at 0x0000028A6BC24940>)
2026-05-03 17:17:41,479 - aiosqlite - DEBUG - operation functools.partial(<built-in method fetchall of sqlite3.Cursor object at 0x0000028A6BC24940>) completed
2026-05-03 17:17:41,479 - aiosqlite - DEBUG - executing functools.partial(<built-in method close of sqlite3.Cursor object at 0x0000028A6BC24940>)
2026-05-03 17:17:41,479 - aiosqlite - DEBUG - operation functools.partial(<built-in method close of sqlite3.Cursor object at 0x0000028A6BC24940>) completed
2026-05-03 17:17:41,479 - aiosqlite - DEBUG - executing functools.partial(<built-in method cursor of sqlite3.Connection object at 0x0000028A6BBE75B0>)
2026-05-03 17:17:41,479 - aiosqlite - DEBUG - operation functools.partial(<built-in method cursor of sqlite3.Connection object at 0x0000028A6BBE75B0>) completed
2026-05-03 17:17:41,479 - aiosqlite - DEBUG - executing functools.partial(<built-in method execute of sqlite3.Cursor object at 0x0000028A6BC24940>, 'PRAGMA main.table_info("oidc_states")', ())
2026-05-03 17:17:41,479 - aiosqlite - DEBUG - operation functools.partial(<built-in method execute of sqlite3.Cursor object at 0x0000028A6BC24940>, 'PRAGMA main.table_info("oidc_states")', ()) completed
2026-05-03 17:17:41,479 - aiosqlite - DEBUG - executing functools.partial(<built-in method fetchall of sqlite3.Cursor object at 0x0000028A6BC24940>)
2026-05-03 17:17:41,479 - aiosqlite - DEBUG - operation functools.partial(<built-in method fetchall of sqlite3.Cursor object at 0x0000028A6BC24940>) completed
2026-05-03 17:17:41,479 - aiosqlite - DEBUG - executing functools.partial(<built-in method close of sqlite3.Cursor object at 0x0000028A6BC24940>)
2026-05-03 17:17:41,479 - core.database - INFO - Tables initialized successfully
2026-05-03 17:17:41,479 - aiosqlite - DEBUG - operation functools.partial(<built-in method close of sqlite3.Cursor object at 0x0000028A6BC24940>) completed
2026-05-03 17:17:41,479 - core.database - DEBUG - [DB_OP] Create tables completed in 0.0158s
2026-05-03 17:17:41,479 - aiosqlite - DEBUG - executing functools.partial(<built-in method commit of sqlite3.Connection object at 0x0000028A6BBE75B0>)
2026-05-03 17:17:41,479 - aiosqlite - DEBUG - operation functools.partial(<built-in method commit of sqlite3.Connection object at 0x0000028A6BBE75B0>) completed
2026-05-03 17:17:41,487 - aiosqlite - DEBUG - executing functools.partial(<built-in method rollback of sqlite3.Connection object at 0x0000028A6BBE75B0>)
2026-05-03 17:17:41,487 - aiosqlite - DEBUG - operation functools.partial(<built-in method rollback of sqlite3.Connection object at 0x0000028A6BBE75B0>) completed
2026-05-03 17:17:41,487 - services.database - INFO - 🔧 Table creation completed
2026-05-03 17:17:41,488 - services.database - INFO - Database initialized successfully
2026-05-03 17:17:41,488 - services.database - DEBUG - [DB_OP] Database initialization completed in 0.0405s
2026-05-03 17:17:41,489 - services.mock_data - INFO - mock_data directory not found, skipping mock initialization
2026-05-03 17:17:41,489 - services.database - DEBUG - [DB_OP] Starting database initialization
2026-05-03 17:17:41,489 - services.database - INFO - 🔧 Starting database initialization...
2026-05-03 17:17:41,489 - core.database - INFO - Starting database initialization...
2026-05-03 17:17:41,489 - core.database - INFO - Database already initialized
2026-05-03 17:17:41,489 - services.database - INFO - 🔧 Database connection initialized, now creating tables if tables not exist...
2026-05-03 17:17:41,489 - core.database - DEBUG - [DB_OP] Starting create_tables
2026-05-03 17:17:41,489 - core.database - INFO - Tables already initialized
2026-05-03 17:17:41,489 - services.database - INFO - 🔧 Table creation completed
2026-05-03 17:17:41,489 - services.database - INFO - Database initialized successfully
2026-05-03 17:17:41,489 - services.database - DEBUG - [DB_OP] Database initialization completed in 0.0000s
2026-05-03 17:17:41,489 - services.auth - WARNING - Admin user ID or email not configured, skipping admin initialization
2026-05-03 17:17:41,489 - main - INFO - === Application startup completed successfully ===
2026-05-03 17:17:41,603 - services.database - DEBUG - [DB_OP] Starting database close
2026-05-03 17:17:41,605 - aiosqlite - DEBUG - executing functools.partial(<built-in method close of sqlite3.Connection object at 0x0000028A6BBE75B0>)
2026-05-03 17:17:41,606 - aiosqlite - DEBUG - operation functools.partial(<built-in method close of sqlite3.Connection object at 0x0000028A6BBE75B0>) completed
2026-05-03 17:17:41,606 - aiosqlite - DEBUG - executing <function Connection.stop.<locals>.close_and_stop at 0x0000028A6BC22E80>
2026-05-03 17:17:41,606 - aiosqlite - DEBUG - operation <function Connection.stop.<locals>.close_and_stop at 0x0000028A6BC22E80> completed
2026-05-03 17:17:41,608 - core.database - INFO - Database connection closed and engine disposed
2026-05-03 17:17:41,608 - services.database - INFO - Database connections closed
2026-05-03 17:17:41,610 - services.database - DEBUG - [DB_OP] Database close completed in 0.0072s
