2026-05-10 18:37:08,917 - main - INFO - === Logging system initialized ===
2026-05-10 18:37:08,917 - main - INFO - Log file: logs/app_20260510_183708.log
2026-05-10 18:37:08,917 - main - INFO - Log level: INFO
2026-05-10 18:37:08,917 - main - INFO - Timestamp: 20260510_183708
2026-05-10 18:37:09,652 - main - INFO - Included router: routers.aihub.router
2026-05-10 18:37:09,668 - main - INFO - Included router: routers.auth.router
2026-05-10 18:37:09,671 - main - INFO - Included router: routers.health.router
2026-05-10 18:37:09,674 - main - INFO - Included router: routers.portfolio.router
2026-05-10 18:37:09,693 - main - INFO - Included router: routers.settings.router
2026-05-10 18:37:09,724 - main - INFO - Included router: routers.storage.router
2026-05-10 18:37:09,735 - main - INFO - Included router: routers.user.router
2026-05-10 18:37:09,738 - main - INFO - === Application startup initiated ===
2026-05-10 18:37:09,738 - services.database - DEBUG - [DB_OP] Starting database initialization
2026-05-10 18:37:09,738 - services.database - INFO - 🔧 Starting database initialization...
2026-05-10 18:37:09,738 - core.database - INFO - Starting database initialization...
2026-05-10 18:37:09,738 - core.database - INFO - Normalizing database URL for async compatibility...
2026-05-10 18:37:09,741 - core.database - DEBUG - Database exists:./app.db
2026-05-10 18:37:09,741 - core.database - INFO - Creating async database engine...
2026-05-10 18:37:09,741 - core.database - INFO - Using QueuePool with connection pooling for non-Lambda environment
2026-05-10 18:37:09,764 - core.database - INFO - Database engine created successfully
2026-05-10 18:37:09,764 - core.database - INFO - Creating async session maker...
2026-05-10 18:37:09,764 - core.database - INFO - Async session maker created successfully
2026-05-10 18:37:09,764 - core.database - INFO - Database connection initialized successfully
2026-05-10 18:37:09,764 - services.database - INFO - 🔧 Database connection initialized, now creating tables if tables not exist...
2026-05-10 18:37:09,764 - core.database - DEBUG - [DB_OP] Starting create_tables
2026-05-10 18:37:09,764 - core.database - INFO - 🔧 Starting table creation...
2026-05-10 18:37:09,764 - aiosqlite - DEBUG - executing <function connect.<locals>.connector at 0x00000274495C2E80>
2026-05-10 18:37:09,764 - aiosqlite - DEBUG - operation <function connect.<locals>.connector at 0x00000274495C2E80> completed
2026-05-10 18:37:09,764 - aiosqlite - DEBUG - executing functools.partial(<built-in method create_function of sqlite3.Connection object at 0x00000274495C55D0>, 'regexp', 2, <function SQLiteDialect_pysqlite.on_connect.<locals>.regexp at 0x00000274495C2200>, deterministic=True)
2026-05-10 18:37:09,764 - aiosqlite - DEBUG - operation functools.partial(<built-in method create_function of sqlite3.Connection object at 0x00000274495C55D0>, 'regexp', 2, <function SQLiteDialect_pysqlite.on_connect.<locals>.regexp at 0x00000274495C2200>, deterministic=True) completed
2026-05-10 18:37:09,764 - aiosqlite - DEBUG - executing functools.partial(<built-in method create_function of sqlite3.Connection object at 0x00000274495C55D0>, 'floor', 1, <built-in function floor>, deterministic=True)
2026-05-10 18:37:09,764 - aiosqlite - DEBUG - operation functools.partial(<built-in method create_function of sqlite3.Connection object at 0x00000274495C55D0>, 'floor', 1, <built-in function floor>, deterministic=True) completed
2026-05-10 18:37:09,770 - aiosqlite - DEBUG - executing functools.partial(<built-in method cursor of sqlite3.Connection object at 0x00000274495C55D0>)
2026-05-10 18:37:09,770 - aiosqlite - DEBUG - operation functools.partial(<built-in method cursor of sqlite3.Connection object at 0x00000274495C55D0>) completed
2026-05-10 18:37:09,771 - aiosqlite - DEBUG - executing functools.partial(<built-in method execute of sqlite3.Cursor object at 0x00000274495D0240>, 'PRAGMA read_uncommitted', [])
2026-05-10 18:37:09,771 - aiosqlite - DEBUG - operation functools.partial(<built-in method execute of sqlite3.Cursor object at 0x00000274495D0240>, 'PRAGMA read_uncommitted', []) completed
2026-05-10 18:37:09,771 - aiosqlite - DEBUG - executing functools.partial(<built-in method fetchall of sqlite3.Cursor object at 0x00000274495D0240>)
2026-05-10 18:37:09,771 - aiosqlite - DEBUG - operation functools.partial(<built-in method fetchall of sqlite3.Cursor object at 0x00000274495D0240>) completed
2026-05-10 18:37:09,773 - aiosqlite - DEBUG - executing functools.partial(<built-in method close of sqlite3.Cursor object at 0x00000274495D0240>)
2026-05-10 18:37:09,773 - aiosqlite - DEBUG - operation functools.partial(<built-in method close of sqlite3.Cursor object at 0x00000274495D0240>) completed
2026-05-10 18:37:09,774 - aiosqlite - DEBUG - executing functools.partial(<built-in method rollback of sqlite3.Connection object at 0x00000274495C55D0>)
2026-05-10 18:37:09,775 - aiosqlite - DEBUG - operation functools.partial(<built-in method rollback of sqlite3.Connection object at 0x00000274495C55D0>) completed
2026-05-10 18:37:09,775 - aiosqlite - DEBUG - executing functools.partial(<built-in method cursor of sqlite3.Connection object at 0x00000274495C55D0>)
2026-05-10 18:37:09,775 - aiosqlite - DEBUG - operation functools.partial(<built-in method cursor of sqlite3.Connection object at 0x00000274495C55D0>) completed
2026-05-10 18:37:09,775 - aiosqlite - DEBUG - executing functools.partial(<built-in method execute of sqlite3.Cursor object at 0x00000274495D02C0>, 'PRAGMA main.table_info("users")', ())
2026-05-10 18:37:09,775 - aiosqlite - DEBUG - operation functools.partial(<built-in method execute of sqlite3.Cursor object at 0x00000274495D02C0>, 'PRAGMA main.table_info("users")', ()) completed
2026-05-10 18:37:09,775 - aiosqlite - DEBUG - executing functools.partial(<built-in method fetchall of sqlite3.Cursor object at 0x00000274495D02C0>)
2026-05-10 18:37:09,778 - aiosqlite - DEBUG - operation functools.partial(<built-in method fetchall of sqlite3.Cursor object at 0x00000274495D02C0>) completed
2026-05-10 18:37:09,779 - aiosqlite - DEBUG - executing functools.partial(<built-in method close of sqlite3.Cursor object at 0x00000274495D02C0>)
2026-05-10 18:37:09,781 - aiosqlite - DEBUG - operation functools.partial(<built-in method close of sqlite3.Cursor object at 0x00000274495D02C0>) completed
2026-05-10 18:37:09,781 - aiosqlite - DEBUG - executing functools.partial(<built-in method cursor of sqlite3.Connection object at 0x00000274495C55D0>)
2026-05-10 18:37:09,781 - aiosqlite - DEBUG - operation functools.partial(<built-in method cursor of sqlite3.Connection object at 0x00000274495C55D0>) completed
2026-05-10 18:37:09,781 - aiosqlite - DEBUG - executing functools.partial(<built-in method execute of sqlite3.Cursor object at 0x00000274495D02C0>, 'PRAGMA main.table_info("oidc_states")', ())
2026-05-10 18:37:09,782 - aiosqlite - DEBUG - operation functools.partial(<built-in method execute of sqlite3.Cursor object at 0x00000274495D02C0>, 'PRAGMA main.table_info("oidc_states")', ()) completed
2026-05-10 18:37:09,782 - aiosqlite - DEBUG - executing functools.partial(<built-in method fetchall of sqlite3.Cursor object at 0x00000274495D02C0>)
2026-05-10 18:37:09,783 - aiosqlite - DEBUG - operation functools.partial(<built-in method fetchall of sqlite3.Cursor object at 0x00000274495D02C0>) completed
2026-05-10 18:37:09,783 - aiosqlite - DEBUG - executing functools.partial(<built-in method close of sqlite3.Cursor object at 0x00000274495D02C0>)
2026-05-10 18:37:09,784 - core.database - INFO - Tables initialized successfully
2026-05-10 18:37:09,784 - aiosqlite - DEBUG - operation functools.partial(<built-in method close of sqlite3.Cursor object at 0x00000274495D02C0>) completed
2026-05-10 18:37:09,784 - core.database - DEBUG - [DB_OP] Create tables completed in 0.0196s
2026-05-10 18:37:09,785 - aiosqlite - DEBUG - executing functools.partial(<built-in method commit of sqlite3.Connection object at 0x00000274495C55D0>)
2026-05-10 18:37:09,785 - aiosqlite - DEBUG - operation functools.partial(<built-in method commit of sqlite3.Connection object at 0x00000274495C55D0>) completed
2026-05-10 18:37:09,785 - aiosqlite - DEBUG - executing functools.partial(<built-in method rollback of sqlite3.Connection object at 0x00000274495C55D0>)
2026-05-10 18:37:09,785 - aiosqlite - DEBUG - operation functools.partial(<built-in method rollback of sqlite3.Connection object at 0x00000274495C55D0>) completed
2026-05-10 18:37:09,785 - services.database - INFO - 🔧 Table creation completed
2026-05-10 18:37:09,785 - services.database - INFO - Database initialized successfully
2026-05-10 18:37:09,785 - services.database - DEBUG - [DB_OP] Database initialization completed in 0.0477s
2026-05-10 18:37:09,785 - services.mock_data - INFO - mock_data directory not found, skipping mock initialization
2026-05-10 18:37:09,785 - services.database - DEBUG - [DB_OP] Starting database initialization
2026-05-10 18:37:09,785 - services.database - INFO - 🔧 Starting database initialization...
2026-05-10 18:37:09,785 - core.database - INFO - Starting database initialization...
2026-05-10 18:37:09,785 - core.database - INFO - Database already initialized
2026-05-10 18:37:09,785 - services.database - INFO - 🔧 Database connection initialized, now creating tables if tables not exist...
2026-05-10 18:37:09,785 - core.database - DEBUG - [DB_OP] Starting create_tables
2026-05-10 18:37:09,785 - core.database - INFO - Tables already initialized
2026-05-10 18:37:09,785 - services.database - INFO - 🔧 Table creation completed
2026-05-10 18:37:09,785 - services.database - INFO - Database initialized successfully
2026-05-10 18:37:09,785 - services.database - DEBUG - [DB_OP] Database initialization completed in 0.0000s
2026-05-10 18:37:09,785 - services.auth - WARNING - Admin user ID or email not configured, skipping admin initialization
2026-05-10 18:37:09,785 - main - INFO - === Application startup completed successfully ===
2026-05-10 18:37:24,399 - services.database - DEBUG - [DB_OP] Starting database close
2026-05-10 18:37:24,399 - aiosqlite - DEBUG - executing functools.partial(<built-in method close of sqlite3.Connection object at 0x00000274495C55D0>)
2026-05-10 18:37:24,399 - aiosqlite - DEBUG - operation functools.partial(<built-in method close of sqlite3.Connection object at 0x00000274495C55D0>) completed
2026-05-10 18:37:24,399 - aiosqlite - DEBUG - executing <function Connection.stop.<locals>.close_and_stop at 0x00000274495C3240>
2026-05-10 18:37:24,403 - core.database - INFO - Database connection closed and engine disposed
2026-05-10 18:37:24,403 - aiosqlite - DEBUG - operation <function Connection.stop.<locals>.close_and_stop at 0x00000274495C3240> completed
2026-05-10 18:37:24,404 - services.database - INFO - Database connections closed
2026-05-10 18:37:24,405 - services.database - DEBUG - [DB_OP] Database close completed in 0.0059s
