2026-05-03 17:19:06,296 - main - INFO - === Logging system initialized ===
2026-05-03 17:19:06,296 - main - INFO - Log file: logs/app_20260503_171906.log
2026-05-03 17:19:06,296 - main - INFO - Log level: INFO
2026-05-03 17:19:06,296 - main - INFO - Timestamp: 20260503_171906
2026-05-03 17:19:06,821 - main - INFO - Included router: routers.aihub.router
2026-05-03 17:19:06,835 - main - INFO - Included router: routers.auth.router
2026-05-03 17:19:06,837 - main - INFO - Included router: routers.health.router
2026-05-03 17:19:06,841 - main - INFO - Included router: routers.portfolio.router
2026-05-03 17:19:06,861 - main - INFO - Included router: routers.settings.router
2026-05-03 17:19:06,902 - main - INFO - Included router: routers.storage.router
2026-05-03 17:19:06,911 - main - INFO - Included router: routers.user.router
2026-05-03 17:19:06,915 - main - INFO - === Application startup initiated ===
2026-05-03 17:19:06,917 - services.database - DEBUG - [DB_OP] Starting database initialization
2026-05-03 17:19:06,921 - services.database - INFO - 🔧 Starting database initialization...
2026-05-03 17:19:06,921 - core.database - INFO - Starting database initialization...
2026-05-03 17:19:06,921 - core.database - INFO - Normalizing database URL for async compatibility...
2026-05-03 17:19:06,923 - core.database - DEBUG - Database exists:./app.db
2026-05-03 17:19:06,923 - core.database - INFO - Creating async database engine...
2026-05-03 17:19:06,923 - core.database - INFO - Using QueuePool with connection pooling for non-Lambda environment
2026-05-03 17:19:06,949 - core.database - INFO - Database engine created successfully
2026-05-03 17:19:06,951 - core.database - INFO - Creating async session maker...
2026-05-03 17:19:06,951 - core.database - INFO - Async session maker created successfully
2026-05-03 17:19:06,951 - core.database - INFO - Database connection initialized successfully
2026-05-03 17:19:06,951 - services.database - INFO - 🔧 Database connection initialized, now creating tables if tables not exist...
2026-05-03 17:19:06,951 - core.database - DEBUG - [DB_OP] Starting create_tables
2026-05-03 17:19:06,951 - core.database - INFO - 🔧 Starting table creation...
2026-05-03 17:19:06,951 - aiosqlite - DEBUG - executing <function connect.<locals>.connector at 0x0000025246B02B60>
2026-05-03 17:19:06,951 - aiosqlite - DEBUG - operation <function connect.<locals>.connector at 0x0000025246B02B60> completed
2026-05-03 17:19:06,951 - aiosqlite - DEBUG - executing functools.partial(<built-in method create_function of sqlite3.Connection object at 0x0000025246ACB4C0>, 'regexp', 2, <function SQLiteDialect_pysqlite.on_connect.<locals>.regexp at 0x0000025246B01EE0>, deterministic=True)
2026-05-03 17:19:06,951 - aiosqlite - DEBUG - operation functools.partial(<built-in method create_function of sqlite3.Connection object at 0x0000025246ACB4C0>, 'regexp', 2, <function SQLiteDialect_pysqlite.on_connect.<locals>.regexp at 0x0000025246B01EE0>, deterministic=True) completed
2026-05-03 17:19:06,955 - aiosqlite - DEBUG - executing functools.partial(<built-in method create_function of sqlite3.Connection object at 0x0000025246ACB4C0>, 'floor', 1, <built-in function floor>, deterministic=True)
2026-05-03 17:19:06,958 - aiosqlite - DEBUG - operation functools.partial(<built-in method create_function of sqlite3.Connection object at 0x0000025246ACB4C0>, 'floor', 1, <built-in function floor>, deterministic=True) completed
2026-05-03 17:19:06,960 - aiosqlite - DEBUG - executing functools.partial(<built-in method cursor of sqlite3.Connection object at 0x0000025246ACB4C0>)
2026-05-03 17:19:06,960 - aiosqlite - DEBUG - operation functools.partial(<built-in method cursor of sqlite3.Connection object at 0x0000025246ACB4C0>) completed
2026-05-03 17:19:06,960 - aiosqlite - DEBUG - executing functools.partial(<built-in method execute of sqlite3.Cursor object at 0x0000025246B04940>, 'PRAGMA read_uncommitted', [])
2026-05-03 17:19:06,961 - aiosqlite - DEBUG - operation functools.partial(<built-in method execute of sqlite3.Cursor object at 0x0000025246B04940>, 'PRAGMA read_uncommitted', []) completed
2026-05-03 17:19:06,962 - aiosqlite - DEBUG - executing functools.partial(<built-in method fetchall of sqlite3.Cursor object at 0x0000025246B04940>)
2026-05-03 17:19:06,962 - aiosqlite - DEBUG - operation functools.partial(<built-in method fetchall of sqlite3.Cursor object at 0x0000025246B04940>) completed
2026-05-03 17:19:06,963 - aiosqlite - DEBUG - executing functools.partial(<built-in method close of sqlite3.Cursor object at 0x0000025246B04940>)
2026-05-03 17:19:06,963 - aiosqlite - DEBUG - operation functools.partial(<built-in method close of sqlite3.Cursor object at 0x0000025246B04940>) completed
2026-05-03 17:19:06,963 - aiosqlite - DEBUG - executing functools.partial(<built-in method rollback of sqlite3.Connection object at 0x0000025246ACB4C0>)
2026-05-03 17:19:06,963 - aiosqlite - DEBUG - operation functools.partial(<built-in method rollback of sqlite3.Connection object at 0x0000025246ACB4C0>) completed
2026-05-03 17:19:06,963 - aiosqlite - DEBUG - executing functools.partial(<built-in method cursor of sqlite3.Connection object at 0x0000025246ACB4C0>)
2026-05-03 17:19:06,965 - aiosqlite - DEBUG - operation functools.partial(<built-in method cursor of sqlite3.Connection object at 0x0000025246ACB4C0>) completed
2026-05-03 17:19:06,967 - aiosqlite - DEBUG - executing functools.partial(<built-in method execute of sqlite3.Cursor object at 0x0000025246B049C0>, 'PRAGMA main.table_info("users")', ())
2026-05-03 17:19:06,967 - aiosqlite - DEBUG - operation functools.partial(<built-in method execute of sqlite3.Cursor object at 0x0000025246B049C0>, 'PRAGMA main.table_info("users")', ()) completed
2026-05-03 17:19:06,967 - aiosqlite - DEBUG - executing functools.partial(<built-in method fetchall of sqlite3.Cursor object at 0x0000025246B049C0>)
2026-05-03 17:19:06,967 - aiosqlite - DEBUG - operation functools.partial(<built-in method fetchall of sqlite3.Cursor object at 0x0000025246B049C0>) completed
2026-05-03 17:19:06,967 - aiosqlite - DEBUG - executing functools.partial(<built-in method close of sqlite3.Cursor object at 0x0000025246B049C0>)
2026-05-03 17:19:06,967 - aiosqlite - DEBUG - operation functools.partial(<built-in method close of sqlite3.Cursor object at 0x0000025246B049C0>) completed
2026-05-03 17:19:06,967 - aiosqlite - DEBUG - executing functools.partial(<built-in method cursor of sqlite3.Connection object at 0x0000025246ACB4C0>)
2026-05-03 17:19:06,967 - aiosqlite - DEBUG - operation functools.partial(<built-in method cursor of sqlite3.Connection object at 0x0000025246ACB4C0>) completed
2026-05-03 17:19:06,967 - aiosqlite - DEBUG - executing functools.partial(<built-in method execute of sqlite3.Cursor object at 0x0000025246B049C0>, 'PRAGMA main.table_info("oidc_states")', ())
2026-05-03 17:19:06,967 - aiosqlite - DEBUG - operation functools.partial(<built-in method execute of sqlite3.Cursor object at 0x0000025246B049C0>, 'PRAGMA main.table_info("oidc_states")', ()) completed
2026-05-03 17:19:06,971 - aiosqlite - DEBUG - executing functools.partial(<built-in method fetchall of sqlite3.Cursor object at 0x0000025246B049C0>)
2026-05-03 17:19:06,972 - aiosqlite - DEBUG - operation functools.partial(<built-in method fetchall of sqlite3.Cursor object at 0x0000025246B049C0>) completed
2026-05-03 17:19:06,972 - aiosqlite - DEBUG - executing functools.partial(<built-in method close of sqlite3.Cursor object at 0x0000025246B049C0>)
2026-05-03 17:19:06,972 - core.database - INFO - Tables initialized successfully
2026-05-03 17:19:06,973 - aiosqlite - DEBUG - operation functools.partial(<built-in method close of sqlite3.Cursor object at 0x0000025246B049C0>) completed
2026-05-03 17:19:06,973 - core.database - DEBUG - [DB_OP] Create tables completed in 0.0222s
2026-05-03 17:19:06,974 - aiosqlite - DEBUG - executing functools.partial(<built-in method commit of sqlite3.Connection object at 0x0000025246ACB4C0>)
2026-05-03 17:19:06,974 - aiosqlite - DEBUG - operation functools.partial(<built-in method commit of sqlite3.Connection object at 0x0000025246ACB4C0>) completed
2026-05-03 17:19:06,974 - aiosqlite - DEBUG - executing functools.partial(<built-in method rollback of sqlite3.Connection object at 0x0000025246ACB4C0>)
2026-05-03 17:19:06,975 - services.database - INFO - 🔧 Table creation completed
2026-05-03 17:19:06,975 - aiosqlite - DEBUG - operation functools.partial(<built-in method rollback of sqlite3.Connection object at 0x0000025246ACB4C0>) completed
2026-05-03 17:19:06,976 - services.database - INFO - Database initialized successfully
2026-05-03 17:19:06,976 - services.database - DEBUG - [DB_OP] Database initialization completed in 0.0598s
2026-05-03 17:19:06,977 - services.mock_data - INFO - mock_data directory not found, skipping mock initialization
2026-05-03 17:19:06,978 - services.database - DEBUG - [DB_OP] Starting database initialization
2026-05-03 17:19:06,978 - services.database - INFO - 🔧 Starting database initialization...
2026-05-03 17:19:06,978 - core.database - INFO - Starting database initialization...
2026-05-03 17:19:06,978 - core.database - INFO - Database already initialized
2026-05-03 17:19:06,979 - services.database - INFO - 🔧 Database connection initialized, now creating tables if tables not exist...
2026-05-03 17:19:06,979 - core.database - DEBUG - [DB_OP] Starting create_tables
2026-05-03 17:19:06,979 - core.database - INFO - Tables already initialized
2026-05-03 17:19:06,979 - services.database - INFO - 🔧 Table creation completed
2026-05-03 17:19:06,979 - services.database - INFO - Database initialized successfully
2026-05-03 17:19:06,979 - services.database - DEBUG - [DB_OP] Database initialization completed in 0.0012s
2026-05-03 17:19:06,979 - services.auth - WARNING - Admin user ID or email not configured, skipping admin initialization
2026-05-03 17:19:06,979 - main - INFO - === Application startup completed successfully ===
2026-05-03 17:20:05,354 - httpcore.connection - DEBUG - connect_tcp.started host='localhost' port=11434 local_address=None timeout=300 socket_options=None
2026-05-03 17:20:05,617 - httpcore.connection - DEBUG - connect_tcp.complete return_value=<httpcore._backends.anyio.AnyIOStream object at 0x0000025246BCC380>
2026-05-03 17:20:05,618 - httpcore.http11 - DEBUG - send_request_headers.started request=<Request [b'POST']>
2026-05-03 17:20:05,618 - httpcore.http11 - DEBUG - send_request_headers.complete
2026-05-03 17:20:05,619 - httpcore.http11 - DEBUG - send_request_body.started request=<Request [b'POST']>
2026-05-03 17:20:05,619 - httpcore.http11 - DEBUG - send_request_body.complete
2026-05-03 17:20:05,620 - httpcore.http11 - DEBUG - receive_response_headers.started request=<Request [b'POST']>
2026-05-03 17:20:37,247 - httpcore.http11 - DEBUG - receive_response_headers.complete return_value=(b'HTTP/1.1', 200, b'OK', [(b'Content-Type', b'application/json; charset=utf-8'), (b'Date', b'Sun, 03 May 2026 11:50:37 GMT'), (b'Transfer-Encoding', b'chunked')])
2026-05-03 17:20:37,249 - httpx - INFO - HTTP Request: POST http://localhost:11434/api/chat "HTTP/1.1 200 OK"
2026-05-03 17:20:37,249 - httpcore.http11 - DEBUG - receive_response_body.started request=<Request [b'POST']>
2026-05-03 17:20:37,249 - httpcore.http11 - DEBUG - receive_response_body.complete
2026-05-03 17:20:37,249 - httpcore.http11 - DEBUG - response_closed.started
2026-05-03 17:20:37,249 - httpcore.http11 - DEBUG - response_closed.complete
2026-05-03 17:20:37,249 - httpcore.connection - DEBUG - close.started
2026-05-03 17:20:37,250 - httpcore.connection - DEBUG - close.complete
2026-05-03 17:20:37,553 - httpcore.connection - DEBUG - connect_tcp.started host='localhost' port=11434 local_address=None timeout=300 socket_options=None
2026-05-03 17:20:37,824 - httpcore.connection - DEBUG - connect_tcp.complete return_value=<httpcore._backends.anyio.AnyIOStream object at 0x0000025246BFFE00>
2026-05-03 17:20:37,825 - httpcore.http11 - DEBUG - send_request_headers.started request=<Request [b'POST']>
2026-05-03 17:20:37,825 - httpcore.http11 - DEBUG - send_request_headers.complete
2026-05-03 17:20:37,825 - httpcore.http11 - DEBUG - send_request_body.started request=<Request [b'POST']>
2026-05-03 17:20:37,826 - httpcore.http11 - DEBUG - send_request_body.complete
2026-05-03 17:20:37,830 - httpcore.http11 - DEBUG - receive_response_headers.started request=<Request [b'POST']>
2026-05-03 17:22:04,517 - httpcore.http11 - DEBUG - receive_response_headers.complete return_value=(b'HTTP/1.1', 200, b'OK', [(b'Content-Type', b'application/json; charset=utf-8'), (b'Date', b'Sun, 03 May 2026 11:52:04 GMT'), (b'Transfer-Encoding', b'chunked')])
2026-05-03 17:22:04,518 - httpx - INFO - HTTP Request: POST http://localhost:11434/api/chat "HTTP/1.1 200 OK"
2026-05-03 17:22:04,518 - httpcore.http11 - DEBUG - receive_response_body.started request=<Request [b'POST']>
2026-05-03 17:22:04,518 - httpcore.http11 - DEBUG - receive_response_body.complete
2026-05-03 17:22:04,518 - httpcore.http11 - DEBUG - response_closed.started
2026-05-03 17:22:04,518 - httpcore.http11 - DEBUG - response_closed.complete
2026-05-03 17:22:04,518 - httpcore.connection - DEBUG - close.started
2026-05-03 17:22:04,519 - httpcore.connection - DEBUG - close.complete
