2026-05-03 17:18:17,311 - main - INFO - === Logging system initialized ===
2026-05-03 17:18:17,311 - main - INFO - Log file: logs/app_20260503_171817.log
2026-05-03 17:18:17,311 - main - INFO - Log level: INFO
2026-05-03 17:18:17,311 - main - INFO - Timestamp: 20260503_171817
2026-05-03 17:18:17,844 - main - INFO - Included router: routers.aihub.router
2026-05-03 17:18:17,851 - main - INFO - Included router: routers.auth.router
2026-05-03 17:18:17,859 - main - INFO - Included router: routers.health.router
2026-05-03 17:18:17,859 - main - INFO - Included router: routers.portfolio.router
2026-05-03 17:18:17,884 - main - INFO - Included router: routers.settings.router
2026-05-03 17:18:17,920 - main - INFO - Included router: routers.storage.router
2026-05-03 17:18:17,927 - main - INFO - Included router: routers.user.router
2026-05-03 17:18:17,929 - main - INFO - === Application startup initiated ===
2026-05-03 17:18:17,929 - services.database - DEBUG - [DB_OP] Starting database initialization
2026-05-03 17:18:17,929 - services.database - INFO - 🔧 Starting database initialization...
2026-05-03 17:18:17,930 - core.database - INFO - Starting database initialization...
2026-05-03 17:18:17,931 - core.database - INFO - Normalizing database URL for async compatibility...
2026-05-03 17:18:17,932 - core.database - DEBUG - Database exists:./app.db
2026-05-03 17:18:17,932 - core.database - INFO - Creating async database engine...
2026-05-03 17:18:17,933 - core.database - INFO - Using QueuePool with connection pooling for non-Lambda environment
2026-05-03 17:18:17,951 - core.database - INFO - Database engine created successfully
2026-05-03 17:18:17,952 - core.database - INFO - Creating async session maker...
2026-05-03 17:18:17,952 - core.database - INFO - Async session maker created successfully
2026-05-03 17:18:17,952 - core.database - INFO - Database connection initialized successfully
2026-05-03 17:18:17,952 - services.database - INFO - 🔧 Database connection initialized, now creating tables if tables not exist...
2026-05-03 17:18:17,952 - core.database - DEBUG - [DB_OP] Starting create_tables
2026-05-03 17:18:17,952 - core.database - INFO - 🔧 Starting table creation...
2026-05-03 17:18:17,952 - aiosqlite - DEBUG - executing <function connect.<locals>.connector at 0x00000205076D2B60>
2026-05-03 17:18:17,952 - aiosqlite - DEBUG - operation <function connect.<locals>.connector at 0x00000205076D2B60> completed
2026-05-03 17:18:17,952 - aiosqlite - DEBUG - executing functools.partial(<built-in method create_function of sqlite3.Connection object at 0x000002050769B4C0>, 'regexp', 2, <function SQLiteDialect_pysqlite.on_connect.<locals>.regexp at 0x00000205076D1EE0>, deterministic=True)
2026-05-03 17:18:17,952 - aiosqlite - DEBUG - operation functools.partial(<built-in method create_function of sqlite3.Connection object at 0x000002050769B4C0>, 'regexp', 2, <function SQLiteDialect_pysqlite.on_connect.<locals>.regexp at 0x00000205076D1EE0>, deterministic=True) completed
2026-05-03 17:18:17,957 - aiosqlite - DEBUG - executing functools.partial(<built-in method create_function of sqlite3.Connection object at 0x000002050769B4C0>, 'floor', 1, <built-in function floor>, deterministic=True)
2026-05-03 17:18:17,957 - aiosqlite - DEBUG - operation functools.partial(<built-in method create_function of sqlite3.Connection object at 0x000002050769B4C0>, 'floor', 1, <built-in function floor>, deterministic=True) completed
2026-05-03 17:18:17,957 - aiosqlite - DEBUG - executing functools.partial(<built-in method cursor of sqlite3.Connection object at 0x000002050769B4C0>)
2026-05-03 17:18:17,957 - aiosqlite - DEBUG - operation functools.partial(<built-in method cursor of sqlite3.Connection object at 0x000002050769B4C0>) completed
2026-05-03 17:18:17,957 - aiosqlite - DEBUG - executing functools.partial(<built-in method execute of sqlite3.Cursor object at 0x00000205076D4940>, 'PRAGMA read_uncommitted', [])
2026-05-03 17:18:17,957 - aiosqlite - DEBUG - operation functools.partial(<built-in method execute of sqlite3.Cursor object at 0x00000205076D4940>, 'PRAGMA read_uncommitted', []) completed
2026-05-03 17:18:17,957 - aiosqlite - DEBUG - executing functools.partial(<built-in method fetchall of sqlite3.Cursor object at 0x00000205076D4940>)
2026-05-03 17:18:17,957 - aiosqlite - DEBUG - operation functools.partial(<built-in method fetchall of sqlite3.Cursor object at 0x00000205076D4940>) completed
2026-05-03 17:18:17,959 - aiosqlite - DEBUG - executing functools.partial(<built-in method close of sqlite3.Cursor object at 0x00000205076D4940>)
2026-05-03 17:18:17,959 - aiosqlite - DEBUG - operation functools.partial(<built-in method close of sqlite3.Cursor object at 0x00000205076D4940>) completed
2026-05-03 17:18:17,959 - aiosqlite - DEBUG - executing functools.partial(<built-in method rollback of sqlite3.Connection object at 0x000002050769B4C0>)
2026-05-03 17:18:17,959 - aiosqlite - DEBUG - operation functools.partial(<built-in method rollback of sqlite3.Connection object at 0x000002050769B4C0>) completed
2026-05-03 17:18:17,959 - aiosqlite - DEBUG - executing functools.partial(<built-in method cursor of sqlite3.Connection object at 0x000002050769B4C0>)
2026-05-03 17:18:17,959 - aiosqlite - DEBUG - operation functools.partial(<built-in method cursor of sqlite3.Connection object at 0x000002050769B4C0>) completed
2026-05-03 17:18:17,959 - aiosqlite - DEBUG - executing functools.partial(<built-in method execute of sqlite3.Cursor object at 0x00000205076D49C0>, 'PRAGMA main.table_info("users")', ())
2026-05-03 17:18:17,959 - aiosqlite - DEBUG - operation functools.partial(<built-in method execute of sqlite3.Cursor object at 0x00000205076D49C0>, 'PRAGMA main.table_info("users")', ()) completed
2026-05-03 17:18:17,959 - aiosqlite - DEBUG - executing functools.partial(<built-in method fetchall of sqlite3.Cursor object at 0x00000205076D49C0>)
2026-05-03 17:18:17,959 - aiosqlite - DEBUG - operation functools.partial(<built-in method fetchall of sqlite3.Cursor object at 0x00000205076D49C0>) completed
2026-05-03 17:18:17,959 - aiosqlite - DEBUG - executing functools.partial(<built-in method close of sqlite3.Cursor object at 0x00000205076D49C0>)
2026-05-03 17:18:17,963 - aiosqlite - DEBUG - operation functools.partial(<built-in method close of sqlite3.Cursor object at 0x00000205076D49C0>) completed
2026-05-03 17:18:17,963 - aiosqlite - DEBUG - executing functools.partial(<built-in method cursor of sqlite3.Connection object at 0x000002050769B4C0>)
2026-05-03 17:18:17,963 - aiosqlite - DEBUG - operation functools.partial(<built-in method cursor of sqlite3.Connection object at 0x000002050769B4C0>) completed
2026-05-03 17:18:17,963 - aiosqlite - DEBUG - executing functools.partial(<built-in method execute of sqlite3.Cursor object at 0x00000205076D49C0>, 'PRAGMA main.table_info("oidc_states")', ())
2026-05-03 17:18:17,963 - aiosqlite - DEBUG - operation functools.partial(<built-in method execute of sqlite3.Cursor object at 0x00000205076D49C0>, 'PRAGMA main.table_info("oidc_states")', ()) completed
2026-05-03 17:18:17,963 - aiosqlite - DEBUG - executing functools.partial(<built-in method fetchall of sqlite3.Cursor object at 0x00000205076D49C0>)
2026-05-03 17:18:17,963 - aiosqlite - DEBUG - operation functools.partial(<built-in method fetchall of sqlite3.Cursor object at 0x00000205076D49C0>) completed
2026-05-03 17:18:17,963 - aiosqlite - DEBUG - executing functools.partial(<built-in method close of sqlite3.Cursor object at 0x00000205076D49C0>)
2026-05-03 17:18:17,963 - aiosqlite - DEBUG - operation functools.partial(<built-in method close of sqlite3.Cursor object at 0x00000205076D49C0>) completed
2026-05-03 17:18:17,963 - core.database - INFO - Tables initialized successfully
2026-05-03 17:18:17,963 - core.database - DEBUG - [DB_OP] Create tables completed in 0.0110s
2026-05-03 17:18:17,963 - aiosqlite - DEBUG - executing functools.partial(<built-in method commit of sqlite3.Connection object at 0x000002050769B4C0>)
2026-05-03 17:18:17,963 - aiosqlite - DEBUG - operation functools.partial(<built-in method commit of sqlite3.Connection object at 0x000002050769B4C0>) completed
2026-05-03 17:18:17,967 - aiosqlite - DEBUG - executing functools.partial(<built-in method rollback of sqlite3.Connection object at 0x000002050769B4C0>)
2026-05-03 17:18:17,967 - aiosqlite - DEBUG - operation functools.partial(<built-in method rollback of sqlite3.Connection object at 0x000002050769B4C0>) completed
2026-05-03 17:18:17,967 - services.database - INFO - 🔧 Table creation completed
2026-05-03 17:18:17,967 - services.database - INFO - Database initialized successfully
2026-05-03 17:18:17,967 - services.database - DEBUG - [DB_OP] Database initialization completed in 0.0374s
2026-05-03 17:18:17,967 - services.mock_data - INFO - mock_data directory not found, skipping mock initialization
2026-05-03 17:18:17,967 - services.database - DEBUG - [DB_OP] Starting database initialization
2026-05-03 17:18:17,967 - services.database - INFO - 🔧 Starting database initialization...
2026-05-03 17:18:17,967 - core.database - INFO - Starting database initialization...
2026-05-03 17:18:17,967 - core.database - INFO - Database already initialized
2026-05-03 17:18:17,967 - services.database - INFO - 🔧 Database connection initialized, now creating tables if tables not exist...
2026-05-03 17:18:17,967 - core.database - DEBUG - [DB_OP] Starting create_tables
2026-05-03 17:18:17,967 - core.database - INFO - Tables already initialized
2026-05-03 17:18:17,967 - services.database - INFO - 🔧 Table creation completed
2026-05-03 17:18:17,967 - services.database - INFO - Database initialized successfully
2026-05-03 17:18:17,967 - services.database - DEBUG - [DB_OP] Database initialization completed in 0.0000s
2026-05-03 17:18:17,967 - services.auth - WARNING - Admin user ID or email not configured, skipping admin initialization
2026-05-03 17:18:17,967 - main - INFO - === Application startup completed successfully ===
2026-05-03 17:18:18,081 - services.database - DEBUG - [DB_OP] Starting database close
2026-05-03 17:18:18,081 - aiosqlite - DEBUG - executing functools.partial(<built-in method close of sqlite3.Connection object at 0x000002050769B4C0>)
2026-05-03 17:18:18,081 - aiosqlite - DEBUG - operation functools.partial(<built-in method close of sqlite3.Connection object at 0x000002050769B4C0>) completed
2026-05-03 17:18:18,081 - aiosqlite - DEBUG - executing <function Connection.stop.<locals>.close_and_stop at 0x00000205076D2E80>
2026-05-03 17:18:18,081 - core.database - INFO - Database connection closed and engine disposed
2026-05-03 17:18:18,081 - aiosqlite - DEBUG - operation <function Connection.stop.<locals>.close_and_stop at 0x00000205076D2E80> completed
2026-05-03 17:18:18,081 - services.database - INFO - Database connections closed
2026-05-03 17:18:18,081 - services.database - DEBUG - [DB_OP] Database close completed in 0.0007s
