2026-05-03 17:05:38,435 - main - INFO - === Logging system initialized ===
2026-05-03 17:05:38,435 - main - INFO - Log file: logs/app_20260503_170538.log
2026-05-03 17:05:38,435 - main - INFO - Log level: INFO
2026-05-03 17:05:38,435 - main - INFO - Timestamp: 20260503_170538
2026-05-03 17:05:38,802 - main - INFO - Included router: routers.aihub.router
2026-05-03 17:05:38,818 - main - INFO - Included router: routers.auth.router
2026-05-03 17:05:38,818 - main - INFO - Included router: routers.health.router
2026-05-03 17:05:38,823 - main - INFO - Included router: routers.portfolio.router
2026-05-03 17:05:38,830 - main - INFO - Included router: routers.settings.router
2026-05-03 17:05:38,855 - main - INFO - Included router: routers.storage.router
2026-05-03 17:05:38,855 - main - INFO - Included router: routers.user.router
2026-05-03 17:05:38,862 - main - INFO - === Application startup initiated ===
2026-05-03 17:05:38,862 - services.database - DEBUG - [DB_OP] Starting database initialization
2026-05-03 17:05:38,862 - services.database - INFO - 🔧 Starting database initialization...
2026-05-03 17:05:38,862 - core.database - INFO - Starting database initialization...
2026-05-03 17:05:38,863 - core.database - INFO - Normalizing database URL for async compatibility...
2026-05-03 17:05:38,863 - core.database - DEBUG - Database exists:./app.db
2026-05-03 17:05:38,863 - core.database - INFO - Creating async database engine...
2026-05-03 17:05:38,864 - core.database - INFO - Using QueuePool with connection pooling for non-Lambda environment
2026-05-03 17:05:38,875 - core.database - INFO - Database engine created successfully
2026-05-03 17:05:38,875 - core.database - INFO - Creating async session maker...
2026-05-03 17:05:38,875 - core.database - INFO - Async session maker created successfully
2026-05-03 17:05:38,875 - core.database - INFO - Database connection initialized successfully
2026-05-03 17:05:38,875 - services.database - INFO - 🔧 Database connection initialized, now creating tables if tables not exist...
2026-05-03 17:05:38,875 - core.database - DEBUG - [DB_OP] Starting create_tables
2026-05-03 17:05:38,875 - core.database - INFO - 🔧 Starting table creation...
2026-05-03 17:05:38,875 - aiosqlite - DEBUG - executing <function connect.<locals>.connector at 0x0000021F4A51EC00>
2026-05-03 17:05:38,875 - aiosqlite - DEBUG - operation <function connect.<locals>.connector at 0x0000021F4A51EC00> completed
2026-05-03 17:05:38,875 - aiosqlite - DEBUG - executing functools.partial(<built-in method create_function of sqlite3.Connection object at 0x0000021F4A4F31F0>, 'regexp', 2, <function SQLiteDialect_pysqlite.on_connect.<locals>.regexp at 0x0000021F4A51DF80>, deterministic=True)
2026-05-03 17:05:38,875 - aiosqlite - DEBUG - operation functools.partial(<built-in method create_function of sqlite3.Connection object at 0x0000021F4A4F31F0>, 'regexp', 2, <function SQLiteDialect_pysqlite.on_connect.<locals>.regexp at 0x0000021F4A51DF80>, deterministic=True) completed
2026-05-03 17:05:38,875 - aiosqlite - DEBUG - executing functools.partial(<built-in method create_function of sqlite3.Connection object at 0x0000021F4A4F31F0>, 'floor', 1, <built-in function floor>, deterministic=True)
2026-05-03 17:05:38,875 - aiosqlite - DEBUG - operation functools.partial(<built-in method create_function of sqlite3.Connection object at 0x0000021F4A4F31F0>, 'floor', 1, <built-in function floor>, deterministic=True) completed
2026-05-03 17:05:38,875 - aiosqlite - DEBUG - executing functools.partial(<built-in method cursor of sqlite3.Connection object at 0x0000021F4A4F31F0>)
2026-05-03 17:05:38,875 - aiosqlite - DEBUG - operation functools.partial(<built-in method cursor of sqlite3.Connection object at 0x0000021F4A4F31F0>) completed
2026-05-03 17:05:38,875 - aiosqlite - DEBUG - executing functools.partial(<built-in method execute of sqlite3.Cursor object at 0x0000021F4A5246C0>, 'PRAGMA read_uncommitted', [])
2026-05-03 17:05:38,875 - aiosqlite - DEBUG - operation functools.partial(<built-in method execute of sqlite3.Cursor object at 0x0000021F4A5246C0>, 'PRAGMA read_uncommitted', []) completed
2026-05-03 17:05:38,875 - aiosqlite - DEBUG - executing functools.partial(<built-in method fetchall of sqlite3.Cursor object at 0x0000021F4A5246C0>)
2026-05-03 17:05:38,875 - aiosqlite - DEBUG - operation functools.partial(<built-in method fetchall of sqlite3.Cursor object at 0x0000021F4A5246C0>) completed
2026-05-03 17:05:38,875 - aiosqlite - DEBUG - executing functools.partial(<built-in method close of sqlite3.Cursor object at 0x0000021F4A5246C0>)
2026-05-03 17:05:38,875 - aiosqlite - DEBUG - operation functools.partial(<built-in method close of sqlite3.Cursor object at 0x0000021F4A5246C0>) completed
2026-05-03 17:05:38,875 - aiosqlite - DEBUG - executing functools.partial(<built-in method rollback of sqlite3.Connection object at 0x0000021F4A4F31F0>)
2026-05-03 17:05:38,875 - aiosqlite - DEBUG - operation functools.partial(<built-in method rollback of sqlite3.Connection object at 0x0000021F4A4F31F0>) completed
2026-05-03 17:05:38,875 - aiosqlite - DEBUG - executing functools.partial(<built-in method cursor of sqlite3.Connection object at 0x0000021F4A4F31F0>)
2026-05-03 17:05:38,875 - aiosqlite - DEBUG - operation functools.partial(<built-in method cursor of sqlite3.Connection object at 0x0000021F4A4F31F0>) completed
2026-05-03 17:05:38,875 - aiosqlite - DEBUG - executing functools.partial(<built-in method execute of sqlite3.Cursor object at 0x0000021F4A5246C0>, 'PRAGMA main.table_info("users")', ())
2026-05-03 17:05:38,875 - aiosqlite - DEBUG - operation functools.partial(<built-in method execute of sqlite3.Cursor object at 0x0000021F4A5246C0>, 'PRAGMA main.table_info("users")', ()) completed
2026-05-03 17:05:38,875 - aiosqlite - DEBUG - executing functools.partial(<built-in method fetchall of sqlite3.Cursor object at 0x0000021F4A5246C0>)
2026-05-03 17:05:38,882 - aiosqlite - DEBUG - operation functools.partial(<built-in method fetchall of sqlite3.Cursor object at 0x0000021F4A5246C0>) completed
2026-05-03 17:05:38,882 - aiosqlite - DEBUG - executing functools.partial(<built-in method close of sqlite3.Cursor object at 0x0000021F4A5246C0>)
2026-05-03 17:05:38,882 - aiosqlite - DEBUG - operation functools.partial(<built-in method close of sqlite3.Cursor object at 0x0000021F4A5246C0>) completed
2026-05-03 17:05:38,882 - aiosqlite - DEBUG - executing functools.partial(<built-in method cursor of sqlite3.Connection object at 0x0000021F4A4F31F0>)
2026-05-03 17:05:38,882 - aiosqlite - DEBUG - operation functools.partial(<built-in method cursor of sqlite3.Connection object at 0x0000021F4A4F31F0>) completed
2026-05-03 17:05:38,882 - aiosqlite - DEBUG - executing functools.partial(<built-in method execute of sqlite3.Cursor object at 0x0000021F4A5246C0>, 'PRAGMA main.table_info("oidc_states")', ())
2026-05-03 17:05:38,882 - aiosqlite - DEBUG - operation functools.partial(<built-in method execute of sqlite3.Cursor object at 0x0000021F4A5246C0>, 'PRAGMA main.table_info("oidc_states")', ()) completed
2026-05-03 17:05:38,883 - aiosqlite - DEBUG - executing functools.partial(<built-in method fetchall of sqlite3.Cursor object at 0x0000021F4A5246C0>)
2026-05-03 17:05:38,883 - aiosqlite - DEBUG - operation functools.partial(<built-in method fetchall of sqlite3.Cursor object at 0x0000021F4A5246C0>) completed
2026-05-03 17:05:38,883 - aiosqlite - DEBUG - executing functools.partial(<built-in method close of sqlite3.Cursor object at 0x0000021F4A5246C0>)
2026-05-03 17:05:38,883 - aiosqlite - DEBUG - operation functools.partial(<built-in method close of sqlite3.Cursor object at 0x0000021F4A5246C0>) completed
2026-05-03 17:05:38,884 - core.database - INFO - Tables initialized successfully
2026-05-03 17:05:38,884 - core.database - DEBUG - [DB_OP] Create tables completed in 0.0094s
2026-05-03 17:05:38,885 - aiosqlite - DEBUG - executing functools.partial(<built-in method commit of sqlite3.Connection object at 0x0000021F4A4F31F0>)
2026-05-03 17:05:38,885 - aiosqlite - DEBUG - operation functools.partial(<built-in method commit of sqlite3.Connection object at 0x0000021F4A4F31F0>) completed
2026-05-03 17:05:38,886 - aiosqlite - DEBUG - executing functools.partial(<built-in method rollback of sqlite3.Connection object at 0x0000021F4A4F31F0>)
2026-05-03 17:05:38,887 - aiosqlite - DEBUG - operation functools.partial(<built-in method rollback of sqlite3.Connection object at 0x0000021F4A4F31F0>) completed
2026-05-03 17:05:38,887 - services.database - INFO - 🔧 Table creation completed
2026-05-03 17:05:38,887 - services.database - INFO - Database initialized successfully
2026-05-03 17:05:38,887 - services.database - DEBUG - [DB_OP] Database initialization completed in 0.0248s
2026-05-03 17:05:38,887 - services.mock_data - INFO - mock_data directory not found, skipping mock initialization
2026-05-03 17:05:38,887 - services.database - DEBUG - [DB_OP] Starting database initialization
2026-05-03 17:05:38,887 - services.database - INFO - 🔧 Starting database initialization...
2026-05-03 17:05:38,887 - core.database - INFO - Starting database initialization...
2026-05-03 17:05:38,887 - core.database - INFO - Database already initialized
2026-05-03 17:05:38,888 - services.database - INFO - 🔧 Database connection initialized, now creating tables if tables not exist...
2026-05-03 17:05:38,888 - core.database - DEBUG - [DB_OP] Starting create_tables
2026-05-03 17:05:38,888 - core.database - INFO - Tables already initialized
2026-05-03 17:05:38,888 - services.database - INFO - 🔧 Table creation completed
2026-05-03 17:05:38,888 - services.database - INFO - Database initialized successfully
2026-05-03 17:05:38,888 - services.database - DEBUG - [DB_OP] Database initialization completed in 0.0010s
2026-05-03 17:05:38,888 - services.auth - WARNING - Admin user ID or email not configured, skipping admin initialization
2026-05-03 17:05:38,888 - main - INFO - === Application startup completed successfully ===
2026-05-03 17:05:59,798 - services.database - DEBUG - [DB_OP] Starting database close
2026-05-03 17:05:59,799 - aiosqlite - DEBUG - executing functools.partial(<built-in method close of sqlite3.Connection object at 0x0000021F4A4F31F0>)
2026-05-03 17:05:59,799 - aiosqlite - DEBUG - operation functools.partial(<built-in method close of sqlite3.Connection object at 0x0000021F4A4F31F0>) completed
2026-05-03 17:05:59,799 - aiosqlite - DEBUG - executing <function Connection.stop.<locals>.close_and_stop at 0x0000021F4A51EF20>
2026-05-03 17:05:59,799 - core.database - INFO - Database connection closed and engine disposed
2026-05-03 17:05:59,799 - aiosqlite - DEBUG - operation <function Connection.stop.<locals>.close_and_stop at 0x0000021F4A51EF20> completed
2026-05-03 17:05:59,799 - services.database - INFO - Database connections closed
2026-05-03 17:05:59,799 - services.database - DEBUG - [DB_OP] Database close completed in 0.0010s
