2026-05-03 17:03:49,383 - main - INFO - === Logging system initialized ===
2026-05-03 17:03:49,383 - main - INFO - Log file: logs/app_20260503_170349.log
2026-05-03 17:03:49,383 - main - INFO - Log level: INFO
2026-05-03 17:03:49,383 - main - INFO - Timestamp: 20260503_170349
2026-05-03 17:03:49,749 - main - INFO - Included router: routers.aihub.router
2026-05-03 17:03:49,764 - main - INFO - Included router: routers.auth.router
2026-05-03 17:03:49,765 - main - INFO - Included router: routers.health.router
2026-05-03 17:03:49,767 - main - INFO - Included router: routers.portfolio.router
2026-05-03 17:03:49,771 - main - INFO - Included router: routers.settings.router
2026-05-03 17:03:49,799 - main - INFO - Included router: routers.storage.router
2026-05-03 17:03:49,803 - main - INFO - Included router: routers.user.router
2026-05-03 17:03:49,804 - main - INFO - === Application startup initiated ===
2026-05-03 17:03:49,805 - services.database - DEBUG - [DB_OP] Starting database initialization
2026-05-03 17:03:49,805 - services.database - INFO - 🔧 Starting database initialization...
2026-05-03 17:03:49,805 - core.database - INFO - Starting database initialization...
2026-05-03 17:03:49,805 - core.database - INFO - Normalizing database URL for async compatibility...
2026-05-03 17:03:49,806 - core.database - DEBUG - Database exists:./app.db
2026-05-03 17:03:49,806 - core.database - INFO - Creating async database engine...
2026-05-03 17:03:49,806 - core.database - INFO - Using QueuePool with connection pooling for non-Lambda environment
2026-05-03 17:03:49,816 - core.database - INFO - Database engine created successfully
2026-05-03 17:03:49,816 - core.database - INFO - Creating async session maker...
2026-05-03 17:03:49,816 - core.database - INFO - Async session maker created successfully
2026-05-03 17:03:49,816 - core.database - INFO - Database connection initialized successfully
2026-05-03 17:03:49,816 - services.database - INFO - 🔧 Database connection initialized, now creating tables if tables not exist...
2026-05-03 17:03:49,816 - core.database - DEBUG - [DB_OP] Starting create_tables
2026-05-03 17:03:49,816 - core.database - INFO - 🔧 Starting table creation...
2026-05-03 17:03:49,816 - aiosqlite - DEBUG - executing <function connect.<locals>.connector at 0x000001ED7ACC2B60>
2026-05-03 17:03:49,816 - aiosqlite - DEBUG - operation <function connect.<locals>.connector at 0x000001ED7ACC2B60> completed
2026-05-03 17:03:49,816 - aiosqlite - DEBUG - executing functools.partial(<built-in method create_function of sqlite3.Connection object at 0x000001ED7AC931F0>, 'regexp', 2, <function SQLiteDialect_pysqlite.on_connect.<locals>.regexp at 0x000001ED7ACC1EE0>, deterministic=True)
2026-05-03 17:03:49,816 - aiosqlite - DEBUG - operation functools.partial(<built-in method create_function of sqlite3.Connection object at 0x000001ED7AC931F0>, 'regexp', 2, <function SQLiteDialect_pysqlite.on_connect.<locals>.regexp at 0x000001ED7ACC1EE0>, deterministic=True) completed
2026-05-03 17:03:49,816 - aiosqlite - DEBUG - executing functools.partial(<built-in method create_function of sqlite3.Connection object at 0x000001ED7AC931F0>, 'floor', 1, <built-in function floor>, deterministic=True)
2026-05-03 17:03:49,816 - aiosqlite - DEBUG - operation functools.partial(<built-in method create_function of sqlite3.Connection object at 0x000001ED7AC931F0>, 'floor', 1, <built-in function floor>, deterministic=True) completed
2026-05-03 17:03:49,819 - aiosqlite - DEBUG - executing functools.partial(<built-in method cursor of sqlite3.Connection object at 0x000001ED7AC931F0>)
2026-05-03 17:03:49,819 - aiosqlite - DEBUG - operation functools.partial(<built-in method cursor of sqlite3.Connection object at 0x000001ED7AC931F0>) completed
2026-05-03 17:03:49,819 - aiosqlite - DEBUG - executing functools.partial(<built-in method execute of sqlite3.Cursor object at 0x000001ED7ACCC540>, 'PRAGMA read_uncommitted', [])
2026-05-03 17:03:49,819 - aiosqlite - DEBUG - operation functools.partial(<built-in method execute of sqlite3.Cursor object at 0x000001ED7ACCC540>, 'PRAGMA read_uncommitted', []) completed
2026-05-03 17:03:49,819 - aiosqlite - DEBUG - executing functools.partial(<built-in method fetchall of sqlite3.Cursor object at 0x000001ED7ACCC540>)
2026-05-03 17:03:49,819 - aiosqlite - DEBUG - operation functools.partial(<built-in method fetchall of sqlite3.Cursor object at 0x000001ED7ACCC540>) completed
2026-05-03 17:03:49,819 - aiosqlite - DEBUG - executing functools.partial(<built-in method close of sqlite3.Cursor object at 0x000001ED7ACCC540>)
2026-05-03 17:03:49,821 - aiosqlite - DEBUG - operation functools.partial(<built-in method close of sqlite3.Cursor object at 0x000001ED7ACCC540>) completed
2026-05-03 17:03:49,821 - aiosqlite - DEBUG - executing functools.partial(<built-in method rollback of sqlite3.Connection object at 0x000001ED7AC931F0>)
2026-05-03 17:03:49,821 - aiosqlite - DEBUG - operation functools.partial(<built-in method rollback of sqlite3.Connection object at 0x000001ED7AC931F0>) completed
2026-05-03 17:03:49,821 - aiosqlite - DEBUG - executing functools.partial(<built-in method cursor of sqlite3.Connection object at 0x000001ED7AC931F0>)
2026-05-03 17:03:49,822 - aiosqlite - DEBUG - operation functools.partial(<built-in method cursor of sqlite3.Connection object at 0x000001ED7AC931F0>) completed
2026-05-03 17:03:49,822 - aiosqlite - DEBUG - executing functools.partial(<built-in method execute of sqlite3.Cursor object at 0x000001ED7ACCC5C0>, 'PRAGMA main.table_info("users")', ())
2026-05-03 17:03:49,823 - aiosqlite - DEBUG - operation functools.partial(<built-in method execute of sqlite3.Cursor object at 0x000001ED7ACCC5C0>, 'PRAGMA main.table_info("users")', ()) completed
2026-05-03 17:03:49,823 - aiosqlite - DEBUG - executing functools.partial(<built-in method fetchall of sqlite3.Cursor object at 0x000001ED7ACCC5C0>)
2026-05-03 17:03:49,823 - aiosqlite - DEBUG - operation functools.partial(<built-in method fetchall of sqlite3.Cursor object at 0x000001ED7ACCC5C0>) completed
2026-05-03 17:03:49,823 - aiosqlite - DEBUG - executing functools.partial(<built-in method close of sqlite3.Cursor object at 0x000001ED7ACCC5C0>)
2026-05-03 17:03:49,824 - aiosqlite - DEBUG - operation functools.partial(<built-in method close of sqlite3.Cursor object at 0x000001ED7ACCC5C0>) completed
2026-05-03 17:03:49,824 - aiosqlite - DEBUG - executing functools.partial(<built-in method cursor of sqlite3.Connection object at 0x000001ED7AC931F0>)
2026-05-03 17:03:49,824 - aiosqlite - DEBUG - operation functools.partial(<built-in method cursor of sqlite3.Connection object at 0x000001ED7AC931F0>) completed
2026-05-03 17:03:49,825 - aiosqlite - DEBUG - executing functools.partial(<built-in method execute of sqlite3.Cursor object at 0x000001ED7ACCC5C0>, 'PRAGMA main.table_info("oidc_states")', ())
2026-05-03 17:03:49,825 - aiosqlite - DEBUG - operation functools.partial(<built-in method execute of sqlite3.Cursor object at 0x000001ED7ACCC5C0>, 'PRAGMA main.table_info("oidc_states")', ()) completed
2026-05-03 17:03:49,825 - aiosqlite - DEBUG - executing functools.partial(<built-in method fetchall of sqlite3.Cursor object at 0x000001ED7ACCC5C0>)
2026-05-03 17:03:49,825 - aiosqlite - DEBUG - operation functools.partial(<built-in method fetchall of sqlite3.Cursor object at 0x000001ED7ACCC5C0>) completed
2026-05-03 17:03:49,825 - aiosqlite - DEBUG - executing functools.partial(<built-in method close of sqlite3.Cursor object at 0x000001ED7ACCC5C0>)
2026-05-03 17:03:49,825 - aiosqlite - DEBUG - operation functools.partial(<built-in method close of sqlite3.Cursor object at 0x000001ED7ACCC5C0>) completed
2026-05-03 17:03:49,826 - core.database - INFO - Tables initialized successfully
2026-05-03 17:03:49,826 - core.database - DEBUG - [DB_OP] Create tables completed in 0.0096s
2026-05-03 17:03:49,826 - aiosqlite - DEBUG - executing functools.partial(<built-in method commit of sqlite3.Connection object at 0x000001ED7AC931F0>)
2026-05-03 17:03:49,826 - aiosqlite - DEBUG - operation functools.partial(<built-in method commit of sqlite3.Connection object at 0x000001ED7AC931F0>) completed
2026-05-03 17:03:49,827 - aiosqlite - DEBUG - executing functools.partial(<built-in method rollback of sqlite3.Connection object at 0x000001ED7AC931F0>)
2026-05-03 17:03:49,827 - services.database - INFO - 🔧 Table creation completed
2026-05-03 17:03:49,827 - aiosqlite - DEBUG - operation functools.partial(<built-in method rollback of sqlite3.Connection object at 0x000001ED7AC931F0>) completed
2026-05-03 17:03:49,827 - services.database - INFO - Database initialized successfully
2026-05-03 17:03:49,827 - services.database - DEBUG - [DB_OP] Database initialization completed in 0.0220s
2026-05-03 17:03:49,827 - services.mock_data - INFO - mock_data directory not found, skipping mock initialization
2026-05-03 17:03:49,827 - services.database - DEBUG - [DB_OP] Starting database initialization
2026-05-03 17:03:49,827 - services.database - INFO - 🔧 Starting database initialization...
2026-05-03 17:03:49,828 - core.database - INFO - Starting database initialization...
2026-05-03 17:03:49,828 - core.database - INFO - Database already initialized
2026-05-03 17:03:49,828 - services.database - INFO - 🔧 Database connection initialized, now creating tables if tables not exist...
2026-05-03 17:03:49,828 - core.database - DEBUG - [DB_OP] Starting create_tables
2026-05-03 17:03:49,828 - core.database - INFO - Tables already initialized
2026-05-03 17:03:49,828 - services.database - INFO - 🔧 Table creation completed
2026-05-03 17:03:49,828 - services.database - INFO - Database initialized successfully
2026-05-03 17:03:49,828 - services.database - DEBUG - [DB_OP] Database initialization completed in 0.0010s
2026-05-03 17:03:49,828 - services.auth - WARNING - Admin user ID or email not configured, skipping admin initialization
2026-05-03 17:03:49,828 - main - INFO - === Application startup completed successfully ===
2026-05-03 17:03:59,714 - services.database - DEBUG - [DB_OP] Starting database close
2026-05-03 17:03:59,714 - aiosqlite - DEBUG - executing functools.partial(<built-in method close of sqlite3.Connection object at 0x000001ED7AC931F0>)
2026-05-03 17:03:59,714 - aiosqlite - DEBUG - operation functools.partial(<built-in method close of sqlite3.Connection object at 0x000001ED7AC931F0>) completed
2026-05-03 17:03:59,714 - aiosqlite - DEBUG - executing <function Connection.stop.<locals>.close_and_stop at 0x000001ED7ACC2E80>
2026-05-03 17:03:59,714 - aiosqlite - DEBUG - operation <function Connection.stop.<locals>.close_and_stop at 0x000001ED7ACC2E80> completed
2026-05-03 17:03:59,714 - core.database - INFO - Database connection closed and engine disposed
2026-05-03 17:03:59,714 - services.database - INFO - Database connections closed
2026-05-03 17:03:59,714 - services.database - DEBUG - [DB_OP] Database close completed in 0.0000s
