2026-05-03 17:10:17,604 - main - INFO - === Logging system initialized ===
2026-05-03 17:10:17,604 - main - INFO - Log file: logs/app_20260503_171017.log
2026-05-03 17:10:17,604 - main - INFO - Log level: INFO
2026-05-03 17:10:17,604 - main - INFO - Timestamp: 20260503_171017
2026-05-03 17:10:17,948 - main - INFO - Included router: routers.aihub.router
2026-05-03 17:10:17,948 - main - INFO - Included router: routers.auth.router
2026-05-03 17:10:17,948 - main - INFO - Included router: routers.health.router
2026-05-03 17:10:17,961 - main - INFO - Included router: routers.portfolio.router
2026-05-03 17:10:17,973 - main - INFO - Included router: routers.settings.router
2026-05-03 17:10:17,981 - main - INFO - Included router: routers.storage.router
2026-05-03 17:10:17,996 - main - INFO - Included router: routers.user.router
2026-05-03 17:10:17,997 - main - INFO - === Application startup initiated ===
2026-05-03 17:10:17,998 - services.database - DEBUG - [DB_OP] Starting database initialization
2026-05-03 17:10:17,998 - services.database - INFO - 🔧 Starting database initialization...
2026-05-03 17:10:17,998 - core.database - INFO - Starting database initialization...
2026-05-03 17:10:17,998 - core.database - INFO - Normalizing database URL for async compatibility...
2026-05-03 17:10:17,998 - core.database - DEBUG - Database exists:./app.db
2026-05-03 17:10:17,999 - core.database - INFO - Creating async database engine...
2026-05-03 17:10:17,999 - core.database - INFO - Using QueuePool with connection pooling for non-Lambda environment
2026-05-03 17:10:18,004 - core.database - INFO - Database engine created successfully
2026-05-03 17:10:18,004 - core.database - INFO - Creating async session maker...
2026-05-03 17:10:18,004 - core.database - INFO - Async session maker created successfully
2026-05-03 17:10:18,004 - core.database - INFO - Database connection initialized successfully
2026-05-03 17:10:18,004 - services.database - INFO - 🔧 Database connection initialized, now creating tables if tables not exist...
2026-05-03 17:10:18,004 - core.database - DEBUG - [DB_OP] Starting create_tables
2026-05-03 17:10:18,004 - core.database - INFO - 🔧 Starting table creation...
2026-05-03 17:10:18,010 - aiosqlite - DEBUG - executing <function connect.<locals>.connector at 0x00000238C228EC00>
2026-05-03 17:10:18,010 - aiosqlite - DEBUG - operation <function connect.<locals>.connector at 0x00000238C228EC00> completed
2026-05-03 17:10:18,011 - aiosqlite - DEBUG - executing functools.partial(<built-in method create_function of sqlite3.Connection object at 0x00000238C225F1F0>, 'regexp', 2, <function SQLiteDialect_pysqlite.on_connect.<locals>.regexp at 0x00000238C228DF80>, deterministic=True)
2026-05-03 17:10:18,011 - aiosqlite - DEBUG - operation functools.partial(<built-in method create_function of sqlite3.Connection object at 0x00000238C225F1F0>, 'regexp', 2, <function SQLiteDialect_pysqlite.on_connect.<locals>.regexp at 0x00000238C228DF80>, deterministic=True) completed
2026-05-03 17:10:18,011 - aiosqlite - DEBUG - executing functools.partial(<built-in method create_function of sqlite3.Connection object at 0x00000238C225F1F0>, 'floor', 1, <built-in function floor>, deterministic=True)
2026-05-03 17:10:18,012 - aiosqlite - DEBUG - operation functools.partial(<built-in method create_function of sqlite3.Connection object at 0x00000238C225F1F0>, 'floor', 1, <built-in function floor>, deterministic=True) completed
2026-05-03 17:10:18,012 - aiosqlite - DEBUG - executing functools.partial(<built-in method cursor of sqlite3.Connection object at 0x00000238C225F1F0>)
2026-05-03 17:10:18,013 - aiosqlite - DEBUG - operation functools.partial(<built-in method cursor of sqlite3.Connection object at 0x00000238C225F1F0>) completed
2026-05-03 17:10:18,013 - aiosqlite - DEBUG - executing functools.partial(<built-in method execute of sqlite3.Cursor object at 0x00000238C22946C0>, 'PRAGMA read_uncommitted', [])
2026-05-03 17:10:18,014 - aiosqlite - DEBUG - operation functools.partial(<built-in method execute of sqlite3.Cursor object at 0x00000238C22946C0>, 'PRAGMA read_uncommitted', []) completed
2026-05-03 17:10:18,014 - aiosqlite - DEBUG - executing functools.partial(<built-in method fetchall of sqlite3.Cursor object at 0x00000238C22946C0>)
2026-05-03 17:10:18,014 - aiosqlite - DEBUG - operation functools.partial(<built-in method fetchall of sqlite3.Cursor object at 0x00000238C22946C0>) completed
2026-05-03 17:10:18,014 - aiosqlite - DEBUG - executing functools.partial(<built-in method close of sqlite3.Cursor object at 0x00000238C22946C0>)
2026-05-03 17:10:18,014 - aiosqlite - DEBUG - operation functools.partial(<built-in method close of sqlite3.Cursor object at 0x00000238C22946C0>) completed
2026-05-03 17:10:18,014 - aiosqlite - DEBUG - executing functools.partial(<built-in method rollback of sqlite3.Connection object at 0x00000238C225F1F0>)
2026-05-03 17:10:18,014 - aiosqlite - DEBUG - operation functools.partial(<built-in method rollback of sqlite3.Connection object at 0x00000238C225F1F0>) completed
2026-05-03 17:10:18,016 - aiosqlite - DEBUG - executing functools.partial(<built-in method cursor of sqlite3.Connection object at 0x00000238C225F1F0>)
2026-05-03 17:10:18,016 - aiosqlite - DEBUG - operation functools.partial(<built-in method cursor of sqlite3.Connection object at 0x00000238C225F1F0>) completed
2026-05-03 17:10:18,016 - aiosqlite - DEBUG - executing functools.partial(<built-in method execute of sqlite3.Cursor object at 0x00000238C22946C0>, 'PRAGMA main.table_info("users")', ())
2026-05-03 17:10:18,018 - aiosqlite - DEBUG - operation functools.partial(<built-in method execute of sqlite3.Cursor object at 0x00000238C22946C0>, 'PRAGMA main.table_info("users")', ()) completed
2026-05-03 17:10:18,018 - aiosqlite - DEBUG - executing functools.partial(<built-in method fetchall of sqlite3.Cursor object at 0x00000238C22946C0>)
2026-05-03 17:10:18,019 - aiosqlite - DEBUG - operation functools.partial(<built-in method fetchall of sqlite3.Cursor object at 0x00000238C22946C0>) completed
2026-05-03 17:10:18,019 - aiosqlite - DEBUG - executing functools.partial(<built-in method close of sqlite3.Cursor object at 0x00000238C22946C0>)
2026-05-03 17:10:18,019 - aiosqlite - DEBUG - operation functools.partial(<built-in method close of sqlite3.Cursor object at 0x00000238C22946C0>) completed
2026-05-03 17:10:18,019 - aiosqlite - DEBUG - executing functools.partial(<built-in method cursor of sqlite3.Connection object at 0x00000238C225F1F0>)
2026-05-03 17:10:18,019 - aiosqlite - DEBUG - operation functools.partial(<built-in method cursor of sqlite3.Connection object at 0x00000238C225F1F0>) completed
2026-05-03 17:10:18,021 - aiosqlite - DEBUG - executing functools.partial(<built-in method execute of sqlite3.Cursor object at 0x00000238C22946C0>, 'PRAGMA main.table_info("oidc_states")', ())
2026-05-03 17:10:18,021 - aiosqlite - DEBUG - operation functools.partial(<built-in method execute of sqlite3.Cursor object at 0x00000238C22946C0>, 'PRAGMA main.table_info("oidc_states")', ()) completed
2026-05-03 17:10:18,021 - aiosqlite - DEBUG - executing functools.partial(<built-in method fetchall of sqlite3.Cursor object at 0x00000238C22946C0>)
2026-05-03 17:10:18,021 - aiosqlite - DEBUG - operation functools.partial(<built-in method fetchall of sqlite3.Cursor object at 0x00000238C22946C0>) completed
2026-05-03 17:10:18,022 - aiosqlite - DEBUG - executing functools.partial(<built-in method close of sqlite3.Cursor object at 0x00000238C22946C0>)
2026-05-03 17:10:18,022 - core.database - INFO - Tables initialized successfully
2026-05-03 17:10:18,022 - aiosqlite - DEBUG - operation functools.partial(<built-in method close of sqlite3.Cursor object at 0x00000238C22946C0>) completed
2026-05-03 17:10:18,022 - core.database - DEBUG - [DB_OP] Create tables completed in 0.0171s
2026-05-03 17:10:18,022 - aiosqlite - DEBUG - executing functools.partial(<built-in method commit of sqlite3.Connection object at 0x00000238C225F1F0>)
2026-05-03 17:10:18,022 - aiosqlite - DEBUG - operation functools.partial(<built-in method commit of sqlite3.Connection object at 0x00000238C225F1F0>) completed
2026-05-03 17:10:18,022 - aiosqlite - DEBUG - executing functools.partial(<built-in method rollback of sqlite3.Connection object at 0x00000238C225F1F0>)
2026-05-03 17:10:18,022 - aiosqlite - DEBUG - operation functools.partial(<built-in method rollback of sqlite3.Connection object at 0x00000238C225F1F0>) completed
2026-05-03 17:10:18,022 - services.database - INFO - 🔧 Table creation completed
2026-05-03 17:10:18,022 - services.database - INFO - Database initialized successfully
2026-05-03 17:10:18,022 - services.database - DEBUG - [DB_OP] Database initialization completed in 0.0237s
2026-05-03 17:10:18,022 - services.mock_data - INFO - mock_data directory not found, skipping mock initialization
2026-05-03 17:10:18,022 - services.database - DEBUG - [DB_OP] Starting database initialization
2026-05-03 17:10:18,022 - services.database - INFO - 🔧 Starting database initialization...
2026-05-03 17:10:18,022 - core.database - INFO - Starting database initialization...
2026-05-03 17:10:18,025 - core.database - INFO - Database already initialized
2026-05-03 17:10:18,025 - services.database - INFO - 🔧 Database connection initialized, now creating tables if tables not exist...
2026-05-03 17:10:18,025 - core.database - DEBUG - [DB_OP] Starting create_tables
2026-05-03 17:10:18,025 - core.database - INFO - Tables already initialized
2026-05-03 17:10:18,025 - services.database - INFO - 🔧 Table creation completed
2026-05-03 17:10:18,025 - services.database - INFO - Database initialized successfully
2026-05-03 17:10:18,025 - services.database - DEBUG - [DB_OP] Database initialization completed in 0.0031s
2026-05-03 17:10:18,025 - services.auth - WARNING - Admin user ID or email not configured, skipping admin initialization
2026-05-03 17:10:18,025 - main - INFO - === Application startup completed successfully ===
2026-05-03 17:10:27,012 - services.database - DEBUG - [DB_OP] Starting database close
2026-05-03 17:10:27,012 - aiosqlite - DEBUG - executing functools.partial(<built-in method close of sqlite3.Connection object at 0x00000238C225F1F0>)
2026-05-03 17:10:27,013 - aiosqlite - DEBUG - operation functools.partial(<built-in method close of sqlite3.Connection object at 0x00000238C225F1F0>) completed
2026-05-03 17:10:27,013 - aiosqlite - DEBUG - executing <function Connection.stop.<locals>.close_and_stop at 0x00000238C228EF20>
2026-05-03 17:10:27,013 - aiosqlite - DEBUG - operation <function Connection.stop.<locals>.close_and_stop at 0x00000238C228EF20> completed
2026-05-03 17:10:27,013 - core.database - INFO - Database connection closed and engine disposed
2026-05-03 17:10:27,013 - services.database - INFO - Database connections closed
2026-05-03 17:10:27,013 - services.database - DEBUG - [DB_OP] Database close completed in 0.0009s
