2026-05-10 18:37:25,983 - main - INFO - === Logging system initialized ===
2026-05-10 18:37:25,983 - main - INFO - Log file: logs/app_20260510_183725.log
2026-05-10 18:37:25,983 - main - INFO - Log level: INFO
2026-05-10 18:37:25,983 - main - INFO - Timestamp: 20260510_183725
2026-05-10 18:37:26,559 - main - INFO - Included router: routers.aihub.router
2026-05-10 18:37:26,575 - main - INFO - Included router: routers.auth.router
2026-05-10 18:37:26,575 - main - INFO - Included router: routers.health.router
2026-05-10 18:37:26,585 - main - INFO - Included router: routers.portfolio.router
2026-05-10 18:37:26,609 - main - INFO - Included router: routers.settings.router
2026-05-10 18:37:26,644 - main - INFO - Included router: routers.storage.router
2026-05-10 18:37:26,649 - main - INFO - Included router: routers.user.router
2026-05-10 18:37:26,652 - main - INFO - === Application startup initiated ===
2026-05-10 18:37:26,652 - services.database - DEBUG - [DB_OP] Starting database initialization
2026-05-10 18:37:26,652 - services.database - INFO - 🔧 Starting database initialization...
2026-05-10 18:37:26,652 - core.database - INFO - Starting database initialization...
2026-05-10 18:37:26,652 - core.database - INFO - Normalizing database URL for async compatibility...
2026-05-10 18:37:26,653 - core.database - DEBUG - Database exists:./app.db
2026-05-10 18:37:26,653 - core.database - INFO - Creating async database engine...
2026-05-10 18:37:26,653 - core.database - INFO - Using QueuePool with connection pooling for non-Lambda environment
2026-05-10 18:37:26,666 - core.database - INFO - Database engine created successfully
2026-05-10 18:37:26,666 - core.database - INFO - Creating async session maker...
2026-05-10 18:37:26,666 - core.database - INFO - Async session maker created successfully
2026-05-10 18:37:26,666 - core.database - INFO - Database connection initialized successfully
2026-05-10 18:37:26,666 - services.database - INFO - 🔧 Database connection initialized, now creating tables if tables not exist...
2026-05-10 18:37:26,666 - core.database - DEBUG - [DB_OP] Starting create_tables
2026-05-10 18:37:26,666 - core.database - INFO - 🔧 Starting table creation...
2026-05-10 18:37:26,666 - aiosqlite - DEBUG - executing <function connect.<locals>.connector at 0x0000026BC3A9EC00>
2026-05-10 18:37:26,674 - aiosqlite - DEBUG - operation <function connect.<locals>.connector at 0x0000026BC3A9EC00> completed
2026-05-10 18:37:26,674 - aiosqlite - DEBUG - executing functools.partial(<built-in method create_function of sqlite3.Connection object at 0x0000026BC3AA17B0>, 'regexp', 2, <function SQLiteDialect_pysqlite.on_connect.<locals>.regexp at 0x0000026BC3A9DF80>, deterministic=True)
2026-05-10 18:37:26,674 - aiosqlite - DEBUG - operation functools.partial(<built-in method create_function of sqlite3.Connection object at 0x0000026BC3AA17B0>, 'regexp', 2, <function SQLiteDialect_pysqlite.on_connect.<locals>.regexp at 0x0000026BC3A9DF80>, deterministic=True) completed
2026-05-10 18:37:26,674 - aiosqlite - DEBUG - executing functools.partial(<built-in method create_function of sqlite3.Connection object at 0x0000026BC3AA17B0>, 'floor', 1, <built-in function floor>, deterministic=True)
2026-05-10 18:37:26,674 - aiosqlite - DEBUG - operation functools.partial(<built-in method create_function of sqlite3.Connection object at 0x0000026BC3AA17B0>, 'floor', 1, <built-in function floor>, deterministic=True) completed
2026-05-10 18:37:26,674 - aiosqlite - DEBUG - executing functools.partial(<built-in method cursor of sqlite3.Connection object at 0x0000026BC3AA17B0>)
2026-05-10 18:37:26,674 - aiosqlite - DEBUG - operation functools.partial(<built-in method cursor of sqlite3.Connection object at 0x0000026BC3AA17B0>) completed
2026-05-10 18:37:26,674 - aiosqlite - DEBUG - executing functools.partial(<built-in method execute of sqlite3.Cursor object at 0x0000026BC3AAC040>, 'PRAGMA read_uncommitted', [])
2026-05-10 18:37:26,674 - aiosqlite - DEBUG - operation functools.partial(<built-in method execute of sqlite3.Cursor object at 0x0000026BC3AAC040>, 'PRAGMA read_uncommitted', []) completed
2026-05-10 18:37:26,674 - aiosqlite - DEBUG - executing functools.partial(<built-in method fetchall of sqlite3.Cursor object at 0x0000026BC3AAC040>)
2026-05-10 18:37:26,678 - aiosqlite - DEBUG - operation functools.partial(<built-in method fetchall of sqlite3.Cursor object at 0x0000026BC3AAC040>) completed
2026-05-10 18:37:26,678 - aiosqlite - DEBUG - executing functools.partial(<built-in method close of sqlite3.Cursor object at 0x0000026BC3AAC040>)
2026-05-10 18:37:26,678 - aiosqlite - DEBUG - operation functools.partial(<built-in method close of sqlite3.Cursor object at 0x0000026BC3AAC040>) completed
2026-05-10 18:37:26,678 - aiosqlite - DEBUG - executing functools.partial(<built-in method rollback of sqlite3.Connection object at 0x0000026BC3AA17B0>)
2026-05-10 18:37:26,678 - aiosqlite - DEBUG - operation functools.partial(<built-in method rollback of sqlite3.Connection object at 0x0000026BC3AA17B0>) completed
2026-05-10 18:37:26,678 - aiosqlite - DEBUG - executing functools.partial(<built-in method cursor of sqlite3.Connection object at 0x0000026BC3AA17B0>)
2026-05-10 18:37:26,678 - aiosqlite - DEBUG - operation functools.partial(<built-in method cursor of sqlite3.Connection object at 0x0000026BC3AA17B0>) completed
2026-05-10 18:37:26,678 - aiosqlite - DEBUG - executing functools.partial(<built-in method execute of sqlite3.Cursor object at 0x0000026BC3AAC040>, 'PRAGMA main.table_info("users")', ())
2026-05-10 18:37:26,678 - aiosqlite - DEBUG - operation functools.partial(<built-in method execute of sqlite3.Cursor object at 0x0000026BC3AAC040>, 'PRAGMA main.table_info("users")', ()) completed
2026-05-10 18:37:26,678 - aiosqlite - DEBUG - executing functools.partial(<built-in method fetchall of sqlite3.Cursor object at 0x0000026BC3AAC040>)
2026-05-10 18:37:26,678 - aiosqlite - DEBUG - operation functools.partial(<built-in method fetchall of sqlite3.Cursor object at 0x0000026BC3AAC040>) completed
2026-05-10 18:37:26,682 - aiosqlite - DEBUG - executing functools.partial(<built-in method close of sqlite3.Cursor object at 0x0000026BC3AAC040>)
2026-05-10 18:37:26,682 - aiosqlite - DEBUG - operation functools.partial(<built-in method close of sqlite3.Cursor object at 0x0000026BC3AAC040>) completed
2026-05-10 18:37:26,684 - aiosqlite - DEBUG - executing functools.partial(<built-in method cursor of sqlite3.Connection object at 0x0000026BC3AA17B0>)
2026-05-10 18:37:26,684 - aiosqlite - DEBUG - operation functools.partial(<built-in method cursor of sqlite3.Connection object at 0x0000026BC3AA17B0>) completed
2026-05-10 18:37:26,684 - aiosqlite - DEBUG - executing functools.partial(<built-in method execute of sqlite3.Cursor object at 0x0000026BC3AAC040>, 'PRAGMA main.table_info("oidc_states")', ())
2026-05-10 18:37:26,684 - aiosqlite - DEBUG - operation functools.partial(<built-in method execute of sqlite3.Cursor object at 0x0000026BC3AAC040>, 'PRAGMA main.table_info("oidc_states")', ()) completed
2026-05-10 18:37:26,684 - aiosqlite - DEBUG - executing functools.partial(<built-in method fetchall of sqlite3.Cursor object at 0x0000026BC3AAC040>)
2026-05-10 18:37:26,684 - aiosqlite - DEBUG - operation functools.partial(<built-in method fetchall of sqlite3.Cursor object at 0x0000026BC3AAC040>) completed
2026-05-10 18:37:26,684 - aiosqlite - DEBUG - executing functools.partial(<built-in method close of sqlite3.Cursor object at 0x0000026BC3AAC040>)
2026-05-10 18:37:26,684 - aiosqlite - DEBUG - operation functools.partial(<built-in method close of sqlite3.Cursor object at 0x0000026BC3AAC040>) completed
2026-05-10 18:37:26,684 - core.database - INFO - Tables initialized successfully
2026-05-10 18:37:26,684 - core.database - DEBUG - [DB_OP] Create tables completed in 0.0186s
2026-05-10 18:37:26,684 - aiosqlite - DEBUG - executing functools.partial(<built-in method commit of sqlite3.Connection object at 0x0000026BC3AA17B0>)
2026-05-10 18:37:26,684 - aiosqlite - DEBUG - operation functools.partial(<built-in method commit of sqlite3.Connection object at 0x0000026BC3AA17B0>) completed
2026-05-10 18:37:26,684 - aiosqlite - DEBUG - executing functools.partial(<built-in method rollback of sqlite3.Connection object at 0x0000026BC3AA17B0>)
2026-05-10 18:37:26,684 - services.database - INFO - 🔧 Table creation completed
2026-05-10 18:37:26,684 - aiosqlite - DEBUG - operation functools.partial(<built-in method rollback of sqlite3.Connection object at 0x0000026BC3AA17B0>) completed
2026-05-10 18:37:26,684 - services.database - INFO - Database initialized successfully
2026-05-10 18:37:26,684 - services.database - DEBUG - [DB_OP] Database initialization completed in 0.0325s
2026-05-10 18:37:26,690 - services.mock_data - INFO - mock_data directory not found, skipping mock initialization
2026-05-10 18:37:26,690 - services.database - DEBUG - [DB_OP] Starting database initialization
2026-05-10 18:37:26,690 - services.database - INFO - 🔧 Starting database initialization...
2026-05-10 18:37:26,690 - core.database - INFO - Starting database initialization...
2026-05-10 18:37:26,690 - core.database - INFO - Database already initialized
2026-05-10 18:37:26,690 - services.database - INFO - 🔧 Database connection initialized, now creating tables if tables not exist...
2026-05-10 18:37:26,690 - core.database - DEBUG - [DB_OP] Starting create_tables
2026-05-10 18:37:26,690 - core.database - INFO - Tables already initialized
2026-05-10 18:37:26,690 - services.database - INFO - 🔧 Table creation completed
2026-05-10 18:37:26,690 - services.database - INFO - Database initialized successfully
2026-05-10 18:37:26,690 - services.database - DEBUG - [DB_OP] Database initialization completed in 0.0000s
2026-05-10 18:37:26,690 - services.auth - WARNING - Admin user ID or email not configured, skipping admin initialization
2026-05-10 18:37:26,690 - main - INFO - === Application startup completed successfully ===
2026-05-10 18:40:20,794 - httpcore.connection - DEBUG - connect_tcp.started host='localhost' port=11434 local_address=None timeout=300 socket_options=None
2026-05-10 18:40:21,067 - httpcore.connection - DEBUG - connect_tcp.complete return_value=<httpcore._backends.anyio.AnyIOStream object at 0x0000026BC3A963F0>
2026-05-10 18:40:21,068 - httpcore.http11 - DEBUG - send_request_headers.started request=<Request [b'POST']>
2026-05-10 18:40:21,068 - httpcore.http11 - DEBUG - send_request_headers.complete
2026-05-10 18:40:21,069 - httpcore.http11 - DEBUG - send_request_body.started request=<Request [b'POST']>
2026-05-10 18:40:21,069 - httpcore.http11 - DEBUG - send_request_body.complete
2026-05-10 18:40:21,071 - httpcore.http11 - DEBUG - receive_response_headers.started request=<Request [b'POST']>
2026-05-10 18:41:04,296 - httpcore.http11 - DEBUG - receive_response_headers.complete return_value=(b'HTTP/1.1', 200, b'OK', [(b'Content-Type', b'application/json; charset=utf-8'), (b'Date', b'Sun, 10 May 2026 13:11:04 GMT'), (b'Transfer-Encoding', b'chunked')])
2026-05-10 18:41:04,296 - httpx - INFO - HTTP Request: POST http://localhost:11434/api/chat "HTTP/1.1 200 OK"
2026-05-10 18:41:04,296 - httpcore.http11 - DEBUG - receive_response_body.started request=<Request [b'POST']>
2026-05-10 18:41:04,296 - httpcore.http11 - DEBUG - receive_response_body.complete
2026-05-10 18:41:04,296 - httpcore.http11 - DEBUG - response_closed.started
2026-05-10 18:41:04,296 - httpcore.http11 - DEBUG - response_closed.complete
2026-05-10 18:41:04,301 - httpcore.connection - DEBUG - close.started
2026-05-10 18:41:04,301 - httpcore.connection - DEBUG - close.complete
2026-05-10 18:41:05,114 - httpcore.connection - DEBUG - connect_tcp.started host='localhost' port=11434 local_address=None timeout=300 socket_options=None
2026-05-10 18:41:05,373 - httpcore.connection - DEBUG - connect_tcp.complete return_value=<httpcore._backends.anyio.AnyIOStream object at 0x0000026BC3B9BF50>
2026-05-10 18:41:05,373 - httpcore.http11 - DEBUG - send_request_headers.started request=<Request [b'POST']>
2026-05-10 18:41:05,378 - httpcore.http11 - DEBUG - send_request_headers.complete
2026-05-10 18:41:05,379 - httpcore.http11 - DEBUG - send_request_body.started request=<Request [b'POST']>
2026-05-10 18:41:05,381 - httpcore.http11 - DEBUG - send_request_body.complete
2026-05-10 18:41:05,387 - httpcore.http11 - DEBUG - receive_response_headers.started request=<Request [b'POST']>
2026-05-10 18:42:04,107 - httpcore.http11 - DEBUG - receive_response_headers.complete return_value=(b'HTTP/1.1', 200, b'OK', [(b'Content-Type', b'application/json; charset=utf-8'), (b'Date', b'Sun, 10 May 2026 13:12:04 GMT'), (b'Transfer-Encoding', b'chunked')])
2026-05-10 18:42:04,107 - httpx - INFO - HTTP Request: POST http://localhost:11434/api/chat "HTTP/1.1 200 OK"
2026-05-10 18:42:04,107 - httpcore.http11 - DEBUG - receive_response_body.started request=<Request [b'POST']>
2026-05-10 18:42:04,109 - httpcore.http11 - DEBUG - receive_response_body.complete
2026-05-10 18:42:04,109 - httpcore.http11 - DEBUG - response_closed.started
2026-05-10 18:42:04,109 - httpcore.http11 - DEBUG - response_closed.complete
2026-05-10 18:42:04,109 - httpcore.connection - DEBUG - close.started
2026-05-10 18:42:04,111 - httpcore.connection - DEBUG - close.complete
2026-05-10 19:01:18,413 - httpcore.connection - DEBUG - connect_tcp.started host='localhost' port=11434 local_address=None timeout=300 socket_options=None
2026-05-10 19:01:18,675 - httpcore.connection - DEBUG - connect_tcp.complete return_value=<httpcore._backends.anyio.AnyIOStream object at 0x0000026BC3BBDA90>
2026-05-10 19:01:18,677 - httpcore.http11 - DEBUG - send_request_headers.started request=<Request [b'POST']>
2026-05-10 19:01:18,678 - httpcore.http11 - DEBUG - send_request_headers.complete
2026-05-10 19:01:18,679 - httpcore.http11 - DEBUG - send_request_body.started request=<Request [b'POST']>
2026-05-10 19:01:18,679 - httpcore.http11 - DEBUG - send_request_body.complete
2026-05-10 19:01:18,681 - httpcore.http11 - DEBUG - receive_response_headers.started request=<Request [b'POST']>
2026-05-10 19:02:02,340 - httpcore.http11 - DEBUG - receive_response_headers.complete return_value=(b'HTTP/1.1', 200, b'OK', [(b'Content-Type', b'application/json; charset=utf-8'), (b'Date', b'Sun, 10 May 2026 13:32:02 GMT'), (b'Transfer-Encoding', b'chunked')])
2026-05-10 19:02:02,341 - httpx - INFO - HTTP Request: POST http://localhost:11434/api/chat "HTTP/1.1 200 OK"
2026-05-10 19:02:02,341 - httpcore.http11 - DEBUG - receive_response_body.started request=<Request [b'POST']>
2026-05-10 19:02:02,341 - httpcore.http11 - DEBUG - receive_response_body.complete
2026-05-10 19:02:02,343 - httpcore.http11 - DEBUG - response_closed.started
2026-05-10 19:02:02,343 - httpcore.http11 - DEBUG - response_closed.complete
2026-05-10 19:02:02,343 - httpcore.connection - DEBUG - close.started
2026-05-10 19:02:02,344 - httpcore.connection - DEBUG - close.complete
2026-05-10 19:02:03,107 - httpcore.connection - DEBUG - connect_tcp.started host='localhost' port=11434 local_address=None timeout=300 socket_options=None
2026-05-10 19:02:03,370 - httpcore.connection - DEBUG - connect_tcp.complete return_value=<httpcore._backends.anyio.AnyIOStream object at 0x0000026BC3A97560>
2026-05-10 19:02:03,372 - httpcore.http11 - DEBUG - send_request_headers.started request=<Request [b'POST']>
2026-05-10 19:02:03,373 - httpcore.http11 - DEBUG - send_request_headers.complete
2026-05-10 19:02:03,373 - httpcore.http11 - DEBUG - send_request_body.started request=<Request [b'POST']>
2026-05-10 19:02:03,374 - httpcore.http11 - DEBUG - send_request_body.complete
2026-05-10 19:02:03,376 - httpcore.http11 - DEBUG - receive_response_headers.started request=<Request [b'POST']>
2026-05-10 19:03:19,274 - httpcore.http11 - DEBUG - receive_response_headers.complete return_value=(b'HTTP/1.1', 200, b'OK', [(b'Content-Type', b'application/json; charset=utf-8'), (b'Date', b'Sun, 10 May 2026 13:33:19 GMT'), (b'Transfer-Encoding', b'chunked')])
2026-05-10 19:03:19,275 - httpx - INFO - HTTP Request: POST http://localhost:11434/api/chat "HTTP/1.1 200 OK"
2026-05-10 19:03:19,275 - httpcore.http11 - DEBUG - receive_response_body.started request=<Request [b'POST']>
2026-05-10 19:03:19,277 - httpcore.http11 - DEBUG - receive_response_body.complete
2026-05-10 19:03:19,277 - httpcore.http11 - DEBUG - response_closed.started
2026-05-10 19:03:19,277 - httpcore.http11 - DEBUG - response_closed.complete
2026-05-10 19:03:19,277 - httpcore.connection - DEBUG - close.started
2026-05-10 19:03:19,280 - httpcore.connection - DEBUG - close.complete
