2026-05-09 15:28:07,997 - main - INFO - === Logging system initialized ===
2026-05-09 15:28:07,998 - main - INFO - Log file: logs/app_20260509_152807.log
2026-05-09 15:28:07,998 - main - INFO - Log level: INFO
2026-05-09 15:28:07,999 - main - INFO - Timestamp: 20260509_152807
2026-05-09 15:28:08,334 - main - INFO - Included router: routers.aihub.router
2026-05-09 15:28:08,344 - main - INFO - Included router: routers.auth.router
2026-05-09 15:28:08,345 - main - INFO - Included router: routers.health.router
2026-05-09 15:28:08,349 - main - INFO - Included router: routers.portfolio.router
2026-05-09 15:28:08,356 - main - INFO - Included router: routers.settings.router
2026-05-09 15:28:08,379 - main - INFO - Included router: routers.storage.router
2026-05-09 15:28:08,384 - main - INFO - Included router: routers.user.router
2026-05-09 15:28:08,386 - main - INFO - === Application startup initiated ===
2026-05-09 15:28:08,386 - services.database - DEBUG - [DB_OP] Starting database initialization
2026-05-09 15:28:08,386 - services.database - INFO - 🔧 Starting database initialization...
2026-05-09 15:28:08,386 - core.database - INFO - Starting database initialization...
2026-05-09 15:28:08,386 - core.database - INFO - Normalizing database URL for async compatibility...
2026-05-09 15:28:08,387 - core.database - DEBUG - Database exists:./app.db
2026-05-09 15:28:08,387 - core.database - INFO - Creating async database engine...
2026-05-09 15:28:08,387 - core.database - INFO - Using QueuePool with connection pooling for non-Lambda environment
2026-05-09 15:28:08,396 - core.database - INFO - Database engine created successfully
2026-05-09 15:28:08,397 - core.database - INFO - Creating async session maker...
2026-05-09 15:28:08,397 - core.database - INFO - Async session maker created successfully
2026-05-09 15:28:08,397 - core.database - INFO - Database connection initialized successfully
2026-05-09 15:28:08,397 - services.database - INFO - 🔧 Database connection initialized, now creating tables if tables not exist...
2026-05-09 15:28:08,398 - core.database - DEBUG - [DB_OP] Starting create_tables
2026-05-09 15:28:08,398 - core.database - INFO - 🔧 Starting table creation...
2026-05-09 15:28:08,399 - aiosqlite - DEBUG - executing <function connect.<locals>.connector at 0x000001C9BAEE1940>
2026-05-09 15:28:08,400 - aiosqlite - DEBUG - operation <function connect.<locals>.connector at 0x000001C9BAEE1940> completed
2026-05-09 15:28:08,400 - aiosqlite - DEBUG - executing functools.partial(<built-in method create_function of sqlite3.Connection object at 0x000001C9BAEA74C0>, 'regexp', 2, <function SQLiteDialect_pysqlite.on_connect.<locals>.regexp at 0x000001C9BAEE0CC0>, deterministic=True)
2026-05-09 15:28:08,400 - aiosqlite - DEBUG - operation functools.partial(<built-in method create_function of sqlite3.Connection object at 0x000001C9BAEA74C0>, 'regexp', 2, <function SQLiteDialect_pysqlite.on_connect.<locals>.regexp at 0x000001C9BAEE0CC0>, deterministic=True) completed
2026-05-09 15:28:08,401 - aiosqlite - DEBUG - executing functools.partial(<built-in method create_function of sqlite3.Connection object at 0x000001C9BAEA74C0>, 'floor', 1, <built-in function floor>, deterministic=True)
2026-05-09 15:28:08,401 - aiosqlite - DEBUG - operation functools.partial(<built-in method create_function of sqlite3.Connection object at 0x000001C9BAEA74C0>, 'floor', 1, <built-in function floor>, deterministic=True) completed
2026-05-09 15:28:08,401 - aiosqlite - DEBUG - executing functools.partial(<built-in method cursor of sqlite3.Connection object at 0x000001C9BAEA74C0>)
2026-05-09 15:28:08,401 - aiosqlite - DEBUG - operation functools.partial(<built-in method cursor of sqlite3.Connection object at 0x000001C9BAEA74C0>) completed
2026-05-09 15:28:08,401 - aiosqlite - DEBUG - executing functools.partial(<built-in method execute of sqlite3.Cursor object at 0x000001C9BAE6FCC0>, 'PRAGMA read_uncommitted', [])
2026-05-09 15:28:08,401 - aiosqlite - DEBUG - operation functools.partial(<built-in method execute of sqlite3.Cursor object at 0x000001C9BAE6FCC0>, 'PRAGMA read_uncommitted', []) completed
2026-05-09 15:28:08,401 - aiosqlite - DEBUG - executing functools.partial(<built-in method fetchall of sqlite3.Cursor object at 0x000001C9BAE6FCC0>)
2026-05-09 15:28:08,403 - aiosqlite - DEBUG - operation functools.partial(<built-in method fetchall of sqlite3.Cursor object at 0x000001C9BAE6FCC0>) completed
2026-05-09 15:28:08,403 - aiosqlite - DEBUG - executing functools.partial(<built-in method close of sqlite3.Cursor object at 0x000001C9BAE6FCC0>)
2026-05-09 15:28:08,403 - aiosqlite - DEBUG - operation functools.partial(<built-in method close of sqlite3.Cursor object at 0x000001C9BAE6FCC0>) completed
2026-05-09 15:28:08,403 - aiosqlite - DEBUG - executing functools.partial(<built-in method rollback of sqlite3.Connection object at 0x000001C9BAEA74C0>)
2026-05-09 15:28:08,403 - aiosqlite - DEBUG - operation functools.partial(<built-in method rollback of sqlite3.Connection object at 0x000001C9BAEA74C0>) completed
2026-05-09 15:28:08,403 - aiosqlite - DEBUG - executing functools.partial(<built-in method cursor of sqlite3.Connection object at 0x000001C9BAEA74C0>)
2026-05-09 15:28:08,403 - aiosqlite - DEBUG - operation functools.partial(<built-in method cursor of sqlite3.Connection object at 0x000001C9BAEA74C0>) completed
2026-05-09 15:28:08,403 - aiosqlite - DEBUG - executing functools.partial(<built-in method execute of sqlite3.Cursor object at 0x000001C9BAE6FD40>, 'PRAGMA main.table_info("users")', ())
2026-05-09 15:28:08,405 - aiosqlite - DEBUG - operation functools.partial(<built-in method execute of sqlite3.Cursor object at 0x000001C9BAE6FD40>, 'PRAGMA main.table_info("users")', ()) completed
2026-05-09 15:28:08,405 - aiosqlite - DEBUG - executing functools.partial(<built-in method fetchall of sqlite3.Cursor object at 0x000001C9BAE6FD40>)
2026-05-09 15:28:08,405 - aiosqlite - DEBUG - operation functools.partial(<built-in method fetchall of sqlite3.Cursor object at 0x000001C9BAE6FD40>) completed
2026-05-09 15:28:08,405 - aiosqlite - DEBUG - executing functools.partial(<built-in method close of sqlite3.Cursor object at 0x000001C9BAE6FD40>)
2026-05-09 15:28:08,405 - aiosqlite - DEBUG - operation functools.partial(<built-in method close of sqlite3.Cursor object at 0x000001C9BAE6FD40>) completed
2026-05-09 15:28:08,407 - aiosqlite - DEBUG - executing functools.partial(<built-in method cursor of sqlite3.Connection object at 0x000001C9BAEA74C0>)
2026-05-09 15:28:08,407 - aiosqlite - DEBUG - operation functools.partial(<built-in method cursor of sqlite3.Connection object at 0x000001C9BAEA74C0>) completed
2026-05-09 15:28:08,407 - aiosqlite - DEBUG - executing functools.partial(<built-in method execute of sqlite3.Cursor object at 0x000001C9BAE6FD40>, 'PRAGMA main.table_info("oidc_states")', ())
2026-05-09 15:28:08,407 - aiosqlite - DEBUG - operation functools.partial(<built-in method execute of sqlite3.Cursor object at 0x000001C9BAE6FD40>, 'PRAGMA main.table_info("oidc_states")', ()) completed
2026-05-09 15:28:08,407 - aiosqlite - DEBUG - executing functools.partial(<built-in method fetchall of sqlite3.Cursor object at 0x000001C9BAE6FD40>)
2026-05-09 15:28:08,407 - aiosqlite - DEBUG - operation functools.partial(<built-in method fetchall of sqlite3.Cursor object at 0x000001C9BAE6FD40>) completed
2026-05-09 15:28:08,407 - aiosqlite - DEBUG - executing functools.partial(<built-in method close of sqlite3.Cursor object at 0x000001C9BAE6FD40>)
2026-05-09 15:28:08,408 - aiosqlite - DEBUG - operation functools.partial(<built-in method close of sqlite3.Cursor object at 0x000001C9BAE6FD40>) completed
2026-05-09 15:28:08,408 - core.database - INFO - Tables initialized successfully
2026-05-09 15:28:08,408 - core.database - DEBUG - [DB_OP] Create tables completed in 0.0109s
2026-05-09 15:28:08,408 - aiosqlite - DEBUG - executing functools.partial(<built-in method commit of sqlite3.Connection object at 0x000001C9BAEA74C0>)
2026-05-09 15:28:08,409 - aiosqlite - DEBUG - operation functools.partial(<built-in method commit of sqlite3.Connection object at 0x000001C9BAEA74C0>) completed
2026-05-09 15:28:08,409 - aiosqlite - DEBUG - executing functools.partial(<built-in method rollback of sqlite3.Connection object at 0x000001C9BAEA74C0>)
2026-05-09 15:28:08,409 - aiosqlite - DEBUG - operation functools.partial(<built-in method rollback of sqlite3.Connection object at 0x000001C9BAEA74C0>) completed
2026-05-09 15:28:08,409 - services.database - INFO - 🔧 Table creation completed
2026-05-09 15:28:08,410 - services.database - INFO - Database initialized successfully
2026-05-09 15:28:08,410 - services.database - DEBUG - [DB_OP] Database initialization completed in 0.0232s
2026-05-09 15:28:08,410 - services.mock_data - INFO - mock_data directory not found, skipping mock initialization
2026-05-09 15:28:08,410 - services.database - DEBUG - [DB_OP] Starting database initialization
2026-05-09 15:28:08,410 - services.database - INFO - 🔧 Starting database initialization...
2026-05-09 15:28:08,410 - core.database - INFO - Starting database initialization...
2026-05-09 15:28:08,410 - core.database - INFO - Database already initialized
2026-05-09 15:28:08,410 - services.database - INFO - 🔧 Database connection initialized, now creating tables if tables not exist...
2026-05-09 15:28:08,410 - core.database - DEBUG - [DB_OP] Starting create_tables
2026-05-09 15:28:08,410 - core.database - INFO - Tables already initialized
2026-05-09 15:28:08,410 - services.database - INFO - 🔧 Table creation completed
2026-05-09 15:28:08,410 - services.database - INFO - Database initialized successfully
2026-05-09 15:28:08,410 - services.database - DEBUG - [DB_OP] Database initialization completed in 0.0005s
2026-05-09 15:28:08,410 - services.auth - WARNING - Admin user ID or email not configured, skipping admin initialization
2026-05-09 15:28:08,411 - main - INFO - === Application startup completed successfully ===
2026-05-09 15:37:02,232 - services.database - DEBUG - [DB_OP] Starting database close
2026-05-09 15:37:02,232 - aiosqlite - DEBUG - executing functools.partial(<built-in method close of sqlite3.Connection object at 0x000001C9BAEA74C0>)
2026-05-09 15:37:02,232 - aiosqlite - DEBUG - operation functools.partial(<built-in method close of sqlite3.Connection object at 0x000001C9BAEA74C0>) completed
2026-05-09 15:37:02,232 - aiosqlite - DEBUG - executing <function Connection.stop.<locals>.close_and_stop at 0x000001C9BAEE2DE0>
2026-05-09 15:37:02,232 - aiosqlite - DEBUG - operation <function Connection.stop.<locals>.close_and_stop at 0x000001C9BAEE2DE0> completed
2026-05-09 15:37:02,236 - core.database - INFO - Database connection closed and engine disposed
2026-05-09 15:37:02,236 - services.database - INFO - Database connections closed
2026-05-09 15:37:02,236 - services.database - DEBUG - [DB_OP] Database close completed in 0.0045s
