2026-05-11 16:11:41,253 - main - INFO - === Logging system initialized ===
2026-05-11 16:11:41,253 - main - INFO - Log file: logs/app_20260511_161141.log
2026-05-11 16:11:41,254 - main - INFO - Log level: INFO
2026-05-11 16:11:41,254 - main - INFO - Timestamp: 20260511_161141
2026-05-11 16:11:41,632 - main - INFO - Included router: routers.aihub.router
2026-05-11 16:11:41,644 - main - INFO - Included router: routers.auth.router
2026-05-11 16:11:41,645 - main - INFO - Included router: routers.health.router
2026-05-11 16:11:41,650 - main - INFO - Included router: routers.portfolio.router
2026-05-11 16:11:41,666 - main - INFO - Included router: routers.settings.router
2026-05-11 16:11:41,690 - main - INFO - Included router: routers.storage.router
2026-05-11 16:11:41,695 - main - INFO - Included router: routers.user.router
2026-05-11 16:11:41,696 - main - INFO - === Application startup initiated ===
2026-05-11 16:11:41,696 - services.database - DEBUG - [DB_OP] Starting database initialization
2026-05-11 16:11:41,696 - services.database - INFO - 🔧 Starting database initialization...
2026-05-11 16:11:41,696 - core.database - INFO - Starting database initialization...
2026-05-11 16:11:41,696 - core.database - INFO - Normalizing database URL for async compatibility...
2026-05-11 16:11:41,696 - core.database - DEBUG - Database exists:./app.db
2026-05-11 16:11:41,698 - core.database - INFO - Creating async database engine...
2026-05-11 16:11:41,698 - core.database - INFO - Using QueuePool with connection pooling for non-Lambda environment
2026-05-11 16:11:41,712 - core.database - INFO - Database engine created successfully
2026-05-11 16:11:41,712 - core.database - INFO - Creating async session maker...
2026-05-11 16:11:41,712 - core.database - INFO - Async session maker created successfully
2026-05-11 16:11:41,712 - core.database - INFO - Database connection initialized successfully
2026-05-11 16:11:41,712 - services.database - INFO - 🔧 Database connection initialized, now creating tables if tables not exist...
2026-05-11 16:11:41,712 - core.database - DEBUG - [DB_OP] Starting create_tables
2026-05-11 16:11:41,712 - core.database - INFO - 🔧 Starting table creation...
2026-05-11 16:11:41,713 - aiosqlite - DEBUG - executing <function connect.<locals>.connector at 0x000001DDA447EC00>
2026-05-11 16:11:41,714 - aiosqlite - DEBUG - operation <function connect.<locals>.connector at 0x000001DDA447EC00> completed
2026-05-11 16:11:41,714 - aiosqlite - DEBUG - executing functools.partial(<built-in method create_function of sqlite3.Connection object at 0x000001DDA44817B0>, 'regexp', 2, <function SQLiteDialect_pysqlite.on_connect.<locals>.regexp at 0x000001DDA447DF80>, deterministic=True)
2026-05-11 16:11:41,715 - aiosqlite - DEBUG - operation functools.partial(<built-in method create_function of sqlite3.Connection object at 0x000001DDA44817B0>, 'regexp', 2, <function SQLiteDialect_pysqlite.on_connect.<locals>.regexp at 0x000001DDA447DF80>, deterministic=True) completed
2026-05-11 16:11:41,715 - aiosqlite - DEBUG - executing functools.partial(<built-in method create_function of sqlite3.Connection object at 0x000001DDA44817B0>, 'floor', 1, <built-in function floor>, deterministic=True)
2026-05-11 16:11:41,715 - aiosqlite - DEBUG - operation functools.partial(<built-in method create_function of sqlite3.Connection object at 0x000001DDA44817B0>, 'floor', 1, <built-in function floor>, deterministic=True) completed
2026-05-11 16:11:41,715 - aiosqlite - DEBUG - executing functools.partial(<built-in method cursor of sqlite3.Connection object at 0x000001DDA44817B0>)
2026-05-11 16:11:41,715 - aiosqlite - DEBUG - operation functools.partial(<built-in method cursor of sqlite3.Connection object at 0x000001DDA44817B0>) completed
2026-05-11 16:11:41,715 - aiosqlite - DEBUG - executing functools.partial(<built-in method execute of sqlite3.Cursor object at 0x000001DDA43FFF40>, 'PRAGMA read_uncommitted', [])
2026-05-11 16:11:41,716 - aiosqlite - DEBUG - operation functools.partial(<built-in method execute of sqlite3.Cursor object at 0x000001DDA43FFF40>, 'PRAGMA read_uncommitted', []) completed
2026-05-11 16:11:41,716 - aiosqlite - DEBUG - executing functools.partial(<built-in method fetchall of sqlite3.Cursor object at 0x000001DDA43FFF40>)
2026-05-11 16:11:41,716 - aiosqlite - DEBUG - operation functools.partial(<built-in method fetchall of sqlite3.Cursor object at 0x000001DDA43FFF40>) completed
2026-05-11 16:11:41,716 - aiosqlite - DEBUG - executing functools.partial(<built-in method close of sqlite3.Cursor object at 0x000001DDA43FFF40>)
2026-05-11 16:11:41,716 - aiosqlite - DEBUG - operation functools.partial(<built-in method close of sqlite3.Cursor object at 0x000001DDA43FFF40>) completed
2026-05-11 16:11:41,716 - aiosqlite - DEBUG - executing functools.partial(<built-in method rollback of sqlite3.Connection object at 0x000001DDA44817B0>)
2026-05-11 16:11:41,716 - aiosqlite - DEBUG - operation functools.partial(<built-in method rollback of sqlite3.Connection object at 0x000001DDA44817B0>) completed
2026-05-11 16:11:41,717 - aiosqlite - DEBUG - executing functools.partial(<built-in method cursor of sqlite3.Connection object at 0x000001DDA44817B0>)
2026-05-11 16:11:41,717 - aiosqlite - DEBUG - operation functools.partial(<built-in method cursor of sqlite3.Connection object at 0x000001DDA44817B0>) completed
2026-05-11 16:11:41,717 - aiosqlite - DEBUG - executing functools.partial(<built-in method execute of sqlite3.Cursor object at 0x000001DDA43FFF40>, 'PRAGMA main.table_info("users")', ())
2026-05-11 16:11:41,718 - aiosqlite - DEBUG - operation functools.partial(<built-in method execute of sqlite3.Cursor object at 0x000001DDA43FFF40>, 'PRAGMA main.table_info("users")', ()) completed
2026-05-11 16:11:41,718 - aiosqlite - DEBUG - executing functools.partial(<built-in method fetchall of sqlite3.Cursor object at 0x000001DDA43FFF40>)
2026-05-11 16:11:41,718 - aiosqlite - DEBUG - operation functools.partial(<built-in method fetchall of sqlite3.Cursor object at 0x000001DDA43FFF40>) completed
2026-05-11 16:11:41,718 - aiosqlite - DEBUG - executing functools.partial(<built-in method close of sqlite3.Cursor object at 0x000001DDA43FFF40>)
2026-05-11 16:11:41,718 - aiosqlite - DEBUG - operation functools.partial(<built-in method close of sqlite3.Cursor object at 0x000001DDA43FFF40>) completed
2026-05-11 16:11:41,718 - aiosqlite - DEBUG - executing functools.partial(<built-in method cursor of sqlite3.Connection object at 0x000001DDA44817B0>)
2026-05-11 16:11:41,718 - aiosqlite - DEBUG - operation functools.partial(<built-in method cursor of sqlite3.Connection object at 0x000001DDA44817B0>) completed
2026-05-11 16:11:41,718 - aiosqlite - DEBUG - executing functools.partial(<built-in method execute of sqlite3.Cursor object at 0x000001DDA43FFF40>, 'PRAGMA main.table_info("oidc_states")', ())
2026-05-11 16:11:41,719 - aiosqlite - DEBUG - operation functools.partial(<built-in method execute of sqlite3.Cursor object at 0x000001DDA43FFF40>, 'PRAGMA main.table_info("oidc_states")', ()) completed
2026-05-11 16:11:41,720 - aiosqlite - DEBUG - executing functools.partial(<built-in method fetchall of sqlite3.Cursor object at 0x000001DDA43FFF40>)
2026-05-11 16:11:41,720 - aiosqlite - DEBUG - operation functools.partial(<built-in method fetchall of sqlite3.Cursor object at 0x000001DDA43FFF40>) completed
2026-05-11 16:11:41,720 - aiosqlite - DEBUG - executing functools.partial(<built-in method close of sqlite3.Cursor object at 0x000001DDA43FFF40>)
2026-05-11 16:11:41,720 - core.database - INFO - Tables initialized successfully
2026-05-11 16:11:41,721 - aiosqlite - DEBUG - operation functools.partial(<built-in method close of sqlite3.Cursor object at 0x000001DDA43FFF40>) completed
2026-05-11 16:11:41,721 - core.database - DEBUG - [DB_OP] Create tables completed in 0.0091s
2026-05-11 16:11:41,721 - aiosqlite - DEBUG - executing functools.partial(<built-in method commit of sqlite3.Connection object at 0x000001DDA44817B0>)
2026-05-11 16:11:41,721 - aiosqlite - DEBUG - operation functools.partial(<built-in method commit of sqlite3.Connection object at 0x000001DDA44817B0>) completed
2026-05-11 16:11:41,722 - aiosqlite - DEBUG - executing functools.partial(<built-in method rollback of sqlite3.Connection object at 0x000001DDA44817B0>)
2026-05-11 16:11:41,722 - aiosqlite - DEBUG - operation functools.partial(<built-in method rollback of sqlite3.Connection object at 0x000001DDA44817B0>) completed
2026-05-11 16:11:41,723 - services.database - INFO - 🔧 Table creation completed
2026-05-11 16:11:41,723 - services.database - INFO - Database initialized successfully
2026-05-11 16:11:41,723 - services.database - DEBUG - [DB_OP] Database initialization completed in 0.0262s
2026-05-11 16:11:41,723 - services.mock_data - INFO - mock_data directory not found, skipping mock initialization
2026-05-11 16:11:41,723 - services.database - DEBUG - [DB_OP] Starting database initialization
2026-05-11 16:11:41,723 - services.database - INFO - 🔧 Starting database initialization...
2026-05-11 16:11:41,723 - core.database - INFO - Starting database initialization...
2026-05-11 16:11:41,724 - core.database - INFO - Database already initialized
2026-05-11 16:11:41,724 - services.database - INFO - 🔧 Database connection initialized, now creating tables if tables not exist...
2026-05-11 16:11:41,724 - core.database - DEBUG - [DB_OP] Starting create_tables
2026-05-11 16:11:41,727 - core.database - INFO - Tables already initialized
2026-05-11 16:11:41,728 - services.database - INFO - 🔧 Table creation completed
2026-05-11 16:11:41,728 - services.database - INFO - Database initialized successfully
2026-05-11 16:11:41,728 - services.database - DEBUG - [DB_OP] Database initialization completed in 0.0055s
2026-05-11 16:11:41,730 - services.auth - WARNING - Admin user ID or email not configured, skipping admin initialization
2026-05-11 16:11:41,730 - main - INFO - === Application startup completed successfully ===
2026-05-11 16:12:53,645 - httpcore.connection - DEBUG - connect_tcp.started host='localhost' port=11434 local_address=None timeout=300 socket_options=None
2026-05-11 16:12:53,929 - httpcore.connection - DEBUG - connect_tcp.complete return_value=<httpcore._backends.anyio.AnyIOStream object at 0x000001DDA44D25D0>
2026-05-11 16:12:53,929 - httpcore.http11 - DEBUG - send_request_headers.started request=<Request [b'POST']>
2026-05-11 16:12:53,929 - httpcore.http11 - DEBUG - send_request_headers.complete
2026-05-11 16:12:53,931 - httpcore.http11 - DEBUG - send_request_body.started request=<Request [b'POST']>
2026-05-11 16:12:53,931 - httpcore.http11 - DEBUG - send_request_body.complete
2026-05-11 16:12:53,931 - httpcore.http11 - DEBUG - receive_response_headers.started request=<Request [b'POST']>
2026-05-11 16:13:33,698 - httpcore.http11 - DEBUG - receive_response_headers.complete return_value=(b'HTTP/1.1', 200, b'OK', [(b'Content-Type', b'application/json; charset=utf-8'), (b'Date', b'Mon, 11 May 2026 10:43:33 GMT'), (b'Transfer-Encoding', b'chunked')])
2026-05-11 16:13:33,700 - httpx - INFO - HTTP Request: POST http://localhost:11434/api/chat "HTTP/1.1 200 OK"
2026-05-11 16:13:33,700 - httpcore.http11 - DEBUG - receive_response_body.started request=<Request [b'POST']>
2026-05-11 16:13:33,701 - httpcore.http11 - DEBUG - receive_response_body.complete
2026-05-11 16:13:33,701 - httpcore.http11 - DEBUG - response_closed.started
2026-05-11 16:13:33,702 - httpcore.http11 - DEBUG - response_closed.complete
2026-05-11 16:13:33,703 - httpcore.connection - DEBUG - close.started
2026-05-11 16:13:33,703 - httpcore.connection - DEBUG - close.complete
2026-05-11 16:13:34,154 - httpcore.connection - DEBUG - connect_tcp.started host='localhost' port=11434 local_address=None timeout=300 socket_options=None
2026-05-11 16:13:34,439 - httpcore.connection - DEBUG - connect_tcp.complete return_value=<httpcore._backends.anyio.AnyIOStream object at 0x000001DDA45A0050>
2026-05-11 16:13:34,441 - httpcore.http11 - DEBUG - send_request_headers.started request=<Request [b'POST']>
2026-05-11 16:13:34,441 - httpcore.http11 - DEBUG - send_request_headers.complete
2026-05-11 16:13:34,442 - httpcore.http11 - DEBUG - send_request_body.started request=<Request [b'POST']>
2026-05-11 16:13:34,442 - httpcore.http11 - DEBUG - send_request_body.complete
2026-05-11 16:13:34,442 - httpcore.http11 - DEBUG - receive_response_headers.started request=<Request [b'POST']>
2026-05-11 16:13:44,202 - httpcore.http11 - DEBUG - receive_response_headers.complete return_value=(b'HTTP/1.1', 200, b'OK', [(b'Content-Type', b'application/json; charset=utf-8'), (b'Date', b'Mon, 11 May 2026 10:43:44 GMT'), (b'Content-Length', b'590')])
2026-05-11 16:13:44,202 - httpx - INFO - HTTP Request: POST http://localhost:11434/api/chat "HTTP/1.1 200 OK"
2026-05-11 16:13:44,202 - httpcore.http11 - DEBUG - receive_response_body.started request=<Request [b'POST']>
2026-05-11 16:13:44,204 - httpcore.http11 - DEBUG - receive_response_body.complete
2026-05-11 16:13:44,204 - httpcore.http11 - DEBUG - response_closed.started
2026-05-11 16:13:44,204 - httpcore.http11 - DEBUG - response_closed.complete
2026-05-11 16:13:44,205 - httpcore.connection - DEBUG - close.started
2026-05-11 16:13:44,206 - httpcore.connection - DEBUG - close.complete
2026-05-11 16:38:20,618 - httpcore.connection - DEBUG - connect_tcp.started host='localhost' port=11434 local_address=None timeout=300 socket_options=None
2026-05-11 16:38:20,882 - httpcore.connection - DEBUG - connect_tcp.complete return_value=<httpcore._backends.anyio.AnyIOStream object at 0x000001DDA45A1A90>
2026-05-11 16:38:20,884 - httpcore.http11 - DEBUG - send_request_headers.started request=<Request [b'POST']>
2026-05-11 16:38:20,885 - httpcore.http11 - DEBUG - send_request_headers.complete
2026-05-11 16:38:20,885 - httpcore.http11 - DEBUG - send_request_body.started request=<Request [b'POST']>
2026-05-11 16:38:20,887 - httpcore.http11 - DEBUG - send_request_body.complete
2026-05-11 16:38:20,887 - httpcore.http11 - DEBUG - receive_response_headers.started request=<Request [b'POST']>
2026-05-11 16:39:23,244 - httpcore.http11 - DEBUG - receive_response_headers.complete return_value=(b'HTTP/1.1', 200, b'OK', [(b'Content-Type', b'application/json; charset=utf-8'), (b'Date', b'Mon, 11 May 2026 11:09:23 GMT'), (b'Transfer-Encoding', b'chunked')])
2026-05-11 16:39:23,246 - httpx - INFO - HTTP Request: POST http://localhost:11434/api/chat "HTTP/1.1 200 OK"
2026-05-11 16:39:23,247 - httpcore.http11 - DEBUG - receive_response_body.started request=<Request [b'POST']>
2026-05-11 16:39:23,248 - httpcore.http11 - DEBUG - receive_response_body.complete
2026-05-11 16:39:23,249 - httpcore.http11 - DEBUG - response_closed.started
2026-05-11 16:39:23,249 - httpcore.http11 - DEBUG - response_closed.complete
2026-05-11 16:39:23,251 - httpcore.connection - DEBUG - close.started
2026-05-11 16:39:23,254 - httpcore.connection - DEBUG - close.complete
2026-05-11 16:39:24,254 - httpcore.connection - DEBUG - connect_tcp.started host='localhost' port=11434 local_address=None timeout=300 socket_options=None
2026-05-11 16:39:24,523 - httpcore.connection - DEBUG - connect_tcp.complete return_value=<httpcore._backends.anyio.AnyIOStream object at 0x000001DDA45A3320>
2026-05-11 16:39:24,523 - httpcore.http11 - DEBUG - send_request_headers.started request=<Request [b'POST']>
2026-05-11 16:39:24,524 - httpcore.http11 - DEBUG - send_request_headers.complete
2026-05-11 16:39:24,524 - httpcore.http11 - DEBUG - send_request_body.started request=<Request [b'POST']>
2026-05-11 16:39:24,525 - httpcore.http11 - DEBUG - send_request_body.complete
2026-05-11 16:39:24,525 - httpcore.http11 - DEBUG - receive_response_headers.started request=<Request [b'POST']>
2026-05-11 16:39:39,866 - httpcore.http11 - DEBUG - receive_response_headers.complete return_value=(b'HTTP/1.1', 200, b'OK', [(b'Content-Type', b'application/json; charset=utf-8'), (b'Date', b'Mon, 11 May 2026 11:09:39 GMT'), (b'Content-Length', b'675')])
2026-05-11 16:39:39,867 - httpx - INFO - HTTP Request: POST http://localhost:11434/api/chat "HTTP/1.1 200 OK"
2026-05-11 16:39:39,868 - httpcore.http11 - DEBUG - receive_response_body.started request=<Request [b'POST']>
2026-05-11 16:39:39,868 - httpcore.http11 - DEBUG - receive_response_body.complete
2026-05-11 16:39:39,870 - httpcore.http11 - DEBUG - response_closed.started
2026-05-11 16:39:39,883 - httpcore.http11 - DEBUG - response_closed.complete
2026-05-11 16:39:39,885 - httpcore.connection - DEBUG - close.started
2026-05-11 16:39:39,885 - httpcore.connection - DEBUG - close.complete
2026-05-11 16:50:51,042 - services.database - DEBUG - [DB_OP] Starting database close
2026-05-11 16:50:51,043 - aiosqlite - DEBUG - executing functools.partial(<built-in method close of sqlite3.Connection object at 0x000001DDA44817B0>)
2026-05-11 16:50:51,054 - aiosqlite - DEBUG - operation functools.partial(<built-in method close of sqlite3.Connection object at 0x000001DDA44817B0>) completed
2026-05-11 16:50:51,054 - aiosqlite - DEBUG - executing <function Connection.stop.<locals>.close_and_stop at 0x000001DDA447EFC0>
2026-05-11 16:50:51,054 - aiosqlite - DEBUG - operation <function Connection.stop.<locals>.close_and_stop at 0x000001DDA447EFC0> completed
2026-05-11 16:50:51,055 - core.database - INFO - Database connection closed and engine disposed
2026-05-11 16:50:51,055 - services.database - INFO - Database connections closed
2026-05-11 16:50:51,055 - services.database - DEBUG - [DB_OP] Database close completed in 0.0129s
