2026-05-03 17:14:42,034 - main - INFO - === Logging system initialized ===
2026-05-03 17:14:42,034 - main - INFO - Log file: logs/app_20260503_171442.log
2026-05-03 17:14:42,034 - main - INFO - Log level: INFO
2026-05-03 17:14:42,034 - main - INFO - Timestamp: 20260503_171442
2026-05-03 17:14:42,864 - main - INFO - Included router: routers.aihub.router
2026-05-03 17:14:42,879 - main - INFO - Included router: routers.auth.router
2026-05-03 17:14:42,879 - main - INFO - Included router: routers.health.router
2026-05-03 17:14:42,897 - main - INFO - Included router: routers.portfolio.router
2026-05-03 17:14:42,913 - main - INFO - Included router: routers.settings.router
2026-05-03 17:14:42,957 - main - INFO - Included router: routers.storage.router
2026-05-03 17:14:42,963 - main - INFO - Included router: routers.user.router
2026-05-03 17:14:42,969 - main - INFO - === Application startup initiated ===
2026-05-03 17:14:42,970 - services.database - DEBUG - [DB_OP] Starting database initialization
2026-05-03 17:14:42,971 - services.database - INFO - 🔧 Starting database initialization...
2026-05-03 17:14:42,971 - core.database - INFO - Starting database initialization...
2026-05-03 17:14:42,971 - core.database - INFO - Normalizing database URL for async compatibility...
2026-05-03 17:14:42,971 - core.database - DEBUG - Database exists:./app.db
2026-05-03 17:14:42,971 - core.database - INFO - Creating async database engine...
2026-05-03 17:14:42,971 - core.database - INFO - Using QueuePool with connection pooling for non-Lambda environment
2026-05-03 17:14:42,996 - core.database - INFO - Database engine created successfully
2026-05-03 17:14:42,996 - core.database - INFO - Creating async session maker...
2026-05-03 17:14:42,996 - core.database - INFO - Async session maker created successfully
2026-05-03 17:14:42,996 - core.database - INFO - Database connection initialized successfully
2026-05-03 17:14:42,996 - services.database - INFO - 🔧 Database connection initialized, now creating tables if tables not exist...
2026-05-03 17:14:42,996 - core.database - DEBUG - [DB_OP] Starting create_tables
2026-05-03 17:14:42,996 - core.database - INFO - 🔧 Starting table creation...
2026-05-03 17:14:42,996 - aiosqlite - DEBUG - executing <function connect.<locals>.connector at 0x0000016340E62DE0>
2026-05-03 17:14:42,996 - aiosqlite - DEBUG - operation <function connect.<locals>.connector at 0x0000016340E62DE0> completed
2026-05-03 17:14:42,996 - aiosqlite - DEBUG - executing functools.partial(<built-in method create_function of sqlite3.Connection object at 0x0000016340E2F3D0>, 'regexp', 2, <function SQLiteDialect_pysqlite.on_connect.<locals>.regexp at 0x0000016340E62160>, deterministic=True)
2026-05-03 17:14:42,996 - aiosqlite - DEBUG - operation functools.partial(<built-in method create_function of sqlite3.Connection object at 0x0000016340E2F3D0>, 'regexp', 2, <function SQLiteDialect_pysqlite.on_connect.<locals>.regexp at 0x0000016340E62160>, deterministic=True) completed
2026-05-03 17:14:42,996 - aiosqlite - DEBUG - executing functools.partial(<built-in method create_function of sqlite3.Connection object at 0x0000016340E2F3D0>, 'floor', 1, <built-in function floor>, deterministic=True)
2026-05-03 17:14:42,996 - aiosqlite - DEBUG - operation functools.partial(<built-in method create_function of sqlite3.Connection object at 0x0000016340E2F3D0>, 'floor', 1, <built-in function floor>, deterministic=True) completed
2026-05-03 17:14:42,996 - aiosqlite - DEBUG - executing functools.partial(<built-in method cursor of sqlite3.Connection object at 0x0000016340E2F3D0>)
2026-05-03 17:14:42,996 - aiosqlite - DEBUG - operation functools.partial(<built-in method cursor of sqlite3.Connection object at 0x0000016340E2F3D0>) completed
2026-05-03 17:14:42,996 - aiosqlite - DEBUG - executing functools.partial(<built-in method execute of sqlite3.Cursor object at 0x0000016340E64AC0>, 'PRAGMA read_uncommitted', [])
2026-05-03 17:14:43,008 - aiosqlite - DEBUG - operation functools.partial(<built-in method execute of sqlite3.Cursor object at 0x0000016340E64AC0>, 'PRAGMA read_uncommitted', []) completed
2026-05-03 17:14:43,008 - aiosqlite - DEBUG - executing functools.partial(<built-in method fetchall of sqlite3.Cursor object at 0x0000016340E64AC0>)
2026-05-03 17:14:43,008 - aiosqlite - DEBUG - operation functools.partial(<built-in method fetchall of sqlite3.Cursor object at 0x0000016340E64AC0>) completed
2026-05-03 17:14:43,008 - aiosqlite - DEBUG - executing functools.partial(<built-in method close of sqlite3.Cursor object at 0x0000016340E64AC0>)
2026-05-03 17:14:43,008 - aiosqlite - DEBUG - operation functools.partial(<built-in method close of sqlite3.Cursor object at 0x0000016340E64AC0>) completed
2026-05-03 17:14:43,008 - aiosqlite - DEBUG - executing functools.partial(<built-in method rollback of sqlite3.Connection object at 0x0000016340E2F3D0>)
2026-05-03 17:14:43,008 - aiosqlite - DEBUG - operation functools.partial(<built-in method rollback of sqlite3.Connection object at 0x0000016340E2F3D0>) completed
2026-05-03 17:14:43,008 - aiosqlite - DEBUG - executing functools.partial(<built-in method cursor of sqlite3.Connection object at 0x0000016340E2F3D0>)
2026-05-03 17:14:43,008 - aiosqlite - DEBUG - operation functools.partial(<built-in method cursor of sqlite3.Connection object at 0x0000016340E2F3D0>) completed
2026-05-03 17:14:43,008 - aiosqlite - DEBUG - executing functools.partial(<built-in method execute of sqlite3.Cursor object at 0x0000016340E64AC0>, 'PRAGMA main.table_info("users")', ())
2026-05-03 17:14:43,008 - aiosqlite - DEBUG - operation functools.partial(<built-in method execute of sqlite3.Cursor object at 0x0000016340E64AC0>, 'PRAGMA main.table_info("users")', ()) completed
2026-05-03 17:14:43,008 - aiosqlite - DEBUG - executing functools.partial(<built-in method fetchall of sqlite3.Cursor object at 0x0000016340E64AC0>)
2026-05-03 17:14:43,013 - aiosqlite - DEBUG - operation functools.partial(<built-in method fetchall of sqlite3.Cursor object at 0x0000016340E64AC0>) completed
2026-05-03 17:14:43,013 - aiosqlite - DEBUG - executing functools.partial(<built-in method close of sqlite3.Cursor object at 0x0000016340E64AC0>)
2026-05-03 17:14:43,013 - aiosqlite - DEBUG - operation functools.partial(<built-in method close of sqlite3.Cursor object at 0x0000016340E64AC0>) completed
2026-05-03 17:14:43,013 - aiosqlite - DEBUG - executing functools.partial(<built-in method cursor of sqlite3.Connection object at 0x0000016340E2F3D0>)
2026-05-03 17:14:43,013 - aiosqlite - DEBUG - operation functools.partial(<built-in method cursor of sqlite3.Connection object at 0x0000016340E2F3D0>) completed
2026-05-03 17:14:43,013 - aiosqlite - DEBUG - executing functools.partial(<built-in method execute of sqlite3.Cursor object at 0x0000016340E64AC0>, 'PRAGMA main.table_info("oidc_states")', ())
2026-05-03 17:14:43,013 - aiosqlite - DEBUG - operation functools.partial(<built-in method execute of sqlite3.Cursor object at 0x0000016340E64AC0>, 'PRAGMA main.table_info("oidc_states")', ()) completed
2026-05-03 17:14:43,013 - aiosqlite - DEBUG - executing functools.partial(<built-in method fetchall of sqlite3.Cursor object at 0x0000016340E64AC0>)
2026-05-03 17:14:43,013 - aiosqlite - DEBUG - operation functools.partial(<built-in method fetchall of sqlite3.Cursor object at 0x0000016340E64AC0>) completed
2026-05-03 17:14:43,017 - aiosqlite - DEBUG - executing functools.partial(<built-in method close of sqlite3.Cursor object at 0x0000016340E64AC0>)
2026-05-03 17:14:43,018 - core.database - INFO - Tables initialized successfully
2026-05-03 17:14:43,018 - aiosqlite - DEBUG - operation functools.partial(<built-in method close of sqlite3.Cursor object at 0x0000016340E64AC0>) completed
2026-05-03 17:14:43,019 - core.database - DEBUG - [DB_OP] Create tables completed in 0.0226s
2026-05-03 17:14:43,019 - aiosqlite - DEBUG - executing functools.partial(<built-in method commit of sqlite3.Connection object at 0x0000016340E2F3D0>)
2026-05-03 17:14:43,019 - aiosqlite - DEBUG - operation functools.partial(<built-in method commit of sqlite3.Connection object at 0x0000016340E2F3D0>) completed
2026-05-03 17:14:43,019 - aiosqlite - DEBUG - executing functools.partial(<built-in method rollback of sqlite3.Connection object at 0x0000016340E2F3D0>)
2026-05-03 17:14:43,019 - aiosqlite - DEBUG - operation functools.partial(<built-in method rollback of sqlite3.Connection object at 0x0000016340E2F3D0>) completed
2026-05-03 17:14:43,019 - services.database - INFO - 🔧 Table creation completed
2026-05-03 17:14:43,019 - services.database - INFO - Database initialized successfully
2026-05-03 17:14:43,019 - services.database - DEBUG - [DB_OP] Database initialization completed in 0.0482s
2026-05-03 17:14:43,019 - services.mock_data - INFO - mock_data directory not found, skipping mock initialization
2026-05-03 17:14:43,019 - services.database - DEBUG - [DB_OP] Starting database initialization
2026-05-03 17:14:43,019 - services.database - INFO - 🔧 Starting database initialization...
2026-05-03 17:14:43,019 - core.database - INFO - Starting database initialization...
2026-05-03 17:14:43,019 - core.database - INFO - Database already initialized
2026-05-03 17:14:43,019 - services.database - INFO - 🔧 Database connection initialized, now creating tables if tables not exist...
2026-05-03 17:14:43,019 - core.database - DEBUG - [DB_OP] Starting create_tables
2026-05-03 17:14:43,019 - core.database - INFO - Tables already initialized
2026-05-03 17:14:43,019 - services.database - INFO - 🔧 Table creation completed
2026-05-03 17:14:43,019 - services.database - INFO - Database initialized successfully
2026-05-03 17:14:43,019 - services.database - DEBUG - [DB_OP] Database initialization completed in 0.0000s
2026-05-03 17:14:43,019 - services.auth - WARNING - Admin user ID or email not configured, skipping admin initialization
2026-05-03 17:14:43,019 - main - INFO - === Application startup completed successfully ===
2026-05-03 17:14:51,773 - services.database - DEBUG - [DB_OP] Starting database close
2026-05-03 17:14:51,773 - aiosqlite - DEBUG - executing functools.partial(<built-in method close of sqlite3.Connection object at 0x0000016340E2F3D0>)
2026-05-03 17:14:51,773 - aiosqlite - DEBUG - operation functools.partial(<built-in method close of sqlite3.Connection object at 0x0000016340E2F3D0>) completed
2026-05-03 17:14:51,773 - aiosqlite - DEBUG - executing <function Connection.stop.<locals>.close_and_stop at 0x0000016340E63100>
2026-05-03 17:14:51,773 - aiosqlite - DEBUG - operation <function Connection.stop.<locals>.close_and_stop at 0x0000016340E63100> completed
2026-05-03 17:14:51,773 - core.database - INFO - Database connection closed and engine disposed
2026-05-03 17:14:51,773 - services.database - INFO - Database connections closed
2026-05-03 17:14:51,773 - services.database - DEBUG - [DB_OP] Database close completed in 0.0000s
