2026-05-11 16:50:54,928 - main - INFO - === Logging system initialized ===
2026-05-11 16:50:54,930 - main - INFO - Log file: logs/app_20260511_165054.log
2026-05-11 16:50:54,930 - main - INFO - Log level: INFO
2026-05-11 16:50:54,930 - main - INFO - Timestamp: 20260511_165054
2026-05-11 16:50:55,476 - main - INFO - Included router: routers.aihub.router
2026-05-11 16:50:55,486 - main - INFO - Included router: routers.auth.router
2026-05-11 16:50:55,487 - main - INFO - Included router: routers.health.router
2026-05-11 16:50:55,491 - main - INFO - Included router: routers.portfolio.router
2026-05-11 16:50:55,501 - main - INFO - Included router: routers.settings.router
2026-05-11 16:50:55,521 - main - INFO - Included router: routers.storage.router
2026-05-11 16:50:55,527 - main - INFO - Included router: routers.user.router
2026-05-11 16:50:55,530 - main - INFO - === Application startup initiated ===
2026-05-11 16:50:55,530 - services.database - DEBUG - [DB_OP] Starting database initialization
2026-05-11 16:50:55,530 - services.database - INFO - 🔧 Starting database initialization...
2026-05-11 16:50:55,530 - core.database - INFO - Starting database initialization...
2026-05-11 16:50:55,530 - core.database - INFO - Normalizing database URL for async compatibility...
2026-05-11 16:50:55,530 - core.database - DEBUG - Database exists:./app.db
2026-05-11 16:50:55,531 - core.database - INFO - Creating async database engine...
2026-05-11 16:50:55,531 - core.database - INFO - Using QueuePool with connection pooling for non-Lambda environment
2026-05-11 16:50:55,549 - core.database - INFO - Database engine created successfully
2026-05-11 16:50:55,549 - core.database - INFO - Creating async session maker...
2026-05-11 16:50:55,549 - core.database - INFO - Async session maker created successfully
2026-05-11 16:50:55,549 - core.database - INFO - Database connection initialized successfully
2026-05-11 16:50:55,549 - services.database - INFO - 🔧 Database connection initialized, now creating tables if tables not exist...
2026-05-11 16:50:55,550 - core.database - DEBUG - [DB_OP] Starting create_tables
2026-05-11 16:50:55,550 - core.database - INFO - 🔧 Starting table creation...
2026-05-11 16:50:55,550 - aiosqlite - DEBUG - executing <function connect.<locals>.connector at 0x00000275C566EC00>
2026-05-11 16:50:55,551 - aiosqlite - DEBUG - operation <function connect.<locals>.connector at 0x00000275C566EC00> completed
2026-05-11 16:50:55,551 - aiosqlite - DEBUG - executing functools.partial(<built-in method create_function of sqlite3.Connection object at 0x00000275C56717B0>, 'regexp', 2, <function SQLiteDialect_pysqlite.on_connect.<locals>.regexp at 0x00000275C566DF80>, deterministic=True)
2026-05-11 16:50:55,551 - aiosqlite - DEBUG - operation functools.partial(<built-in method create_function of sqlite3.Connection object at 0x00000275C56717B0>, 'regexp', 2, <function SQLiteDialect_pysqlite.on_connect.<locals>.regexp at 0x00000275C566DF80>, deterministic=True) completed
2026-05-11 16:50:55,551 - aiosqlite - DEBUG - executing functools.partial(<built-in method create_function of sqlite3.Connection object at 0x00000275C56717B0>, 'floor', 1, <built-in function floor>, deterministic=True)
2026-05-11 16:50:55,551 - aiosqlite - DEBUG - operation functools.partial(<built-in method create_function of sqlite3.Connection object at 0x00000275C56717B0>, 'floor', 1, <built-in function floor>, deterministic=True) completed
2026-05-11 16:50:55,551 - aiosqlite - DEBUG - executing functools.partial(<built-in method cursor of sqlite3.Connection object at 0x00000275C56717B0>)
2026-05-11 16:50:55,551 - aiosqlite - DEBUG - operation functools.partial(<built-in method cursor of sqlite3.Connection object at 0x00000275C56717B0>) completed
2026-05-11 16:50:55,551 - aiosqlite - DEBUG - executing functools.partial(<built-in method execute of sqlite3.Cursor object at 0x00000275C55EFF40>, 'PRAGMA read_uncommitted', [])
2026-05-11 16:50:55,551 - aiosqlite - DEBUG - operation functools.partial(<built-in method execute of sqlite3.Cursor object at 0x00000275C55EFF40>, 'PRAGMA read_uncommitted', []) completed
2026-05-11 16:50:55,551 - aiosqlite - DEBUG - executing functools.partial(<built-in method fetchall of sqlite3.Cursor object at 0x00000275C55EFF40>)
2026-05-11 16:50:55,551 - aiosqlite - DEBUG - operation functools.partial(<built-in method fetchall of sqlite3.Cursor object at 0x00000275C55EFF40>) completed
2026-05-11 16:50:55,551 - aiosqlite - DEBUG - executing functools.partial(<built-in method close of sqlite3.Cursor object at 0x00000275C55EFF40>)
2026-05-11 16:50:55,551 - aiosqlite - DEBUG - operation functools.partial(<built-in method close of sqlite3.Cursor object at 0x00000275C55EFF40>) completed
2026-05-11 16:50:55,551 - aiosqlite - DEBUG - executing functools.partial(<built-in method rollback of sqlite3.Connection object at 0x00000275C56717B0>)
2026-05-11 16:50:55,551 - aiosqlite - DEBUG - operation functools.partial(<built-in method rollback of sqlite3.Connection object at 0x00000275C56717B0>) completed
2026-05-11 16:50:55,551 - aiosqlite - DEBUG - executing functools.partial(<built-in method cursor of sqlite3.Connection object at 0x00000275C56717B0>)
2026-05-11 16:50:55,551 - aiosqlite - DEBUG - operation functools.partial(<built-in method cursor of sqlite3.Connection object at 0x00000275C56717B0>) completed
2026-05-11 16:50:55,551 - aiosqlite - DEBUG - executing functools.partial(<built-in method execute of sqlite3.Cursor object at 0x00000275C5680040>, 'PRAGMA main.table_info("users")', ())
2026-05-11 16:50:55,551 - aiosqlite - DEBUG - operation functools.partial(<built-in method execute of sqlite3.Cursor object at 0x00000275C5680040>, 'PRAGMA main.table_info("users")', ()) completed
2026-05-11 16:50:55,555 - aiosqlite - DEBUG - executing functools.partial(<built-in method fetchall of sqlite3.Cursor object at 0x00000275C5680040>)
2026-05-11 16:50:55,555 - aiosqlite - DEBUG - operation functools.partial(<built-in method fetchall of sqlite3.Cursor object at 0x00000275C5680040>) completed
2026-05-11 16:50:55,555 - aiosqlite - DEBUG - executing functools.partial(<built-in method close of sqlite3.Cursor object at 0x00000275C5680040>)
2026-05-11 16:50:55,555 - aiosqlite - DEBUG - operation functools.partial(<built-in method close of sqlite3.Cursor object at 0x00000275C5680040>) completed
2026-05-11 16:50:55,555 - aiosqlite - DEBUG - executing functools.partial(<built-in method cursor of sqlite3.Connection object at 0x00000275C56717B0>)
2026-05-11 16:50:55,555 - aiosqlite - DEBUG - operation functools.partial(<built-in method cursor of sqlite3.Connection object at 0x00000275C56717B0>) completed
2026-05-11 16:50:55,555 - aiosqlite - DEBUG - executing functools.partial(<built-in method execute of sqlite3.Cursor object at 0x00000275C5680040>, 'PRAGMA main.table_info("oidc_states")', ())
2026-05-11 16:50:55,555 - aiosqlite - DEBUG - operation functools.partial(<built-in method execute of sqlite3.Cursor object at 0x00000275C5680040>, 'PRAGMA main.table_info("oidc_states")', ()) completed
2026-05-11 16:50:55,557 - aiosqlite - DEBUG - executing functools.partial(<built-in method fetchall of sqlite3.Cursor object at 0x00000275C5680040>)
2026-05-11 16:50:55,557 - aiosqlite - DEBUG - operation functools.partial(<built-in method fetchall of sqlite3.Cursor object at 0x00000275C5680040>) completed
2026-05-11 16:50:55,557 - aiosqlite - DEBUG - executing functools.partial(<built-in method close of sqlite3.Cursor object at 0x00000275C5680040>)
2026-05-11 16:50:55,557 - core.database - INFO - Tables initialized successfully
2026-05-11 16:50:55,557 - aiosqlite - DEBUG - operation functools.partial(<built-in method close of sqlite3.Cursor object at 0x00000275C5680040>) completed
2026-05-11 16:50:55,557 - core.database - DEBUG - [DB_OP] Create tables completed in 0.0068s
2026-05-11 16:50:55,557 - aiosqlite - DEBUG - executing functools.partial(<built-in method commit of sqlite3.Connection object at 0x00000275C56717B0>)
2026-05-11 16:50:55,557 - aiosqlite - DEBUG - operation functools.partial(<built-in method commit of sqlite3.Connection object at 0x00000275C56717B0>) completed
2026-05-11 16:50:55,557 - aiosqlite - DEBUG - executing functools.partial(<built-in method rollback of sqlite3.Connection object at 0x00000275C56717B0>)
2026-05-11 16:50:55,557 - aiosqlite - DEBUG - operation functools.partial(<built-in method rollback of sqlite3.Connection object at 0x00000275C56717B0>) completed
2026-05-11 16:50:55,557 - services.database - INFO - 🔧 Table creation completed
2026-05-11 16:50:55,557 - services.database - INFO - Database initialized successfully
2026-05-11 16:50:55,558 - services.database - DEBUG - [DB_OP] Database initialization completed in 0.0288s
2026-05-11 16:50:55,558 - services.mock_data - INFO - mock_data directory not found, skipping mock initialization
2026-05-11 16:50:55,558 - services.database - DEBUG - [DB_OP] Starting database initialization
2026-05-11 16:50:55,558 - services.database - INFO - 🔧 Starting database initialization...
2026-05-11 16:50:55,558 - core.database - INFO - Starting database initialization...
2026-05-11 16:50:55,558 - core.database - INFO - Database already initialized
2026-05-11 16:50:55,558 - services.database - INFO - 🔧 Database connection initialized, now creating tables if tables not exist...
2026-05-11 16:50:55,559 - core.database - DEBUG - [DB_OP] Starting create_tables
2026-05-11 16:50:55,559 - core.database - INFO - Tables already initialized
2026-05-11 16:50:55,559 - services.database - INFO - 🔧 Table creation completed
2026-05-11 16:50:55,560 - services.database - INFO - Database initialized successfully
2026-05-11 16:50:55,560 - services.database - DEBUG - [DB_OP] Database initialization completed in 0.0015s
2026-05-11 16:50:55,560 - services.auth - WARNING - Admin user ID or email not configured, skipping admin initialization
2026-05-11 16:50:55,560 - main - INFO - === Application startup completed successfully ===
2026-05-11 16:51:10,998 - httpcore.connection - DEBUG - connect_tcp.started host='localhost' port=11434 local_address=None timeout=300 socket_options=None
2026-05-11 16:51:11,258 - httpcore.connection - DEBUG - connect_tcp.complete return_value=<httpcore._backends.anyio.AnyIOStream object at 0x00000275C576DBB0>
2026-05-11 16:51:11,260 - httpcore.http11 - DEBUG - send_request_headers.started request=<Request [b'POST']>
2026-05-11 16:51:11,260 - httpcore.http11 - DEBUG - send_request_headers.complete
2026-05-11 16:51:11,261 - httpcore.http11 - DEBUG - send_request_body.started request=<Request [b'POST']>
2026-05-11 16:51:11,261 - httpcore.http11 - DEBUG - send_request_body.complete
2026-05-11 16:51:11,261 - httpcore.http11 - DEBUG - receive_response_headers.started request=<Request [b'POST']>
2026-05-11 16:52:08,321 - httpcore.http11 - DEBUG - receive_response_headers.complete return_value=(b'HTTP/1.1', 200, b'OK', [(b'Content-Type', b'application/json; charset=utf-8'), (b'Date', b'Mon, 11 May 2026 11:22:08 GMT'), (b'Transfer-Encoding', b'chunked')])
2026-05-11 16:52:08,323 - httpx - INFO - HTTP Request: POST http://localhost:11434/api/chat "HTTP/1.1 200 OK"
2026-05-11 16:52:08,323 - httpcore.http11 - DEBUG - receive_response_body.started request=<Request [b'POST']>
2026-05-11 16:52:08,325 - httpcore.http11 - DEBUG - receive_response_body.complete
2026-05-11 16:52:08,325 - httpcore.http11 - DEBUG - response_closed.started
2026-05-11 16:52:08,325 - httpcore.http11 - DEBUG - response_closed.complete
2026-05-11 16:52:08,327 - httpcore.connection - DEBUG - close.started
2026-05-11 16:52:08,329 - httpcore.connection - DEBUG - close.complete
2026-05-11 16:52:08,957 - httpcore.connection - DEBUG - connect_tcp.started host='localhost' port=11434 local_address=None timeout=300 socket_options=None
2026-05-11 16:52:09,243 - httpcore.connection - DEBUG - connect_tcp.complete return_value=<httpcore._backends.anyio.AnyIOStream object at 0x00000275C576F020>
2026-05-11 16:52:09,244 - httpcore.http11 - DEBUG - send_request_headers.started request=<Request [b'POST']>
2026-05-11 16:52:09,245 - httpcore.http11 - DEBUG - send_request_headers.complete
2026-05-11 16:52:09,245 - httpcore.http11 - DEBUG - send_request_body.started request=<Request [b'POST']>
2026-05-11 16:52:09,246 - httpcore.http11 - DEBUG - send_request_body.complete
2026-05-11 16:52:09,246 - httpcore.http11 - DEBUG - receive_response_headers.started request=<Request [b'POST']>
2026-05-11 16:52:22,883 - httpcore.http11 - DEBUG - receive_response_headers.complete return_value=(b'HTTP/1.1', 200, b'OK', [(b'Content-Type', b'application/json; charset=utf-8'), (b'Date', b'Mon, 11 May 2026 11:22:22 GMT'), (b'Content-Length', b'704')])
2026-05-11 16:52:22,884 - httpx - INFO - HTTP Request: POST http://localhost:11434/api/chat "HTTP/1.1 200 OK"
2026-05-11 16:52:22,885 - httpcore.http11 - DEBUG - receive_response_body.started request=<Request [b'POST']>
2026-05-11 16:52:22,886 - httpcore.http11 - DEBUG - receive_response_body.complete
2026-05-11 16:52:22,887 - httpcore.http11 - DEBUG - response_closed.started
2026-05-11 16:52:22,887 - httpcore.http11 - DEBUG - response_closed.complete
2026-05-11 16:52:22,889 - httpcore.connection - DEBUG - close.started
2026-05-11 16:52:22,890 - httpcore.connection - DEBUG - close.complete
2026-05-11 17:15:15,734 - httpcore.connection - DEBUG - connect_tcp.started host='localhost' port=11434 local_address=None timeout=300 socket_options=None
2026-05-11 17:15:15,986 - httpcore.connection - DEBUG - connect_tcp.complete return_value=<httpcore._backends.anyio.AnyIOStream object at 0x00000275C5792330>
2026-05-11 17:15:15,986 - httpcore.http11 - DEBUG - send_request_headers.started request=<Request [b'POST']>
2026-05-11 17:15:15,987 - httpcore.http11 - DEBUG - send_request_headers.complete
2026-05-11 17:15:15,987 - httpcore.http11 - DEBUG - send_request_body.started request=<Request [b'POST']>
2026-05-11 17:15:15,987 - httpcore.http11 - DEBUG - send_request_body.complete
2026-05-11 17:15:15,987 - httpcore.http11 - DEBUG - receive_response_headers.started request=<Request [b'POST']>
2026-05-11 17:16:11,530 - httpcore.http11 - DEBUG - receive_response_headers.complete return_value=(b'HTTP/1.1', 200, b'OK', [(b'Content-Type', b'application/json; charset=utf-8'), (b'Date', b'Mon, 11 May 2026 11:46:11 GMT'), (b'Transfer-Encoding', b'chunked')])
2026-05-11 17:16:11,531 - httpx - INFO - HTTP Request: POST http://localhost:11434/api/chat "HTTP/1.1 200 OK"
2026-05-11 17:16:11,532 - httpcore.http11 - DEBUG - receive_response_body.started request=<Request [b'POST']>
2026-05-11 17:16:11,533 - httpcore.http11 - DEBUG - receive_response_body.complete
2026-05-11 17:16:11,535 - httpcore.http11 - DEBUG - response_closed.started
2026-05-11 17:16:11,536 - httpcore.http11 - DEBUG - response_closed.complete
2026-05-11 17:16:11,537 - httpcore.connection - DEBUG - close.started
2026-05-11 17:16:11,539 - httpcore.connection - DEBUG - close.complete
2026-05-11 17:16:12,236 - httpcore.connection - DEBUG - connect_tcp.started host='localhost' port=11434 local_address=None timeout=300 socket_options=None
2026-05-11 17:16:12,513 - httpcore.connection - DEBUG - connect_tcp.complete return_value=<httpcore._backends.anyio.AnyIOStream object at 0x00000275C5793FE0>
2026-05-11 17:16:12,513 - httpcore.http11 - DEBUG - send_request_headers.started request=<Request [b'POST']>
2026-05-11 17:16:12,513 - httpcore.http11 - DEBUG - send_request_headers.complete
2026-05-11 17:16:12,514 - httpcore.http11 - DEBUG - send_request_body.started request=<Request [b'POST']>
2026-05-11 17:16:12,514 - httpcore.http11 - DEBUG - send_request_body.complete
2026-05-11 17:16:12,515 - httpcore.http11 - DEBUG - receive_response_headers.started request=<Request [b'POST']>
2026-05-11 17:16:26,023 - httpcore.http11 - DEBUG - receive_response_headers.complete return_value=(b'HTTP/1.1', 200, b'OK', [(b'Content-Type', b'application/json; charset=utf-8'), (b'Date', b'Mon, 11 May 2026 11:46:26 GMT'), (b'Content-Length', b'688')])
2026-05-11 17:16:26,025 - httpx - INFO - HTTP Request: POST http://localhost:11434/api/chat "HTTP/1.1 200 OK"
2026-05-11 17:16:26,025 - httpcore.http11 - DEBUG - receive_response_body.started request=<Request [b'POST']>
2026-05-11 17:16:26,026 - httpcore.http11 - DEBUG - receive_response_body.complete
2026-05-11 17:16:26,027 - httpcore.http11 - DEBUG - response_closed.started
2026-05-11 17:16:26,027 - httpcore.http11 - DEBUG - response_closed.complete
2026-05-11 17:16:26,028 - httpcore.connection - DEBUG - close.started
2026-05-11 17:16:26,029 - httpcore.connection - DEBUG - close.complete
2026-05-11 17:22:37,849 - httpcore.connection - DEBUG - connect_tcp.started host='localhost' port=11434 local_address=None timeout=300 socket_options=None
2026-05-11 17:22:38,126 - httpcore.connection - DEBUG - connect_tcp.complete return_value=<httpcore._backends.anyio.AnyIOStream object at 0x00000275C5793EF0>
2026-05-11 17:22:38,126 - httpcore.http11 - DEBUG - send_request_headers.started request=<Request [b'POST']>
2026-05-11 17:22:38,126 - httpcore.http11 - DEBUG - send_request_headers.complete
2026-05-11 17:22:38,127 - httpcore.http11 - DEBUG - send_request_body.started request=<Request [b'POST']>
2026-05-11 17:22:38,127 - httpcore.http11 - DEBUG - send_request_body.complete
2026-05-11 17:22:38,128 - httpcore.http11 - DEBUG - receive_response_headers.started request=<Request [b'POST']>
2026-05-11 17:23:13,533 - httpcore.http11 - DEBUG - receive_response_headers.complete return_value=(b'HTTP/1.1', 200, b'OK', [(b'Content-Type', b'application/json; charset=utf-8'), (b'Date', b'Mon, 11 May 2026 11:53:13 GMT'), (b'Transfer-Encoding', b'chunked')])
2026-05-11 17:23:13,533 - httpx - INFO - HTTP Request: POST http://localhost:11434/api/chat "HTTP/1.1 200 OK"
2026-05-11 17:23:13,533 - httpcore.http11 - DEBUG - receive_response_body.started request=<Request [b'POST']>
2026-05-11 17:23:13,533 - httpcore.http11 - DEBUG - receive_response_body.complete
2026-05-11 17:23:13,536 - httpcore.http11 - DEBUG - response_closed.started
2026-05-11 17:23:13,537 - httpcore.http11 - DEBUG - response_closed.complete
2026-05-11 17:23:13,537 - httpcore.connection - DEBUG - close.started
2026-05-11 17:23:13,538 - httpcore.connection - DEBUG - close.complete
2026-05-11 17:23:13,939 - httpcore.connection - DEBUG - connect_tcp.started host='localhost' port=11434 local_address=None timeout=300 socket_options=None
2026-05-11 17:23:14,188 - httpcore.connection - DEBUG - connect_tcp.complete return_value=<httpcore._backends.anyio.AnyIOStream object at 0x00000275C5790E90>
2026-05-11 17:23:14,188 - httpcore.http11 - DEBUG - send_request_headers.started request=<Request [b'POST']>
2026-05-11 17:23:14,188 - httpcore.http11 - DEBUG - send_request_headers.complete
2026-05-11 17:23:14,188 - httpcore.http11 - DEBUG - send_request_body.started request=<Request [b'POST']>
2026-05-11 17:23:14,190 - httpcore.http11 - DEBUG - send_request_body.complete
2026-05-11 17:23:14,190 - httpcore.http11 - DEBUG - receive_response_headers.started request=<Request [b'POST']>
2026-05-11 17:23:23,323 - httpcore.http11 - DEBUG - receive_response_headers.complete return_value=(b'HTTP/1.1', 200, b'OK', [(b'Content-Type', b'application/json; charset=utf-8'), (b'Date', b'Mon, 11 May 2026 11:53:23 GMT'), (b'Content-Length', b'682')])
2026-05-11 17:23:23,323 - httpx - INFO - HTTP Request: POST http://localhost:11434/api/chat "HTTP/1.1 200 OK"
2026-05-11 17:23:23,324 - httpcore.http11 - DEBUG - receive_response_body.started request=<Request [b'POST']>
2026-05-11 17:23:23,324 - httpcore.http11 - DEBUG - receive_response_body.complete
2026-05-11 17:23:23,325 - httpcore.http11 - DEBUG - response_closed.started
2026-05-11 17:23:23,325 - httpcore.http11 - DEBUG - response_closed.complete
2026-05-11 17:23:23,326 - httpcore.connection - DEBUG - close.started
2026-05-11 17:23:23,326 - httpcore.connection - DEBUG - close.complete
2026-05-11 17:26:59,701 - httpcore.connection - DEBUG - connect_tcp.started host='localhost' port=11434 local_address=None timeout=300 socket_options=None
2026-05-11 17:26:59,977 - httpcore.connection - DEBUG - connect_tcp.complete return_value=<httpcore._backends.anyio.AnyIOStream object at 0x00000275C576C9B0>
2026-05-11 17:26:59,978 - httpcore.http11 - DEBUG - send_request_headers.started request=<Request [b'POST']>
2026-05-11 17:26:59,980 - httpcore.http11 - DEBUG - send_request_headers.complete
2026-05-11 17:26:59,980 - httpcore.http11 - DEBUG - send_request_body.started request=<Request [b'POST']>
2026-05-11 17:26:59,981 - httpcore.http11 - DEBUG - send_request_body.complete
2026-05-11 17:26:59,981 - httpcore.http11 - DEBUG - receive_response_headers.started request=<Request [b'POST']>
2026-05-11 17:28:01,547 - httpcore.http11 - DEBUG - receive_response_headers.complete return_value=(b'HTTP/1.1', 200, b'OK', [(b'Content-Type', b'application/json; charset=utf-8'), (b'Date', b'Mon, 11 May 2026 11:58:01 GMT'), (b'Transfer-Encoding', b'chunked')])
2026-05-11 17:28:01,548 - httpx - INFO - HTTP Request: POST http://localhost:11434/api/chat "HTTP/1.1 200 OK"
2026-05-11 17:28:01,549 - httpcore.http11 - DEBUG - receive_response_body.started request=<Request [b'POST']>
2026-05-11 17:28:01,549 - httpcore.http11 - DEBUG - receive_response_body.complete
2026-05-11 17:28:01,550 - httpcore.http11 - DEBUG - response_closed.started
2026-05-11 17:28:01,550 - httpcore.http11 - DEBUG - response_closed.complete
2026-05-11 17:28:01,551 - httpcore.connection - DEBUG - close.started
2026-05-11 17:28:01,552 - httpcore.connection - DEBUG - close.complete
2026-05-11 17:28:02,333 - httpcore.connection - DEBUG - connect_tcp.started host='localhost' port=11434 local_address=None timeout=300 socket_options=None
2026-05-11 17:28:02,586 - httpcore.connection - DEBUG - connect_tcp.complete return_value=<httpcore._backends.anyio.AnyIOStream object at 0x00000275C57A0050>
2026-05-11 17:28:02,587 - httpcore.http11 - DEBUG - send_request_headers.started request=<Request [b'POST']>
2026-05-11 17:28:02,588 - httpcore.http11 - DEBUG - send_request_headers.complete
2026-05-11 17:28:02,588 - httpcore.http11 - DEBUG - send_request_body.started request=<Request [b'POST']>
2026-05-11 17:28:02,589 - httpcore.http11 - DEBUG - send_request_body.complete
2026-05-11 17:28:02,589 - httpcore.http11 - DEBUG - receive_response_headers.started request=<Request [b'POST']>
2026-05-11 17:28:17,327 - httpcore.http11 - DEBUG - receive_response_headers.complete return_value=(b'HTTP/1.1', 200, b'OK', [(b'Content-Type', b'application/json; charset=utf-8'), (b'Date', b'Mon, 11 May 2026 11:58:17 GMT'), (b'Content-Length', b'646')])
2026-05-11 17:28:17,327 - httpx - INFO - HTTP Request: POST http://localhost:11434/api/chat "HTTP/1.1 200 OK"
2026-05-11 17:28:17,328 - httpcore.http11 - DEBUG - receive_response_body.started request=<Request [b'POST']>
2026-05-11 17:28:17,328 - httpcore.http11 - DEBUG - receive_response_body.complete
2026-05-11 17:28:17,328 - httpcore.http11 - DEBUG - response_closed.started
2026-05-11 17:28:17,331 - httpcore.http11 - DEBUG - response_closed.complete
2026-05-11 17:28:17,332 - httpcore.connection - DEBUG - close.started
2026-05-11 17:28:17,334 - httpcore.connection - DEBUG - close.complete
