2026-05-03 17:14:52,978 - main - INFO - === Logging system initialized ===
2026-05-03 17:14:52,978 - main - INFO - Log file: logs/app_20260503_171452.log
2026-05-03 17:14:52,978 - main - INFO - Log level: INFO
2026-05-03 17:14:52,978 - main - INFO - Timestamp: 20260503_171452
2026-05-03 17:14:53,511 - main - INFO - Included router: routers.aihub.router
2026-05-03 17:14:53,530 - main - INFO - Included router: routers.auth.router
2026-05-03 17:14:53,533 - main - INFO - Included router: routers.health.router
2026-05-03 17:14:53,533 - main - INFO - Included router: routers.portfolio.router
2026-05-03 17:14:53,549 - main - INFO - Included router: routers.settings.router
2026-05-03 17:14:53,578 - main - INFO - Included router: routers.storage.router
2026-05-03 17:14:53,596 - main - INFO - Included router: routers.user.router
2026-05-03 17:14:53,596 - main - INFO - === Application startup initiated ===
2026-05-03 17:14:53,596 - services.database - DEBUG - [DB_OP] Starting database initialization
2026-05-03 17:14:53,596 - services.database - INFO - 🔧 Starting database initialization...
2026-05-03 17:14:53,596 - core.database - INFO - Starting database initialization...
2026-05-03 17:14:53,596 - core.database - INFO - Normalizing database URL for async compatibility...
2026-05-03 17:14:53,603 - core.database - DEBUG - Database exists:./app.db
2026-05-03 17:14:53,603 - core.database - INFO - Creating async database engine...
2026-05-03 17:14:53,604 - core.database - INFO - Using QueuePool with connection pooling for non-Lambda environment
2026-05-03 17:14:53,612 - core.database - INFO - Database engine created successfully
2026-05-03 17:14:53,612 - core.database - INFO - Creating async session maker...
2026-05-03 17:14:53,612 - core.database - INFO - Async session maker created successfully
2026-05-03 17:14:53,612 - core.database - INFO - Database connection initialized successfully
2026-05-03 17:14:53,612 - services.database - INFO - 🔧 Database connection initialized, now creating tables if tables not exist...
2026-05-03 17:14:53,612 - core.database - DEBUG - [DB_OP] Starting create_tables
2026-05-03 17:14:53,612 - core.database - INFO - 🔧 Starting table creation...
2026-05-03 17:14:53,612 - aiosqlite - DEBUG - executing <function connect.<locals>.connector at 0x0000025EBC202DE0>
2026-05-03 17:14:53,612 - aiosqlite - DEBUG - operation <function connect.<locals>.connector at 0x0000025EBC202DE0> completed
2026-05-03 17:14:53,612 - aiosqlite - DEBUG - executing functools.partial(<built-in method create_function of sqlite3.Connection object at 0x0000025EBC1CF3D0>, 'regexp', 2, <function SQLiteDialect_pysqlite.on_connect.<locals>.regexp at 0x0000025EBC202160>, deterministic=True)
2026-05-03 17:14:53,627 - aiosqlite - DEBUG - operation functools.partial(<built-in method create_function of sqlite3.Connection object at 0x0000025EBC1CF3D0>, 'regexp', 2, <function SQLiteDialect_pysqlite.on_connect.<locals>.regexp at 0x0000025EBC202160>, deterministic=True) completed
2026-05-03 17:14:53,627 - aiosqlite - DEBUG - executing functools.partial(<built-in method create_function of sqlite3.Connection object at 0x0000025EBC1CF3D0>, 'floor', 1, <built-in function floor>, deterministic=True)
2026-05-03 17:14:53,627 - aiosqlite - DEBUG - operation functools.partial(<built-in method create_function of sqlite3.Connection object at 0x0000025EBC1CF3D0>, 'floor', 1, <built-in function floor>, deterministic=True) completed
2026-05-03 17:14:53,627 - aiosqlite - DEBUG - executing functools.partial(<built-in method cursor of sqlite3.Connection object at 0x0000025EBC1CF3D0>)
2026-05-03 17:14:53,627 - aiosqlite - DEBUG - operation functools.partial(<built-in method cursor of sqlite3.Connection object at 0x0000025EBC1CF3D0>) completed
2026-05-03 17:14:53,627 - aiosqlite - DEBUG - executing functools.partial(<built-in method execute of sqlite3.Cursor object at 0x0000025EBC204AC0>, 'PRAGMA read_uncommitted', [])
2026-05-03 17:14:53,627 - aiosqlite - DEBUG - operation functools.partial(<built-in method execute of sqlite3.Cursor object at 0x0000025EBC204AC0>, 'PRAGMA read_uncommitted', []) completed
2026-05-03 17:14:53,627 - aiosqlite - DEBUG - executing functools.partial(<built-in method fetchall of sqlite3.Cursor object at 0x0000025EBC204AC0>)
2026-05-03 17:14:53,627 - aiosqlite - DEBUG - operation functools.partial(<built-in method fetchall of sqlite3.Cursor object at 0x0000025EBC204AC0>) completed
2026-05-03 17:14:53,627 - aiosqlite - DEBUG - executing functools.partial(<built-in method close of sqlite3.Cursor object at 0x0000025EBC204AC0>)
2026-05-03 17:14:53,627 - aiosqlite - DEBUG - operation functools.partial(<built-in method close of sqlite3.Cursor object at 0x0000025EBC204AC0>) completed
2026-05-03 17:14:53,627 - aiosqlite - DEBUG - executing functools.partial(<built-in method rollback of sqlite3.Connection object at 0x0000025EBC1CF3D0>)
2026-05-03 17:14:53,627 - aiosqlite - DEBUG - operation functools.partial(<built-in method rollback of sqlite3.Connection object at 0x0000025EBC1CF3D0>) completed
2026-05-03 17:14:53,627 - aiosqlite - DEBUG - executing functools.partial(<built-in method cursor of sqlite3.Connection object at 0x0000025EBC1CF3D0>)
2026-05-03 17:14:53,627 - aiosqlite - DEBUG - operation functools.partial(<built-in method cursor of sqlite3.Connection object at 0x0000025EBC1CF3D0>) completed
2026-05-03 17:14:53,627 - aiosqlite - DEBUG - executing functools.partial(<built-in method execute of sqlite3.Cursor object at 0x0000025EBC204B40>, 'PRAGMA main.table_info("users")', ())
2026-05-03 17:14:53,627 - aiosqlite - DEBUG - operation functools.partial(<built-in method execute of sqlite3.Cursor object at 0x0000025EBC204B40>, 'PRAGMA main.table_info("users")', ()) completed
2026-05-03 17:14:53,627 - aiosqlite - DEBUG - executing functools.partial(<built-in method fetchall of sqlite3.Cursor object at 0x0000025EBC204B40>)
2026-05-03 17:14:53,627 - aiosqlite - DEBUG - operation functools.partial(<built-in method fetchall of sqlite3.Cursor object at 0x0000025EBC204B40>) completed
2026-05-03 17:14:53,627 - aiosqlite - DEBUG - executing functools.partial(<built-in method close of sqlite3.Cursor object at 0x0000025EBC204B40>)
2026-05-03 17:14:53,635 - aiosqlite - DEBUG - operation functools.partial(<built-in method close of sqlite3.Cursor object at 0x0000025EBC204B40>) completed
2026-05-03 17:14:53,635 - aiosqlite - DEBUG - executing functools.partial(<built-in method cursor of sqlite3.Connection object at 0x0000025EBC1CF3D0>)
2026-05-03 17:14:53,635 - aiosqlite - DEBUG - operation functools.partial(<built-in method cursor of sqlite3.Connection object at 0x0000025EBC1CF3D0>) completed
2026-05-03 17:14:53,635 - aiosqlite - DEBUG - executing functools.partial(<built-in method execute of sqlite3.Cursor object at 0x0000025EBC204B40>, 'PRAGMA main.table_info("oidc_states")', ())
2026-05-03 17:14:53,635 - aiosqlite - DEBUG - operation functools.partial(<built-in method execute of sqlite3.Cursor object at 0x0000025EBC204B40>, 'PRAGMA main.table_info("oidc_states")', ()) completed
2026-05-03 17:14:53,635 - aiosqlite - DEBUG - executing functools.partial(<built-in method fetchall of sqlite3.Cursor object at 0x0000025EBC204B40>)
2026-05-03 17:14:53,635 - aiosqlite - DEBUG - operation functools.partial(<built-in method fetchall of sqlite3.Cursor object at 0x0000025EBC204B40>) completed
2026-05-03 17:14:53,635 - aiosqlite - DEBUG - executing functools.partial(<built-in method close of sqlite3.Cursor object at 0x0000025EBC204B40>)
2026-05-03 17:14:53,635 - core.database - INFO - Tables initialized successfully
2026-05-03 17:14:53,635 - aiosqlite - DEBUG - operation functools.partial(<built-in method close of sqlite3.Cursor object at 0x0000025EBC204B40>) completed
2026-05-03 17:14:53,635 - core.database - DEBUG - [DB_OP] Create tables completed in 0.0229s
2026-05-03 17:14:53,635 - aiosqlite - DEBUG - executing functools.partial(<built-in method commit of sqlite3.Connection object at 0x0000025EBC1CF3D0>)
2026-05-03 17:14:53,635 - aiosqlite - DEBUG - operation functools.partial(<built-in method commit of sqlite3.Connection object at 0x0000025EBC1CF3D0>) completed
2026-05-03 17:14:53,635 - aiosqlite - DEBUG - executing functools.partial(<built-in method rollback of sqlite3.Connection object at 0x0000025EBC1CF3D0>)
2026-05-03 17:14:53,635 - services.database - INFO - 🔧 Table creation completed
2026-05-03 17:14:53,635 - aiosqlite - DEBUG - operation functools.partial(<built-in method rollback of sqlite3.Connection object at 0x0000025EBC1CF3D0>) completed
2026-05-03 17:14:53,635 - services.database - INFO - Database initialized successfully
2026-05-03 17:14:53,635 - services.database - DEBUG - [DB_OP] Database initialization completed in 0.0393s
2026-05-03 17:14:53,635 - services.mock_data - INFO - mock_data directory not found, skipping mock initialization
2026-05-03 17:14:53,635 - services.database - DEBUG - [DB_OP] Starting database initialization
2026-05-03 17:14:53,635 - services.database - INFO - 🔧 Starting database initialization...
2026-05-03 17:14:53,635 - core.database - INFO - Starting database initialization...
2026-05-03 17:14:53,635 - core.database - INFO - Database already initialized
2026-05-03 17:14:53,635 - services.database - INFO - 🔧 Database connection initialized, now creating tables if tables not exist...
2026-05-03 17:14:53,635 - core.database - DEBUG - [DB_OP] Starting create_tables
2026-05-03 17:14:53,635 - core.database - INFO - Tables already initialized
2026-05-03 17:14:53,635 - services.database - INFO - 🔧 Table creation completed
2026-05-03 17:14:53,635 - services.database - INFO - Database initialized successfully
2026-05-03 17:14:53,635 - services.database - DEBUG - [DB_OP] Database initialization completed in 0.0000s
2026-05-03 17:14:53,635 - services.auth - WARNING - Admin user ID or email not configured, skipping admin initialization
2026-05-03 17:14:53,635 - main - INFO - === Application startup completed successfully ===
2026-05-03 17:15:00,980 - services.database - DEBUG - [DB_OP] Starting database close
2026-05-03 17:15:00,980 - aiosqlite - DEBUG - executing functools.partial(<built-in method close of sqlite3.Connection object at 0x0000025EBC1CF3D0>)
2026-05-03 17:15:00,982 - aiosqlite - DEBUG - operation functools.partial(<built-in method close of sqlite3.Connection object at 0x0000025EBC1CF3D0>) completed
2026-05-03 17:15:00,982 - aiosqlite - DEBUG - executing <function Connection.stop.<locals>.close_and_stop at 0x0000025EBC203100>
2026-05-03 17:15:00,982 - aiosqlite - DEBUG - operation <function Connection.stop.<locals>.close_and_stop at 0x0000025EBC203100> completed
2026-05-03 17:15:00,982 - core.database - INFO - Database connection closed and engine disposed
2026-05-03 17:15:00,983 - services.database - INFO - Database connections closed
2026-05-03 17:15:00,983 - services.database - DEBUG - [DB_OP] Database close completed in 0.0028s
