2026-05-03 17:10:45,633 - main - INFO - === Logging system initialized ===
2026-05-03 17:10:45,633 - main - INFO - Log file: logs/app_20260503_171045.log
2026-05-03 17:10:45,633 - main - INFO - Log level: INFO
2026-05-03 17:10:45,633 - main - INFO - Timestamp: 20260503_171045
2026-05-03 17:10:46,145 - main - INFO - Included router: routers.aihub.router
2026-05-03 17:10:46,166 - main - INFO - Included router: routers.auth.router
2026-05-03 17:10:46,167 - main - INFO - Included router: routers.health.router
2026-05-03 17:10:46,171 - main - INFO - Included router: routers.portfolio.router
2026-05-03 17:10:46,181 - main - INFO - Included router: routers.settings.router
2026-05-03 17:10:46,213 - main - INFO - Included router: routers.storage.router
2026-05-03 17:10:46,219 - main - INFO - Included router: routers.user.router
2026-05-03 17:10:46,220 - main - INFO - === Application startup initiated ===
2026-05-03 17:10:46,221 - services.database - DEBUG - [DB_OP] Starting database initialization
2026-05-03 17:10:46,221 - services.database - INFO - 🔧 Starting database initialization...
2026-05-03 17:10:46,221 - core.database - INFO - Starting database initialization...
2026-05-03 17:10:46,221 - core.database - INFO - Normalizing database URL for async compatibility...
2026-05-03 17:10:46,223 - core.database - DEBUG - Database exists:./app.db
2026-05-03 17:10:46,223 - core.database - INFO - Creating async database engine...
2026-05-03 17:10:46,224 - core.database - INFO - Using QueuePool with connection pooling for non-Lambda environment
2026-05-03 17:10:46,230 - core.database - INFO - Database engine created successfully
2026-05-03 17:10:46,230 - core.database - INFO - Creating async session maker...
2026-05-03 17:10:46,230 - core.database - INFO - Async session maker created successfully
2026-05-03 17:10:46,230 - core.database - INFO - Database connection initialized successfully
2026-05-03 17:10:46,230 - services.database - INFO - 🔧 Database connection initialized, now creating tables if tables not exist...
2026-05-03 17:10:46,230 - core.database - DEBUG - [DB_OP] Starting create_tables
2026-05-03 17:10:46,230 - core.database - INFO - 🔧 Starting table creation...
2026-05-03 17:10:46,230 - aiosqlite - DEBUG - executing <function connect.<locals>.connector at 0x0000020F4689EC00>
2026-05-03 17:10:46,230 - aiosqlite - DEBUG - operation <function connect.<locals>.connector at 0x0000020F4689EC00> completed
2026-05-03 17:10:46,243 - aiosqlite - DEBUG - executing functools.partial(<built-in method create_function of sqlite3.Connection object at 0x0000020F4686B2E0>, 'regexp', 2, <function SQLiteDialect_pysqlite.on_connect.<locals>.regexp at 0x0000020F4689DF80>, deterministic=True)
2026-05-03 17:10:46,243 - aiosqlite - DEBUG - operation functools.partial(<built-in method create_function of sqlite3.Connection object at 0x0000020F4686B2E0>, 'regexp', 2, <function SQLiteDialect_pysqlite.on_connect.<locals>.regexp at 0x0000020F4689DF80>, deterministic=True) completed
2026-05-03 17:10:46,244 - aiosqlite - DEBUG - executing functools.partial(<built-in method create_function of sqlite3.Connection object at 0x0000020F4686B2E0>, 'floor', 1, <built-in function floor>, deterministic=True)
2026-05-03 17:10:46,244 - aiosqlite - DEBUG - operation functools.partial(<built-in method create_function of sqlite3.Connection object at 0x0000020F4686B2E0>, 'floor', 1, <built-in function floor>, deterministic=True) completed
2026-05-03 17:10:46,244 - aiosqlite - DEBUG - executing functools.partial(<built-in method cursor of sqlite3.Connection object at 0x0000020F4686B2E0>)
2026-05-03 17:10:46,245 - aiosqlite - DEBUG - operation functools.partial(<built-in method cursor of sqlite3.Connection object at 0x0000020F4686B2E0>) completed
2026-05-03 17:10:46,245 - aiosqlite - DEBUG - executing functools.partial(<built-in method execute of sqlite3.Cursor object at 0x0000020F468A4740>, 'PRAGMA read_uncommitted', [])
2026-05-03 17:10:46,245 - aiosqlite - DEBUG - operation functools.partial(<built-in method execute of sqlite3.Cursor object at 0x0000020F468A4740>, 'PRAGMA read_uncommitted', []) completed
2026-05-03 17:10:46,246 - aiosqlite - DEBUG - executing functools.partial(<built-in method fetchall of sqlite3.Cursor object at 0x0000020F468A4740>)
2026-05-03 17:10:46,246 - aiosqlite - DEBUG - operation functools.partial(<built-in method fetchall of sqlite3.Cursor object at 0x0000020F468A4740>) completed
2026-05-03 17:10:46,246 - aiosqlite - DEBUG - executing functools.partial(<built-in method close of sqlite3.Cursor object at 0x0000020F468A4740>)
2026-05-03 17:10:46,246 - aiosqlite - DEBUG - operation functools.partial(<built-in method close of sqlite3.Cursor object at 0x0000020F468A4740>) completed
2026-05-03 17:10:46,247 - aiosqlite - DEBUG - executing functools.partial(<built-in method rollback of sqlite3.Connection object at 0x0000020F4686B2E0>)
2026-05-03 17:10:46,247 - aiosqlite - DEBUG - operation functools.partial(<built-in method rollback of sqlite3.Connection object at 0x0000020F4686B2E0>) completed
2026-05-03 17:10:46,247 - aiosqlite - DEBUG - executing functools.partial(<built-in method cursor of sqlite3.Connection object at 0x0000020F4686B2E0>)
2026-05-03 17:10:46,248 - aiosqlite - DEBUG - operation functools.partial(<built-in method cursor of sqlite3.Connection object at 0x0000020F4686B2E0>) completed
2026-05-03 17:10:46,248 - aiosqlite - DEBUG - executing functools.partial(<built-in method execute of sqlite3.Cursor object at 0x0000020F468A4740>, 'PRAGMA main.table_info("users")', ())
2026-05-03 17:10:46,248 - aiosqlite - DEBUG - operation functools.partial(<built-in method execute of sqlite3.Cursor object at 0x0000020F468A4740>, 'PRAGMA main.table_info("users")', ()) completed
2026-05-03 17:10:46,248 - aiosqlite - DEBUG - executing functools.partial(<built-in method fetchall of sqlite3.Cursor object at 0x0000020F468A4740>)
2026-05-03 17:10:46,249 - aiosqlite - DEBUG - operation functools.partial(<built-in method fetchall of sqlite3.Cursor object at 0x0000020F468A4740>) completed
2026-05-03 17:10:46,249 - aiosqlite - DEBUG - executing functools.partial(<built-in method close of sqlite3.Cursor object at 0x0000020F468A4740>)
2026-05-03 17:10:46,249 - aiosqlite - DEBUG - operation functools.partial(<built-in method close of sqlite3.Cursor object at 0x0000020F468A4740>) completed
2026-05-03 17:10:46,250 - aiosqlite - DEBUG - executing functools.partial(<built-in method cursor of sqlite3.Connection object at 0x0000020F4686B2E0>)
2026-05-03 17:10:46,250 - aiosqlite - DEBUG - operation functools.partial(<built-in method cursor of sqlite3.Connection object at 0x0000020F4686B2E0>) completed
2026-05-03 17:10:46,250 - aiosqlite - DEBUG - executing functools.partial(<built-in method execute of sqlite3.Cursor object at 0x0000020F468A4740>, 'PRAGMA main.table_info("oidc_states")', ())
2026-05-03 17:10:46,250 - aiosqlite - DEBUG - operation functools.partial(<built-in method execute of sqlite3.Cursor object at 0x0000020F468A4740>, 'PRAGMA main.table_info("oidc_states")', ()) completed
2026-05-03 17:10:46,250 - aiosqlite - DEBUG - executing functools.partial(<built-in method fetchall of sqlite3.Cursor object at 0x0000020F468A4740>)
2026-05-03 17:10:46,250 - aiosqlite - DEBUG - operation functools.partial(<built-in method fetchall of sqlite3.Cursor object at 0x0000020F468A4740>) completed
2026-05-03 17:10:46,251 - aiosqlite - DEBUG - executing functools.partial(<built-in method close of sqlite3.Cursor object at 0x0000020F468A4740>)
2026-05-03 17:10:46,251 - core.database - INFO - Tables initialized successfully
2026-05-03 17:10:46,251 - aiosqlite - DEBUG - operation functools.partial(<built-in method close of sqlite3.Cursor object at 0x0000020F468A4740>) completed
2026-05-03 17:10:46,251 - core.database - DEBUG - [DB_OP] Create tables completed in 0.0208s
2026-05-03 17:10:46,252 - aiosqlite - DEBUG - executing functools.partial(<built-in method commit of sqlite3.Connection object at 0x0000020F4686B2E0>)
2026-05-03 17:10:46,252 - aiosqlite - DEBUG - operation functools.partial(<built-in method commit of sqlite3.Connection object at 0x0000020F4686B2E0>) completed
2026-05-03 17:10:46,252 - aiosqlite - DEBUG - executing functools.partial(<built-in method rollback of sqlite3.Connection object at 0x0000020F4686B2E0>)
2026-05-03 17:10:46,253 - aiosqlite - DEBUG - operation functools.partial(<built-in method rollback of sqlite3.Connection object at 0x0000020F4686B2E0>) completed
2026-05-03 17:10:46,253 - services.database - INFO - 🔧 Table creation completed
2026-05-03 17:10:46,253 - services.database - INFO - Database initialized successfully
2026-05-03 17:10:46,253 - services.database - DEBUG - [DB_OP] Database initialization completed in 0.0314s
2026-05-03 17:10:46,253 - services.mock_data - INFO - mock_data directory not found, skipping mock initialization
2026-05-03 17:10:46,253 - services.database - DEBUG - [DB_OP] Starting database initialization
2026-05-03 17:10:46,254 - services.database - INFO - 🔧 Starting database initialization...
2026-05-03 17:10:46,254 - core.database - INFO - Starting database initialization...
2026-05-03 17:10:46,254 - core.database - INFO - Database already initialized
2026-05-03 17:10:46,254 - services.database - INFO - 🔧 Database connection initialized, now creating tables if tables not exist...
2026-05-03 17:10:46,254 - core.database - DEBUG - [DB_OP] Starting create_tables
2026-05-03 17:10:46,254 - core.database - INFO - Tables already initialized
2026-05-03 17:10:46,254 - services.database - INFO - 🔧 Table creation completed
2026-05-03 17:10:46,254 - services.database - INFO - Database initialized successfully
2026-05-03 17:10:46,254 - services.database - DEBUG - [DB_OP] Database initialization completed in 0.0010s
2026-05-03 17:10:46,255 - services.auth - WARNING - Admin user ID or email not configured, skipping admin initialization
2026-05-03 17:10:46,255 - main - INFO - === Application startup completed successfully ===
2026-05-03 17:11:01,525 - services.database - DEBUG - [DB_OP] Starting database close
2026-05-03 17:11:01,525 - aiosqlite - DEBUG - executing functools.partial(<built-in method close of sqlite3.Connection object at 0x0000020F4686B2E0>)
2026-05-03 17:11:01,526 - aiosqlite - DEBUG - operation functools.partial(<built-in method close of sqlite3.Connection object at 0x0000020F4686B2E0>) completed
2026-05-03 17:11:01,526 - aiosqlite - DEBUG - executing <function Connection.stop.<locals>.close_and_stop at 0x0000020F4689EF20>
2026-05-03 17:11:01,526 - aiosqlite - DEBUG - operation <function Connection.stop.<locals>.close_and_stop at 0x0000020F4689EF20> completed
2026-05-03 17:11:01,526 - core.database - INFO - Database connection closed and engine disposed
2026-05-03 17:11:01,526 - services.database - INFO - Database connections closed
2026-05-03 17:11:01,526 - services.database - DEBUG - [DB_OP] Database close completed in 0.0010s
