2026-05-03 17:10:29,794 - main - INFO - === Logging system initialized ===
2026-05-03 17:10:29,794 - main - INFO - Log file: logs/app_20260503_171029.log
2026-05-03 17:10:29,795 - main - INFO - Log level: INFO
2026-05-03 17:10:29,795 - main - INFO - Timestamp: 20260503_171029
2026-05-03 17:10:30,296 - main - INFO - Included router: routers.aihub.router
2026-05-03 17:10:30,297 - main - INFO - Included router: routers.auth.router
2026-05-03 17:10:30,297 - main - INFO - Included router: routers.health.router
2026-05-03 17:10:30,313 - main - INFO - Included router: routers.portfolio.router
2026-05-03 17:10:30,315 - main - INFO - Included router: routers.settings.router
2026-05-03 17:10:30,352 - main - INFO - Included router: routers.storage.router
2026-05-03 17:10:30,352 - main - INFO - Included router: routers.user.router
2026-05-03 17:10:30,361 - main - INFO - === Application startup initiated ===
2026-05-03 17:10:30,361 - services.database - DEBUG - [DB_OP] Starting database initialization
2026-05-03 17:10:30,361 - services.database - INFO - 🔧 Starting database initialization...
2026-05-03 17:10:30,361 - core.database - INFO - Starting database initialization...
2026-05-03 17:10:30,362 - core.database - INFO - Normalizing database URL for async compatibility...
2026-05-03 17:10:30,363 - core.database - DEBUG - Database exists:./app.db
2026-05-03 17:10:30,363 - core.database - INFO - Creating async database engine...
2026-05-03 17:10:30,363 - core.database - INFO - Using QueuePool with connection pooling for non-Lambda environment
2026-05-03 17:10:30,366 - core.database - INFO - Database engine created successfully
2026-05-03 17:10:30,366 - core.database - INFO - Creating async session maker...
2026-05-03 17:10:30,366 - core.database - INFO - Async session maker created successfully
2026-05-03 17:10:30,366 - core.database - INFO - Database connection initialized successfully
2026-05-03 17:10:30,377 - services.database - INFO - 🔧 Database connection initialized, now creating tables if tables not exist...
2026-05-03 17:10:30,377 - core.database - DEBUG - [DB_OP] Starting create_tables
2026-05-03 17:10:30,377 - core.database - INFO - 🔧 Starting table creation...
2026-05-03 17:10:30,378 - aiosqlite - DEBUG - executing <function connect.<locals>.connector at 0x000002465B9CEC00>
2026-05-03 17:10:30,379 - aiosqlite - DEBUG - operation <function connect.<locals>.connector at 0x000002465B9CEC00> completed
2026-05-03 17:10:30,379 - aiosqlite - DEBUG - executing functools.partial(<built-in method create_function of sqlite3.Connection object at 0x000002465B9A31F0>, 'regexp', 2, <function SQLiteDialect_pysqlite.on_connect.<locals>.regexp at 0x000002465B9CDF80>, deterministic=True)
2026-05-03 17:10:30,379 - aiosqlite - DEBUG - operation functools.partial(<built-in method create_function of sqlite3.Connection object at 0x000002465B9A31F0>, 'regexp', 2, <function SQLiteDialect_pysqlite.on_connect.<locals>.regexp at 0x000002465B9CDF80>, deterministic=True) completed
2026-05-03 17:10:30,379 - aiosqlite - DEBUG - executing functools.partial(<built-in method create_function of sqlite3.Connection object at 0x000002465B9A31F0>, 'floor', 1, <built-in function floor>, deterministic=True)
2026-05-03 17:10:30,381 - aiosqlite - DEBUG - operation functools.partial(<built-in method create_function of sqlite3.Connection object at 0x000002465B9A31F0>, 'floor', 1, <built-in function floor>, deterministic=True) completed
2026-05-03 17:10:30,381 - aiosqlite - DEBUG - executing functools.partial(<built-in method cursor of sqlite3.Connection object at 0x000002465B9A31F0>)
2026-05-03 17:10:30,381 - aiosqlite - DEBUG - operation functools.partial(<built-in method cursor of sqlite3.Connection object at 0x000002465B9A31F0>) completed
2026-05-03 17:10:30,381 - aiosqlite - DEBUG - executing functools.partial(<built-in method execute of sqlite3.Cursor object at 0x000002465B9D4740>, 'PRAGMA read_uncommitted', [])
2026-05-03 17:10:30,381 - aiosqlite - DEBUG - operation functools.partial(<built-in method execute of sqlite3.Cursor object at 0x000002465B9D4740>, 'PRAGMA read_uncommitted', []) completed
2026-05-03 17:10:30,381 - aiosqlite - DEBUG - executing functools.partial(<built-in method fetchall of sqlite3.Cursor object at 0x000002465B9D4740>)
2026-05-03 17:10:30,381 - aiosqlite - DEBUG - operation functools.partial(<built-in method fetchall of sqlite3.Cursor object at 0x000002465B9D4740>) completed
2026-05-03 17:10:30,381 - aiosqlite - DEBUG - executing functools.partial(<built-in method close of sqlite3.Cursor object at 0x000002465B9D4740>)
2026-05-03 17:10:30,381 - aiosqlite - DEBUG - operation functools.partial(<built-in method close of sqlite3.Cursor object at 0x000002465B9D4740>) completed
2026-05-03 17:10:30,381 - aiosqlite - DEBUG - executing functools.partial(<built-in method rollback of sqlite3.Connection object at 0x000002465B9A31F0>)
2026-05-03 17:10:30,381 - aiosqlite - DEBUG - operation functools.partial(<built-in method rollback of sqlite3.Connection object at 0x000002465B9A31F0>) completed
2026-05-03 17:10:30,383 - aiosqlite - DEBUG - executing functools.partial(<built-in method cursor of sqlite3.Connection object at 0x000002465B9A31F0>)
2026-05-03 17:10:30,383 - aiosqlite - DEBUG - operation functools.partial(<built-in method cursor of sqlite3.Connection object at 0x000002465B9A31F0>) completed
2026-05-03 17:10:30,383 - aiosqlite - DEBUG - executing functools.partial(<built-in method execute of sqlite3.Cursor object at 0x000002465B9D4740>, 'PRAGMA main.table_info("users")', ())
2026-05-03 17:10:30,383 - aiosqlite - DEBUG - operation functools.partial(<built-in method execute of sqlite3.Cursor object at 0x000002465B9D4740>, 'PRAGMA main.table_info("users")', ()) completed
2026-05-03 17:10:30,383 - aiosqlite - DEBUG - executing functools.partial(<built-in method fetchall of sqlite3.Cursor object at 0x000002465B9D4740>)
2026-05-03 17:10:30,383 - aiosqlite - DEBUG - operation functools.partial(<built-in method fetchall of sqlite3.Cursor object at 0x000002465B9D4740>) completed
2026-05-03 17:10:30,383 - aiosqlite - DEBUG - executing functools.partial(<built-in method close of sqlite3.Cursor object at 0x000002465B9D4740>)
2026-05-03 17:10:30,383 - aiosqlite - DEBUG - operation functools.partial(<built-in method close of sqlite3.Cursor object at 0x000002465B9D4740>) completed
2026-05-03 17:10:30,383 - aiosqlite - DEBUG - executing functools.partial(<built-in method cursor of sqlite3.Connection object at 0x000002465B9A31F0>)
2026-05-03 17:10:30,383 - aiosqlite - DEBUG - operation functools.partial(<built-in method cursor of sqlite3.Connection object at 0x000002465B9A31F0>) completed
2026-05-03 17:10:30,383 - aiosqlite - DEBUG - executing functools.partial(<built-in method execute of sqlite3.Cursor object at 0x000002465B9D4740>, 'PRAGMA main.table_info("oidc_states")', ())
2026-05-03 17:10:30,383 - aiosqlite - DEBUG - operation functools.partial(<built-in method execute of sqlite3.Cursor object at 0x000002465B9D4740>, 'PRAGMA main.table_info("oidc_states")', ()) completed
2026-05-03 17:10:30,383 - aiosqlite - DEBUG - executing functools.partial(<built-in method fetchall of sqlite3.Cursor object at 0x000002465B9D4740>)
2026-05-03 17:10:30,383 - aiosqlite - DEBUG - operation functools.partial(<built-in method fetchall of sqlite3.Cursor object at 0x000002465B9D4740>) completed
2026-05-03 17:10:30,383 - aiosqlite - DEBUG - executing functools.partial(<built-in method close of sqlite3.Cursor object at 0x000002465B9D4740>)
2026-05-03 17:10:30,383 - aiosqlite - DEBUG - operation functools.partial(<built-in method close of sqlite3.Cursor object at 0x000002465B9D4740>) completed
2026-05-03 17:10:30,383 - core.database - INFO - Tables initialized successfully
2026-05-03 17:10:30,383 - core.database - DEBUG - [DB_OP] Create tables completed in 0.0055s
2026-05-03 17:10:30,387 - aiosqlite - DEBUG - executing functools.partial(<built-in method commit of sqlite3.Connection object at 0x000002465B9A31F0>)
2026-05-03 17:10:30,387 - aiosqlite - DEBUG - operation functools.partial(<built-in method commit of sqlite3.Connection object at 0x000002465B9A31F0>) completed
2026-05-03 17:10:30,387 - aiosqlite - DEBUG - executing functools.partial(<built-in method rollback of sqlite3.Connection object at 0x000002465B9A31F0>)
2026-05-03 17:10:30,387 - services.database - INFO - 🔧 Table creation completed
2026-05-03 17:10:30,387 - aiosqlite - DEBUG - operation functools.partial(<built-in method rollback of sqlite3.Connection object at 0x000002465B9A31F0>) completed
2026-05-03 17:10:30,387 - services.database - INFO - Database initialized successfully
2026-05-03 17:10:30,387 - services.database - DEBUG - [DB_OP] Database initialization completed in 0.0259s
2026-05-03 17:10:30,387 - services.mock_data - INFO - mock_data directory not found, skipping mock initialization
2026-05-03 17:10:30,387 - services.database - DEBUG - [DB_OP] Starting database initialization
2026-05-03 17:10:30,387 - services.database - INFO - 🔧 Starting database initialization...
2026-05-03 17:10:30,387 - core.database - INFO - Starting database initialization...
2026-05-03 17:10:30,387 - core.database - INFO - Database already initialized
2026-05-03 17:10:30,387 - services.database - INFO - 🔧 Database connection initialized, now creating tables if tables not exist...
2026-05-03 17:10:30,387 - core.database - DEBUG - [DB_OP] Starting create_tables
2026-05-03 17:10:30,387 - core.database - INFO - Tables already initialized
2026-05-03 17:10:30,387 - services.database - INFO - 🔧 Table creation completed
2026-05-03 17:10:30,387 - services.database - INFO - Database initialized successfully
2026-05-03 17:10:30,387 - services.database - DEBUG - [DB_OP] Database initialization completed in 0.0000s
2026-05-03 17:10:30,387 - services.auth - WARNING - Admin user ID or email not configured, skipping admin initialization
2026-05-03 17:10:30,387 - main - INFO - === Application startup completed successfully ===
2026-05-03 17:10:40,994 - services.database - DEBUG - [DB_OP] Starting database close
2026-05-03 17:10:40,994 - aiosqlite - DEBUG - executing functools.partial(<built-in method close of sqlite3.Connection object at 0x000002465B9A31F0>)
2026-05-03 17:10:40,994 - aiosqlite - DEBUG - operation functools.partial(<built-in method close of sqlite3.Connection object at 0x000002465B9A31F0>) completed
2026-05-03 17:10:40,994 - aiosqlite - DEBUG - executing <function Connection.stop.<locals>.close_and_stop at 0x000002465B9E80E0>
2026-05-03 17:10:40,994 - core.database - INFO - Database connection closed and engine disposed
2026-05-03 17:10:40,994 - aiosqlite - DEBUG - operation <function Connection.stop.<locals>.close_and_stop at 0x000002465B9E80E0> completed
2026-05-03 17:10:40,994 - services.database - INFO - Database connections closed
2026-05-03 17:10:40,994 - services.database - DEBUG - [DB_OP] Database close completed in 0.0008s
