2026-05-03 17:15:02,164 - main - INFO - === Logging system initialized ===
2026-05-03 17:15:02,164 - main - INFO - Log file: logs/app_20260503_171502.log
2026-05-03 17:15:02,164 - main - INFO - Log level: INFO
2026-05-03 17:15:02,164 - main - INFO - Timestamp: 20260503_171502
2026-05-03 17:15:02,677 - main - INFO - Included router: routers.aihub.router
2026-05-03 17:15:02,692 - main - INFO - Included router: routers.auth.router
2026-05-03 17:15:02,711 - main - INFO - Included router: routers.health.router
2026-05-03 17:15:02,711 - main - INFO - Included router: routers.portfolio.router
2026-05-03 17:15:02,731 - main - INFO - Included router: routers.settings.router
2026-05-03 17:15:02,776 - main - INFO - Included router: routers.storage.router
2026-05-03 17:15:02,781 - main - INFO - Included router: routers.user.router
2026-05-03 17:15:02,792 - main - INFO - === Application startup initiated ===
2026-05-03 17:15:02,796 - services.database - DEBUG - [DB_OP] Starting database initialization
2026-05-03 17:15:02,796 - services.database - INFO - 🔧 Starting database initialization...
2026-05-03 17:15:02,796 - core.database - INFO - Starting database initialization...
2026-05-03 17:15:02,796 - core.database - INFO - Normalizing database URL for async compatibility...
2026-05-03 17:15:02,796 - core.database - DEBUG - Database exists:./app.db
2026-05-03 17:15:02,798 - core.database - INFO - Creating async database engine...
2026-05-03 17:15:02,798 - core.database - INFO - Using QueuePool with connection pooling for non-Lambda environment
2026-05-03 17:15:02,817 - core.database - INFO - Database engine created successfully
2026-05-03 17:15:02,817 - core.database - INFO - Creating async session maker...
2026-05-03 17:15:02,817 - core.database - INFO - Async session maker created successfully
2026-05-03 17:15:02,817 - core.database - INFO - Database connection initialized successfully
2026-05-03 17:15:02,817 - services.database - INFO - 🔧 Database connection initialized, now creating tables if tables not exist...
2026-05-03 17:15:02,817 - core.database - DEBUG - [DB_OP] Starting create_tables
2026-05-03 17:15:02,817 - core.database - INFO - 🔧 Starting table creation...
2026-05-03 17:15:02,821 - aiosqlite - DEBUG - executing <function connect.<locals>.connector at 0x0000029E6C122B60>
2026-05-03 17:15:02,821 - aiosqlite - DEBUG - operation <function connect.<locals>.connector at 0x0000029E6C122B60> completed
2026-05-03 17:15:02,821 - aiosqlite - DEBUG - executing functools.partial(<built-in method create_function of sqlite3.Connection object at 0x0000029E6C0EB5B0>, 'regexp', 2, <function SQLiteDialect_pysqlite.on_connect.<locals>.regexp at 0x0000029E6C121EE0>, deterministic=True)
2026-05-03 17:15:02,821 - aiosqlite - DEBUG - operation functools.partial(<built-in method create_function of sqlite3.Connection object at 0x0000029E6C0EB5B0>, 'regexp', 2, <function SQLiteDialect_pysqlite.on_connect.<locals>.regexp at 0x0000029E6C121EE0>, deterministic=True) completed
2026-05-03 17:15:02,821 - aiosqlite - DEBUG - executing functools.partial(<built-in method create_function of sqlite3.Connection object at 0x0000029E6C0EB5B0>, 'floor', 1, <built-in function floor>, deterministic=True)
2026-05-03 17:15:02,821 - aiosqlite - DEBUG - operation functools.partial(<built-in method create_function of sqlite3.Connection object at 0x0000029E6C0EB5B0>, 'floor', 1, <built-in function floor>, deterministic=True) completed
2026-05-03 17:15:02,821 - aiosqlite - DEBUG - executing functools.partial(<built-in method cursor of sqlite3.Connection object at 0x0000029E6C0EB5B0>)
2026-05-03 17:15:02,821 - aiosqlite - DEBUG - operation functools.partial(<built-in method cursor of sqlite3.Connection object at 0x0000029E6C0EB5B0>) completed
2026-05-03 17:15:02,821 - aiosqlite - DEBUG - executing functools.partial(<built-in method execute of sqlite3.Cursor object at 0x0000029E6C124940>, 'PRAGMA read_uncommitted', [])
2026-05-03 17:15:02,825 - aiosqlite - DEBUG - operation functools.partial(<built-in method execute of sqlite3.Cursor object at 0x0000029E6C124940>, 'PRAGMA read_uncommitted', []) completed
2026-05-03 17:15:02,826 - aiosqlite - DEBUG - executing functools.partial(<built-in method fetchall of sqlite3.Cursor object at 0x0000029E6C124940>)
2026-05-03 17:15:02,827 - aiosqlite - DEBUG - operation functools.partial(<built-in method fetchall of sqlite3.Cursor object at 0x0000029E6C124940>) completed
2026-05-03 17:15:02,827 - aiosqlite - DEBUG - executing functools.partial(<built-in method close of sqlite3.Cursor object at 0x0000029E6C124940>)
2026-05-03 17:15:02,827 - aiosqlite - DEBUG - operation functools.partial(<built-in method close of sqlite3.Cursor object at 0x0000029E6C124940>) completed
2026-05-03 17:15:02,827 - aiosqlite - DEBUG - executing functools.partial(<built-in method rollback of sqlite3.Connection object at 0x0000029E6C0EB5B0>)
2026-05-03 17:15:02,827 - aiosqlite - DEBUG - operation functools.partial(<built-in method rollback of sqlite3.Connection object at 0x0000029E6C0EB5B0>) completed
2026-05-03 17:15:02,827 - aiosqlite - DEBUG - executing functools.partial(<built-in method cursor of sqlite3.Connection object at 0x0000029E6C0EB5B0>)
2026-05-03 17:15:02,829 - aiosqlite - DEBUG - operation functools.partial(<built-in method cursor of sqlite3.Connection object at 0x0000029E6C0EB5B0>) completed
2026-05-03 17:15:02,829 - aiosqlite - DEBUG - executing functools.partial(<built-in method execute of sqlite3.Cursor object at 0x0000029E6C124940>, 'PRAGMA main.table_info("users")', ())
2026-05-03 17:15:02,830 - aiosqlite - DEBUG - operation functools.partial(<built-in method execute of sqlite3.Cursor object at 0x0000029E6C124940>, 'PRAGMA main.table_info("users")', ()) completed
2026-05-03 17:15:02,830 - aiosqlite - DEBUG - executing functools.partial(<built-in method fetchall of sqlite3.Cursor object at 0x0000029E6C124940>)
2026-05-03 17:15:02,830 - aiosqlite - DEBUG - operation functools.partial(<built-in method fetchall of sqlite3.Cursor object at 0x0000029E6C124940>) completed
2026-05-03 17:15:02,830 - aiosqlite - DEBUG - executing functools.partial(<built-in method close of sqlite3.Cursor object at 0x0000029E6C124940>)
2026-05-03 17:15:02,830 - aiosqlite - DEBUG - operation functools.partial(<built-in method close of sqlite3.Cursor object at 0x0000029E6C124940>) completed
2026-05-03 17:15:02,830 - aiosqlite - DEBUG - executing functools.partial(<built-in method cursor of sqlite3.Connection object at 0x0000029E6C0EB5B0>)
2026-05-03 17:15:02,833 - aiosqlite - DEBUG - operation functools.partial(<built-in method cursor of sqlite3.Connection object at 0x0000029E6C0EB5B0>) completed
2026-05-03 17:15:02,833 - aiosqlite - DEBUG - executing functools.partial(<built-in method execute of sqlite3.Cursor object at 0x0000029E6C124940>, 'PRAGMA main.table_info("oidc_states")', ())
2026-05-03 17:15:02,833 - aiosqlite - DEBUG - operation functools.partial(<built-in method execute of sqlite3.Cursor object at 0x0000029E6C124940>, 'PRAGMA main.table_info("oidc_states")', ()) completed
2026-05-03 17:15:02,834 - aiosqlite - DEBUG - executing functools.partial(<built-in method fetchall of sqlite3.Cursor object at 0x0000029E6C124940>)
2026-05-03 17:15:02,834 - aiosqlite - DEBUG - operation functools.partial(<built-in method fetchall of sqlite3.Cursor object at 0x0000029E6C124940>) completed
2026-05-03 17:15:02,834 - aiosqlite - DEBUG - executing functools.partial(<built-in method close of sqlite3.Cursor object at 0x0000029E6C124940>)
2026-05-03 17:15:02,834 - aiosqlite - DEBUG - operation functools.partial(<built-in method close of sqlite3.Cursor object at 0x0000029E6C124940>) completed
2026-05-03 17:15:02,835 - core.database - INFO - Tables initialized successfully
2026-05-03 17:15:02,835 - core.database - DEBUG - [DB_OP] Create tables completed in 0.0172s
2026-05-03 17:15:02,835 - aiosqlite - DEBUG - executing functools.partial(<built-in method commit of sqlite3.Connection object at 0x0000029E6C0EB5B0>)
2026-05-03 17:15:02,836 - aiosqlite - DEBUG - operation functools.partial(<built-in method commit of sqlite3.Connection object at 0x0000029E6C0EB5B0>) completed
2026-05-03 17:15:02,836 - aiosqlite - DEBUG - executing functools.partial(<built-in method rollback of sqlite3.Connection object at 0x0000029E6C0EB5B0>)
2026-05-03 17:15:02,836 - aiosqlite - DEBUG - operation functools.partial(<built-in method rollback of sqlite3.Connection object at 0x0000029E6C0EB5B0>) completed
2026-05-03 17:15:02,836 - services.database - INFO - 🔧 Table creation completed
2026-05-03 17:15:02,836 - services.database - INFO - Database initialized successfully
2026-05-03 17:15:02,836 - services.database - DEBUG - [DB_OP] Database initialization completed in 0.0402s
2026-05-03 17:15:02,836 - services.mock_data - INFO - mock_data directory not found, skipping mock initialization
2026-05-03 17:15:02,836 - services.database - DEBUG - [DB_OP] Starting database initialization
2026-05-03 17:15:02,838 - services.database - INFO - 🔧 Starting database initialization...
2026-05-03 17:15:02,838 - core.database - INFO - Starting database initialization...
2026-05-03 17:15:02,838 - core.database - INFO - Database already initialized
2026-05-03 17:15:02,838 - services.database - INFO - 🔧 Database connection initialized, now creating tables if tables not exist...
2026-05-03 17:15:02,838 - core.database - DEBUG - [DB_OP] Starting create_tables
2026-05-03 17:15:02,838 - core.database - INFO - Tables already initialized
2026-05-03 17:15:02,838 - services.database - INFO - 🔧 Table creation completed
2026-05-03 17:15:02,838 - services.database - INFO - Database initialized successfully
2026-05-03 17:15:02,838 - services.database - DEBUG - [DB_OP] Database initialization completed in 0.0020s
2026-05-03 17:15:02,838 - services.auth - WARNING - Admin user ID or email not configured, skipping admin initialization
2026-05-03 17:15:02,840 - main - INFO - === Application startup completed successfully ===
2026-05-03 17:15:02,946 - services.database - DEBUG - [DB_OP] Starting database close
2026-05-03 17:15:02,946 - aiosqlite - DEBUG - executing functools.partial(<built-in method close of sqlite3.Connection object at 0x0000029E6C0EB5B0>)
2026-05-03 17:15:02,946 - aiosqlite - DEBUG - operation functools.partial(<built-in method close of sqlite3.Connection object at 0x0000029E6C0EB5B0>) completed
2026-05-03 17:15:02,946 - aiosqlite - DEBUG - executing <function Connection.stop.<locals>.close_and_stop at 0x0000029E6C122E80>
2026-05-03 17:15:02,946 - aiosqlite - DEBUG - operation <function Connection.stop.<locals>.close_and_stop at 0x0000029E6C122E80> completed
2026-05-03 17:15:02,949 - core.database - INFO - Database connection closed and engine disposed
2026-05-03 17:15:02,949 - services.database - INFO - Database connections closed
2026-05-03 17:15:02,949 - services.database - DEBUG - [DB_OP] Database close completed in 0.0026s
