2026-05-09 15:37:06,039 - main - INFO - === Logging system initialized ===
2026-05-09 15:37:06,040 - main - INFO - Log file: logs/app_20260509_153706.log
2026-05-09 15:37:06,040 - main - INFO - Log level: INFO
2026-05-09 15:37:06,040 - main - INFO - Timestamp: 20260509_153706
2026-05-09 15:37:07,462 - main - INFO - Included router: routers.aihub.router
2026-05-09 15:37:07,487 - main - INFO - Included router: routers.auth.router
2026-05-09 15:37:07,487 - main - INFO - Included router: routers.health.router
2026-05-09 15:37:07,497 - main - INFO - Included router: routers.portfolio.router
2026-05-09 15:37:07,513 - main - INFO - Included router: routers.settings.router
2026-05-09 15:37:07,546 - main - INFO - Included router: routers.storage.router
2026-05-09 15:37:07,546 - main - INFO - Included router: routers.user.router
2026-05-09 15:37:07,546 - main - INFO - === Application startup initiated ===
2026-05-09 15:37:07,557 - services.database - DEBUG - [DB_OP] Starting database initialization
2026-05-09 15:37:07,557 - services.database - INFO - 🔧 Starting database initialization...
2026-05-09 15:37:07,557 - core.database - INFO - Starting database initialization...
2026-05-09 15:37:07,557 - core.database - INFO - Normalizing database URL for async compatibility...
2026-05-09 15:37:07,558 - core.database - DEBUG - Database exists:./app.db
2026-05-09 15:37:07,559 - core.database - INFO - Creating async database engine...
2026-05-09 15:37:07,559 - core.database - INFO - Using QueuePool with connection pooling for non-Lambda environment
2026-05-09 15:37:07,578 - core.database - INFO - Database engine created successfully
2026-05-09 15:37:07,578 - core.database - INFO - Creating async session maker...
2026-05-09 15:37:07,578 - core.database - INFO - Async session maker created successfully
2026-05-09 15:37:07,578 - core.database - INFO - Database connection initialized successfully
2026-05-09 15:37:07,578 - services.database - INFO - 🔧 Database connection initialized, now creating tables if tables not exist...
2026-05-09 15:37:07,578 - core.database - DEBUG - [DB_OP] Starting create_tables
2026-05-09 15:37:07,578 - core.database - INFO - 🔧 Starting table creation...
2026-05-09 15:37:07,578 - aiosqlite - DEBUG - executing <function connect.<locals>.connector at 0x0000026213BB1940>
2026-05-09 15:37:07,578 - aiosqlite - DEBUG - operation <function connect.<locals>.connector at 0x0000026213BB1940> completed
2026-05-09 15:37:07,578 - aiosqlite - DEBUG - executing functools.partial(<built-in method create_function of sqlite3.Connection object at 0x0000026213B774C0>, 'regexp', 2, <function SQLiteDialect_pysqlite.on_connect.<locals>.regexp at 0x0000026213BB0CC0>, deterministic=True)
2026-05-09 15:37:07,578 - aiosqlite - DEBUG - operation functools.partial(<built-in method create_function of sqlite3.Connection object at 0x0000026213B774C0>, 'regexp', 2, <function SQLiteDialect_pysqlite.on_connect.<locals>.regexp at 0x0000026213BB0CC0>, deterministic=True) completed
2026-05-09 15:37:07,578 - aiosqlite - DEBUG - executing functools.partial(<built-in method create_function of sqlite3.Connection object at 0x0000026213B774C0>, 'floor', 1, <built-in function floor>, deterministic=True)
2026-05-09 15:37:07,578 - aiosqlite - DEBUG - operation functools.partial(<built-in method create_function of sqlite3.Connection object at 0x0000026213B774C0>, 'floor', 1, <built-in function floor>, deterministic=True) completed
2026-05-09 15:37:07,578 - aiosqlite - DEBUG - executing functools.partial(<built-in method cursor of sqlite3.Connection object at 0x0000026213B774C0>)
2026-05-09 15:37:07,578 - aiosqlite - DEBUG - operation functools.partial(<built-in method cursor of sqlite3.Connection object at 0x0000026213B774C0>) completed
2026-05-09 15:37:07,578 - aiosqlite - DEBUG - executing functools.partial(<built-in method execute of sqlite3.Cursor object at 0x0000026213B3BCC0>, 'PRAGMA read_uncommitted', [])
2026-05-09 15:37:07,578 - aiosqlite - DEBUG - operation functools.partial(<built-in method execute of sqlite3.Cursor object at 0x0000026213B3BCC0>, 'PRAGMA read_uncommitted', []) completed
2026-05-09 15:37:07,578 - aiosqlite - DEBUG - executing functools.partial(<built-in method fetchall of sqlite3.Cursor object at 0x0000026213B3BCC0>)
2026-05-09 15:37:07,578 - aiosqlite - DEBUG - operation functools.partial(<built-in method fetchall of sqlite3.Cursor object at 0x0000026213B3BCC0>) completed
2026-05-09 15:37:07,578 - aiosqlite - DEBUG - executing functools.partial(<built-in method close of sqlite3.Cursor object at 0x0000026213B3BCC0>)
2026-05-09 15:37:07,578 - aiosqlite - DEBUG - operation functools.partial(<built-in method close of sqlite3.Cursor object at 0x0000026213B3BCC0>) completed
2026-05-09 15:37:07,592 - aiosqlite - DEBUG - executing functools.partial(<built-in method rollback of sqlite3.Connection object at 0x0000026213B774C0>)
2026-05-09 15:37:07,592 - aiosqlite - DEBUG - operation functools.partial(<built-in method rollback of sqlite3.Connection object at 0x0000026213B774C0>) completed
2026-05-09 15:37:07,592 - aiosqlite - DEBUG - executing functools.partial(<built-in method cursor of sqlite3.Connection object at 0x0000026213B774C0>)
2026-05-09 15:37:07,593 - aiosqlite - DEBUG - operation functools.partial(<built-in method cursor of sqlite3.Connection object at 0x0000026213B774C0>) completed
2026-05-09 15:37:07,593 - aiosqlite - DEBUG - executing functools.partial(<built-in method execute of sqlite3.Cursor object at 0x0000026213B3BCC0>, 'PRAGMA main.table_info("users")', ())
2026-05-09 15:37:07,594 - aiosqlite - DEBUG - operation functools.partial(<built-in method execute of sqlite3.Cursor object at 0x0000026213B3BCC0>, 'PRAGMA main.table_info("users")', ()) completed
2026-05-09 15:37:07,594 - aiosqlite - DEBUG - executing functools.partial(<built-in method fetchall of sqlite3.Cursor object at 0x0000026213B3BCC0>)
2026-05-09 15:37:07,594 - aiosqlite - DEBUG - operation functools.partial(<built-in method fetchall of sqlite3.Cursor object at 0x0000026213B3BCC0>) completed
2026-05-09 15:37:07,595 - aiosqlite - DEBUG - executing functools.partial(<built-in method close of sqlite3.Cursor object at 0x0000026213B3BCC0>)
2026-05-09 15:37:07,595 - aiosqlite - DEBUG - operation functools.partial(<built-in method close of sqlite3.Cursor object at 0x0000026213B3BCC0>) completed
2026-05-09 15:37:07,596 - aiosqlite - DEBUG - executing functools.partial(<built-in method cursor of sqlite3.Connection object at 0x0000026213B774C0>)
2026-05-09 15:37:07,596 - aiosqlite - DEBUG - operation functools.partial(<built-in method cursor of sqlite3.Connection object at 0x0000026213B774C0>) completed
2026-05-09 15:37:07,596 - aiosqlite - DEBUG - executing functools.partial(<built-in method execute of sqlite3.Cursor object at 0x0000026213B3BCC0>, 'PRAGMA main.table_info("oidc_states")', ())
2026-05-09 15:37:07,596 - aiosqlite - DEBUG - operation functools.partial(<built-in method execute of sqlite3.Cursor object at 0x0000026213B3BCC0>, 'PRAGMA main.table_info("oidc_states")', ()) completed
2026-05-09 15:37:07,596 - aiosqlite - DEBUG - executing functools.partial(<built-in method fetchall of sqlite3.Cursor object at 0x0000026213B3BCC0>)
2026-05-09 15:37:07,596 - aiosqlite - DEBUG - operation functools.partial(<built-in method fetchall of sqlite3.Cursor object at 0x0000026213B3BCC0>) completed
2026-05-09 15:37:07,596 - aiosqlite - DEBUG - executing functools.partial(<built-in method close of sqlite3.Cursor object at 0x0000026213B3BCC0>)
2026-05-09 15:37:07,596 - core.database - INFO - Tables initialized successfully
2026-05-09 15:37:07,596 - aiosqlite - DEBUG - operation functools.partial(<built-in method close of sqlite3.Cursor object at 0x0000026213B3BCC0>) completed
2026-05-09 15:37:07,596 - core.database - DEBUG - [DB_OP] Create tables completed in 0.0180s
2026-05-09 15:37:07,596 - aiosqlite - DEBUG - executing functools.partial(<built-in method commit of sqlite3.Connection object at 0x0000026213B774C0>)
2026-05-09 15:37:07,596 - aiosqlite - DEBUG - operation functools.partial(<built-in method commit of sqlite3.Connection object at 0x0000026213B774C0>) completed
2026-05-09 15:37:07,596 - aiosqlite - DEBUG - executing functools.partial(<built-in method rollback of sqlite3.Connection object at 0x0000026213B774C0>)
2026-05-09 15:37:07,596 - aiosqlite - DEBUG - operation functools.partial(<built-in method rollback of sqlite3.Connection object at 0x0000026213B774C0>) completed
2026-05-09 15:37:07,596 - services.database - INFO - 🔧 Table creation completed
2026-05-09 15:37:07,596 - services.database - INFO - Database initialized successfully
2026-05-09 15:37:07,596 - services.database - DEBUG - [DB_OP] Database initialization completed in 0.0392s
2026-05-09 15:37:07,596 - services.mock_data - INFO - mock_data directory not found, skipping mock initialization
2026-05-09 15:37:07,596 - services.database - DEBUG - [DB_OP] Starting database initialization
2026-05-09 15:37:07,596 - services.database - INFO - 🔧 Starting database initialization...
2026-05-09 15:37:07,596 - core.database - INFO - Starting database initialization...
2026-05-09 15:37:07,596 - core.database - INFO - Database already initialized
2026-05-09 15:37:07,596 - services.database - INFO - 🔧 Database connection initialized, now creating tables if tables not exist...
2026-05-09 15:37:07,596 - core.database - DEBUG - [DB_OP] Starting create_tables
2026-05-09 15:37:07,596 - core.database - INFO - Tables already initialized
2026-05-09 15:37:07,596 - services.database - INFO - 🔧 Table creation completed
2026-05-09 15:37:07,596 - services.database - INFO - Database initialized successfully
2026-05-09 15:37:07,596 - services.database - DEBUG - [DB_OP] Database initialization completed in 0.0000s
2026-05-09 15:37:07,596 - services.auth - WARNING - Admin user ID or email not configured, skipping admin initialization
2026-05-09 15:37:07,602 - main - INFO - === Application startup completed successfully ===
2026-05-09 15:37:07,712 - services.database - DEBUG - [DB_OP] Starting database close
2026-05-09 15:37:07,714 - aiosqlite - DEBUG - executing functools.partial(<built-in method close of sqlite3.Connection object at 0x0000026213B774C0>)
2026-05-09 15:37:07,714 - aiosqlite - DEBUG - operation functools.partial(<built-in method close of sqlite3.Connection object at 0x0000026213B774C0>) completed
2026-05-09 15:37:07,714 - aiosqlite - DEBUG - executing <function Connection.stop.<locals>.close_and_stop at 0x0000026213BB2CA0>
2026-05-09 15:37:07,714 - aiosqlite - DEBUG - operation <function Connection.stop.<locals>.close_and_stop at 0x0000026213BB2CA0> completed
2026-05-09 15:37:07,714 - core.database - INFO - Database connection closed and engine disposed
2026-05-09 15:37:07,714 - services.database - INFO - Database connections closed
2026-05-09 15:37:07,714 - services.database - DEBUG - [DB_OP] Database close completed in 0.0014s
