2026-05-03 17:18:21,297 - main - INFO - === Logging system initialized ===
2026-05-03 17:18:21,297 - main - INFO - Log file: logs/app_20260503_171821.log
2026-05-03 17:18:21,297 - main - INFO - Log level: INFO
2026-05-03 17:18:21,299 - main - INFO - Timestamp: 20260503_171821
2026-05-03 17:18:21,817 - main - INFO - Included router: routers.aihub.router
2026-05-03 17:18:21,833 - main - INFO - Included router: routers.auth.router
2026-05-03 17:18:21,833 - main - INFO - Included router: routers.health.router
2026-05-03 17:18:21,833 - main - INFO - Included router: routers.portfolio.router
2026-05-03 17:18:21,850 - main - INFO - Included router: routers.settings.router
2026-05-03 17:18:21,885 - main - INFO - Included router: routers.storage.router
2026-05-03 17:18:21,886 - main - INFO - Included router: routers.user.router
2026-05-03 17:18:21,893 - main - INFO - === Application startup initiated ===
2026-05-03 17:18:21,893 - services.database - DEBUG - [DB_OP] Starting database initialization
2026-05-03 17:18:21,893 - services.database - INFO - 🔧 Starting database initialization...
2026-05-03 17:18:21,893 - core.database - INFO - Starting database initialization...
2026-05-03 17:18:21,893 - core.database - INFO - Normalizing database URL for async compatibility...
2026-05-03 17:18:21,893 - core.database - DEBUG - Database exists:./app.db
2026-05-03 17:18:21,893 - core.database - INFO - Creating async database engine...
2026-05-03 17:18:21,893 - core.database - INFO - Using QueuePool with connection pooling for non-Lambda environment
2026-05-03 17:18:21,910 - core.database - INFO - Database engine created successfully
2026-05-03 17:18:21,910 - core.database - INFO - Creating async session maker...
2026-05-03 17:18:21,910 - core.database - INFO - Async session maker created successfully
2026-05-03 17:18:21,910 - core.database - INFO - Database connection initialized successfully
2026-05-03 17:18:21,910 - services.database - INFO - 🔧 Database connection initialized, now creating tables if tables not exist...
2026-05-03 17:18:21,910 - core.database - DEBUG - [DB_OP] Starting create_tables
2026-05-03 17:18:21,910 - core.database - INFO - 🔧 Starting table creation...
2026-05-03 17:18:21,912 - aiosqlite - DEBUG - executing <function connect.<locals>.connector at 0x000001A5FE582B60>
2026-05-03 17:18:21,912 - aiosqlite - DEBUG - operation <function connect.<locals>.connector at 0x000001A5FE582B60> completed
2026-05-03 17:18:21,912 - aiosqlite - DEBUG - executing functools.partial(<built-in method create_function of sqlite3.Connection object at 0x000001A5FE5475B0>, 'regexp', 2, <function SQLiteDialect_pysqlite.on_connect.<locals>.regexp at 0x000001A5FE581EE0>, deterministic=True)
2026-05-03 17:18:21,912 - aiosqlite - DEBUG - operation functools.partial(<built-in method create_function of sqlite3.Connection object at 0x000001A5FE5475B0>, 'regexp', 2, <function SQLiteDialect_pysqlite.on_connect.<locals>.regexp at 0x000001A5FE581EE0>, deterministic=True) completed
2026-05-03 17:18:21,912 - aiosqlite - DEBUG - executing functools.partial(<built-in method create_function of sqlite3.Connection object at 0x000001A5FE5475B0>, 'floor', 1, <built-in function floor>, deterministic=True)
2026-05-03 17:18:21,912 - aiosqlite - DEBUG - operation functools.partial(<built-in method create_function of sqlite3.Connection object at 0x000001A5FE5475B0>, 'floor', 1, <built-in function floor>, deterministic=True) completed
2026-05-03 17:18:21,912 - aiosqlite - DEBUG - executing functools.partial(<built-in method cursor of sqlite3.Connection object at 0x000001A5FE5475B0>)
2026-05-03 17:18:21,915 - aiosqlite - DEBUG - operation functools.partial(<built-in method cursor of sqlite3.Connection object at 0x000001A5FE5475B0>) completed
2026-05-03 17:18:21,916 - aiosqlite - DEBUG - executing functools.partial(<built-in method execute of sqlite3.Cursor object at 0x000001A5FE584940>, 'PRAGMA read_uncommitted', [])
2026-05-03 17:18:21,918 - aiosqlite - DEBUG - operation functools.partial(<built-in method execute of sqlite3.Cursor object at 0x000001A5FE584940>, 'PRAGMA read_uncommitted', []) completed
2026-05-03 17:18:21,918 - aiosqlite - DEBUG - executing functools.partial(<built-in method fetchall of sqlite3.Cursor object at 0x000001A5FE584940>)
2026-05-03 17:18:21,918 - aiosqlite - DEBUG - operation functools.partial(<built-in method fetchall of sqlite3.Cursor object at 0x000001A5FE584940>) completed
2026-05-03 17:18:21,918 - aiosqlite - DEBUG - executing functools.partial(<built-in method close of sqlite3.Cursor object at 0x000001A5FE584940>)
2026-05-03 17:18:21,918 - aiosqlite - DEBUG - operation functools.partial(<built-in method close of sqlite3.Cursor object at 0x000001A5FE584940>) completed
2026-05-03 17:18:21,918 - aiosqlite - DEBUG - executing functools.partial(<built-in method rollback of sqlite3.Connection object at 0x000001A5FE5475B0>)
2026-05-03 17:18:21,918 - aiosqlite - DEBUG - operation functools.partial(<built-in method rollback of sqlite3.Connection object at 0x000001A5FE5475B0>) completed
2026-05-03 17:18:21,918 - aiosqlite - DEBUG - executing functools.partial(<built-in method cursor of sqlite3.Connection object at 0x000001A5FE5475B0>)
2026-05-03 17:18:21,918 - aiosqlite - DEBUG - operation functools.partial(<built-in method cursor of sqlite3.Connection object at 0x000001A5FE5475B0>) completed
2026-05-03 17:18:21,918 - aiosqlite - DEBUG - executing functools.partial(<built-in method execute of sqlite3.Cursor object at 0x000001A5FE5849C0>, 'PRAGMA main.table_info("users")', ())
2026-05-03 17:18:21,918 - aiosqlite - DEBUG - operation functools.partial(<built-in method execute of sqlite3.Cursor object at 0x000001A5FE5849C0>, 'PRAGMA main.table_info("users")', ()) completed
2026-05-03 17:18:21,918 - aiosqlite - DEBUG - executing functools.partial(<built-in method fetchall of sqlite3.Cursor object at 0x000001A5FE5849C0>)
2026-05-03 17:18:21,918 - aiosqlite - DEBUG - operation functools.partial(<built-in method fetchall of sqlite3.Cursor object at 0x000001A5FE5849C0>) completed
2026-05-03 17:18:21,918 - aiosqlite - DEBUG - executing functools.partial(<built-in method close of sqlite3.Cursor object at 0x000001A5FE5849C0>)
2026-05-03 17:18:21,918 - aiosqlite - DEBUG - operation functools.partial(<built-in method close of sqlite3.Cursor object at 0x000001A5FE5849C0>) completed
2026-05-03 17:18:21,918 - aiosqlite - DEBUG - executing functools.partial(<built-in method cursor of sqlite3.Connection object at 0x000001A5FE5475B0>)
2026-05-03 17:18:21,918 - aiosqlite - DEBUG - operation functools.partial(<built-in method cursor of sqlite3.Connection object at 0x000001A5FE5475B0>) completed
2026-05-03 17:18:21,918 - aiosqlite - DEBUG - executing functools.partial(<built-in method execute of sqlite3.Cursor object at 0x000001A5FE5849C0>, 'PRAGMA main.table_info("oidc_states")', ())
2026-05-03 17:18:21,924 - aiosqlite - DEBUG - operation functools.partial(<built-in method execute of sqlite3.Cursor object at 0x000001A5FE5849C0>, 'PRAGMA main.table_info("oidc_states")', ()) completed
2026-05-03 17:18:21,924 - aiosqlite - DEBUG - executing functools.partial(<built-in method fetchall of sqlite3.Cursor object at 0x000001A5FE5849C0>)
2026-05-03 17:18:21,924 - aiosqlite - DEBUG - operation functools.partial(<built-in method fetchall of sqlite3.Cursor object at 0x000001A5FE5849C0>) completed
2026-05-03 17:18:21,925 - aiosqlite - DEBUG - executing functools.partial(<built-in method close of sqlite3.Cursor object at 0x000001A5FE5849C0>)
2026-05-03 17:18:21,925 - aiosqlite - DEBUG - operation functools.partial(<built-in method close of sqlite3.Cursor object at 0x000001A5FE5849C0>) completed
2026-05-03 17:18:21,926 - core.database - INFO - Tables initialized successfully
2026-05-03 17:18:21,926 - core.database - DEBUG - [DB_OP] Create tables completed in 0.0162s
2026-05-03 17:18:21,927 - aiosqlite - DEBUG - executing functools.partial(<built-in method commit of sqlite3.Connection object at 0x000001A5FE5475B0>)
2026-05-03 17:18:21,927 - aiosqlite - DEBUG - operation functools.partial(<built-in method commit of sqlite3.Connection object at 0x000001A5FE5475B0>) completed
2026-05-03 17:18:21,928 - aiosqlite - DEBUG - executing functools.partial(<built-in method rollback of sqlite3.Connection object at 0x000001A5FE5475B0>)
2026-05-03 17:18:21,928 - services.database - INFO - 🔧 Table creation completed
2026-05-03 17:18:21,928 - aiosqlite - DEBUG - operation functools.partial(<built-in method rollback of sqlite3.Connection object at 0x000001A5FE5475B0>) completed
2026-05-03 17:18:21,929 - services.database - INFO - Database initialized successfully
2026-05-03 17:18:21,929 - services.database - DEBUG - [DB_OP] Database initialization completed in 0.0359s
2026-05-03 17:18:21,929 - services.mock_data - INFO - mock_data directory not found, skipping mock initialization
2026-05-03 17:18:21,929 - services.database - DEBUG - [DB_OP] Starting database initialization
2026-05-03 17:18:21,931 - services.database - INFO - 🔧 Starting database initialization...
2026-05-03 17:18:21,931 - core.database - INFO - Starting database initialization...
2026-05-03 17:18:21,931 - core.database - INFO - Database already initialized
2026-05-03 17:18:21,931 - services.database - INFO - 🔧 Database connection initialized, now creating tables if tables not exist...
2026-05-03 17:18:21,931 - core.database - DEBUG - [DB_OP] Starting create_tables
2026-05-03 17:18:21,931 - core.database - INFO - Tables already initialized
2026-05-03 17:18:21,931 - services.database - INFO - 🔧 Table creation completed
2026-05-03 17:18:21,931 - services.database - INFO - Database initialized successfully
2026-05-03 17:18:21,931 - services.database - DEBUG - [DB_OP] Database initialization completed in 0.0014s
2026-05-03 17:18:21,933 - services.auth - WARNING - Admin user ID or email not configured, skipping admin initialization
2026-05-03 17:18:21,933 - main - INFO - === Application startup completed successfully ===
2026-05-03 17:18:33,591 - services.database - DEBUG - [DB_OP] Starting database close
2026-05-03 17:18:33,591 - aiosqlite - DEBUG - executing functools.partial(<built-in method close of sqlite3.Connection object at 0x000001A5FE5475B0>)
2026-05-03 17:18:33,593 - aiosqlite - DEBUG - operation functools.partial(<built-in method close of sqlite3.Connection object at 0x000001A5FE5475B0>) completed
2026-05-03 17:18:33,593 - aiosqlite - DEBUG - executing <function Connection.stop.<locals>.close_and_stop at 0x000001A5FE583EC0>
2026-05-03 17:18:33,593 - core.database - INFO - Database connection closed and engine disposed
2026-05-03 17:18:33,593 - aiosqlite - DEBUG - operation <function Connection.stop.<locals>.close_and_stop at 0x000001A5FE583EC0> completed
2026-05-03 17:18:33,593 - services.database - INFO - Database connections closed
2026-05-03 17:18:33,593 - services.database - DEBUG - [DB_OP] Database close completed in 0.0013s
