2026-05-10 20:47:05,389 - main - INFO - === Logging system initialized ===
2026-05-10 20:47:05,389 - main - INFO - Log file: logs/app_20260510_204705.log
2026-05-10 20:47:05,389 - main - INFO - Log level: INFO
2026-05-10 20:47:05,389 - main - INFO - Timestamp: 20260510_204705
2026-05-10 20:47:05,729 - main - INFO - Included router: routers.aihub.router
2026-05-10 20:47:05,739 - main - INFO - Included router: routers.auth.router
2026-05-10 20:47:05,739 - main - INFO - Included router: routers.health.router
2026-05-10 20:47:05,741 - main - INFO - Included router: routers.portfolio.router
2026-05-10 20:47:05,756 - main - INFO - Included router: routers.settings.router
2026-05-10 20:47:05,773 - main - INFO - Included router: routers.storage.router
2026-05-10 20:47:05,779 - main - INFO - Included router: routers.user.router
2026-05-10 20:47:05,780 - main - INFO - === Application startup initiated ===
2026-05-10 20:47:05,780 - services.database - DEBUG - [DB_OP] Starting database initialization
2026-05-10 20:47:05,780 - services.database - INFO - 🔧 Starting database initialization...
2026-05-10 20:47:05,782 - core.database - INFO - Starting database initialization...
2026-05-10 20:47:05,782 - core.database - INFO - Normalizing database URL for async compatibility...
2026-05-10 20:47:05,783 - core.database - DEBUG - Database exists:./app.db
2026-05-10 20:47:05,783 - core.database - INFO - Creating async database engine...
2026-05-10 20:47:05,783 - core.database - INFO - Using QueuePool with connection pooling for non-Lambda environment
2026-05-10 20:47:05,791 - core.database - INFO - Database engine created successfully
2026-05-10 20:47:05,791 - core.database - INFO - Creating async session maker...
2026-05-10 20:47:05,791 - core.database - INFO - Async session maker created successfully
2026-05-10 20:47:05,792 - core.database - INFO - Database connection initialized successfully
2026-05-10 20:47:05,792 - services.database - INFO - 🔧 Database connection initialized, now creating tables if tables not exist...
2026-05-10 20:47:05,792 - core.database - DEBUG - [DB_OP] Starting create_tables
2026-05-10 20:47:05,792 - core.database - INFO - 🔧 Starting table creation...
2026-05-10 20:47:05,792 - aiosqlite - DEBUG - executing <function connect.<locals>.connector at 0x0000027DE911EC00>
2026-05-10 20:47:05,793 - aiosqlite - DEBUG - operation <function connect.<locals>.connector at 0x0000027DE911EC00> completed
2026-05-10 20:47:05,793 - aiosqlite - DEBUG - executing functools.partial(<built-in method create_function of sqlite3.Connection object at 0x0000027DE91216C0>, 'regexp', 2, <function SQLiteDialect_pysqlite.on_connect.<locals>.regexp at 0x0000027DE911DF80>, deterministic=True)
2026-05-10 20:47:05,794 - aiosqlite - DEBUG - operation functools.partial(<built-in method create_function of sqlite3.Connection object at 0x0000027DE91216C0>, 'regexp', 2, <function SQLiteDialect_pysqlite.on_connect.<locals>.regexp at 0x0000027DE911DF80>, deterministic=True) completed
2026-05-10 20:47:05,794 - aiosqlite - DEBUG - executing functools.partial(<built-in method create_function of sqlite3.Connection object at 0x0000027DE91216C0>, 'floor', 1, <built-in function floor>, deterministic=True)
2026-05-10 20:47:05,794 - aiosqlite - DEBUG - operation functools.partial(<built-in method create_function of sqlite3.Connection object at 0x0000027DE91216C0>, 'floor', 1, <built-in function floor>, deterministic=True) completed
2026-05-10 20:47:05,794 - aiosqlite - DEBUG - executing functools.partial(<built-in method cursor of sqlite3.Connection object at 0x0000027DE91216C0>)
2026-05-10 20:47:05,794 - aiosqlite - DEBUG - operation functools.partial(<built-in method cursor of sqlite3.Connection object at 0x0000027DE91216C0>) completed
2026-05-10 20:47:05,795 - aiosqlite - DEBUG - executing functools.partial(<built-in method execute of sqlite3.Cursor object at 0x0000027DE912C040>, 'PRAGMA read_uncommitted', [])
2026-05-10 20:47:05,795 - aiosqlite - DEBUG - operation functools.partial(<built-in method execute of sqlite3.Cursor object at 0x0000027DE912C040>, 'PRAGMA read_uncommitted', []) completed
2026-05-10 20:47:05,795 - aiosqlite - DEBUG - executing functools.partial(<built-in method fetchall of sqlite3.Cursor object at 0x0000027DE912C040>)
2026-05-10 20:47:05,795 - aiosqlite - DEBUG - operation functools.partial(<built-in method fetchall of sqlite3.Cursor object at 0x0000027DE912C040>) completed
2026-05-10 20:47:05,795 - aiosqlite - DEBUG - executing functools.partial(<built-in method close of sqlite3.Cursor object at 0x0000027DE912C040>)
2026-05-10 20:47:05,795 - aiosqlite - DEBUG - operation functools.partial(<built-in method close of sqlite3.Cursor object at 0x0000027DE912C040>) completed
2026-05-10 20:47:05,795 - aiosqlite - DEBUG - executing functools.partial(<built-in method rollback of sqlite3.Connection object at 0x0000027DE91216C0>)
2026-05-10 20:47:05,795 - aiosqlite - DEBUG - operation functools.partial(<built-in method rollback of sqlite3.Connection object at 0x0000027DE91216C0>) completed
2026-05-10 20:47:05,796 - aiosqlite - DEBUG - executing functools.partial(<built-in method cursor of sqlite3.Connection object at 0x0000027DE91216C0>)
2026-05-10 20:47:05,796 - aiosqlite - DEBUG - operation functools.partial(<built-in method cursor of sqlite3.Connection object at 0x0000027DE91216C0>) completed
2026-05-10 20:47:05,796 - aiosqlite - DEBUG - executing functools.partial(<built-in method execute of sqlite3.Cursor object at 0x0000027DE912C0C0>, 'PRAGMA main.table_info("users")', ())
2026-05-10 20:47:05,796 - aiosqlite - DEBUG - operation functools.partial(<built-in method execute of sqlite3.Cursor object at 0x0000027DE912C0C0>, 'PRAGMA main.table_info("users")', ()) completed
2026-05-10 20:47:05,797 - aiosqlite - DEBUG - executing functools.partial(<built-in method fetchall of sqlite3.Cursor object at 0x0000027DE912C0C0>)
2026-05-10 20:47:05,797 - aiosqlite - DEBUG - operation functools.partial(<built-in method fetchall of sqlite3.Cursor object at 0x0000027DE912C0C0>) completed
2026-05-10 20:47:05,798 - aiosqlite - DEBUG - executing functools.partial(<built-in method close of sqlite3.Cursor object at 0x0000027DE912C0C0>)
2026-05-10 20:47:05,798 - aiosqlite - DEBUG - operation functools.partial(<built-in method close of sqlite3.Cursor object at 0x0000027DE912C0C0>) completed
2026-05-10 20:47:05,798 - aiosqlite - DEBUG - executing functools.partial(<built-in method cursor of sqlite3.Connection object at 0x0000027DE91216C0>)
2026-05-10 20:47:05,798 - aiosqlite - DEBUG - operation functools.partial(<built-in method cursor of sqlite3.Connection object at 0x0000027DE91216C0>) completed
2026-05-10 20:47:05,798 - aiosqlite - DEBUG - executing functools.partial(<built-in method execute of sqlite3.Cursor object at 0x0000027DE912C0C0>, 'PRAGMA main.table_info("oidc_states")', ())
2026-05-10 20:47:05,798 - aiosqlite - DEBUG - operation functools.partial(<built-in method execute of sqlite3.Cursor object at 0x0000027DE912C0C0>, 'PRAGMA main.table_info("oidc_states")', ()) completed
2026-05-10 20:47:05,798 - aiosqlite - DEBUG - executing functools.partial(<built-in method fetchall of sqlite3.Cursor object at 0x0000027DE912C0C0>)
2026-05-10 20:47:05,799 - aiosqlite - DEBUG - operation functools.partial(<built-in method fetchall of sqlite3.Cursor object at 0x0000027DE912C0C0>) completed
2026-05-10 20:47:05,799 - aiosqlite - DEBUG - executing functools.partial(<built-in method close of sqlite3.Cursor object at 0x0000027DE912C0C0>)
2026-05-10 20:47:05,799 - aiosqlite - DEBUG - operation functools.partial(<built-in method close of sqlite3.Cursor object at 0x0000027DE912C0C0>) completed
2026-05-10 20:47:05,799 - core.database - INFO - Tables initialized successfully
2026-05-10 20:47:05,799 - core.database - DEBUG - [DB_OP] Create tables completed in 0.0067s
2026-05-10 20:47:05,799 - aiosqlite - DEBUG - executing functools.partial(<built-in method commit of sqlite3.Connection object at 0x0000027DE91216C0>)
2026-05-10 20:47:05,799 - aiosqlite - DEBUG - operation functools.partial(<built-in method commit of sqlite3.Connection object at 0x0000027DE91216C0>) completed
2026-05-10 20:47:05,799 - aiosqlite - DEBUG - executing functools.partial(<built-in method rollback of sqlite3.Connection object at 0x0000027DE91216C0>)
2026-05-10 20:47:05,799 - services.database - INFO - 🔧 Table creation completed
2026-05-10 20:47:05,799 - aiosqlite - DEBUG - operation functools.partial(<built-in method rollback of sqlite3.Connection object at 0x0000027DE91216C0>) completed
2026-05-10 20:47:05,800 - services.database - INFO - Database initialized successfully
2026-05-10 20:47:05,800 - services.database - DEBUG - [DB_OP] Database initialization completed in 0.0198s
2026-05-10 20:47:05,800 - services.mock_data - INFO - mock_data directory not found, skipping mock initialization
2026-05-10 20:47:05,800 - services.database - DEBUG - [DB_OP] Starting database initialization
2026-05-10 20:47:05,800 - services.database - INFO - 🔧 Starting database initialization...
2026-05-10 20:47:05,800 - core.database - INFO - Starting database initialization...
2026-05-10 20:47:05,800 - core.database - INFO - Database already initialized
2026-05-10 20:47:05,800 - services.database - INFO - 🔧 Database connection initialized, now creating tables if tables not exist...
2026-05-10 20:47:05,800 - core.database - DEBUG - [DB_OP] Starting create_tables
2026-05-10 20:47:05,800 - core.database - INFO - Tables already initialized
2026-05-10 20:47:05,800 - services.database - INFO - 🔧 Table creation completed
2026-05-10 20:47:05,800 - services.database - INFO - Database initialized successfully
2026-05-10 20:47:05,800 - services.database - DEBUG - [DB_OP] Database initialization completed in 0.0000s
2026-05-10 20:47:05,800 - services.auth - WARNING - Admin user ID or email not configured, skipping admin initialization
2026-05-10 20:47:05,800 - main - INFO - === Application startup completed successfully ===
