2026-05-10 13:16:35,871 - main - INFO - === Logging system initialized ===
2026-05-10 13:16:35,871 - main - INFO - Log file: logs/app_20260510_131635.log
2026-05-10 13:16:35,871 - main - INFO - Log level: INFO
2026-05-10 13:16:35,871 - main - INFO - Timestamp: 20260510_131635
2026-05-10 13:16:36,206 - main - INFO - Included router: routers.aihub.router
2026-05-10 13:16:36,210 - main - INFO - Included router: routers.auth.router
2026-05-10 13:16:36,210 - main - INFO - Included router: routers.health.router
2026-05-10 13:16:36,220 - main - INFO - Included router: routers.portfolio.router
2026-05-10 13:16:36,231 - main - INFO - Included router: routers.settings.router
2026-05-10 13:16:36,260 - main - INFO - Included router: routers.storage.router
2026-05-10 13:16:36,266 - main - INFO - Included router: routers.user.router
2026-05-10 13:16:36,269 - main - INFO - === Application startup initiated ===
2026-05-10 13:16:36,269 - services.database - DEBUG - [DB_OP] Starting database initialization
2026-05-10 13:16:36,269 - services.database - INFO - 🔧 Starting database initialization...
2026-05-10 13:16:36,269 - core.database - INFO - Starting database initialization...
2026-05-10 13:16:36,269 - core.database - INFO - Normalizing database URL for async compatibility...
2026-05-10 13:16:36,272 - core.database - DEBUG - Database exists:./app.db
2026-05-10 13:16:36,273 - core.database - INFO - Creating async database engine...
2026-05-10 13:16:36,273 - core.database - INFO - Using QueuePool with connection pooling for non-Lambda environment
2026-05-10 13:16:36,290 - core.database - INFO - Database engine created successfully
2026-05-10 13:16:36,290 - core.database - INFO - Creating async session maker...
2026-05-10 13:16:36,290 - core.database - INFO - Async session maker created successfully
2026-05-10 13:16:36,290 - core.database - INFO - Database connection initialized successfully
2026-05-10 13:16:36,291 - services.database - INFO - 🔧 Database connection initialized, now creating tables if tables not exist...
2026-05-10 13:16:36,291 - core.database - DEBUG - [DB_OP] Starting create_tables
2026-05-10 13:16:36,291 - core.database - INFO - 🔧 Starting table creation...
2026-05-10 13:16:36,291 - aiosqlite - DEBUG - executing <function connect.<locals>.connector at 0x0000027385A3EA20>
2026-05-10 13:16:36,291 - aiosqlite - DEBUG - operation <function connect.<locals>.connector at 0x0000027385A3EA20> completed
2026-05-10 13:16:36,291 - aiosqlite - DEBUG - executing functools.partial(<built-in method create_function of sqlite3.Connection object at 0x0000027385A415D0>, 'regexp', 2, <function SQLiteDialect_pysqlite.on_connect.<locals>.regexp at 0x0000027385A3DDA0>, deterministic=True)
2026-05-10 13:16:36,295 - aiosqlite - DEBUG - operation functools.partial(<built-in method create_function of sqlite3.Connection object at 0x0000027385A415D0>, 'regexp', 2, <function SQLiteDialect_pysqlite.on_connect.<locals>.regexp at 0x0000027385A3DDA0>, deterministic=True) completed
2026-05-10 13:16:36,295 - aiosqlite - DEBUG - executing functools.partial(<built-in method create_function of sqlite3.Connection object at 0x0000027385A415D0>, 'floor', 1, <built-in function floor>, deterministic=True)
2026-05-10 13:16:36,295 - aiosqlite - DEBUG - operation functools.partial(<built-in method create_function of sqlite3.Connection object at 0x0000027385A415D0>, 'floor', 1, <built-in function floor>, deterministic=True) completed
2026-05-10 13:16:36,295 - aiosqlite - DEBUG - executing functools.partial(<built-in method cursor of sqlite3.Connection object at 0x0000027385A415D0>)
2026-05-10 13:16:36,295 - aiosqlite - DEBUG - operation functools.partial(<built-in method cursor of sqlite3.Connection object at 0x0000027385A415D0>) completed
2026-05-10 13:16:36,295 - aiosqlite - DEBUG - executing functools.partial(<built-in method execute of sqlite3.Cursor object at 0x00000273859BFF40>, 'PRAGMA read_uncommitted', [])
2026-05-10 13:16:36,295 - aiosqlite - DEBUG - operation functools.partial(<built-in method execute of sqlite3.Cursor object at 0x00000273859BFF40>, 'PRAGMA read_uncommitted', []) completed
2026-05-10 13:16:36,295 - aiosqlite - DEBUG - executing functools.partial(<built-in method fetchall of sqlite3.Cursor object at 0x00000273859BFF40>)
2026-05-10 13:16:36,298 - aiosqlite - DEBUG - operation functools.partial(<built-in method fetchall of sqlite3.Cursor object at 0x00000273859BFF40>) completed
2026-05-10 13:16:36,298 - aiosqlite - DEBUG - executing functools.partial(<built-in method close of sqlite3.Cursor object at 0x00000273859BFF40>)
2026-05-10 13:16:36,298 - aiosqlite - DEBUG - operation functools.partial(<built-in method close of sqlite3.Cursor object at 0x00000273859BFF40>) completed
2026-05-10 13:16:36,298 - aiosqlite - DEBUG - executing functools.partial(<built-in method rollback of sqlite3.Connection object at 0x0000027385A415D0>)
2026-05-10 13:16:36,300 - aiosqlite - DEBUG - operation functools.partial(<built-in method rollback of sqlite3.Connection object at 0x0000027385A415D0>) completed
2026-05-10 13:16:36,300 - aiosqlite - DEBUG - executing functools.partial(<built-in method cursor of sqlite3.Connection object at 0x0000027385A415D0>)
2026-05-10 13:16:36,300 - aiosqlite - DEBUG - operation functools.partial(<built-in method cursor of sqlite3.Connection object at 0x0000027385A415D0>) completed
2026-05-10 13:16:36,300 - aiosqlite - DEBUG - executing functools.partial(<built-in method execute of sqlite3.Cursor object at 0x0000027385A4C040>, 'PRAGMA main.table_info("users")', ())
2026-05-10 13:16:36,300 - aiosqlite - DEBUG - operation functools.partial(<built-in method execute of sqlite3.Cursor object at 0x0000027385A4C040>, 'PRAGMA main.table_info("users")', ()) completed
2026-05-10 13:16:36,300 - aiosqlite - DEBUG - executing functools.partial(<built-in method fetchall of sqlite3.Cursor object at 0x0000027385A4C040>)
2026-05-10 13:16:36,300 - aiosqlite - DEBUG - operation functools.partial(<built-in method fetchall of sqlite3.Cursor object at 0x0000027385A4C040>) completed
2026-05-10 13:16:36,300 - aiosqlite - DEBUG - executing functools.partial(<built-in method close of sqlite3.Cursor object at 0x0000027385A4C040>)
2026-05-10 13:16:36,300 - aiosqlite - DEBUG - operation functools.partial(<built-in method close of sqlite3.Cursor object at 0x0000027385A4C040>) completed
2026-05-10 13:16:36,300 - aiosqlite - DEBUG - executing functools.partial(<built-in method cursor of sqlite3.Connection object at 0x0000027385A415D0>)
2026-05-10 13:16:36,300 - aiosqlite - DEBUG - operation functools.partial(<built-in method cursor of sqlite3.Connection object at 0x0000027385A415D0>) completed
2026-05-10 13:16:36,300 - aiosqlite - DEBUG - executing functools.partial(<built-in method execute of sqlite3.Cursor object at 0x0000027385A4C040>, 'PRAGMA main.table_info("oidc_states")', ())
2026-05-10 13:16:36,300 - aiosqlite - DEBUG - operation functools.partial(<built-in method execute of sqlite3.Cursor object at 0x0000027385A4C040>, 'PRAGMA main.table_info("oidc_states")', ()) completed
2026-05-10 13:16:36,300 - aiosqlite - DEBUG - executing functools.partial(<built-in method fetchall of sqlite3.Cursor object at 0x0000027385A4C040>)
2026-05-10 13:16:36,300 - aiosqlite - DEBUG - operation functools.partial(<built-in method fetchall of sqlite3.Cursor object at 0x0000027385A4C040>) completed
2026-05-10 13:16:36,300 - aiosqlite - DEBUG - executing functools.partial(<built-in method close of sqlite3.Cursor object at 0x0000027385A4C040>)
2026-05-10 13:16:36,300 - aiosqlite - DEBUG - operation functools.partial(<built-in method close of sqlite3.Cursor object at 0x0000027385A4C040>) completed
2026-05-10 13:16:36,300 - core.database - INFO - Tables initialized successfully
2026-05-10 13:16:36,300 - core.database - DEBUG - [DB_OP] Create tables completed in 0.0082s
2026-05-10 13:16:36,305 - aiosqlite - DEBUG - executing functools.partial(<built-in method commit of sqlite3.Connection object at 0x0000027385A415D0>)
2026-05-10 13:16:36,308 - aiosqlite - DEBUG - operation functools.partial(<built-in method commit of sqlite3.Connection object at 0x0000027385A415D0>) completed
2026-05-10 13:16:36,308 - aiosqlite - DEBUG - executing functools.partial(<built-in method rollback of sqlite3.Connection object at 0x0000027385A415D0>)
2026-05-10 13:16:36,310 - services.database - INFO - 🔧 Table creation completed
2026-05-10 13:16:36,310 - services.database - INFO - Database initialized successfully
2026-05-10 13:16:36,312 - services.database - DEBUG - [DB_OP] Database initialization completed in 0.0427s
2026-05-10 13:16:36,312 - aiosqlite - DEBUG - operation functools.partial(<built-in method rollback of sqlite3.Connection object at 0x0000027385A415D0>) completed
2026-05-10 13:16:36,312 - services.mock_data - INFO - mock_data directory not found, skipping mock initialization
2026-05-10 13:16:36,312 - services.database - DEBUG - [DB_OP] Starting database initialization
2026-05-10 13:16:36,312 - services.database - INFO - 🔧 Starting database initialization...
2026-05-10 13:16:36,312 - core.database - INFO - Starting database initialization...
2026-05-10 13:16:36,312 - core.database - INFO - Database already initialized
2026-05-10 13:16:36,312 - services.database - INFO - 🔧 Database connection initialized, now creating tables if tables not exist...
2026-05-10 13:16:36,312 - core.database - DEBUG - [DB_OP] Starting create_tables
2026-05-10 13:16:36,314 - core.database - INFO - Tables already initialized
2026-05-10 13:16:36,314 - services.database - INFO - 🔧 Table creation completed
2026-05-10 13:16:36,314 - services.database - INFO - Database initialized successfully
2026-05-10 13:16:36,314 - services.database - DEBUG - [DB_OP] Database initialization completed in 0.0020s
2026-05-10 13:16:36,314 - services.auth - WARNING - Admin user ID or email not configured, skipping admin initialization
2026-05-10 13:16:36,314 - main - INFO - === Application startup completed successfully ===
2026-05-10 13:42:40,776 - services.database - DEBUG - [DB_OP] Starting database close
2026-05-10 13:42:40,777 - aiosqlite - DEBUG - executing functools.partial(<built-in method close of sqlite3.Connection object at 0x0000027385A415D0>)
2026-05-10 13:42:40,779 - aiosqlite - DEBUG - operation functools.partial(<built-in method close of sqlite3.Connection object at 0x0000027385A415D0>) completed
2026-05-10 13:42:40,779 - aiosqlite - DEBUG - executing <function Connection.stop.<locals>.close_and_stop at 0x0000027385A3FE20>
2026-05-10 13:42:40,780 - aiosqlite - DEBUG - operation <function Connection.stop.<locals>.close_and_stop at 0x0000027385A3FE20> completed
2026-05-10 13:42:40,780 - core.database - INFO - Database connection closed and engine disposed
2026-05-10 13:42:40,781 - services.database - INFO - Database connections closed
2026-05-10 13:42:40,781 - services.database - DEBUG - [DB_OP] Database close completed in 0.0048s
