2026-05-10 15:01:49,912 - main - INFO - === Logging system initialized ===
2026-05-10 15:01:49,912 - main - INFO - Log file: logs/app_20260510_150149.log
2026-05-10 15:01:49,912 - main - INFO - Log level: INFO
2026-05-10 15:01:49,912 - main - INFO - Timestamp: 20260510_150149
2026-05-10 15:01:50,836 - main - INFO - Included router: routers.aihub.router
2026-05-10 15:01:50,850 - main - INFO - Included router: routers.auth.router
2026-05-10 15:01:50,852 - main - INFO - Included router: routers.health.router
2026-05-10 15:01:50,856 - main - INFO - Included router: routers.portfolio.router
2026-05-10 15:01:50,875 - main - INFO - Included router: routers.settings.router
2026-05-10 15:01:50,907 - main - INFO - Included router: routers.storage.router
2026-05-10 15:01:50,907 - main - INFO - Included router: routers.user.router
2026-05-10 15:01:50,918 - main - INFO - === Application startup initiated ===
2026-05-10 15:01:50,918 - services.database - DEBUG - [DB_OP] Starting database initialization
2026-05-10 15:01:50,918 - services.database - INFO - 🔧 Starting database initialization...
2026-05-10 15:01:50,918 - core.database - INFO - Starting database initialization...
2026-05-10 15:01:50,918 - core.database - INFO - Normalizing database URL for async compatibility...
2026-05-10 15:01:50,918 - core.database - DEBUG - Database exists:./app.db
2026-05-10 15:01:50,918 - core.database - INFO - Creating async database engine...
2026-05-10 15:01:50,918 - core.database - INFO - Using QueuePool with connection pooling for non-Lambda environment
2026-05-10 15:01:50,949 - core.database - INFO - Database engine created successfully
2026-05-10 15:01:50,949 - core.database - INFO - Creating async session maker...
2026-05-10 15:01:50,949 - core.database - INFO - Async session maker created successfully
2026-05-10 15:01:50,949 - core.database - INFO - Database connection initialized successfully
2026-05-10 15:01:50,949 - services.database - INFO - 🔧 Database connection initialized, now creating tables if tables not exist...
2026-05-10 15:01:50,949 - core.database - DEBUG - [DB_OP] Starting create_tables
2026-05-10 15:01:50,949 - core.database - INFO - 🔧 Starting table creation...
2026-05-10 15:01:50,954 - aiosqlite - DEBUG - executing <function connect.<locals>.connector at 0x0000024595A5EA20>
2026-05-10 15:01:50,957 - aiosqlite - DEBUG - operation <function connect.<locals>.connector at 0x0000024595A5EA20> completed
2026-05-10 15:01:50,957 - aiosqlite - DEBUG - executing functools.partial(<built-in method create_function of sqlite3.Connection object at 0x0000024595A615D0>, 'regexp', 2, <function SQLiteDialect_pysqlite.on_connect.<locals>.regexp at 0x0000024595A5DDA0>, deterministic=True)
2026-05-10 15:01:50,957 - aiosqlite - DEBUG - operation functools.partial(<built-in method create_function of sqlite3.Connection object at 0x0000024595A615D0>, 'regexp', 2, <function SQLiteDialect_pysqlite.on_connect.<locals>.regexp at 0x0000024595A5DDA0>, deterministic=True) completed
2026-05-10 15:01:50,957 - aiosqlite - DEBUG - executing functools.partial(<built-in method create_function of sqlite3.Connection object at 0x0000024595A615D0>, 'floor', 1, <built-in function floor>, deterministic=True)
2026-05-10 15:01:50,957 - aiosqlite - DEBUG - operation functools.partial(<built-in method create_function of sqlite3.Connection object at 0x0000024595A615D0>, 'floor', 1, <built-in function floor>, deterministic=True) completed
2026-05-10 15:01:50,957 - aiosqlite - DEBUG - executing functools.partial(<built-in method cursor of sqlite3.Connection object at 0x0000024595A615D0>)
2026-05-10 15:01:50,957 - aiosqlite - DEBUG - operation functools.partial(<built-in method cursor of sqlite3.Connection object at 0x0000024595A615D0>) completed
2026-05-10 15:01:50,957 - aiosqlite - DEBUG - executing functools.partial(<built-in method execute of sqlite3.Cursor object at 0x00000245959DFF40>, 'PRAGMA read_uncommitted', [])
2026-05-10 15:01:50,963 - aiosqlite - DEBUG - operation functools.partial(<built-in method execute of sqlite3.Cursor object at 0x00000245959DFF40>, 'PRAGMA read_uncommitted', []) completed
2026-05-10 15:01:50,965 - aiosqlite - DEBUG - executing functools.partial(<built-in method fetchall of sqlite3.Cursor object at 0x00000245959DFF40>)
2026-05-10 15:01:50,965 - aiosqlite - DEBUG - operation functools.partial(<built-in method fetchall of sqlite3.Cursor object at 0x00000245959DFF40>) completed
2026-05-10 15:01:50,966 - aiosqlite - DEBUG - executing functools.partial(<built-in method close of sqlite3.Cursor object at 0x00000245959DFF40>)
2026-05-10 15:01:50,967 - aiosqlite - DEBUG - operation functools.partial(<built-in method close of sqlite3.Cursor object at 0x00000245959DFF40>) completed
2026-05-10 15:01:50,967 - aiosqlite - DEBUG - executing functools.partial(<built-in method rollback of sqlite3.Connection object at 0x0000024595A615D0>)
2026-05-10 15:01:50,967 - aiosqlite - DEBUG - operation functools.partial(<built-in method rollback of sqlite3.Connection object at 0x0000024595A615D0>) completed
2026-05-10 15:01:50,968 - aiosqlite - DEBUG - executing functools.partial(<built-in method cursor of sqlite3.Connection object at 0x0000024595A615D0>)
2026-05-10 15:01:50,968 - aiosqlite - DEBUG - operation functools.partial(<built-in method cursor of sqlite3.Connection object at 0x0000024595A615D0>) completed
2026-05-10 15:01:50,968 - aiosqlite - DEBUG - executing functools.partial(<built-in method execute of sqlite3.Cursor object at 0x00000245959DFF40>, 'PRAGMA main.table_info("users")', ())
2026-05-10 15:01:50,973 - aiosqlite - DEBUG - operation functools.partial(<built-in method execute of sqlite3.Cursor object at 0x00000245959DFF40>, 'PRAGMA main.table_info("users")', ()) completed
2026-05-10 15:01:50,973 - aiosqlite - DEBUG - executing functools.partial(<built-in method fetchall of sqlite3.Cursor object at 0x00000245959DFF40>)
2026-05-10 15:01:50,973 - aiosqlite - DEBUG - operation functools.partial(<built-in method fetchall of sqlite3.Cursor object at 0x00000245959DFF40>) completed
2026-05-10 15:01:50,975 - aiosqlite - DEBUG - executing functools.partial(<built-in method close of sqlite3.Cursor object at 0x00000245959DFF40>)
2026-05-10 15:01:50,975 - aiosqlite - DEBUG - operation functools.partial(<built-in method close of sqlite3.Cursor object at 0x00000245959DFF40>) completed
2026-05-10 15:01:50,975 - aiosqlite - DEBUG - executing functools.partial(<built-in method cursor of sqlite3.Connection object at 0x0000024595A615D0>)
2026-05-10 15:01:50,977 - aiosqlite - DEBUG - operation functools.partial(<built-in method cursor of sqlite3.Connection object at 0x0000024595A615D0>) completed
2026-05-10 15:01:50,977 - aiosqlite - DEBUG - executing functools.partial(<built-in method execute of sqlite3.Cursor object at 0x00000245959DFF40>, 'PRAGMA main.table_info("oidc_states")', ())
2026-05-10 15:01:50,977 - aiosqlite - DEBUG - operation functools.partial(<built-in method execute of sqlite3.Cursor object at 0x00000245959DFF40>, 'PRAGMA main.table_info("oidc_states")', ()) completed
2026-05-10 15:01:50,977 - aiosqlite - DEBUG - executing functools.partial(<built-in method fetchall of sqlite3.Cursor object at 0x00000245959DFF40>)
2026-05-10 15:01:50,977 - aiosqlite - DEBUG - operation functools.partial(<built-in method fetchall of sqlite3.Cursor object at 0x00000245959DFF40>) completed
2026-05-10 15:01:50,977 - aiosqlite - DEBUG - executing functools.partial(<built-in method close of sqlite3.Cursor object at 0x00000245959DFF40>)
2026-05-10 15:01:50,977 - aiosqlite - DEBUG - operation functools.partial(<built-in method close of sqlite3.Cursor object at 0x00000245959DFF40>) completed
2026-05-10 15:01:50,979 - core.database - INFO - Tables initialized successfully
2026-05-10 15:01:50,979 - core.database - DEBUG - [DB_OP] Create tables completed in 0.0297s
2026-05-10 15:01:50,979 - aiosqlite - DEBUG - executing functools.partial(<built-in method commit of sqlite3.Connection object at 0x0000024595A615D0>)
2026-05-10 15:01:50,979 - aiosqlite - DEBUG - operation functools.partial(<built-in method commit of sqlite3.Connection object at 0x0000024595A615D0>) completed
2026-05-10 15:01:50,979 - aiosqlite - DEBUG - executing functools.partial(<built-in method rollback of sqlite3.Connection object at 0x0000024595A615D0>)
2026-05-10 15:01:50,981 - aiosqlite - DEBUG - operation functools.partial(<built-in method rollback of sqlite3.Connection object at 0x0000024595A615D0>) completed
2026-05-10 15:01:50,981 - services.database - INFO - 🔧 Table creation completed
2026-05-10 15:01:50,981 - services.database - INFO - Database initialized successfully
2026-05-10 15:01:50,981 - services.database - DEBUG - [DB_OP] Database initialization completed in 0.0624s
2026-05-10 15:01:50,981 - services.mock_data - INFO - mock_data directory not found, skipping mock initialization
2026-05-10 15:01:50,981 - services.database - DEBUG - [DB_OP] Starting database initialization
2026-05-10 15:01:50,981 - services.database - INFO - 🔧 Starting database initialization...
2026-05-10 15:01:50,981 - core.database - INFO - Starting database initialization...
2026-05-10 15:01:50,981 - core.database - INFO - Database already initialized
2026-05-10 15:01:50,983 - services.database - INFO - 🔧 Database connection initialized, now creating tables if tables not exist...
2026-05-10 15:01:50,983 - core.database - DEBUG - [DB_OP] Starting create_tables
2026-05-10 15:01:50,983 - core.database - INFO - Tables already initialized
2026-05-10 15:01:50,983 - services.database - INFO - 🔧 Table creation completed
2026-05-10 15:01:50,983 - services.database - INFO - Database initialized successfully
2026-05-10 15:01:50,983 - services.database - DEBUG - [DB_OP] Database initialization completed in 0.0020s
2026-05-10 15:01:50,983 - services.auth - WARNING - Admin user ID or email not configured, skipping admin initialization
2026-05-10 15:01:50,984 - main - INFO - === Application startup completed successfully ===
2026-05-10 15:02:11,599 - httpcore.connection - DEBUG - connect_tcp.started host='localhost' port=11434 local_address=None timeout=300 socket_options=None
2026-05-10 15:02:11,867 - httpcore.connection - DEBUG - connect_tcp.complete return_value=<httpcore._backends.anyio.AnyIOStream object at 0x0000024595A55D90>
2026-05-10 15:02:11,870 - httpcore.http11 - DEBUG - send_request_headers.started request=<Request [b'POST']>
2026-05-10 15:02:11,872 - httpcore.http11 - DEBUG - send_request_headers.complete
2026-05-10 15:02:11,872 - httpcore.http11 - DEBUG - send_request_body.started request=<Request [b'POST']>
2026-05-10 15:02:11,874 - httpcore.http11 - DEBUG - send_request_body.complete
2026-05-10 15:02:11,874 - httpcore.http11 - DEBUG - receive_response_headers.started request=<Request [b'POST']>
2026-05-10 15:03:01,119 - httpcore.http11 - DEBUG - receive_response_headers.complete return_value=(b'HTTP/1.1', 200, b'OK', [(b'Content-Type', b'application/json; charset=utf-8'), (b'Date', b'Sun, 10 May 2026 09:33:01 GMT'), (b'Transfer-Encoding', b'chunked')])
2026-05-10 15:03:01,119 - httpx - INFO - HTTP Request: POST http://localhost:11434/api/chat "HTTP/1.1 200 OK"
2026-05-10 15:03:01,119 - httpcore.http11 - DEBUG - receive_response_body.started request=<Request [b'POST']>
2026-05-10 15:03:01,119 - httpcore.http11 - DEBUG - receive_response_body.complete
2026-05-10 15:03:01,122 - httpcore.http11 - DEBUG - response_closed.started
2026-05-10 15:03:01,122 - httpcore.http11 - DEBUG - response_closed.complete
2026-05-10 15:03:01,122 - httpcore.connection - DEBUG - close.started
2026-05-10 15:03:01,123 - httpcore.connection - DEBUG - close.complete
2026-05-10 15:03:01,416 - httpcore.connection - DEBUG - connect_tcp.started host='localhost' port=11434 local_address=None timeout=300 socket_options=None
2026-05-10 15:03:01,678 - httpcore.connection - DEBUG - connect_tcp.complete return_value=<httpcore._backends.anyio.AnyIOStream object at 0x0000024595B5B2F0>
2026-05-10 15:03:01,679 - httpcore.http11 - DEBUG - send_request_headers.started request=<Request [b'POST']>
2026-05-10 15:03:01,679 - httpcore.http11 - DEBUG - send_request_headers.complete
2026-05-10 15:03:01,679 - httpcore.http11 - DEBUG - send_request_body.started request=<Request [b'POST']>
2026-05-10 15:03:01,680 - httpcore.http11 - DEBUG - send_request_body.complete
2026-05-10 15:03:01,680 - httpcore.http11 - DEBUG - receive_response_headers.started request=<Request [b'POST']>
2026-05-10 15:03:58,858 - httpcore.http11 - DEBUG - receive_response_headers.complete return_value=(b'HTTP/1.1', 200, b'OK', [(b'Content-Type', b'application/json; charset=utf-8'), (b'Date', b'Sun, 10 May 2026 09:33:58 GMT'), (b'Transfer-Encoding', b'chunked')])
2026-05-10 15:03:58,858 - httpx - INFO - HTTP Request: POST http://localhost:11434/api/chat "HTTP/1.1 200 OK"
2026-05-10 15:03:58,858 - httpcore.http11 - DEBUG - receive_response_body.started request=<Request [b'POST']>
2026-05-10 15:03:58,858 - httpcore.http11 - DEBUG - receive_response_body.complete
2026-05-10 15:03:58,858 - httpcore.http11 - DEBUG - response_closed.started
2026-05-10 15:03:58,858 - httpcore.http11 - DEBUG - response_closed.complete
2026-05-10 15:03:58,858 - httpcore.connection - DEBUG - close.started
2026-05-10 15:03:58,861 - httpcore.connection - DEBUG - close.complete
2026-05-10 15:32:54,253 - services.database - DEBUG - [DB_OP] Starting database close
2026-05-10 15:32:54,255 - aiosqlite - DEBUG - executing functools.partial(<built-in method close of sqlite3.Connection object at 0x0000024595A615D0>)
2026-05-10 15:32:54,258 - aiosqlite - DEBUG - operation functools.partial(<built-in method close of sqlite3.Connection object at 0x0000024595A615D0>) completed
2026-05-10 15:32:54,258 - aiosqlite - DEBUG - executing <function Connection.stop.<locals>.close_and_stop at 0x0000024595B0AFC0>
2026-05-10 15:32:54,264 - core.database - INFO - Database connection closed and engine disposed
2026-05-10 15:32:54,264 - aiosqlite - DEBUG - operation <function Connection.stop.<locals>.close_and_stop at 0x0000024595B0AFC0> completed
2026-05-10 15:32:54,266 - services.database - INFO - Database connections closed
2026-05-10 15:32:54,268 - services.database - DEBUG - [DB_OP] Database close completed in 0.0152s
