2026-05-10 15:33:37,094 - main - INFO - === Logging system initialized ===
2026-05-10 15:33:37,094 - main - INFO - Log file: logs/app_20260510_153337.log
2026-05-10 15:33:37,094 - main - INFO - Log level: INFO
2026-05-10 15:33:37,094 - main - INFO - Timestamp: 20260510_153337
2026-05-10 15:33:37,629 - main - INFO - Included router: routers.aihub.router
2026-05-10 15:33:37,642 - main - INFO - Included router: routers.auth.router
2026-05-10 15:33:37,644 - main - INFO - Included router: routers.health.router
2026-05-10 15:33:37,647 - main - INFO - Included router: routers.portfolio.router
2026-05-10 15:33:37,671 - main - INFO - Included router: routers.settings.router
2026-05-10 15:33:37,705 - main - INFO - Included router: routers.storage.router
2026-05-10 15:33:37,713 - main - INFO - Included router: routers.user.router
2026-05-10 15:33:37,715 - main - INFO - === Application startup initiated ===
2026-05-10 15:33:37,715 - services.database - DEBUG - [DB_OP] Starting database initialization
2026-05-10 15:33:37,715 - services.database - INFO - 🔧 Starting database initialization...
2026-05-10 15:33:37,721 - core.database - INFO - Starting database initialization...
2026-05-10 15:33:37,721 - core.database - INFO - Normalizing database URL for async compatibility...
2026-05-10 15:33:37,722 - core.database - DEBUG - Database exists:./app.db
2026-05-10 15:33:37,722 - core.database - INFO - Creating async database engine...
2026-05-10 15:33:37,722 - core.database - INFO - Using QueuePool with connection pooling for non-Lambda environment
2026-05-10 15:33:37,737 - core.database - INFO - Database engine created successfully
2026-05-10 15:33:37,737 - core.database - INFO - Creating async session maker...
2026-05-10 15:33:37,738 - core.database - INFO - Async session maker created successfully
2026-05-10 15:33:37,738 - core.database - INFO - Database connection initialized successfully
2026-05-10 15:33:37,738 - services.database - INFO - 🔧 Database connection initialized, now creating tables if tables not exist...
2026-05-10 15:33:37,738 - core.database - DEBUG - [DB_OP] Starting create_tables
2026-05-10 15:33:37,738 - core.database - INFO - 🔧 Starting table creation...
2026-05-10 15:33:37,738 - aiosqlite - DEBUG - executing <function connect.<locals>.connector at 0x0000022167F6AA20>
2026-05-10 15:33:37,739 - aiosqlite - DEBUG - operation <function connect.<locals>.connector at 0x0000022167F6AA20> completed
2026-05-10 15:33:37,739 - aiosqlite - DEBUG - executing functools.partial(<built-in method create_function of sqlite3.Connection object at 0x0000022167F714E0>, 'regexp', 2, <function SQLiteDialect_pysqlite.on_connect.<locals>.regexp at 0x0000022167F69DA0>, deterministic=True)
2026-05-10 15:33:37,740 - aiosqlite - DEBUG - operation functools.partial(<built-in method create_function of sqlite3.Connection object at 0x0000022167F714E0>, 'regexp', 2, <function SQLiteDialect_pysqlite.on_connect.<locals>.regexp at 0x0000022167F69DA0>, deterministic=True) completed
2026-05-10 15:33:37,740 - aiosqlite - DEBUG - executing functools.partial(<built-in method create_function of sqlite3.Connection object at 0x0000022167F714E0>, 'floor', 1, <built-in function floor>, deterministic=True)
2026-05-10 15:33:37,740 - aiosqlite - DEBUG - operation functools.partial(<built-in method create_function of sqlite3.Connection object at 0x0000022167F714E0>, 'floor', 1, <built-in function floor>, deterministic=True) completed
2026-05-10 15:33:37,740 - aiosqlite - DEBUG - executing functools.partial(<built-in method cursor of sqlite3.Connection object at 0x0000022167F714E0>)
2026-05-10 15:33:37,741 - aiosqlite - DEBUG - operation functools.partial(<built-in method cursor of sqlite3.Connection object at 0x0000022167F714E0>) completed
2026-05-10 15:33:37,741 - aiosqlite - DEBUG - executing functools.partial(<built-in method execute of sqlite3.Cursor object at 0x0000022167EEFF40>, 'PRAGMA read_uncommitted', [])
2026-05-10 15:33:37,741 - aiosqlite - DEBUG - operation functools.partial(<built-in method execute of sqlite3.Cursor object at 0x0000022167EEFF40>, 'PRAGMA read_uncommitted', []) completed
2026-05-10 15:33:37,742 - aiosqlite - DEBUG - executing functools.partial(<built-in method fetchall of sqlite3.Cursor object at 0x0000022167EEFF40>)
2026-05-10 15:33:37,742 - aiosqlite - DEBUG - operation functools.partial(<built-in method fetchall of sqlite3.Cursor object at 0x0000022167EEFF40>) completed
2026-05-10 15:33:37,742 - aiosqlite - DEBUG - executing functools.partial(<built-in method close of sqlite3.Cursor object at 0x0000022167EEFF40>)
2026-05-10 15:33:37,742 - aiosqlite - DEBUG - operation functools.partial(<built-in method close of sqlite3.Cursor object at 0x0000022167EEFF40>) completed
2026-05-10 15:33:37,742 - aiosqlite - DEBUG - executing functools.partial(<built-in method rollback of sqlite3.Connection object at 0x0000022167F714E0>)
2026-05-10 15:33:37,743 - aiosqlite - DEBUG - operation functools.partial(<built-in method rollback of sqlite3.Connection object at 0x0000022167F714E0>) completed
2026-05-10 15:33:37,743 - aiosqlite - DEBUG - executing functools.partial(<built-in method cursor of sqlite3.Connection object at 0x0000022167F714E0>)
2026-05-10 15:33:37,743 - aiosqlite - DEBUG - operation functools.partial(<built-in method cursor of sqlite3.Connection object at 0x0000022167F714E0>) completed
2026-05-10 15:33:37,743 - aiosqlite - DEBUG - executing functools.partial(<built-in method execute of sqlite3.Cursor object at 0x0000022167EEFF40>, 'PRAGMA main.table_info("users")', ())
2026-05-10 15:33:37,744 - aiosqlite - DEBUG - operation functools.partial(<built-in method execute of sqlite3.Cursor object at 0x0000022167EEFF40>, 'PRAGMA main.table_info("users")', ()) completed
2026-05-10 15:33:37,744 - aiosqlite - DEBUG - executing functools.partial(<built-in method fetchall of sqlite3.Cursor object at 0x0000022167EEFF40>)
2026-05-10 15:33:37,744 - aiosqlite - DEBUG - operation functools.partial(<built-in method fetchall of sqlite3.Cursor object at 0x0000022167EEFF40>) completed
2026-05-10 15:33:37,745 - aiosqlite - DEBUG - executing functools.partial(<built-in method close of sqlite3.Cursor object at 0x0000022167EEFF40>)
2026-05-10 15:33:37,745 - aiosqlite - DEBUG - operation functools.partial(<built-in method close of sqlite3.Cursor object at 0x0000022167EEFF40>) completed
2026-05-10 15:33:37,745 - aiosqlite - DEBUG - executing functools.partial(<built-in method cursor of sqlite3.Connection object at 0x0000022167F714E0>)
2026-05-10 15:33:37,745 - aiosqlite - DEBUG - operation functools.partial(<built-in method cursor of sqlite3.Connection object at 0x0000022167F714E0>) completed
2026-05-10 15:33:37,746 - aiosqlite - DEBUG - executing functools.partial(<built-in method execute of sqlite3.Cursor object at 0x0000022167EEFF40>, 'PRAGMA main.table_info("oidc_states")', ())
2026-05-10 15:33:37,746 - aiosqlite - DEBUG - operation functools.partial(<built-in method execute of sqlite3.Cursor object at 0x0000022167EEFF40>, 'PRAGMA main.table_info("oidc_states")', ()) completed
2026-05-10 15:33:37,746 - aiosqlite - DEBUG - executing functools.partial(<built-in method fetchall of sqlite3.Cursor object at 0x0000022167EEFF40>)
2026-05-10 15:33:37,746 - aiosqlite - DEBUG - operation functools.partial(<built-in method fetchall of sqlite3.Cursor object at 0x0000022167EEFF40>) completed
2026-05-10 15:33:37,746 - aiosqlite - DEBUG - executing functools.partial(<built-in method close of sqlite3.Cursor object at 0x0000022167EEFF40>)
2026-05-10 15:33:37,747 - aiosqlite - DEBUG - operation functools.partial(<built-in method close of sqlite3.Cursor object at 0x0000022167EEFF40>) completed
2026-05-10 15:33:37,747 - core.database - INFO - Tables initialized successfully
2026-05-10 15:33:37,748 - core.database - DEBUG - [DB_OP] Create tables completed in 0.0097s
2026-05-10 15:33:37,748 - aiosqlite - DEBUG - executing functools.partial(<built-in method commit of sqlite3.Connection object at 0x0000022167F714E0>)
2026-05-10 15:33:37,748 - aiosqlite - DEBUG - operation functools.partial(<built-in method commit of sqlite3.Connection object at 0x0000022167F714E0>) completed
2026-05-10 15:33:37,749 - aiosqlite - DEBUG - executing functools.partial(<built-in method rollback of sqlite3.Connection object at 0x0000022167F714E0>)
2026-05-10 15:33:37,749 - services.database - INFO - 🔧 Table creation completed
2026-05-10 15:33:37,749 - aiosqlite - DEBUG - operation functools.partial(<built-in method rollback of sqlite3.Connection object at 0x0000022167F714E0>) completed
2026-05-10 15:33:37,749 - services.database - INFO - Database initialized successfully
2026-05-10 15:33:37,749 - services.database - DEBUG - [DB_OP] Database initialization completed in 0.0337s
2026-05-10 15:33:37,749 - services.mock_data - INFO - mock_data directory not found, skipping mock initialization
2026-05-10 15:33:37,750 - services.database - DEBUG - [DB_OP] Starting database initialization
2026-05-10 15:33:37,750 - services.database - INFO - 🔧 Starting database initialization...
2026-05-10 15:33:37,750 - core.database - INFO - Starting database initialization...
2026-05-10 15:33:37,750 - core.database - INFO - Database already initialized
2026-05-10 15:33:37,750 - services.database - INFO - 🔧 Database connection initialized, now creating tables if tables not exist...
2026-05-10 15:33:37,750 - core.database - DEBUG - [DB_OP] Starting create_tables
2026-05-10 15:33:37,750 - core.database - INFO - Tables already initialized
2026-05-10 15:33:37,750 - services.database - INFO - 🔧 Table creation completed
2026-05-10 15:33:37,750 - services.database - INFO - Database initialized successfully
2026-05-10 15:33:37,750 - services.database - DEBUG - [DB_OP] Database initialization completed in 0.0005s
2026-05-10 15:33:37,750 - services.auth - WARNING - Admin user ID or email not configured, skipping admin initialization
2026-05-10 15:33:37,750 - main - INFO - === Application startup completed successfully ===
2026-05-10 16:11:10,427 - dependencies.auth - DEBUG - Authentication required for request GET /api/v1/admin/settings
2026-05-10 16:12:35,330 - services.database - DEBUG - [DB_OP] Starting database close
2026-05-10 16:12:35,331 - aiosqlite - DEBUG - executing functools.partial(<built-in method close of sqlite3.Connection object at 0x0000022167F714E0>)
2026-05-10 16:12:35,333 - aiosqlite - DEBUG - operation functools.partial(<built-in method close of sqlite3.Connection object at 0x0000022167F714E0>) completed
2026-05-10 16:12:35,333 - aiosqlite - DEBUG - executing <function Connection.stop.<locals>.close_and_stop at 0x0000022167F6ADE0>
2026-05-10 16:12:35,333 - aiosqlite - DEBUG - operation <function Connection.stop.<locals>.close_and_stop at 0x0000022167F6ADE0> completed
2026-05-10 16:12:35,334 - core.database - INFO - Database connection closed and engine disposed
2026-05-10 16:12:35,334 - services.database - INFO - Database connections closed
2026-05-10 16:12:35,334 - services.database - DEBUG - [DB_OP] Database close completed in 0.0036s
